/home/bigdyl/soyoung/gpu2/latent_ode/run_models.py
run_models.py --niters 100 -n 8000 -l 20 --latent-ode --z0-encoder rnn --dataset physionet --rec-dims 40 --rec-layers 3 --gen-layers 3 --units 50 --gru-units 50 --quantization 0.016 --classif --reg_dopri 0 --reg_kinetic 0.05 --gpu 2
Experiment 3525
Epoch 0001 [Test seq (cond on sampled tp)] | Loss 58.017136 | Likelihood -45.573364 | KL fp 3.9991 | FP STD 0.0199 | NFE 14.0000
KL coef: 0.0
Train loss (one batch): 54.00238800048828
Train CE loss (one batch): 0.1331842839717865
Classification AUC (TEST): 0.5431
Test MSE: 0.0097
Poisson likelihood: 0.0
CE loss: 0.13542543351650238
NFE: 14.0000
Experiment 3525
Epoch 0002 [Test seq (cond on sampled tp)] | Loss 45.875420 | Likelihood -33.425514 | KL fp 4.6877 | FP STD 0.0107 | NFE 26.0000
KL coef: 0.0
Train loss (one batch): 41.67959976196289
Train CE loss (one batch): 0.13130319118499756
Classification AUC (TEST): 0.5207
Test MSE: 0.0072
Poisson likelihood: 0.0
CE loss: 0.13548600673675537
NFE: 26.0000
Experiment 3525
Epoch 0003 [Test seq (cond on sampled tp)] | Loss 42.880512 | Likelihood -30.445122 | KL fp 4.4056 | FP STD 0.0130 | NFE 26.0000
KL coef: 0.0
Train loss (one batch): 38.96992111206055
Train CE loss (one batch): 0.13138343393802643
Classification AUC (TEST): 0.5358
Test MSE: 0.0066
Poisson likelihood: 0.0
CE loss: 0.13534173369407654
NFE: 26.0000
Experiment 3525
Epoch 0004 [Test seq (cond on sampled tp)] | Loss 40.457829 | Likelihood -28.055172 | KL fp 4.7638 | FP STD 0.0098 | NFE 20.0000
KL coef: 0.0
Train loss (one batch): 36.68476867675781
Train CE loss (one batch): 0.13078361749649048
Classification AUC (TEST): 0.5781
Test MSE: 0.0062
Poisson likelihood: 0.0
CE loss: 0.13501285016536713
NFE: 20.0000
Experiment 3525
Epoch 0005 [Test seq (cond on sampled tp)] | Loss 38.465805 | Likelihood -26.201679 | KL fp 4.6681 | FP STD 0.0101 | NFE 20.0000
KL coef: 0.0
Train loss (one batch): 34.1014404296875
Train CE loss (one batch): 0.12586303055286407
Classification AUC (TEST): 0.6039
Test MSE: 0.0058
Poisson likelihood: 0.0
CE loss: 0.13362768292427063
NFE: 20.0000
Experiment 3525
Epoch 0006 [Test seq (cond on sampled tp)] | Loss 37.600784 | Likelihood -25.271589 | KL fp 4.6739 | FP STD 0.0106 | NFE 20.0000
KL coef: 0.0
Train loss (one batch): 32.68457794189453
Train CE loss (one batch): 0.12225253880023956
Classification AUC (TEST): 0.6016
Test MSE: 0.0056
Poisson likelihood: 0.0
CE loss: 0.13427889347076416
NFE: 20.0000
Experiment 3525
Epoch 0007 [Test seq (cond on sampled tp)] | Loss 37.262226 | Likelihood -24.883362 | KL fp 4.8142 | FP STD 0.0089 | NFE 20.0000
KL coef: 0.0
Train loss (one batch): 32.333778381347656
Train CE loss (one batch): 0.12253987044095993
Classification AUC (TEST): 0.5978
Test MSE: 0.0055
Poisson likelihood: 0.0
CE loss: 0.1347748041152954
NFE: 20.0000
Experiment 3525
Epoch 0008 [Test seq (cond on sampled tp)] | Loss 37.015930 | Likelihood -24.635464 | KL fp 4.9514 | FP STD 0.0080 | NFE 20.0000
KL coef: 0.0
Train loss (one batch): 31.880962371826172
Train CE loss (one batch): 0.12202276289463043
Classification AUC (TEST): 0.5991
Test MSE: 0.0055
Poisson likelihood: 0.0
CE loss: 0.1347920298576355
NFE: 20.0000
Experiment 3525
Epoch 0009 [Test seq (cond on sampled tp)] | Loss 36.846577 | Likelihood -24.477407 | KL fp 4.8189 | FP STD 0.0090 | NFE 20.0000
KL coef: 0.0
Train loss (one batch): 31.50047492980957
Train CE loss (one batch): 0.1211368590593338
Classification AUC (TEST): 0.6019
Test MSE: 0.0055
Poisson likelihood: 0.0
CE loss: 0.13467875123023987
NFE: 20.0000
Experiment 3525
Epoch 0010 [Test seq (cond on sampled tp)] | Loss 36.623306 | Likelihood -24.271658 | KL fp 5.0252 | FP STD 0.0073 | NFE 20.0000
KL coef: 0.0
Train loss (one batch): 31.258071899414062
Train CE loss (one batch): 0.12061478197574615
Classification AUC (TEST): 0.6026
Test MSE: 0.0054
Poisson likelihood: 0.0
CE loss: 0.13450419902801514
NFE: 20.0000
Experiment 3525
Epoch 0011 [Test seq (cond on sampled tp)] | Loss 36.558895 | Likelihood -24.196453 | KL fp 5.1462 | FP STD 0.0065 | NFE 32.0000
KL coef: 0.010000000000000009
Train loss (one batch): 31.04847526550293
Train CE loss (one batch): 0.11916794627904892
Classification AUC (TEST): 0.6048
Test MSE: 0.0054
Poisson likelihood: 0.0
CE loss: 0.13409660756587982
NFE: 32.0000
Experiment 3525
Epoch 0012 [Test seq (cond on sampled tp)] | Loss 36.587299 | Likelihood -24.187080 | KL fp 4.6414 | FP STD 0.0103 | NFE 32.0000
KL coef: 0.01990000000000003
Train loss (one batch): 30.96712875366211
Train CE loss (one batch): 0.11867083609104156
Classification AUC (TEST): 0.6049
Test MSE: 0.0054
Poisson likelihood: 0.0
CE loss: 0.13406646251678467
NFE: 32.0000
Experiment 3525
Epoch 0013 [Test seq (cond on sampled tp)] | Loss 36.502113 | Likelihood -24.079643 | KL fp 4.7085 | FP STD 0.0102 | NFE 32.0000
KL coef: 0.029700999999999977
Train loss (one batch): 30.80908203125
Train CE loss (one batch): 0.11759945750236511
Classification AUC (TEST): 0.6072
Test MSE: 0.0054
Poisson likelihood: 0.0
CE loss: 0.13381241261959076
NFE: 32.0000
Experiment 3525
Epoch 0014 [Test seq (cond on sampled tp)] | Loss 36.677773 | Likelihood -24.242680 | KL fp 4.4270 | FP STD 0.0144 | NFE 32.0000
KL coef: 0.039403990000000055
Train loss (one batch): 31.120441436767578
Train CE loss (one batch): 0.116496741771698
Classification AUC (TEST): 0.6113
Test MSE: 0.0054
Poisson likelihood: 0.0
CE loss: 0.13359297811985016
NFE: 32.0000
Experiment 3525
Epoch 0015 [Test seq (cond on sampled tp)] | Loss 36.419388 | Likelihood -23.923817 | KL fp 4.5922 | FP STD 0.0099 | NFE 44.0000
KL coef: 0.04900995010000009
Train loss (one batch): 30.44472885131836
Train CE loss (one batch): 0.1151413768529892
Classification AUC (TEST): 0.6111
Test MSE: 0.0053
Poisson likelihood: 0.0
CE loss: 0.13369177281856537
NFE: 44.0000
Experiment 3525
Epoch 0016 [Test seq (cond on sampled tp)] | Loss 36.729214 | Likelihood -24.236145 | KL fp 4.3474 | FP STD 0.0163 | NFE 44.0000
KL coef: 0.058519850599
Train loss (one batch): 30.69367218017578
Train CE loss (one batch): 0.11511646956205368
Classification AUC (TEST): 0.6147
Test MSE: 0.0054
Poisson likelihood: 0.0
CE loss: 0.1333794891834259
NFE: 44.0000
Experiment 3525
Epoch 0017 [Test seq (cond on sampled tp)] | Loss 36.630741 | Likelihood -24.078262 | KL fp 4.5516 | FP STD 0.0129 | NFE 44.0000
KL coef: 0.06793465209301008
Train loss (one batch): 30.27678680419922
Train CE loss (one batch): 0.11346463859081268
Classification AUC (TEST): 0.6141
Test MSE: 0.0054
Poisson likelihood: 0.0
CE loss: 0.13342925906181335
NFE: 44.0000
Experiment 3525
Epoch 0018 [Test seq (cond on sampled tp)] | Loss 36.315987 | Likelihood -23.739445 | KL fp 4.5610 | FP STD 0.0104 | NFE 50.0000
KL coef: 0.07725530557207994
Train loss (one batch): 29.984743118286133
Train CE loss (one batch): 0.11307304352521896
Classification AUC (TEST): 0.6175
Test MSE: 0.0053
Poisson likelihood: 0.0
CE loss: 0.13322892785072327
NFE: 50.0000
Experiment 3525
Epoch 0019 [Test seq (cond on sampled tp)] | Loss 36.655735 | Likelihood -24.050961 | KL fp 4.4890 | FP STD 0.0144 | NFE 50.0000
KL coef: 0.08648275251635917
Train loss (one batch): 30.264360427856445
Train CE loss (one batch): 0.11218216270208359
Classification AUC (TEST): 0.6197
Test MSE: 0.0054
Poisson likelihood: 0.0
CE loss: 0.13317838311195374
NFE: 50.0000
Experiment 3525
Epoch 0020 [Test seq (cond on sampled tp)] | Loss 37.035336 | Likelihood -24.411999 | KL fp 4.0714 | FP STD 0.0217 | NFE 50.0000
KL coef: 0.09561792499119559
Train loss (one batch): 30.43226432800293
Train CE loss (one batch): 0.11091572046279907
Classification AUC (TEST): 0.6182
Test MSE: 0.0054
Poisson likelihood: 0.0
CE loss: 0.13333868980407715
NFE: 50.0000
Experiment 3525
Epoch 0021 [Test seq (cond on sampled tp)] | Loss 36.440731 | Likelihood -23.772526 | KL fp 4.3440 | FP STD 0.0141 | NFE 50.0000
KL coef: 0.10466174574128362
Train loss (one batch): 29.894636154174805
Train CE loss (one batch): 0.11046792566776276
Classification AUC (TEST): 0.6216
Test MSE: 0.0053
Poisson likelihood: 0.0
CE loss: 0.1331239640712738
NFE: 50.0000
Experiment 3525
Epoch 0022 [Test seq (cond on sampled tp)] | Loss 36.530579 | Likelihood -23.813162 | KL fp 4.1825 | FP STD 0.0160 | NFE 50.0000
KL coef: 0.11361512828387077
Train loss (one batch): 29.69224739074707
Train CE loss (one batch): 0.10925643146038055
Classification AUC (TEST): 0.6216
Test MSE: 0.0053
Poisson likelihood: 0.0
CE loss: 0.13341039419174194
NFE: 50.0000
Experiment 3525
Epoch 0023 [Test seq (cond on sampled tp)] | Loss 36.423634 | Likelihood -23.669434 | KL fp 4.2253 | FP STD 0.0152 | NFE 50.0000
KL coef: 0.12247897700103216
Train loss (one batch): 29.63844108581543
Train CE loss (one batch): 0.1101166307926178
Classification AUC (TEST): 0.6230
Test MSE: 0.0053
Poisson likelihood: 0.0
CE loss: 0.13335742056369781
NFE: 50.0000
Experiment 3525
Epoch 0024 [Test seq (cond on sampled tp)] | Loss 36.341164 | Likelihood -23.548981 | KL fp 4.2919 | FP STD 0.0140 | NFE 56.0000
KL coef: 0.13125418723102178
Train loss (one batch): 29.33899688720703
Train CE loss (one batch): 0.10831926763057709
Classification AUC (TEST): 0.6244
Test MSE: 0.0053
Poisson likelihood: 0.0
CE loss: 0.13327640295028687
NFE: 56.0000
Experiment 3525
Epoch 0025 [Test seq (cond on sampled tp)] | Loss 36.278824 | Likelihood -23.483997 | KL fp 4.2259 | FP STD 0.0144 | NFE 56.0000
KL coef: 0.13994164535871156
Train loss (one batch): 29.19400978088379
Train CE loss (one batch): 0.10807475447654724
Classification AUC (TEST): 0.6299
Test MSE: 0.0053
Poisson likelihood: 0.0
CE loss: 0.13302236795425415
NFE: 56.0000
Experiment 3525
Epoch 0026 [Test seq (cond on sampled tp)] | Loss 36.195415 | Likelihood -23.337391 | KL fp 4.3245 | FP STD 0.0123 | NFE 56.0000
KL coef: 0.14854222890512447
Train loss (one batch): 28.911457061767578
Train CE loss (one batch): 0.1058780699968338
Classification AUC (TEST): 0.6301
Test MSE: 0.0052
Poisson likelihood: 0.0
CE loss: 0.13314402103424072
NFE: 56.0000
Experiment 3525
Epoch 0027 [Test seq (cond on sampled tp)] | Loss 36.049316 | Likelihood -23.139347 | KL fp 4.3106 | FP STD 0.0126 | NFE 56.0000
KL coef: 0.15705680661607324
Train loss (one batch): 28.297170639038086
Train CE loss (one batch): 0.10256257653236389
Classification AUC (TEST): 0.6317
Test MSE: 0.0052
Poisson likelihood: 0.0
CE loss: 0.13331584632396698
NFE: 56.0000
Experiment 3525
Epoch 0028 [Test seq (cond on sampled tp)] | Loss 35.848885 | Likelihood -22.924294 | KL fp 4.1281 | FP STD 0.0167 | NFE 56.0000
KL coef: 0.1654862385499125
Train loss (one batch): 27.92264747619629
Train CE loss (one batch): 0.09855198115110397
Classification AUC (TEST): 0.6367
Test MSE: 0.0051
Poisson likelihood: 0.0
CE loss: 0.13340336084365845
NFE: 56.0000
Experiment 3525
Epoch 0029 [Test seq (cond on sampled tp)] | Loss 35.427753 | Likelihood -22.538067 | KL fp 4.0585 | FP STD 0.0175 | NFE 56.0000
KL coef: 0.17383137616441335
Train loss (one batch): 27.707311630249023
Train CE loss (one batch): 0.09829629957675934
Classification AUC (TEST): 0.6493
Test MSE: 0.0051
Poisson likelihood: 0.0
CE loss: 0.13282927870750427
NFE: 56.0000
Experiment 3525
Epoch 0030 [Test seq (cond on sampled tp)] | Loss 35.000057 | Likelihood -22.140381 | KL fp 4.0173 | FP STD 0.0177 | NFE 56.0000
KL coef: 0.18209306240276923
Train loss (one batch): 27.499000549316406
Train CE loss (one batch): 0.09901785850524902
Classification AUC (TEST): 0.6621
Test MSE: 0.0050
Poisson likelihood: 0.0
CE loss: 0.1322682499885559
NFE: 56.0000
Experiment 3525
Epoch 0031 [Test seq (cond on sampled tp)] | Loss 34.737415 | Likelihood -21.888123 | KL fp 4.0523 | FP STD 0.0168 | NFE 56.0000
KL coef: 0.19027213177874158
Train loss (one batch): 27.487712860107422
Train CE loss (one batch): 0.09919049590826035
Classification AUC (TEST): 0.6618
Test MSE: 0.0049
Poisson likelihood: 0.0
CE loss: 0.13176923990249634
NFE: 56.0000
Experiment 3525
Epoch 0032 [Test seq (cond on sampled tp)] | Loss 34.531021 | Likelihood -21.637724 | KL fp 4.1376 | FP STD 0.0156 | NFE 56.0000
KL coef: 0.19836941046095413
Train loss (one batch): 27.43876075744629
Train CE loss (one batch): 0.09899471700191498
Classification AUC (TEST): 0.6702
Test MSE: 0.0049
Poisson likelihood: 0.0
CE loss: 0.1317150741815567
NFE: 56.0000
Experiment 3525
Epoch 0033 [Test seq (cond on sampled tp)] | Loss 34.777775 | Likelihood -21.776937 | KL fp 4.1381 | FP STD 0.0161 | NFE 50.0000
KL coef: 0.20638571635634462
Train loss (one batch): 27.202468872070312
Train CE loss (one batch): 0.09649989008903503
Classification AUC (TEST): 0.6617
Test MSE: 0.0049
Poisson likelihood: 0.0
CE loss: 0.1324569582939148
NFE: 50.0000
Experiment 3525
Epoch 0034 [Test seq (cond on sampled tp)] | Loss 34.937737 | Likelihood -22.194107 | KL fp 3.9182 | FP STD 0.0191 | NFE 50.0000
KL coef: 0.21432185919278124
Train loss (one batch): 27.676591873168945
Train CE loss (one batch): 0.1000111922621727
Classification AUC (TEST): 0.6734
Test MSE: 0.0050
Poisson likelihood: 0.0
CE loss: 0.13002637028694153
NFE: 50.0000
Experiment 3525
Epoch 0035 [Test seq (cond on sampled tp)] | Loss 35.184181 | Likelihood -22.365650 | KL fp 3.9237 | FP STD 0.0186 | NFE 50.0000
KL coef: 0.22217864060085335
Train loss (one batch): 28.069934844970703
Train CE loss (one batch): 0.10518502444028854
Classification AUC (TEST): 0.6689
Test MSE: 0.0050
Poisson likelihood: 0.0
CE loss: 0.13045451045036316
NFE: 50.0000
Experiment 3525
Epoch 0036 [Test seq (cond on sampled tp)] | Loss 34.677818 | Likelihood -21.903217 | KL fp 4.0091 | FP STD 0.0172 | NFE 62.0000
KL coef: 0.2299568541948449
Train loss (one batch): 27.531654357910156
Train CE loss (one batch): 0.10102526843547821
Classification AUC (TEST): 0.6773
Test MSE: 0.0049
Poisson likelihood: 0.0
CE loss: 0.12951377034187317
NFE: 62.0000
Experiment 3525
Epoch 0037 [Test seq (cond on sampled tp)] | Loss 34.373669 | Likelihood -21.575466 | KL fp 3.9989 | FP STD 0.0171 | NFE 62.0000
KL coef: 0.23765728565289646
Train loss (one batch): 27.377119064331055
Train CE loss (one batch): 0.09838845580816269
Classification AUC (TEST): 0.6795
Test MSE: 0.0049
Poisson likelihood: 0.0
CE loss: 0.12947174906730652
NFE: 62.0000
Experiment 3525
Epoch 0038 [Test seq (cond on sampled tp)] | Loss 34.425674 | Likelihood -21.468460 | KL fp 3.9725 | FP STD 0.0186 | NFE 62.0000
KL coef: 0.24528071279636743
Train loss (one batch): 27.471378326416016
Train CE loss (one batch): 0.09997646510601044
Classification AUC (TEST): 0.6709
Test MSE: 0.0048
Poisson likelihood: 0.0
CE loss: 0.13081607222557068
NFE: 62.0000
Experiment 3525
Epoch 0039 [Test seq (cond on sampled tp)] | Loss 34.501152 | Likelihood -21.450888 | KL fp 3.9884 | FP STD 0.0184 | NFE 62.0000
KL coef: 0.25282790566840385
Train loss (one batch): 27.54592514038086
Train CE loss (one batch): 0.10057040303945541
Classification AUC (TEST): 0.6667
Test MSE: 0.0048
Poisson likelihood: 0.0
CE loss: 0.1314098834991455
NFE: 62.0000
Experiment 3525
Epoch 0040 [Test seq (cond on sampled tp)] | Loss 34.235851 | Likelihood -21.219316 | KL fp 3.9384 | FP STD 0.0183 | NFE 62.0000
KL coef: 0.2602996266117198
Train loss (one batch): 27.321901321411133
Train CE loss (one batch): 0.0987476110458374
Classification AUC (TEST): 0.6723
Test MSE: 0.0048
Poisson likelihood: 0.0
CE loss: 0.13090361654758453
NFE: 62.0000
Experiment 3525
Epoch 0041 [Test seq (cond on sampled tp)] | Loss 34.278870 | Likelihood -21.162544 | KL fp 4.0143 | FP STD 0.0172 | NFE 62.0000
KL coef: 0.26769663034560254
Train loss (one batch): 27.287784576416016
Train CE loss (one batch): 0.09961872547864914
Classification AUC (TEST): 0.6711
Test MSE: 0.0048
Poisson likelihood: 0.0
CE loss: 0.13140413165092468
NFE: 62.0000
Experiment 3525
Epoch 0042 [Test seq (cond on sampled tp)] | Loss 34.962387 | Likelihood -21.980268 | KL fp 4.0232 | FP STD 0.0173 | NFE 62.0000
KL coef: 0.2750196640421466
Train loss (one batch): 27.400468826293945
Train CE loss (one batch): 0.10121773928403854
Classification AUC (TEST): 0.6793
Test MSE: 0.0050
Poisson likelihood: 0.0
CE loss: 0.12974415719509125
NFE: 62.0000
Experiment 3525
Epoch 0043 [Test seq (cond on sampled tp)] | Loss 34.577583 | Likelihood -21.567839 | KL fp 3.7725 | FP STD 0.0208 | NFE 62.0000
KL coef: 0.2822694674017251
Train loss (one batch): 27.784765243530273
Train CE loss (one batch): 0.10167396068572998
Classification AUC (TEST): 0.6751
Test MSE: 0.0049
Poisson likelihood: 0.0
CE loss: 0.130439892411232
NFE: 62.0000
Experiment 3525
Epoch 0044 [Test seq (cond on sampled tp)] | Loss 34.172226 | Likelihood -21.049314 | KL fp 3.7935 | FP STD 0.0200 | NFE 62.0000
KL coef: 0.2894467727277079
Train loss (one batch): 27.17947006225586
Train CE loss (one batch): 0.10037421435117722
Classification AUC (TEST): 0.6757
Test MSE: 0.0048
Poisson likelihood: 0.0
CE loss: 0.13123607635498047
NFE: 62.0000
Experiment 3525
Epoch 0045 [Test seq (cond on sampled tp)] | Loss 34.105125 | Likelihood -21.020048 | KL fp 3.8411 | FP STD 0.0193 | NFE 62.0000
KL coef: 0.29655230500043084
Train loss (one batch): 27.20405387878418
Train CE loss (one batch): 0.1003226563334465
Classification AUC (TEST): 0.6783
Test MSE: 0.0048
Poisson likelihood: 0.0
CE loss: 0.13044634461402893
NFE: 62.0000
Experiment 3525
Epoch 0046 [Test seq (cond on sampled tp)] | Loss 34.139385 | Likelihood -21.016319 | KL fp 3.8720 | FP STD 0.0181 | NFE 62.0000
KL coef: 0.30358678195042654
Train loss (one batch): 26.990713119506836
Train CE loss (one batch): 0.09969963133335114
Classification AUC (TEST): 0.6819
Test MSE: 0.0048
Poisson likelihood: 0.0
CE loss: 0.13046249747276306
NFE: 62.0000
Experiment 3525
Epoch 0047 [Test seq (cond on sampled tp)] | Loss 34.236320 | Likelihood -21.141033 | KL fp 3.8974 | FP STD 0.0188 | NFE 62.0000
KL coef: 0.3105509141309223
Train loss (one batch): 27.067888259887695
Train CE loss (one batch): 0.0988074392080307
Classification AUC (TEST): 0.6814
Test MSE: 0.0048
Poisson likelihood: 0.0
CE loss: 0.12984080612659454
NFE: 62.0000
Experiment 3525
Epoch 0048 [Test seq (cond on sampled tp)] | Loss 35.321846 | Likelihood -22.146984 | KL fp 3.6702 | FP STD 0.0231 | NFE 62.0000
KL coef: 0.31744540498961304
Train loss (one batch): 28.380151748657227
Train CE loss (one batch): 0.10647417604923248
Classification AUC (TEST): 0.6793
Test MSE: 0.0050
Poisson likelihood: 0.0
CE loss: 0.13108788430690765
NFE: 62.0000
Experiment 3525
Epoch 0049 [Test seq (cond on sampled tp)] | Loss 34.008270 | Likelihood -20.941364 | KL fp 3.7281 | FP STD 0.0215 | NFE 62.0000
KL coef: 0.3242709509397169
Train loss (one batch): 27.248929977416992
Train CE loss (one batch): 0.10032881796360016
Classification AUC (TEST): 0.6872
Test MSE: 0.0047
Poisson likelihood: 0.0
CE loss: 0.1295752078294754
NFE: 62.0000
Experiment 3525
Epoch 0050 [Test seq (cond on sampled tp)] | Loss 34.277596 | Likelihood -21.112045 | KL fp 3.7467 | FP STD 0.0208 | NFE 62.0000
KL coef: 0.3310282414303197
Train loss (one batch): 26.79893684387207
Train CE loss (one batch): 0.09873746335506439
Classification AUC (TEST): 0.6861
Test MSE: 0.0048
Poisson likelihood: 0.0
CE loss: 0.1302480697631836
NFE: 62.0000
Experiment 3525
Epoch 0051 [Test seq (cond on sampled tp)] | Loss 35.690224 | Likelihood -22.326626 | KL fp 3.7684 | FP STD 0.0201 | NFE 62.0000
KL coef: 0.33771795901601653
Train loss (one batch): 28.511688232421875
Train CE loss (one batch): 0.10548801720142365
Classification AUC (TEST): 0.6612
Test MSE: 0.0050
Poisson likelihood: 0.0
CE loss: 0.13189999759197235
NFE: 62.0000
Experiment 3525
Epoch 0052 [Test seq (cond on sampled tp)] | Loss 34.125893 | Likelihood -20.942038 | KL fp 3.8166 | FP STD 0.0194 | NFE 62.0000
KL coef: 0.3443407794258564
Train loss (one batch): 26.875534057617188
Train CE loss (one batch): 0.0977904349565506
Classification AUC (TEST): 0.6858
Test MSE: 0.0047
Poisson likelihood: 0.0
CE loss: 0.12968377768993378
NFE: 62.0000
Experiment 3525
Epoch 0053 [Test seq (cond on sampled tp)] | Loss 34.107979 | Likelihood -20.891724 | KL fp 3.7954 | FP STD 0.0195 | NFE 62.0000
KL coef: 0.35089737163159784
Train loss (one batch): 26.81797218322754
Train CE loss (one batch): 0.09772678464651108
Classification AUC (TEST): 0.6857
Test MSE: 0.0047
Poisson likelihood: 0.0
CE loss: 0.1298346072435379
NFE: 62.0000
Experiment 3525
Epoch 0054 [Test seq (cond on sampled tp)] | Loss 34.180454 | Likelihood -20.953354 | KL fp 3.8371 | FP STD 0.0189 | NFE 62.0000
KL coef: 0.3573883979152819
Train loss (one batch): 27.0401668548584
Train CE loss (one batch): 0.09934591501951218
Classification AUC (TEST): 0.6855
Test MSE: 0.0047
Poisson likelihood: 0.0
CE loss: 0.12954401969909668
NFE: 62.0000
Experiment 3525
Epoch 0055 [Test seq (cond on sampled tp)] | Loss 34.822166 | Likelihood -21.392408 | KL fp 3.7646 | FP STD 0.0202 | NFE 62.0000
KL coef: 0.36381451393612907
Train loss (one batch): 27.803586959838867
Train CE loss (one batch): 0.1046125516295433
Classification AUC (TEST): 0.6880
Test MSE: 0.0048
Poisson likelihood: 0.0
CE loss: 0.1315886676311493
NFE: 62.0000
Experiment 3525
Epoch 0056 [Test seq (cond on sampled tp)] | Loss 35.224373 | Likelihood -21.961258 | KL fp 3.7576 | FP STD 0.0196 | NFE 62.0000
KL coef: 0.37017636879676774
Train loss (one batch): 27.596614837646484
Train CE loss (one batch): 0.10140770673751831
Classification AUC (TEST): 0.6782
Test MSE: 0.0049
Poisson likelihood: 0.0
CE loss: 0.12970945239067078
NFE: 62.0000
Experiment 3525
Epoch 0057 [Test seq (cond on sampled tp)] | Loss 34.945137 | Likelihood -21.652348 | KL fp 3.7952 | FP STD 0.0190 | NFE 62.0000
KL coef: 0.37647460510880004
Train loss (one batch): 27.478511810302734
Train CE loss (one batch): 0.10179068893194199
Classification AUC (TEST): 0.6812
Test MSE: 0.0049
Poisson likelihood: 0.0
CE loss: 0.12962722778320312
NFE: 62.0000
Experiment 3525
Epoch 0058 [Test seq (cond on sampled tp)] | Loss 34.350830 | Likelihood -20.935841 | KL fp 3.8113 | FP STD 0.0187 | NFE 62.0000
KL coef: 0.38270985905771204
Train loss (one batch): 27.11097526550293
Train CE loss (one batch): 0.10069219768047333
Classification AUC (TEST): 0.6783
Test MSE: 0.0047
Poisson likelihood: 0.0
CE loss: 0.13055408000946045
NFE: 62.0000
Experiment 3525
Epoch 0059 [Test seq (cond on sampled tp)] | Loss 34.952011 | Likelihood -21.588318 | KL fp 3.6892 | FP STD 0.0219 | NFE 62.0000
KL coef: 0.388882760467135
Train loss (one batch): 27.60944366455078
Train CE loss (one batch): 0.10382889211177826
Classification AUC (TEST): 0.6772
Test MSE: 0.0049
Poisson likelihood: 0.0
CE loss: 0.13027989864349365
NFE: 62.0000
Experiment 3525
Epoch 0060 [Test seq (cond on sampled tp)] | Loss 34.624130 | Likelihood -21.195229 | KL fp 3.6958 | FP STD 0.0216 | NFE 62.0000
KL coef: 0.39499393286246365
Train loss (one batch): 27.193403244018555
Train CE loss (one batch): 0.09945140779018402
Classification AUC (TEST): 0.6763
Test MSE: 0.0048
Poisson likelihood: 0.0
CE loss: 0.13067898154258728
NFE: 62.0000
Experiment 3525
Epoch 0061 [Test seq (cond on sampled tp)] | Loss 34.529690 | Likelihood -20.982069 | KL fp 3.7658 | FP STD 0.0207 | NFE 62.0000
KL coef: 0.401043993533839
Train loss (one batch): 27.093320846557617
Train CE loss (one batch): 0.09871920943260193
Classification AUC (TEST): 0.6736
Test MSE: 0.0048
Poisson likelihood: 0.0
CE loss: 0.13136771321296692
NFE: 62.0000
Experiment 3525
Epoch 0062 [Test seq (cond on sampled tp)] | Loss 34.321316 | Likelihood -20.841139 | KL fp 3.7604 | FP STD 0.0207 | NFE 62.0000
KL coef: 0.4070335535985006
Train loss (one batch): 27.001033782958984
Train CE loss (one batch): 0.09774923324584961
Classification AUC (TEST): 0.6797
Test MSE: 0.0047
Poisson likelihood: 0.0
CE loss: 0.13048577308654785
NFE: 62.0000
Experiment 3525
Epoch 0063 [Test seq (cond on sampled tp)] | Loss 34.250538 | Likelihood -20.756866 | KL fp 3.7492 | FP STD 0.0208 | NFE 62.0000
KL coef: 0.41296321806251557
Train loss (one batch): 26.796287536621094
Train CE loss (one batch): 0.09725644439458847
Classification AUC (TEST): 0.6832
Test MSE: 0.0047
Poisson likelihood: 0.0
CE loss: 0.13044410943984985
NFE: 62.0000
Experiment 3525
Epoch 0064 [Test seq (cond on sampled tp)] | Loss 34.240746 | Likelihood -20.769558 | KL fp 3.7248 | FP STD 0.0212 | NFE 62.0000
KL coef: 0.41883358588189046
Train loss (one batch): 26.87252426147461
Train CE loss (one batch): 0.09875654429197311
Classification AUC (TEST): 0.6866
Test MSE: 0.0047
Poisson likelihood: 0.0
CE loss: 0.13010217249393463
NFE: 62.0000
Experiment 3525
Epoch 0065 [Test seq (cond on sampled tp)] | Loss 34.232735 | Likelihood -20.616024 | KL fp 3.6958 | FP STD 0.0214 | NFE 62.0000
KL coef: 0.4246452500230715
Train loss (one batch): 26.91010093688965
Train CE loss (one batch): 0.09818967431783676
Classification AUC (TEST): 0.6780
Test MSE: 0.0047
Poisson likelihood: 0.0
CE loss: 0.13145919144153595
NFE: 62.0000
Experiment 3525
Epoch 0066 [Test seq (cond on sampled tp)] | Loss 34.961861 | Likelihood -21.363163 | KL fp 3.6755 | FP STD 0.0216 | NFE 62.0000
KL coef: 0.4303987975228408
Train loss (one batch): 27.712099075317383
Train CE loss (one batch): 0.09822897613048553
Classification AUC (TEST): 0.6752
Test MSE: 0.0048
Poisson likelihood: 0.0
CE loss: 0.13115550577640533
NFE: 62.0000
Experiment 3525
Epoch 0067 [Test seq (cond on sampled tp)] | Loss 35.898323 | Likelihood -22.061300 | KL fp 3.6958 | FP STD 0.0214 | NFE 62.0000
KL coef: 0.4360948095476125
Train loss (one batch): 28.942888259887695
Train CE loss (one batch): 0.10908617079257965
Classification AUC (TEST): 0.6787
Test MSE: 0.0050
Poisson likelihood: 0.0
CE loss: 0.13323934376239777
NFE: 62.0000
Experiment 3525
Epoch 0068 [Test seq (cond on sampled tp)] | Loss 34.038235 | Likelihood -20.555685 | KL fp 3.6818 | FP STD 0.0214 | NFE 62.0000
KL coef: 0.44173386145213633
Train loss (one batch): 26.467771530151367
Train CE loss (one batch): 0.09538542479276657
Classification AUC (TEST): 0.6910
Test MSE: 0.0047
Poisson likelihood: 0.0
CE loss: 0.12954926490783691
NFE: 62.0000
Experiment 3525
Epoch 0069 [Test seq (cond on sampled tp)] | Loss 34.403240 | Likelihood -20.948036 | KL fp 3.6969 | FP STD 0.0214 | NFE 62.0000
KL coef: 0.4473165228376149
Train loss (one batch): 26.73137092590332
Train CE loss (one batch): 0.09647679328918457
Classification AUC (TEST): 0.6902
Test MSE: 0.0047
Poisson likelihood: 0.0
CE loss: 0.12900587916374207
NFE: 62.0000
Experiment 3525
Epoch 0070 [Test seq (cond on sampled tp)] | Loss 34.023777 | Likelihood -20.528648 | KL fp 3.6455 | FP STD 0.0219 | NFE 62.0000
KL coef: 0.4528433576092388
Train loss (one batch): 26.26551055908203
Train CE loss (one batch): 0.09381648153066635
Classification AUC (TEST): 0.6921
Test MSE: 0.0047
Poisson likelihood: 0.0
CE loss: 0.12942957878112793
NFE: 62.0000
Experiment 3525
Epoch 0071 [Test seq (cond on sampled tp)] | Loss 34.350601 | Likelihood -20.785988 | KL fp 3.6179 | FP STD 0.0224 | NFE 62.0000
KL coef: 0.45831492403314644
Train loss (one batch): 26.77651596069336
Train CE loss (one batch): 0.09684330224990845
Classification AUC (TEST): 0.6928
Test MSE: 0.0047
Poisson likelihood: 0.0
CE loss: 0.13005097210407257
NFE: 62.0000
Experiment 3525
Epoch 0072 [Test seq (cond on sampled tp)] | Loss 34.178268 | Likelihood -20.602142 | KL fp 3.6334 | FP STD 0.0220 | NFE 62.0000
KL coef: 0.463731774792815
Train loss (one batch): 26.551252365112305
Train CE loss (one batch): 0.09611629694700241
Classification AUC (TEST): 0.6929
Test MSE: 0.0047
Poisson likelihood: 0.0
CE loss: 0.12989835441112518
NFE: 62.0000
Experiment 3525
Epoch 0073 [Test seq (cond on sampled tp)] | Loss 36.538113 | Likelihood -22.774641 | KL fp 3.6467 | FP STD 0.0214 | NFE 62.0000
KL coef: 0.46909445704488684
Train loss (one batch): 28.529541015625
Train CE loss (one batch): 0.09526804089546204
Classification AUC (TEST): 0.6702
Test MSE: 0.0051
Poisson likelihood: 0.0
CE loss: 0.1315169632434845
NFE: 62.0000
Experiment 3525
Epoch 0074 [Test seq (cond on sampled tp)] | Loss 34.080067 | Likelihood -20.564167 | KL fp 3.6202 | FP STD 0.0221 | NFE 62.0000
KL coef: 0.474403512474438
Train loss (one batch): 26.394081115722656
Train CE loss (one batch): 0.09405916929244995
Classification AUC (TEST): 0.6940
Test MSE: 0.0047
Poisson likelihood: 0.0
CE loss: 0.12897786498069763
NFE: 62.0000
Experiment 3525
Epoch 0075 [Test seq (cond on sampled tp)] | Loss 34.150345 | Likelihood -20.556585 | KL fp 3.6081 | FP STD 0.0222 | NFE 62.0000
KL coef: 0.4796594773496936
Train loss (one batch): 26.33555030822754
Train CE loss (one batch): 0.09367489814758301
Classification AUC (TEST): 0.6836
Test MSE: 0.0047
Poisson likelihood: 0.0
CE loss: 0.12961892783641815
NFE: 62.0000
Experiment 3525
Epoch 0076 [Test seq (cond on sampled tp)] | Loss 33.972397 | Likelihood -20.335529 | KL fp 3.5734 | FP STD 0.0229 | NFE 62.0000
KL coef: 0.4848628825761967
Train loss (one batch): 26.303754806518555
Train CE loss (one batch): 0.09333428740501404
Classification AUC (TEST): 0.6867
Test MSE: 0.0046
Poisson likelihood: 0.0
CE loss: 0.13003554940223694
NFE: 62.0000
Experiment 3525
Epoch 0077 [Test seq (cond on sampled tp)] | Loss 34.044052 | Likelihood -20.531178 | KL fp 3.5757 | FP STD 0.0228 | NFE 62.0000
KL coef: 0.4900142537504347
Train loss (one batch): 26.68959617614746
Train CE loss (one batch): 0.09640301764011383
Classification AUC (TEST): 0.6925
Test MSE: 0.0047
Poisson likelihood: 0.0
CE loss: 0.12859757244586945
NFE: 62.0000
Experiment 3525
Epoch 0078 [Test seq (cond on sampled tp)] | Loss 35.524811 | Likelihood -21.756262 | KL fp 3.5965 | FP STD 0.0222 | NFE 74.0000
KL coef: 0.49511411121293036
Train loss (one batch): 27.753950119018555
Train CE loss (one batch): 0.10240486264228821
Classification AUC (TEST): 0.6725
Test MSE: 0.0049
Poisson likelihood: 0.0
CE loss: 0.13087210059165955
NFE: 74.0000
Experiment 3525
Epoch 0079 [Test seq (cond on sampled tp)] | Loss 34.101494 | Likelihood -20.435465 | KL fp 3.6776 | FP STD 0.0214 | NFE 74.0000
KL coef: 0.500162970100801
Train loss (one batch): 26.267141342163086
Train CE loss (one batch): 0.09483092278242111
Classification AUC (TEST): 0.6853
Test MSE: 0.0046
Poisson likelihood: 0.0
CE loss: 0.12925411760807037
NFE: 74.0000
Experiment 3525
Epoch 0080 [Test seq (cond on sampled tp)] | Loss 35.089935 | Likelihood -21.229527 | KL fp 3.6602 | FP STD 0.0219 | NFE 62.0000
KL coef: 0.505161340399793
Train loss (one batch): 27.81838607788086
Train CE loss (one batch): 0.10363104194402695
Classification AUC (TEST): 0.6728
Test MSE: 0.0048
Poisson likelihood: 0.0
CE loss: 0.13110210001468658
NFE: 62.0000
Experiment 3525
Epoch 0081 [Test seq (cond on sampled tp)] | Loss 34.118645 | Likelihood -20.393011 | KL fp 3.5918 | FP STD 0.0226 | NFE 62.0000
KL coef: 0.510109726995795
Train loss (one batch): 26.027727127075195
Train CE loss (one batch): 0.0937604159116745
Classification AUC (TEST): 0.6874
Test MSE: 0.0046
Poisson likelihood: 0.0
CE loss: 0.12992292642593384
NFE: 62.0000
Experiment 3525
Epoch 0082 [Test seq (cond on sampled tp)] | Loss 34.704994 | Likelihood -20.955616 | KL fp 3.6030 | FP STD 0.0222 | NFE 62.0000
KL coef: 0.5150086297258372
Train loss (one batch): 26.328962326049805
Train CE loss (one batch): 0.09435825049877167
Classification AUC (TEST): 0.6817
Test MSE: 0.0047
Poisson likelihood: 0.0
CE loss: 0.1299259513616562
NFE: 62.0000
Experiment 3525
Epoch 0083 [Test seq (cond on sampled tp)] | Loss 34.653923 | Likelihood -20.970440 | KL fp 3.5462 | FP STD 0.0232 | NFE 62.0000
KL coef: 0.5198585434285787
Train loss (one batch): 26.565444946289062
Train CE loss (one batch): 0.09415337443351746
Classification AUC (TEST): 0.6880
Test MSE: 0.0047
Poisson likelihood: 0.0
CE loss: 0.12938714027404785
NFE: 62.0000
Experiment 3525
Epoch 0084 [Test seq (cond on sampled tp)] | Loss 36.735802 | Likelihood -22.785976 | KL fp 3.5458 | FP STD 0.0227 | NFE 62.0000
KL coef: 0.524659957994293
Train loss (one batch): 28.675193786621094
Train CE loss (one batch): 0.09677644819021225
Classification AUC (TEST): 0.6665
Test MSE: 0.0051
Poisson likelihood: 0.0
CE loss: 0.13188578188419342
NFE: 62.0000
Experiment 3525
Epoch 0085 [Test seq (cond on sampled tp)] | Loss 35.723564 | Likelihood -21.939772 | KL fp 3.5187 | FP STD 0.0233 | NFE 74.0000
KL coef: 0.5294133584143501
Train loss (one batch): 27.580291748046875
Train CE loss (one batch): 0.09837739914655685
Classification AUC (TEST): 0.6811
Test MSE: 0.0049
Poisson likelihood: 0.0
CE loss: 0.13020005822181702
NFE: 74.0000
Experiment 3525
Epoch 0086 [Test seq (cond on sampled tp)] | Loss 35.565746 | Likelihood -21.816504 | KL fp 3.5292 | FP STD 0.0230 | NFE 74.0000
KL coef: 0.5341192248302067
Train loss (one batch): 27.47344970703125
Train CE loss (one batch): 0.09765925258398056
Classification AUC (TEST): 0.6835
Test MSE: 0.0049
Poisson likelihood: 0.0
CE loss: 0.12963223457336426
NFE: 74.0000
Experiment 3525
Epoch 0087 [Test seq (cond on sampled tp)] | Loss 35.499725 | Likelihood -21.722794 | KL fp 3.5874 | FP STD 0.0219 | NFE 74.0000
KL coef: 0.5387780325819045
Train loss (one batch): 27.31713104248047
Train CE loss (one batch): 0.09649382531642914
Classification AUC (TEST): 0.6869
Test MSE: 0.0049
Poisson likelihood: 0.0
CE loss: 0.12942713499069214
NFE: 74.0000
Experiment 3525
Epoch 0088 [Test seq (cond on sampled tp)] | Loss 35.452385 | Likelihood -21.684469 | KL fp 3.5218 | FP STD 0.0232 | NFE 62.0000
KL coef: 0.5433902522560855
Train loss (one batch): 27.099401473999023
Train CE loss (one batch): 0.09439259022474289
Classification AUC (TEST): 0.6847
Test MSE: 0.0049
Poisson likelihood: 0.0
CE loss: 0.12953010201454163
NFE: 62.0000
Experiment 3525
Epoch 0089 [Test seq (cond on sampled tp)] | Loss 35.452126 | Likelihood -21.575470 | KL fp 3.5787 | FP STD 0.0224 | NFE 62.0000
KL coef: 0.5479563497335247
Train loss (one batch): 27.16265869140625
Train CE loss (one batch): 0.09447970986366272
Classification AUC (TEST): 0.6819
Test MSE: 0.0049
Poisson likelihood: 0.0
CE loss: 0.13014861941337585
NFE: 62.0000
Experiment 3525
Epoch 0090 [Test seq (cond on sampled tp)] | Loss 35.405720 | Likelihood -21.430878 | KL fp 3.6071 | FP STD 0.0219 | NFE 62.0000
KL coef: 0.5524767862361895
Train loss (one batch): 27.09578514099121
Train CE loss (one batch): 0.09477641433477402
Classification AUC (TEST): 0.6785
Test MSE: 0.0048
Poisson likelihood: 0.0
CE loss: 0.13080711662769318
NFE: 62.0000
Experiment 3525
Epoch 0091 [Test seq (cond on sampled tp)] | Loss 35.003250 | Likelihood -21.037426 | KL fp 3.5364 | FP STD 0.0231 | NFE 62.0000
KL coef: 0.5569520183738275
Train loss (one batch): 26.806425094604492
Train CE loss (one batch): 0.09373483061790466
Classification AUC (TEST): 0.6796
Test MSE: 0.0048
Poisson likelihood: 0.0
CE loss: 0.13095006346702576
NFE: 62.0000
Experiment 3525
Epoch 0092 [Test seq (cond on sampled tp)] | Loss 34.389900 | Likelihood -20.469906 | KL fp 3.5303 | FP STD 0.0233 | NFE 62.0000
KL coef: 0.5613824981900892
Train loss (one batch): 26.71231460571289
Train CE loss (one batch): 0.0945218950510025
Classification AUC (TEST): 0.6878
Test MSE: 0.0046
Poisson likelihood: 0.0
CE loss: 0.1303674876689911
NFE: 62.0000
Experiment 3525
Epoch 0093 [Test seq (cond on sampled tp)] | Loss 34.292587 | Likelihood -20.422567 | KL fp 3.4934 | FP STD 0.0238 | NFE 62.0000
KL coef: 0.5657686732081884
Train loss (one batch): 26.382219314575195
Train CE loss (one batch): 0.09181352704763412
Classification AUC (TEST): 0.6910
Test MSE: 0.0046
Poisson likelihood: 0.0
CE loss: 0.12992525100708008
NFE: 62.0000
Experiment 3525
Epoch 0094 [Test seq (cond on sampled tp)] | Loss 34.166313 | Likelihood -20.304985 | KL fp 3.4842 | FP STD 0.0240 | NFE 62.0000
KL coef: 0.5701109864761065
Train loss (one batch): 26.547500610351562
Train CE loss (one batch): 0.093534916639328
Classification AUC (TEST): 0.6893
Test MSE: 0.0046
Poisson likelihood: 0.0
CE loss: 0.1297397017478943
NFE: 62.0000
Experiment 3525
Epoch 0095 [Test seq (cond on sampled tp)] | Loss 35.811798 | Likelihood -21.709187 | KL fp 3.4058 | FP STD 0.0260 | NFE 62.0000
KL coef: 0.5744098766113455
Train loss (one batch): 27.98931884765625
Train CE loss (one batch): 0.10043266415596008
Classification AUC (TEST): 0.6676
Test MSE: 0.0049
Poisson likelihood: 0.0
CE loss: 0.13245004415512085
NFE: 62.0000
Experiment 3525
Epoch 0096 [Test seq (cond on sampled tp)] | Loss 34.326454 | Likelihood -20.421337 | KL fp 3.4645 | FP STD 0.0245 | NFE 62.0000
KL coef: 0.578665777845232
Train loss (one batch): 26.627614974975586
Train CE loss (one batch): 0.09438347071409225
Classification AUC (TEST): 0.6892
Test MSE: 0.0046
Poisson likelihood: 0.0
CE loss: 0.12998996675014496
NFE: 62.0000
Experiment 3525
Epoch 0097 [Test seq (cond on sampled tp)] | Loss 34.143745 | Likelihood -20.323227 | KL fp 3.4723 | FP STD 0.0245 | NFE 62.0000
KL coef: 0.5828791200667797
Train loss (one batch): 26.533466339111328
Train CE loss (one batch): 0.09414764493703842
Classification AUC (TEST): 0.6958
Test MSE: 0.0046
Poisson likelihood: 0.0
CE loss: 0.12895192205905914
NFE: 62.0000
Experiment 3525
Epoch 0098 [Test seq (cond on sampled tp)] | Loss 34.103676 | Likelihood -20.351917 | KL fp 3.4469 | FP STD 0.0250 | NFE 62.0000
KL coef: 0.5870503288661119
Train loss (one batch): 26.397706985473633
Train CE loss (one batch): 0.09249266237020493
Classification AUC (TEST): 0.6998
Test MSE: 0.0046
Poisson likelihood: 0.0
CE loss: 0.12827233970165253
NFE: 62.0000
Experiment 3525
Epoch 0099 [Test seq (cond on sampled tp)] | Loss 34.168446 | Likelihood -20.189156 | KL fp 3.4558 | FP STD 0.0246 | NFE 62.0000
KL coef: 0.5911798255774507
Train loss (one batch): 26.179153442382812
Train CE loss (one batch): 0.0921182855963707
Classification AUC (TEST): 0.6879
Test MSE: 0.0046
Poisson likelihood: 0.0
CE loss: 0.130351722240448
NFE: 62.0000
Experiment 3525
Epoch 0100 [Test seq (cond on sampled tp)] | Loss 34.237015 | Likelihood -20.451847 | KL fp 3.3990 | FP STD 0.0258 | NFE 62.0000
KL coef: 0.5952680273216762
Train loss (one batch): 26.098173141479492
Train CE loss (one batch): 0.09108909964561462
Classification AUC (TEST): 0.7046
Test MSE: 0.0046
Poisson likelihood: 0.0
CE loss: 0.12860539555549622
NFE: 62.0000
