/home/soyoung/latent_ode2/run_models.py
run_models.py --niters 100 -n 8000 -l 20 --latent-ode --z0-encoder rnn --dataset physionet --rec-dims 40 --rec-layers 3 --gen-layers 3 --units 50 --gru-units 50 --quantization 0.016 --classif --reg_dopri 0 --reg_kinetic 0.04 --reg_l1 0 --reg_l2 0 --gpu 2
Experiment 37486
Epoch 0001 [Test seq (cond on sampled tp)] | Loss 58.884083 | Likelihood -46.701363 | KL fp 4.2045 | FP STD 0.0180 | NFE 14.0000
KL coef: 0.0
Train loss (one batch): 57.91618728637695
Train CE loss (one batch): 0.12988784909248352
Classification AUC (TEST): 0.5450
Test MSE: 0.0099
Poisson likelihood: 0.0
CE loss: 0.13282562792301178
NFE: 14.0000
Experiment 37486
Epoch 0002 [Test seq (cond on sampled tp)] | Loss 45.707439 | Likelihood -33.524559 | KL fp 4.7705 | FP STD 0.0100 | NFE 26.0000
KL coef: 0.0
Train loss (one batch): 45.6312141418457
Train CE loss (one batch): 0.12484584748744965
Classification AUC (TEST): 0.5194
Test MSE: 0.0073
Poisson likelihood: 0.0
CE loss: 0.13281506299972534
NFE: 26.0000
Experiment 37486
Epoch 0003 [Test seq (cond on sampled tp)] | Loss 42.594002 | Likelihood -30.419149 | KL fp 4.6477 | FP STD 0.0111 | NFE 26.0000
KL coef: 0.0
Train loss (one batch): 42.089073181152344
Train CE loss (one batch): 0.12685444951057434
Classification AUC (TEST): 0.5335
Test MSE: 0.0066
Poisson likelihood: 0.0
CE loss: 0.13273823261260986
NFE: 26.0000
Experiment 37486
Epoch 0004 [Test seq (cond on sampled tp)] | Loss 40.560364 | Likelihood -28.372871 | KL fp 4.8390 | FP STD 0.0089 | NFE 20.0000
KL coef: 0.0
Train loss (one batch): 39.63608932495117
Train CE loss (one batch): 0.12824419140815735
Classification AUC (TEST): 0.5581
Test MSE: 0.0062
Poisson likelihood: 0.0
CE loss: 0.13286718726158142
NFE: 20.0000
Experiment 37486
Epoch 0005 [Test seq (cond on sampled tp)] | Loss 38.722099 | Likelihood -26.671461 | KL fp 4.9118 | FP STD 0.0090 | NFE 20.0000
KL coef: 0.0
Train loss (one batch): 38.008026123046875
Train CE loss (one batch): 0.1287825107574463
Classification AUC (TEST): 0.6141
Test MSE: 0.0059
Poisson likelihood: 0.0
CE loss: 0.13149821758270264
NFE: 20.0000
Experiment 37486
Epoch 0006 [Test seq (cond on sampled tp)] | Loss 37.179707 | Likelihood -25.377426 | KL fp 5.1363 | FP STD 0.0072 | NFE 20.0000
KL coef: 0.0
Train loss (one batch): 36.77406692504883
Train CE loss (one batch): 0.12816104292869568
Classification AUC (TEST): 0.6364
Test MSE: 0.0056
Poisson likelihood: 0.0
CE loss: 0.12901096045970917
NFE: 20.0000
Experiment 37486
Epoch 0007 [Test seq (cond on sampled tp)] | Loss 36.655838 | Likelihood -24.861015 | KL fp 5.1513 | FP STD 0.0072 | NFE 20.0000
KL coef: 0.0
Train loss (one batch): 36.20059585571289
Train CE loss (one batch): 0.12881654500961304
Classification AUC (TEST): 0.6404
Test MSE: 0.0055
Poisson likelihood: 0.0
CE loss: 0.12893500924110413
NFE: 20.0000
Experiment 37486
Epoch 0008 [Test seq (cond on sampled tp)] | Loss 36.386391 | Likelihood -24.575100 | KL fp 4.9754 | FP STD 0.0079 | NFE 32.0000
KL coef: 0.0
Train loss (one batch): 36.03972625732422
Train CE loss (one batch): 0.1293666958808899
Classification AUC (TEST): 0.6432
Test MSE: 0.0055
Poisson likelihood: 0.0
CE loss: 0.12909972667694092
NFE: 32.0000
Experiment 37486
Epoch 0009 [Test seq (cond on sampled tp)] | Loss 36.149532 | Likelihood -24.329748 | KL fp 4.9475 | FP STD 0.0078 | NFE 32.0000
KL coef: 0.0
Train loss (one batch): 35.79682540893555
Train CE loss (one batch): 0.13000360131263733
Classification AUC (TEST): 0.6473
Test MSE: 0.0054
Poisson likelihood: 0.0
CE loss: 0.1291840672492981
NFE: 32.0000
Experiment 37486
Epoch 0010 [Test seq (cond on sampled tp)] | Loss 35.987736 | Likelihood -24.181936 | KL fp 5.0622 | FP STD 0.0071 | NFE 32.0000
KL coef: 0.0
Train loss (one batch): 35.59047317504883
Train CE loss (one batch): 0.12995097041130066
Classification AUC (TEST): 0.6519
Test MSE: 0.0054
Poisson likelihood: 0.0
CE loss: 0.1290455460548401
NFE: 32.0000
Experiment 37486
Epoch 0011 [Test seq (cond on sampled tp)] | Loss 35.883461 | Likelihood -24.046867 | KL fp 5.0850 | FP STD 0.0067 | NFE 44.0000
KL coef: 0.010000000000000009
Train loss (one batch): 35.53928756713867
Train CE loss (one batch): 0.1303570717573166
Classification AUC (TEST): 0.6573
Test MSE: 0.0054
Poisson likelihood: 0.0
CE loss: 0.1288439929485321
NFE: 44.0000
Experiment 37486
Epoch 0012 [Test seq (cond on sampled tp)] | Loss 36.076797 | Likelihood -24.190374 | KL fp 4.4120 | FP STD 0.0148 | NFE 44.0000
KL coef: 0.01990000000000003
Train loss (one batch): 35.7884407043457
Train CE loss (one batch): 0.1303170621395111
Classification AUC (TEST): 0.6617
Test MSE: 0.0054
Poisson likelihood: 0.0
CE loss: 0.12897352874279022
NFE: 44.0000
Experiment 37486
Epoch 0013 [Test seq (cond on sampled tp)] | Loss 35.778385 | Likelihood -23.873686 | KL fp 4.7041 | FP STD 0.0101 | NFE 44.0000
KL coef: 0.029700999999999977
Train loss (one batch): 35.565223693847656
Train CE loss (one batch): 0.13069765269756317
Classification AUC (TEST): 0.6660
Test MSE: 0.0053
Poisson likelihood: 0.0
CE loss: 0.1286364644765854
NFE: 44.0000
Experiment 37486
Epoch 0014 [Test seq (cond on sampled tp)] | Loss 35.793587 | Likelihood -23.893417 | KL fp 4.7231 | FP STD 0.0104 | NFE 50.0000
KL coef: 0.039403990000000055
Train loss (one batch): 35.518802642822266
Train CE loss (one batch): 0.1303415298461914
Classification AUC (TEST): 0.6710
Test MSE: 0.0053
Poisson likelihood: 0.0
CE loss: 0.12812745571136475
NFE: 50.0000
Experiment 37486
Epoch 0015 [Test seq (cond on sampled tp)] | Loss 36.155693 | Likelihood -24.229933 | KL fp 4.5600 | FP STD 0.0151 | NFE 50.0000
KL coef: 0.04900995010000009
Train loss (one batch): 35.72416687011719
Train CE loss (one batch): 0.12891843914985657
Classification AUC (TEST): 0.6739
Test MSE: 0.0054
Poisson likelihood: 0.0
CE loss: 0.12801527976989746
NFE: 50.0000
Experiment 37486
Epoch 0016 [Test seq (cond on sampled tp)] | Loss 35.682953 | Likelihood -23.808655 | KL fp 4.6742 | FP STD 0.0106 | NFE 50.0000
KL coef: 0.058519850599
Train loss (one batch): 35.375221252441406
Train CE loss (one batch): 0.12794050574302673
Classification AUC (TEST): 0.6784
Test MSE: 0.0053
Poisson likelihood: 0.0
CE loss: 0.12699508666992188
NFE: 50.0000
Experiment 37486
Epoch 0017 [Test seq (cond on sampled tp)] | Loss 35.721470 | Likelihood -23.907467 | KL fp 4.3179 | FP STD 0.0155 | NFE 50.0000
KL coef: 0.06793465209301008
Train loss (one batch): 35.31659698486328
Train CE loss (one batch): 0.12673237919807434
Classification AUC (TEST): 0.6825
Test MSE: 0.0053
Poisson likelihood: 0.0
CE loss: 0.1261935979127884
NFE: 50.0000
Experiment 37486
Epoch 0018 [Test seq (cond on sampled tp)] | Loss 35.978172 | Likelihood -24.199705 | KL fp 4.2323 | FP STD 0.0183 | NFE 50.0000
KL coef: 0.07725530557207994
Train loss (one batch): 35.741024017333984
Train CE loss (one batch): 0.12592658400535583
Classification AUC (TEST): 0.6846
Test MSE: 0.0054
Poisson likelihood: 0.0
CE loss: 0.12551820278167725
NFE: 50.0000
Experiment 37486
Epoch 0019 [Test seq (cond on sampled tp)] | Loss 35.488968 | Likelihood -23.767239 | KL fp 4.2352 | FP STD 0.0166 | NFE 56.0000
KL coef: 0.08648275251635917
Train loss (one batch): 35.414180755615234
Train CE loss (one batch): 0.12576766312122345
Classification AUC (TEST): 0.6922
Test MSE: 0.0053
Poisson likelihood: 0.0
CE loss: 0.1245461031794548
NFE: 56.0000
Experiment 37486
Epoch 0020 [Test seq (cond on sampled tp)] | Loss 35.792923 | Likelihood -24.068579 | KL fp 4.1350 | FP STD 0.0200 | NFE 56.0000
KL coef: 0.09561792499119559
Train loss (one batch): 35.80159378051758
Train CE loss (one batch): 0.1252155303955078
Classification AUC (TEST): 0.6946
Test MSE: 0.0054
Poisson likelihood: 0.0
CE loss: 0.12427665293216705
NFE: 56.0000
Experiment 37486
Epoch 0021 [Test seq (cond on sampled tp)] | Loss 35.773422 | Likelihood -24.107986 | KL fp 4.0639 | FP STD 0.0214 | NFE 56.0000
KL coef: 0.10466174574128362
Train loss (one batch): 35.606239318847656
Train CE loss (one batch): 0.12346931546926498
Classification AUC (TEST): 0.7017
Test MSE: 0.0054
Poisson likelihood: 0.0
CE loss: 0.12339320033788681
NFE: 56.0000
Experiment 37486
Epoch 0022 [Test seq (cond on sampled tp)] | Loss 35.426880 | Likelihood -23.721294 | KL fp 4.2242 | FP STD 0.0167 | NFE 56.0000
KL coef: 0.11361512828387077
Train loss (one batch): 35.282508850097656
Train CE loss (one batch): 0.12279250472784042
Classification AUC (TEST): 0.6995
Test MSE: 0.0053
Poisson likelihood: 0.0
CE loss: 0.1232469379901886
NFE: 56.0000
Experiment 37486
Epoch 0023 [Test seq (cond on sampled tp)] | Loss 35.305161 | Likelihood -23.607290 | KL fp 4.2061 | FP STD 0.0154 | NFE 56.0000
KL coef: 0.12247897700103216
Train loss (one batch): 35.183982849121094
Train CE loss (one batch): 0.12251003831624985
Classification AUC (TEST): 0.7024
Test MSE: 0.0053
Poisson likelihood: 0.0
CE loss: 0.12281547486782074
NFE: 56.0000
Experiment 37486
Epoch 0024 [Test seq (cond on sampled tp)] | Loss 35.344082 | Likelihood -23.642721 | KL fp 4.1825 | FP STD 0.0163 | NFE 56.0000
KL coef: 0.13125418723102178
Train loss (one batch): 35.227108001708984
Train CE loss (one batch): 0.12206190824508667
Classification AUC (TEST): 0.7012
Test MSE: 0.0053
Poisson likelihood: 0.0
CE loss: 0.12251069396734238
NFE: 56.0000
Experiment 37486
Epoch 0025 [Test seq (cond on sampled tp)] | Loss 35.239948 | Likelihood -23.532928 | KL fp 4.2584 | FP STD 0.0154 | NFE 56.0000
KL coef: 0.13994164535871156
Train loss (one batch): 35.04479217529297
Train CE loss (one batch): 0.1210000142455101
Classification AUC (TEST): 0.7045
Test MSE: 0.0053
Poisson likelihood: 0.0
CE loss: 0.12209764122962952
NFE: 56.0000
Experiment 37486
Epoch 0026 [Test seq (cond on sampled tp)] | Loss 35.245373 | Likelihood -23.548061 | KL fp 4.1609 | FP STD 0.0158 | NFE 56.0000
KL coef: 0.14854222890512447
Train loss (one batch): 35.1802978515625
Train CE loss (one batch): 0.12090270966291428
Classification AUC (TEST): 0.7071
Test MSE: 0.0053
Poisson likelihood: 0.0
CE loss: 0.12178166955709457
NFE: 56.0000
Experiment 37486
Epoch 0027 [Test seq (cond on sampled tp)] | Loss 35.194252 | Likelihood -23.500387 | KL fp 4.0502 | FP STD 0.0163 | NFE 56.0000
KL coef: 0.15705680661607324
Train loss (one batch): 34.98911666870117
Train CE loss (one batch): 0.11903417110443115
Classification AUC (TEST): 0.7069
Test MSE: 0.0053
Poisson likelihood: 0.0
CE loss: 0.12156447023153305
NFE: 56.0000
Experiment 37486
Epoch 0028 [Test seq (cond on sampled tp)] | Loss 35.571724 | Likelihood -23.911917 | KL fp 3.7897 | FP STD 0.0227 | NFE 56.0000
KL coef: 0.1654862385499125
Train loss (one batch): 35.31751251220703
Train CE loss (one batch): 0.11973033845424652
Classification AUC (TEST): 0.7086
Test MSE: 0.0053
Poisson likelihood: 0.0
CE loss: 0.12132380902767181
NFE: 56.0000
Experiment 37486
Epoch 0029 [Test seq (cond on sampled tp)] | Loss 35.281136 | Likelihood -23.541235 | KL fp 4.0724 | FP STD 0.0178 | NFE 62.0000
KL coef: 0.17383137616441335
Train loss (one batch): 34.8610954284668
Train CE loss (one batch): 0.11867572367191315
Classification AUC (TEST): 0.7079
Test MSE: 0.0053
Poisson likelihood: 0.0
CE loss: 0.1213085949420929
NFE: 62.0000
Experiment 37486
Epoch 0030 [Test seq (cond on sampled tp)] | Loss 35.111298 | Likelihood -23.353338 | KL fp 4.1860 | FP STD 0.0158 | NFE 62.0000
KL coef: 0.18209306240276923
Train loss (one batch): 34.7530517578125
Train CE loss (one batch): 0.1179129108786583
Classification AUC (TEST): 0.7099
Test MSE: 0.0052
Poisson likelihood: 0.0
CE loss: 0.12095224857330322
NFE: 62.0000
Experiment 37486
Epoch 0031 [Test seq (cond on sampled tp)] | Loss 35.252224 | Likelihood -23.525620 | KL fp 3.8945 | FP STD 0.0215 | NFE 62.0000
KL coef: 0.19027213177874158
Train loss (one batch): 34.877803802490234
Train CE loss (one batch): 0.11748360097408295
Classification AUC (TEST): 0.7097
Test MSE: 0.0053
Poisson likelihood: 0.0
CE loss: 0.120846226811409
NFE: 62.0000
Experiment 37486
Epoch 0032 [Test seq (cond on sampled tp)] | Loss 35.301220 | Likelihood -23.528519 | KL fp 3.8711 | FP STD 0.0223 | NFE 62.0000
KL coef: 0.19836941046095413
Train loss (one batch): 34.92755889892578
Train CE loss (one batch): 0.116461381316185
Classification AUC (TEST): 0.7070
Test MSE: 0.0053
Poisson likelihood: 0.0
CE loss: 0.12104674428701401
NFE: 62.0000
Experiment 37486
Epoch 0033 [Test seq (cond on sampled tp)] | Loss 35.232536 | Likelihood -23.457584 | KL fp 3.8381 | FP STD 0.0229 | NFE 62.0000
KL coef: 0.20638571635634462
Train loss (one batch): 34.426963806152344
Train CE loss (one batch): 0.1148761734366417
Classification AUC (TEST): 0.7089
Test MSE: 0.0052
Poisson likelihood: 0.0
CE loss: 0.12081632018089294
NFE: 62.0000
Experiment 37486
Epoch 0034 [Test seq (cond on sampled tp)] | Loss 35.246227 | Likelihood -23.457199 | KL fp 3.7524 | FP STD 0.0235 | NFE 62.0000
KL coef: 0.21432185919278124
Train loss (one batch): 34.78861618041992
Train CE loss (one batch): 0.1155882477760315
Classification AUC (TEST): 0.7088
Test MSE: 0.0052
Poisson likelihood: 0.0
CE loss: 0.12083540856838226
NFE: 62.0000
Experiment 37486
Epoch 0035 [Test seq (cond on sampled tp)] | Loss 35.134304 | Likelihood -23.329290 | KL fp 3.7908 | FP STD 0.0227 | NFE 62.0000
KL coef: 0.22217864060085335
Train loss (one batch): 34.77629089355469
Train CE loss (one batch): 0.1159982979297638
Classification AUC (TEST): 0.7103
Test MSE: 0.0052
Poisson likelihood: 0.0
CE loss: 0.12062869966030121
NFE: 62.0000
Experiment 37486
Epoch 0036 [Test seq (cond on sampled tp)] | Loss 35.202980 | Likelihood -23.353416 | KL fp 3.7602 | FP STD 0.0233 | NFE 62.0000
KL coef: 0.2299568541948449
Train loss (one batch): 34.6558837890625
Train CE loss (one batch): 0.11564507335424423
Classification AUC (TEST): 0.7081
Test MSE: 0.0052
Poisson likelihood: 0.0
CE loss: 0.12084132432937622
NFE: 62.0000
Experiment 37486
Epoch 0037 [Test seq (cond on sampled tp)] | Loss 35.150620 | Likelihood -23.273611 | KL fp 3.8257 | FP STD 0.0222 | NFE 62.0000
KL coef: 0.23765728565289646
Train loss (one batch): 34.741546630859375
Train CE loss (one batch): 0.11555006355047226
Classification AUC (TEST): 0.7086
Test MSE: 0.0052
Poisson likelihood: 0.0
CE loss: 0.12067446112632751
NFE: 62.0000
Experiment 37486
Epoch 0038 [Test seq (cond on sampled tp)] | Loss 35.128368 | Likelihood -23.248764 | KL fp 3.8629 | FP STD 0.0217 | NFE 62.0000
KL coef: 0.24528071279636743
Train loss (one batch): 34.65851593017578
Train CE loss (one batch): 0.11475863307714462
Classification AUC (TEST): 0.7140
Test MSE: 0.0052
Poisson likelihood: 0.0
CE loss: 0.12030749022960663
NFE: 62.0000
Experiment 37486
Epoch 0039 [Test seq (cond on sampled tp)] | Loss 35.132675 | Likelihood -23.201725 | KL fp 3.8562 | FP STD 0.0215 | NFE 62.0000
KL coef: 0.25282790566840385
Train loss (one batch): 34.99138259887695
Train CE loss (one batch): 0.11633890122175217
Classification AUC (TEST): 0.7116
Test MSE: 0.0052
Poisson likelihood: 0.0
CE loss: 0.12056031823158264
NFE: 62.0000
Experiment 37486
Epoch 0040 [Test seq (cond on sampled tp)] | Loss 35.109043 | Likelihood -23.144156 | KL fp 3.8654 | FP STD 0.0213 | NFE 62.0000
KL coef: 0.2602996266117198
Train loss (one batch): 34.87958526611328
Train CE loss (one batch): 0.11474868655204773
Classification AUC (TEST): 0.7096
Test MSE: 0.0052
Poisson likelihood: 0.0
CE loss: 0.12057410180568695
NFE: 62.0000
Experiment 37486
Epoch 0041 [Test seq (cond on sampled tp)] | Loss 35.067024 | Likelihood -23.095776 | KL fp 3.8925 | FP STD 0.0207 | NFE 62.0000
KL coef: 0.26769663034560254
Train loss (one batch): 34.71210861206055
Train CE loss (one batch): 0.11479875445365906
Classification AUC (TEST): 0.7134
Test MSE: 0.0052
Poisson likelihood: 0.0
CE loss: 0.12027961015701294
NFE: 62.0000
Experiment 37486
Epoch 0042 [Test seq (cond on sampled tp)] | Loss 35.100159 | Likelihood -23.072948 | KL fp 3.8505 | FP STD 0.0209 | NFE 62.0000
KL coef: 0.2750196640421466
Train loss (one batch): 34.72309875488281
Train CE loss (one batch): 0.11520745605230331
Classification AUC (TEST): 0.7106
Test MSE: 0.0052
Poisson likelihood: 0.0
CE loss: 0.12067484110593796
NFE: 62.0000
Experiment 37486
Epoch 0043 [Test seq (cond on sampled tp)] | Loss 35.058800 | Likelihood -23.028173 | KL fp 3.8172 | FP STD 0.0209 | NFE 62.0000
KL coef: 0.2822694674017251
Train loss (one batch): 34.82975387573242
Train CE loss (one batch): 0.11498912423849106
Classification AUC (TEST): 0.7114
Test MSE: 0.0052
Poisson likelihood: 0.0
CE loss: 0.12052032351493835
NFE: 62.0000
Experiment 37486
Epoch 0044 [Test seq (cond on sampled tp)] | Loss 35.041092 | Likelihood -22.974129 | KL fp 3.8238 | FP STD 0.0209 | NFE 62.0000
KL coef: 0.2894467727277079
Train loss (one batch): 34.607730865478516
Train CE loss (one batch): 0.11362741887569427
Classification AUC (TEST): 0.7113
Test MSE: 0.0051
Poisson likelihood: 0.0
CE loss: 0.1206078827381134
NFE: 62.0000
Experiment 37486
Epoch 0045 [Test seq (cond on sampled tp)] | Loss 34.992382 | Likelihood -22.896816 | KL fp 3.8528 | FP STD 0.0206 | NFE 62.0000
KL coef: 0.29655230500043084
Train loss (one batch): 34.618309020996094
Train CE loss (one batch): 0.11385729163885117
Classification AUC (TEST): 0.7118
Test MSE: 0.0051
Poisson likelihood: 0.0
CE loss: 0.12052012979984283
NFE: 62.0000
Experiment 37486
Epoch 0046 [Test seq (cond on sampled tp)] | Loss 34.941780 | Likelihood -22.861725 | KL fp 3.8504 | FP STD 0.0205 | NFE 62.0000
KL coef: 0.30358678195042654
Train loss (one batch): 34.54441452026367
Train CE loss (one batch): 0.11352773010730743
Classification AUC (TEST): 0.7156
Test MSE: 0.0051
Poisson likelihood: 0.0
CE loss: 0.12010204046964645
NFE: 62.0000
Experiment 37486
Epoch 0047 [Test seq (cond on sampled tp)] | Loss 34.946281 | Likelihood -22.865591 | KL fp 3.7908 | FP STD 0.0214 | NFE 62.0000
KL coef: 0.3105509141309223
Train loss (one batch): 34.58298110961914
Train CE loss (one batch): 0.1133960708975792
Classification AUC (TEST): 0.7167
Test MSE: 0.0051
Poisson likelihood: 0.0
CE loss: 0.1200227364897728
NFE: 62.0000
Experiment 37486
Epoch 0048 [Test seq (cond on sampled tp)] | Loss 34.823822 | Likelihood -22.688156 | KL fp 3.8761 | FP STD 0.0208 | NFE 62.0000
KL coef: 0.31744540498961304
Train loss (one batch): 34.580108642578125
Train CE loss (one batch): 0.11255760490894318
Classification AUC (TEST): 0.7178
Test MSE: 0.0051
Poisson likelihood: 0.0
CE loss: 0.12004034966230392
NFE: 62.0000
Experiment 37486
Epoch 0049 [Test seq (cond on sampled tp)] | Loss 34.798050 | Likelihood -22.677425 | KL fp 3.8306 | FP STD 0.0212 | NFE 62.0000
KL coef: 0.3242709509397169
Train loss (one batch): 34.29402160644531
Train CE loss (one batch): 0.1121876984834671
Classification AUC (TEST): 0.7188
Test MSE: 0.0051
Poisson likelihood: 0.0
CE loss: 0.1197827160358429
NFE: 62.0000
Experiment 37486
Epoch 0050 [Test seq (cond on sampled tp)] | Loss 34.729584 | Likelihood -22.611229 | KL fp 3.7736 | FP STD 0.0216 | NFE 62.0000
KL coef: 0.3310282414303197
Train loss (one batch): 34.47579574584961
Train CE loss (one batch): 0.1131846159696579
Classification AUC (TEST): 0.7197
Test MSE: 0.0051
Poisson likelihood: 0.0
CE loss: 0.11967821419239044
NFE: 62.0000
Experiment 37486
Epoch 0051 [Test seq (cond on sampled tp)] | Loss 34.691307 | Likelihood -22.565685 | KL fp 3.7259 | FP STD 0.0227 | NFE 62.0000
KL coef: 0.33771795901601653
Train loss (one batch): 34.28420639038086
Train CE loss (one batch): 0.11149971932172775
Classification AUC (TEST): 0.7186
Test MSE: 0.0051
Poisson likelihood: 0.0
CE loss: 0.11965960264205933
NFE: 62.0000
Experiment 37486
Epoch 0052 [Test seq (cond on sampled tp)] | Loss 34.511276 | Likelihood -22.396034 | KL fp 3.7301 | FP STD 0.0225 | NFE 62.0000
KL coef: 0.3443407794258564
Train loss (one batch): 34.17319869995117
Train CE loss (one batch): 0.11173281073570251
Classification AUC (TEST): 0.7210
Test MSE: 0.0050
Poisson likelihood: 0.0
CE loss: 0.11929785460233688
NFE: 62.0000
Experiment 37486
Epoch 0053 [Test seq (cond on sampled tp)] | Loss 34.479164 | Likelihood -22.350584 | KL fp 3.7023 | FP STD 0.0227 | NFE 62.0000
KL coef: 0.35089737163159784
Train loss (one batch): 34.197120666503906
Train CE loss (one batch): 0.11133285611867905
Classification AUC (TEST): 0.7216
Test MSE: 0.0050
Poisson likelihood: 0.0
CE loss: 0.11928272247314453
NFE: 62.0000
Experiment 37486
Epoch 0054 [Test seq (cond on sampled tp)] | Loss 34.346035 | Likelihood -22.236296 | KL fp 3.6954 | FP STD 0.0229 | NFE 62.0000
KL coef: 0.3573883979152819
Train loss (one batch): 34.09007263183594
Train CE loss (one batch): 0.11172588914632797
Classification AUC (TEST): 0.7256
Test MSE: 0.0050
Poisson likelihood: 0.0
CE loss: 0.11888601630926132
NFE: 62.0000
Experiment 37486
Epoch 0055 [Test seq (cond on sampled tp)] | Loss 34.348473 | Likelihood -22.280998 | KL fp 3.5854 | FP STD 0.0272 | NFE 62.0000
KL coef: 0.36381451393612907
Train loss (one batch): 33.81764602661133
Train CE loss (one batch): 0.11072885245084763
Classification AUC (TEST): 0.7298
Test MSE: 0.0050
Poisson likelihood: 0.0
CE loss: 0.11862286180257797
NFE: 62.0000
Experiment 37486
Epoch 0056 [Test seq (cond on sampled tp)] | Loss 34.255207 | Likelihood -22.143078 | KL fp 3.6213 | FP STD 0.0255 | NFE 62.0000
KL coef: 0.37017636879676774
Train loss (one batch): 34.05118179321289
Train CE loss (one batch): 0.11185749620199203
Classification AUC (TEST): 0.7277
Test MSE: 0.0050
Poisson likelihood: 0.0
CE loss: 0.1187046617269516
NFE: 62.0000
Experiment 37486
Epoch 0057 [Test seq (cond on sampled tp)] | Loss 34.292484 | Likelihood -22.180670 | KL fp 3.6155 | FP STD 0.0255 | NFE 62.0000
KL coef: 0.37647460510880004
Train loss (one batch): 33.98123550415039
Train CE loss (one batch): 0.11053749918937683
Classification AUC (TEST): 0.7292
Test MSE: 0.0050
Poisson likelihood: 0.0
CE loss: 0.11849303543567657
NFE: 62.0000
Experiment 37486
Epoch 0058 [Test seq (cond on sampled tp)] | Loss 34.220222 | Likelihood -22.092276 | KL fp 3.5997 | FP STD 0.0258 | NFE 62.0000
KL coef: 0.38270985905771204
Train loss (one batch): 34.06126403808594
Train CE loss (one batch): 0.11289744824171066
Classification AUC (TEST): 0.7293
Test MSE: 0.0050
Poisson likelihood: 0.0
CE loss: 0.1184992715716362
NFE: 62.0000
Experiment 37486
Epoch 0059 [Test seq (cond on sampled tp)] | Loss 34.429874 | Likelihood -22.269482 | KL fp 3.4614 | FP STD 0.0294 | NFE 62.0000
KL coef: 0.388882760467135
Train loss (one batch): 34.369564056396484
Train CE loss (one batch): 0.11206898093223572
Classification AUC (TEST): 0.7243
Test MSE: 0.0050
Poisson likelihood: 0.0
CE loss: 0.11912934482097626
NFE: 62.0000
Experiment 37486
Epoch 0060 [Test seq (cond on sampled tp)] | Loss 34.373371 | Likelihood -22.226126 | KL fp 3.5066 | FP STD 0.0285 | NFE 62.0000
KL coef: 0.39499393286246365
Train loss (one batch): 34.3038444519043
Train CE loss (one batch): 0.11241146922111511
Classification AUC (TEST): 0.7289
Test MSE: 0.0050
Poisson likelihood: 0.0
CE loss: 0.11860882490873337
NFE: 62.0000
Experiment 37486
Epoch 0061 [Test seq (cond on sampled tp)] | Loss 34.415668 | Likelihood -22.152151 | KL fp 3.5474 | FP STD 0.0278 | NFE 62.0000
KL coef: 0.401043993533839
Train loss (one batch): 34.33975601196289
Train CE loss (one batch): 0.11155940592288971
Classification AUC (TEST): 0.7226
Test MSE: 0.0050
Poisson likelihood: 0.0
CE loss: 0.11939556896686554
NFE: 62.0000
Experiment 37486
Epoch 0062 [Test seq (cond on sampled tp)] | Loss 34.342358 | Likelihood -22.160000 | KL fp 3.4530 | FP STD 0.0291 | NFE 62.0000
KL coef: 0.4070335535985006
Train loss (one batch): 34.104835510253906
Train CE loss (one batch): 0.11183927953243256
Classification AUC (TEST): 0.7286
Test MSE: 0.0050
Poisson likelihood: 0.0
CE loss: 0.1187654361128807
NFE: 62.0000
Experiment 37486
Epoch 0063 [Test seq (cond on sampled tp)] | Loss 34.390137 | Likelihood -22.144054 | KL fp 3.4625 | FP STD 0.0291 | NFE 62.0000
KL coef: 0.41296321806251557
Train loss (one batch): 34.062156677246094
Train CE loss (one batch): 0.11016127467155457
Classification AUC (TEST): 0.7268
Test MSE: 0.0050
Poisson likelihood: 0.0
CE loss: 0.1191532164812088
NFE: 62.0000
Experiment 37486
Epoch 0064 [Test seq (cond on sampled tp)] | Loss 34.301704 | Likelihood -22.074986 | KL fp 3.4652 | FP STD 0.0287 | NFE 62.0000
KL coef: 0.41883358588189046
Train loss (one batch): 34.12724304199219
Train CE loss (one batch): 0.11108674108982086
Classification AUC (TEST): 0.7299
Test MSE: 0.0050
Poisson likelihood: 0.0
CE loss: 0.11874406784772873
NFE: 62.0000
Experiment 37486
Epoch 0065 [Test seq (cond on sampled tp)] | Loss 34.305859 | Likelihood -22.022848 | KL fp 3.4927 | FP STD 0.0275 | NFE 62.0000
KL coef: 0.4246452500230715
Train loss (one batch): 34.457950592041016
Train CE loss (one batch): 0.11396586894989014
Classification AUC (TEST): 0.7263
Test MSE: 0.0050
Poisson likelihood: 0.0
CE loss: 0.11898591369390488
NFE: 62.0000
Experiment 37486
Epoch 0066 [Test seq (cond on sampled tp)] | Loss 34.277470 | Likelihood -22.008602 | KL fp 3.4968 | FP STD 0.0273 | NFE 62.0000
KL coef: 0.4303987975228408
Train loss (one batch): 34.196414947509766
Train CE loss (one batch): 0.1113281100988388
Classification AUC (TEST): 0.7305
Test MSE: 0.0050
Poisson likelihood: 0.0
CE loss: 0.11862547695636749
NFE: 62.0000
Experiment 37486
Epoch 0067 [Test seq (cond on sampled tp)] | Loss 34.140839 | Likelihood -21.902100 | KL fp 3.5243 | FP STD 0.0272 | NFE 62.0000
KL coef: 0.4360948095476125
Train loss (one batch): 33.97852325439453
Train CE loss (one batch): 0.11009006947278976
Classification AUC (TEST): 0.7353
Test MSE: 0.0049
Poisson likelihood: 0.0
CE loss: 0.11800792813301086
NFE: 62.0000
Experiment 37486
Epoch 0068 [Test seq (cond on sampled tp)] | Loss 34.195992 | Likelihood -21.880592 | KL fp 3.5060 | FP STD 0.0273 | NFE 62.0000
KL coef: 0.44173386145213633
Train loss (one batch): 34.10247039794922
Train CE loss (one batch): 0.11137788742780685
Classification AUC (TEST): 0.7292
Test MSE: 0.0049
Poisson likelihood: 0.0
CE loss: 0.11865349113941193
NFE: 62.0000
Experiment 37486
Epoch 0069 [Test seq (cond on sampled tp)] | Loss 34.120590 | Likelihood -21.804319 | KL fp 3.5026 | FP STD 0.0274 | NFE 62.0000
KL coef: 0.4473165228376149
Train loss (one batch): 34.10283279418945
Train CE loss (one batch): 0.11060314625501633
Classification AUC (TEST): 0.7330
Test MSE: 0.0049
Poisson likelihood: 0.0
CE loss: 0.11848240345716476
NFE: 62.0000
Experiment 37486
Epoch 0070 [Test seq (cond on sampled tp)] | Loss 34.138737 | Likelihood -21.784908 | KL fp 3.4849 | FP STD 0.0279 | NFE 62.0000
KL coef: 0.4528433576092388
Train loss (one batch): 34.15043258666992
Train CE loss (one batch): 0.11152803897857666
Classification AUC (TEST): 0.7309
Test MSE: 0.0049
Poisson likelihood: 0.0
CE loss: 0.11874591559171677
NFE: 62.0000
Experiment 37486
Epoch 0071 [Test seq (cond on sampled tp)] | Loss 34.079086 | Likelihood -21.757950 | KL fp 3.4549 | FP STD 0.0287 | NFE 62.0000
KL coef: 0.45831492403314644
Train loss (one batch): 34.209102630615234
Train CE loss (one batch): 0.11351257562637329
Classification AUC (TEST): 0.7341
Test MSE: 0.0049
Poisson likelihood: 0.0
CE loss: 0.11836772412061691
NFE: 62.0000
Experiment 37486
Epoch 0072 [Test seq (cond on sampled tp)] | Loss 34.014717 | Likelihood -21.683323 | KL fp 3.4712 | FP STD 0.0296 | NFE 62.0000
KL coef: 0.463731774792815
Train loss (one batch): 34.0373649597168
Train CE loss (one batch): 0.1153329536318779
Classification AUC (TEST): 0.7362
Test MSE: 0.0049
Poisson likelihood: 0.0
CE loss: 0.11820711940526962
NFE: 62.0000
Experiment 37486
Epoch 0073 [Test seq (cond on sampled tp)] | Loss 33.950462 | Likelihood -21.585793 | KL fp 3.4810 | FP STD 0.0285 | NFE 62.0000
KL coef: 0.46909445704488684
Train loss (one batch): 34.02861022949219
Train CE loss (one batch): 0.11453074216842651
Classification AUC (TEST): 0.7361
Test MSE: 0.0049
Poisson likelihood: 0.0
CE loss: 0.11831220984458923
NFE: 62.0000
Experiment 37486
Epoch 0074 [Test seq (cond on sampled tp)] | Loss 33.884689 | Likelihood -21.565998 | KL fp 3.4430 | FP STD 0.0290 | NFE 62.0000
KL coef: 0.474403512474438
Train loss (one batch): 34.22587966918945
Train CE loss (one batch): 0.11514264345169067
Classification AUC (TEST): 0.7395
Test MSE: 0.0049
Poisson likelihood: 0.0
CE loss: 0.11784619092941284
NFE: 62.0000
Experiment 37486
Epoch 0075 [Test seq (cond on sampled tp)] | Loss 33.747486 | Likelihood -21.457687 | KL fp 3.4412 | FP STD 0.0288 | NFE 62.0000
KL coef: 0.4796594773496936
Train loss (one batch): 34.21075439453125
Train CE loss (one batch): 0.11567951738834381
Classification AUC (TEST): 0.7438
Test MSE: 0.0048
Poisson likelihood: 0.0
CE loss: 0.11738314479589462
NFE: 62.0000
Experiment 37486
Epoch 0076 [Test seq (cond on sampled tp)] | Loss 33.700844 | Likelihood -21.369755 | KL fp 3.4124 | FP STD 0.0294 | NFE 62.0000
KL coef: 0.4848628825761967
Train loss (one batch): 34.34309768676758
Train CE loss (one batch): 0.1178523600101471
Classification AUC (TEST): 0.7381
Test MSE: 0.0048
Poisson likelihood: 0.0
CE loss: 0.11775253713130951
NFE: 62.0000
Experiment 37486
Epoch 0077 [Test seq (cond on sampled tp)] | Loss 33.634861 | Likelihood -21.272835 | KL fp 3.4421 | FP STD 0.0287 | NFE 62.0000
KL coef: 0.4900142537504347
Train loss (one batch): 33.91029357910156
Train CE loss (one batch): 0.11410485208034515
Classification AUC (TEST): 0.7401
Test MSE: 0.0048
Poisson likelihood: 0.0
CE loss: 0.11774125695228577
NFE: 62.0000
Experiment 37486
Epoch 0078 [Test seq (cond on sampled tp)] | Loss 33.609531 | Likelihood -21.232456 | KL fp 3.4639 | FP STD 0.0279 | NFE 62.0000
KL coef: 0.49511411121293036
Train loss (one batch): 34.116233825683594
Train CE loss (one batch): 0.11308520287275314
Classification AUC (TEST): 0.7425
Test MSE: 0.0048
Poisson likelihood: 0.0
CE loss: 0.1176072284579277
NFE: 62.0000
Experiment 37486
Epoch 0079 [Test seq (cond on sampled tp)] | Loss 33.366699 | Likelihood -21.051958 | KL fp 3.4324 | FP STD 0.0287 | NFE 62.0000
KL coef: 0.500162970100801
Train loss (one batch): 34.02902603149414
Train CE loss (one batch): 0.11518123745918274
Classification AUC (TEST): 0.7471
Test MSE: 0.0048
Poisson likelihood: 0.0
CE loss: 0.11696988344192505
NFE: 62.0000
Experiment 37486
Epoch 0080 [Test seq (cond on sampled tp)] | Loss 33.281136 | Likelihood -20.926243 | KL fp 3.4617 | FP STD 0.0286 | NFE 62.0000
KL coef: 0.505161340399793
Train loss (one batch): 33.68593215942383
Train CE loss (one batch): 0.11498745530843735
Classification AUC (TEST): 0.7469
Test MSE: 0.0047
Poisson likelihood: 0.0
CE loss: 0.11705100536346436
NFE: 62.0000
Experiment 37486
Epoch 0081 [Test seq (cond on sampled tp)] | Loss 33.261993 | Likelihood -20.956604 | KL fp 3.3780 | FP STD 0.0313 | NFE 62.0000
KL coef: 0.510109726995795
Train loss (one batch): 33.62152862548828
Train CE loss (one batch): 0.11543451994657516
Classification AUC (TEST): 0.7486
Test MSE: 0.0047
Poisson likelihood: 0.0
CE loss: 0.11681047081947327
NFE: 62.0000
Experiment 37486
Epoch 0082 [Test seq (cond on sampled tp)] | Loss 33.077507 | Likelihood -20.781017 | KL fp 3.3781 | FP STD 0.0313 | NFE 62.0000
KL coef: 0.5150086297258372
Train loss (one batch): 33.3944091796875
Train CE loss (one batch): 0.11545342206954956
Classification AUC (TEST): 0.7498
Test MSE: 0.0047
Poisson likelihood: 0.0
CE loss: 0.11655622720718384
NFE: 62.0000
Experiment 37486
Epoch 0083 [Test seq (cond on sampled tp)] | Loss 32.836716 | Likelihood -20.550049 | KL fp 3.3961 | FP STD 0.0306 | NFE 62.0000
KL coef: 0.5198585434285787
Train loss (one batch): 33.32853698730469
Train CE loss (one batch): 0.11519162356853485
Classification AUC (TEST): 0.7543
Test MSE: 0.0047
Poisson likelihood: 0.0
CE loss: 0.11619853973388672
NFE: 62.0000
Experiment 37486
Epoch 0084 [Test seq (cond on sampled tp)] | Loss 32.682667 | Likelihood -20.364645 | KL fp 3.4705 | FP STD 0.0289 | NFE 74.0000
KL coef: 0.524659957994293
Train loss (one batch): 33.79594039916992
Train CE loss (one batch): 0.11631035804748535
Classification AUC (TEST): 0.7563
Test MSE: 0.0046
Poisson likelihood: 0.0
CE loss: 0.11596588790416718
NFE: 74.0000
Experiment 37486
Epoch 0085 [Test seq (cond on sampled tp)] | Loss 32.424053 | Likelihood -20.231491 | KL fp 3.3899 | FP STD 0.0306 | NFE 62.0000
KL coef: 0.5294133584143501
Train loss (one batch): 33.20576858520508
Train CE loss (one batch): 0.11585007607936859
Classification AUC (TEST): 0.7629
Test MSE: 0.0046
Poisson likelihood: 0.0
CE loss: 0.11496730148792267
NFE: 62.0000
Experiment 37486
Epoch 0086 [Test seq (cond on sampled tp)] | Loss 32.344143 | Likelihood -20.067257 | KL fp 3.4180 | FP STD 0.0299 | NFE 74.0000
KL coef: 0.5341192248302067
Train loss (one batch): 33.38052749633789
Train CE loss (one batch): 0.1167869120836258
Classification AUC (TEST): 0.7600
Test MSE: 0.0046
Poisson likelihood: 0.0
CE loss: 0.11550315469503403
NFE: 74.0000
Experiment 37486
Epoch 0087 [Test seq (cond on sampled tp)] | Loss 33.000462 | Likelihood -20.474609 | KL fp 3.4268 | FP STD 0.0293 | NFE 74.0000
KL coef: 0.5387780325819045
Train loss (one batch): 33.71797180175781
Train CE loss (one batch): 0.1185133308172226
Classification AUC (TEST): 0.7485
Test MSE: 0.0046
Poisson likelihood: 0.0
CE loss: 0.11778189241886139
NFE: 74.0000
Experiment 37486
Epoch 0088 [Test seq (cond on sampled tp)] | Loss 32.363277 | Likelihood -20.144615 | KL fp 3.4490 | FP STD 0.0295 | NFE 74.0000
KL coef: 0.5433902522560855
Train loss (one batch): 32.64864730834961
Train CE loss (one batch): 0.11446152627468109
Classification AUC (TEST): 0.7662
Test MSE: 0.0046
Poisson likelihood: 0.0
CE loss: 0.1144322007894516
NFE: 74.0000
Experiment 37486
Epoch 0089 [Test seq (cond on sampled tp)] | Loss 31.986458 | Likelihood -19.934927 | KL fp 3.3114 | FP STD 0.0321 | NFE 74.0000
KL coef: 0.5479563497335247
Train loss (one batch): 33.16284942626953
Train CE loss (one batch): 0.11669115722179413
Classification AUC (TEST): 0.7724
Test MSE: 0.0045
Poisson likelihood: 0.0
CE loss: 0.11335831880569458
NFE: 74.0000
Experiment 37486
Epoch 0090 [Test seq (cond on sampled tp)] | Loss 31.858612 | Likelihood -19.718710 | KL fp 3.3257 | FP STD 0.0313 | NFE 74.0000
KL coef: 0.5524767862361895
Train loss (one batch): 33.15107345581055
Train CE loss (one batch): 0.11741190403699875
Classification AUC (TEST): 0.7685
Test MSE: 0.0045
Poisson likelihood: 0.0
CE loss: 0.11401528120040894
NFE: 74.0000
Experiment 37486
Epoch 0091 [Test seq (cond on sampled tp)] | Loss 34.095982 | Likelihood -21.332861 | KL fp 3.4146 | FP STD 0.0294 | NFE 74.0000
KL coef: 0.5569520183738275
Train loss (one batch): 34.627716064453125
Train CE loss (one batch): 0.11453795433044434
Classification AUC (TEST): 0.7286
Test MSE: 0.0048
Poisson likelihood: 0.0
CE loss: 0.11961278319358826
NFE: 74.0000
Experiment 37486
Epoch 0092 [Test seq (cond on sampled tp)] | Loss 32.247993 | Likelihood -19.992691 | KL fp 3.4136 | FP STD 0.0299 | NFE 74.0000
KL coef: 0.5613824981900892
Train loss (one batch): 32.63563919067383
Train CE loss (one batch): 0.11462875455617905
Classification AUC (TEST): 0.7674
Test MSE: 0.0045
Poisson likelihood: 0.0
CE loss: 0.11438091099262238
NFE: 74.0000
Experiment 37486
Epoch 0093 [Test seq (cond on sampled tp)] | Loss 33.380760 | Likelihood -21.005001 | KL fp 3.3175 | FP STD 0.0319 | NFE 74.0000
KL coef: 0.5657686732081884
Train loss (one batch): 32.68596649169922
Train CE loss (one batch): 0.11381645500659943
Classification AUC (TEST): 0.7622
Test MSE: 0.0048
Poisson likelihood: 0.0
CE loss: 0.1159784123301506
NFE: 74.0000
Experiment 37486
Epoch 0094 [Test seq (cond on sampled tp)] | Loss 32.683052 | Likelihood -20.343060 | KL fp 3.3321 | FP STD 0.0313 | NFE 74.0000
KL coef: 0.5701109864761065
Train loss (one batch): 32.539363861083984
Train CE loss (one batch): 0.11263781040906906
Classification AUC (TEST): 0.7646
Test MSE: 0.0046
Poisson likelihood: 0.0
CE loss: 0.11539434641599655
NFE: 74.0000
Experiment 37486
Epoch 0095 [Test seq (cond on sampled tp)] | Loss 31.760677 | Likelihood -19.612068 | KL fp 3.3359 | FP STD 0.0308 | NFE 74.0000
KL coef: 0.5744098766113455
Train loss (one batch): 32.70140838623047
Train CE loss (one batch): 0.11474022269248962
Classification AUC (TEST): 0.7723
Test MSE: 0.0045
Poisson likelihood: 0.0
CE loss: 0.11331477016210556
NFE: 74.0000
Experiment 37486
Epoch 0096 [Test seq (cond on sampled tp)] | Loss 31.734648 | Likelihood -19.546368 | KL fp 3.3644 | FP STD 0.0299 | NFE 74.0000
KL coef: 0.578665777845232
Train loss (one batch): 32.90556716918945
Train CE loss (one batch): 0.11538247764110565
Classification AUC (TEST): 0.7719
Test MSE: 0.0045
Poisson likelihood: 0.0
CE loss: 0.11340010166168213
NFE: 74.0000
Experiment 37486
Epoch 0097 [Test seq (cond on sampled tp)] | Loss 31.718000 | Likelihood -19.455980 | KL fp 3.3544 | FP STD 0.0300 | NFE 74.0000
KL coef: 0.5828791200667797
Train loss (one batch): 33.234432220458984
Train CE loss (one batch): 0.11678019165992737
Classification AUC (TEST): 0.7685
Test MSE: 0.0044
Poisson likelihood: 0.0
CE loss: 0.11405964195728302
NFE: 74.0000
Experiment 37486
Epoch 0098 [Test seq (cond on sampled tp)] | Loss 31.790382 | Likelihood -19.440971 | KL fp 3.3699 | FP STD 0.0295 | NFE 74.0000
KL coef: 0.5870503288661119
Train loss (one batch): 32.85651397705078
Train CE loss (one batch): 0.11459760367870331
Classification AUC (TEST): 0.7671
Test MSE: 0.0044
Poisson likelihood: 0.0
CE loss: 0.11470173299312592
NFE: 74.0000
Experiment 37486
Epoch 0099 [Test seq (cond on sampled tp)] | Loss 31.941288 | Likelihood -19.495991 | KL fp 3.3794 | FP STD 0.0292 | NFE 74.0000
KL coef: 0.5911798255774507
Train loss (one batch): 33.04103469848633
Train CE loss (one batch): 0.11644262075424194
Classification AUC (TEST): 0.7646
Test MSE: 0.0045
Poisson likelihood: 0.0
CE loss: 0.1154618114233017
NFE: 74.0000
Experiment 37486
Epoch 0100 [Test seq (cond on sampled tp)] | Loss 31.827269 | Likelihood -19.425713 | KL fp 3.3435 | FP STD 0.0296 | NFE 74.0000
KL coef: 0.5952680273216762
Train loss (one batch): 33.35826110839844
Train CE loss (one batch): 0.11725189536809921
Classification AUC (TEST): 0.7660
Test MSE: 0.0044
Poisson likelihood: 0.0
CE loss: 0.11510103195905685
NFE: 74.0000
