/home/soyoung/latent_ode2/run_models.py
run_models.py --niters 100 -n 8000 -l 20 --latent-ode --z0-encoder rnn --dataset physionet --rec-dims 40 --rec-layers 3 --gen-layers 3 --units 50 --gru-units 50 --quantization 0.016 --classif --reg_dopri 0 --reg_kinetic 0.045 --reg_l1 0 --reg_l2 0 --gpu 2
Experiment 85824
Epoch 0001 [Test seq (cond on sampled tp)] | Loss 58.872177 | Likelihood -46.693542 | KL fp 4.1808 | FP STD 0.0181 | NFE 14.0000
KL coef: 0.0
Train loss (one batch): 57.919593811035156
Train CE loss (one batch): 0.12982651591300964
Classification AUC (TEST): 0.5450
Test MSE: 0.0099
Poisson likelihood: 0.0
CE loss: 0.13278503715991974
NFE: 14.0000
Experiment 85824
Epoch 0002 [Test seq (cond on sampled tp)] | Loss 45.713520 | Likelihood -33.541302 | KL fp 4.6877 | FP STD 0.0107 | NFE 26.0000
KL coef: 0.0
Train loss (one batch): 45.599586486816406
Train CE loss (one batch): 0.12476657330989838
Classification AUC (TEST): 0.5213
Test MSE: 0.0073
Poisson likelihood: 0.0
CE loss: 0.13270846009254456
NFE: 26.0000
Experiment 85824
Epoch 0003 [Test seq (cond on sampled tp)] | Loss 42.643326 | Likelihood -30.413925 | KL fp 4.7289 | FP STD 0.0105 | NFE 26.0000
KL coef: 0.0
Train loss (one batch): 42.10356903076172
Train CE loss (one batch): 0.12742102146148682
Classification AUC (TEST): 0.5340
Test MSE: 0.0066
Poisson likelihood: 0.0
CE loss: 0.13328348100185394
NFE: 26.0000
Experiment 85824
Epoch 0004 [Test seq (cond on sampled tp)] | Loss 40.655907 | Likelihood -28.390049 | KL fp 4.8436 | FP STD 0.0091 | NFE 20.0000
KL coef: 0.0
Train loss (one batch): 39.66057586669922
Train CE loss (one batch): 0.12838178873062134
Classification AUC (TEST): 0.5597
Test MSE: 0.0062
Poisson likelihood: 0.0
CE loss: 0.13364854454994202
NFE: 20.0000
Experiment 85824
Epoch 0005 [Test seq (cond on sampled tp)] | Loss 38.727402 | Likelihood -26.658148 | KL fp 4.9460 | FP STD 0.0085 | NFE 20.0000
KL coef: 0.0
Train loss (one batch): 38.08134841918945
Train CE loss (one batch): 0.12889441847801208
Classification AUC (TEST): 0.6148
Test MSE: 0.0059
Poisson likelihood: 0.0
CE loss: 0.13168266415596008
NFE: 20.0000
Experiment 85824
Epoch 0006 [Test seq (cond on sampled tp)] | Loss 37.218475 | Likelihood -25.403692 | KL fp 4.9749 | FP STD 0.0079 | NFE 20.0000
KL coef: 0.0
Train loss (one batch): 36.79776382446289
Train CE loss (one batch): 0.1283409297466278
Classification AUC (TEST): 0.6357
Test MSE: 0.0056
Poisson likelihood: 0.0
CE loss: 0.12913736701011658
NFE: 20.0000
Experiment 85824
Epoch 0007 [Test seq (cond on sampled tp)] | Loss 36.685257 | Likelihood -24.847626 | KL fp 5.2014 | FP STD 0.0066 | NFE 20.0000
KL coef: 0.0
Train loss (one batch): 36.22496032714844
Train CE loss (one batch): 0.12901420891284943
Classification AUC (TEST): 0.6379
Test MSE: 0.0055
Poisson likelihood: 0.0
CE loss: 0.129362553358078
NFE: 20.0000
Experiment 85824
Epoch 0008 [Test seq (cond on sampled tp)] | Loss 36.408791 | Likelihood -24.563084 | KL fp 5.1528 | FP STD 0.0068 | NFE 32.0000
KL coef: 0.0
Train loss (one batch): 36.094478607177734
Train CE loss (one batch): 0.12995696067810059
Classification AUC (TEST): 0.6413
Test MSE: 0.0055
Poisson likelihood: 0.0
CE loss: 0.1294441819190979
NFE: 32.0000
Experiment 85824
Epoch 0009 [Test seq (cond on sampled tp)] | Loss 36.184483 | Likelihood -24.334000 | KL fp 4.9954 | FP STD 0.0079 | NFE 32.0000
KL coef: 0.0
Train loss (one batch): 35.78629684448242
Train CE loss (one batch): 0.12977826595306396
Classification AUC (TEST): 0.6432
Test MSE: 0.0054
Poisson likelihood: 0.0
CE loss: 0.1294909566640854
NFE: 32.0000
Experiment 85824
Epoch 0010 [Test seq (cond on sampled tp)] | Loss 36.027000 | Likelihood -24.181311 | KL fp 5.0160 | FP STD 0.0072 | NFE 32.0000
KL coef: 0.0
Train loss (one batch): 35.686744689941406
Train CE loss (one batch): 0.1304938793182373
Classification AUC (TEST): 0.6447
Test MSE: 0.0054
Poisson likelihood: 0.0
CE loss: 0.12944376468658447
NFE: 32.0000
Experiment 85824
Epoch 0011 [Test seq (cond on sampled tp)] | Loss 35.919140 | Likelihood -24.049032 | KL fp 5.2080 | FP STD 0.0062 | NFE 44.0000
KL coef: 0.010000000000000009
Train loss (one batch): 35.51527786254883
Train CE loss (one batch): 0.130350723862648
Classification AUC (TEST): 0.6498
Test MSE: 0.0054
Poisson likelihood: 0.0
CE loss: 0.12916642427444458
NFE: 44.0000
Experiment 85824
Epoch 0012 [Test seq (cond on sampled tp)] | Loss 36.224655 | Likelihood -24.345886 | KL fp 4.3029 | FP STD 0.0163 | NFE 44.0000
KL coef: 0.01990000000000003
Train loss (one batch): 36.0929069519043
Train CE loss (one batch): 0.1299421489238739
Classification AUC (TEST): 0.6527
Test MSE: 0.0054
Poisson likelihood: 0.0
CE loss: 0.12891870737075806
NFE: 44.0000
Experiment 85824
Epoch 0013 [Test seq (cond on sampled tp)] | Loss 36.473804 | Likelihood -24.515156 | KL fp 4.3913 | FP STD 0.0188 | NFE 44.0000
KL coef: 0.029700999999999977
Train loss (one batch): 36.28315353393555
Train CE loss (one batch): 0.1313534379005432
Classification AUC (TEST): 0.6546
Test MSE: 0.0055
Poisson likelihood: 0.0
CE loss: 0.12927013635635376
NFE: 44.0000
Experiment 85824
Epoch 0014 [Test seq (cond on sampled tp)] | Loss 35.827236 | Likelihood -23.853514 | KL fp 4.5656 | FP STD 0.0112 | NFE 50.0000
KL coef: 0.039403990000000055
Train loss (one batch): 35.57754135131836
Train CE loss (one batch): 0.13055312633514404
Classification AUC (TEST): 0.6586
Test MSE: 0.0053
Poisson likelihood: 0.0
CE loss: 0.12892469763755798
NFE: 50.0000
Experiment 85824
Epoch 0015 [Test seq (cond on sampled tp)] | Loss 36.044945 | Likelihood -24.076574 | KL fp 4.4271 | FP STD 0.0168 | NFE 50.0000
KL coef: 0.04900995010000009
Train loss (one batch): 35.80964660644531
Train CE loss (one batch): 0.12880665063858032
Classification AUC (TEST): 0.6626
Test MSE: 0.0054
Poisson likelihood: 0.0
CE loss: 0.12850172817707062
NFE: 50.0000
Experiment 85824
Epoch 0016 [Test seq (cond on sampled tp)] | Loss 35.996319 | Likelihood -24.098022 | KL fp 4.1360 | FP STD 0.0191 | NFE 50.0000
KL coef: 0.058519850599
Train loss (one batch): 35.73212814331055
Train CE loss (one batch): 0.12850038707256317
Classification AUC (TEST): 0.6672
Test MSE: 0.0054
Poisson likelihood: 0.0
CE loss: 0.12754984200000763
NFE: 50.0000
Experiment 85824
Epoch 0017 [Test seq (cond on sampled tp)] | Loss 35.719856 | Likelihood -23.810089 | KL fp 4.4451 | FP STD 0.0142 | NFE 50.0000
KL coef: 0.06793465209301008
Train loss (one batch): 35.3385009765625
Train CE loss (one batch): 0.1273941993713379
Classification AUC (TEST): 0.6715
Test MSE: 0.0053
Poisson likelihood: 0.0
CE loss: 0.12706619501113892
NFE: 50.0000
Experiment 85824
Epoch 0018 [Test seq (cond on sampled tp)] | Loss 35.555527 | Likelihood -23.655432 | KL fp 4.7221 | FP STD 0.0100 | NFE 50.0000
KL coef: 0.07725530557207994
Train loss (one batch): 35.31401062011719
Train CE loss (one batch): 0.12733960151672363
Classification AUC (TEST): 0.6753
Test MSE: 0.0053
Poisson likelihood: 0.0
CE loss: 0.12634092569351196
NFE: 50.0000
Experiment 85824
Epoch 0019 [Test seq (cond on sampled tp)] | Loss 35.532490 | Likelihood -23.681326 | KL fp 4.3787 | FP STD 0.0133 | NFE 56.0000
KL coef: 0.08648275251635917
Train loss (one batch): 35.322879791259766
Train CE loss (one batch): 0.1265302151441574
Classification AUC (TEST): 0.6827
Test MSE: 0.0053
Poisson likelihood: 0.0
CE loss: 0.1257142722606659
NFE: 56.0000
Experiment 85824
Epoch 0020 [Test seq (cond on sampled tp)] | Loss 35.821987 | Likelihood -23.985344 | KL fp 4.1505 | FP STD 0.0183 | NFE 56.0000
KL coef: 0.09561792499119559
Train loss (one batch): 35.69047164916992
Train CE loss (one batch): 0.1267135888338089
Classification AUC (TEST): 0.6861
Test MSE: 0.0053
Poisson likelihood: 0.0
CE loss: 0.12539738416671753
NFE: 56.0000
Experiment 85824
Epoch 0021 [Test seq (cond on sampled tp)] | Loss 35.542488 | Likelihood -23.729843 | KL fp 4.1471 | FP STD 0.0160 | NFE 56.0000
KL coef: 0.10466174574128362
Train loss (one batch): 35.389190673828125
Train CE loss (one batch): 0.12541982531547546
Classification AUC (TEST): 0.6896
Test MSE: 0.0053
Poisson likelihood: 0.0
CE loss: 0.12477560341358185
NFE: 56.0000
Experiment 85824
Epoch 0022 [Test seq (cond on sampled tp)] | Loss 35.535339 | Likelihood -23.660164 | KL fp 4.3271 | FP STD 0.0144 | NFE 56.0000
KL coef: 0.11361512828387077
Train loss (one batch): 35.34666061401367
Train CE loss (one batch): 0.12477205693721771
Classification AUC (TEST): 0.6879
Test MSE: 0.0053
Poisson likelihood: 0.0
CE loss: 0.12483280152082443
NFE: 56.0000
Experiment 85824
Epoch 0023 [Test seq (cond on sampled tp)] | Loss 35.556805 | Likelihood -23.723251 | KL fp 4.2426 | FP STD 0.0160 | NFE 56.0000
KL coef: 0.12247897700103216
Train loss (one batch): 35.58056640625
Train CE loss (one batch): 0.12451466172933578
Classification AUC (TEST): 0.6946
Test MSE: 0.0053
Poisson likelihood: 0.0
CE loss: 0.12412755191326141
NFE: 56.0000
Experiment 85824
Epoch 0024 [Test seq (cond on sampled tp)] | Loss 35.442211 | Likelihood -23.615921 | KL fp 4.2711 | FP STD 0.0143 | NFE 56.0000
KL coef: 0.13125418723102178
Train loss (one batch): 35.35552215576172
Train CE loss (one batch): 0.12399577349424362
Classification AUC (TEST): 0.6961
Test MSE: 0.0053
Poisson likelihood: 0.0
CE loss: 0.12365323305130005
NFE: 56.0000
Experiment 85824
Epoch 0025 [Test seq (cond on sampled tp)] | Loss 35.312859 | Likelihood -23.470488 | KL fp 4.2959 | FP STD 0.0133 | NFE 56.0000
KL coef: 0.13994164535871156
Train loss (one batch): 35.131690979003906
Train CE loss (one batch): 0.12256088852882385
Classification AUC (TEST): 0.6974
Test MSE: 0.0052
Poisson likelihood: 0.0
CE loss: 0.12339837849140167
NFE: 56.0000
Experiment 85824
Epoch 0026 [Test seq (cond on sampled tp)] | Loss 35.271446 | Likelihood -23.470146 | KL fp 4.1997 | FP STD 0.0144 | NFE 56.0000
KL coef: 0.14854222890512447
Train loss (one batch): 35.23647689819336
Train CE loss (one batch): 0.12263831496238708
Classification AUC (TEST): 0.7026
Test MSE: 0.0052
Poisson likelihood: 0.0
CE loss: 0.12276294827461243
NFE: 56.0000
Experiment 85824
Epoch 0027 [Test seq (cond on sampled tp)] | Loss 35.115356 | Likelihood -23.296387 | KL fp 4.2844 | FP STD 0.0132 | NFE 56.0000
KL coef: 0.15705680661607324
Train loss (one batch): 35.00950241088867
Train CE loss (one batch): 0.12021826952695847
Classification AUC (TEST): 0.7044
Test MSE: 0.0052
Poisson likelihood: 0.0
CE loss: 0.12244732677936554
NFE: 56.0000
Experiment 85824
Epoch 0028 [Test seq (cond on sampled tp)] | Loss 35.058155 | Likelihood -23.276815 | KL fp 4.0651 | FP STD 0.0170 | NFE 56.0000
KL coef: 0.1654862385499125
Train loss (one batch): 34.791297912597656
Train CE loss (one batch): 0.11985641717910767
Classification AUC (TEST): 0.7101
Test MSE: 0.0052
Poisson likelihood: 0.0
CE loss: 0.12208007276058197
NFE: 56.0000
Experiment 85824
Epoch 0029 [Test seq (cond on sampled tp)] | Loss 34.576195 | Likelihood -22.834293 | KL fp 4.1035 | FP STD 0.0160 | NFE 56.0000
KL coef: 0.17383137616441335
Train loss (one batch): 34.47060775756836
Train CE loss (one batch): 0.11955748498439789
Classification AUC (TEST): 0.7154
Test MSE: 0.0051
Poisson likelihood: 0.0
CE loss: 0.1212758868932724
NFE: 56.0000
Experiment 85824
Epoch 0030 [Test seq (cond on sampled tp)] | Loss 34.257751 | Likelihood -22.559240 | KL fp 4.1245 | FP STD 0.0166 | NFE 62.0000
KL coef: 0.18209306240276923
Train loss (one batch): 34.34722137451172
Train CE loss (one batch): 0.11869955062866211
Classification AUC (TEST): 0.7204
Test MSE: 0.0051
Poisson likelihood: 0.0
CE loss: 0.12046527117490768
NFE: 62.0000
Experiment 85824
Epoch 0031 [Test seq (cond on sampled tp)] | Loss 34.047585 | Likelihood -22.567669 | KL fp 3.7437 | FP STD 0.0244 | NFE 62.0000
KL coef: 0.19027213177874158
Train loss (one batch): 33.6479377746582
Train CE loss (one batch): 0.11515819281339645
Classification AUC (TEST): 0.7338
Test MSE: 0.0051
Poisson likelihood: 0.0
CE loss: 0.1186705231666565
NFE: 62.0000
Experiment 85824
Epoch 0032 [Test seq (cond on sampled tp)] | Loss 33.653011 | Likelihood -22.104149 | KL fp 3.9193 | FP STD 0.0203 | NFE 62.0000
KL coef: 0.19836941046095413
Train loss (one batch): 33.782752990722656
Train CE loss (one batch): 0.11672937870025635
Classification AUC (TEST): 0.7304
Test MSE: 0.0050
Poisson likelihood: 0.0
CE loss: 0.11870243400335312
NFE: 62.0000
Experiment 85824
Epoch 0033 [Test seq (cond on sampled tp)] | Loss 33.370331 | Likelihood -21.826294 | KL fp 4.0228 | FP STD 0.0186 | NFE 62.0000
KL coef: 0.20638571635634462
Train loss (one batch): 33.55906677246094
Train CE loss (one batch): 0.11648931354284286
Classification AUC (TEST): 0.7351
Test MSE: 0.0049
Poisson likelihood: 0.0
CE loss: 0.1181243509054184
NFE: 62.0000
Experiment 85824
Epoch 0034 [Test seq (cond on sampled tp)] | Loss 33.010216 | Likelihood -21.502415 | KL fp 3.9878 | FP STD 0.0188 | NFE 62.0000
KL coef: 0.21432185919278124
Train loss (one batch): 33.24872589111328
Train CE loss (one batch): 0.1158459410071373
Classification AUC (TEST): 0.7384
Test MSE: 0.0049
Poisson likelihood: 0.0
CE loss: 0.11751760542392731
NFE: 62.0000
Experiment 85824
Epoch 0035 [Test seq (cond on sampled tp)] | Loss 32.573769 | Likelihood -21.172430 | KL fp 3.9683 | FP STD 0.0203 | NFE 62.0000
KL coef: 0.22217864060085335
Train loss (one batch): 33.08710479736328
Train CE loss (one batch): 0.1173490583896637
Classification AUC (TEST): 0.7489
Test MSE: 0.0048
Poisson likelihood: 0.0
CE loss: 0.11619501560926437
NFE: 62.0000
Experiment 85824
Epoch 0036 [Test seq (cond on sampled tp)] | Loss 32.183914 | Likelihood -20.781218 | KL fp 3.9258 | FP STD 0.0200 | NFE 62.0000
KL coef: 0.2299568541948449
Train loss (one batch): 32.7880744934082
Train CE loss (one batch): 0.11711485683917999
Classification AUC (TEST): 0.7479
Test MSE: 0.0047
Poisson likelihood: 0.0
CE loss: 0.11598812788724899
NFE: 62.0000
Experiment 85824
Epoch 0037 [Test seq (cond on sampled tp)] | Loss 31.986473 | Likelihood -20.715469 | KL fp 4.0094 | FP STD 0.0188 | NFE 62.0000
KL coef: 0.23765728565289646
Train loss (one batch): 32.53855514526367
Train CE loss (one batch): 0.11538206785917282
Classification AUC (TEST): 0.7636
Test MSE: 0.0047
Poisson likelihood: 0.0
CE loss: 0.11417340487241745
NFE: 62.0000
Experiment 85824
Epoch 0038 [Test seq (cond on sampled tp)] | Loss 31.694323 | Likelihood -20.536489 | KL fp 3.8632 | FP STD 0.0202 | NFE 62.0000
KL coef: 0.24528071279636743
Train loss (one batch): 32.04465103149414
Train CE loss (one batch): 0.11455149948596954
Classification AUC (TEST): 0.7708
Test MSE: 0.0047
Poisson likelihood: 0.0
CE loss: 0.11308923363685608
NFE: 62.0000
Experiment 85824
Epoch 0039 [Test seq (cond on sampled tp)] | Loss 31.773972 | Likelihood -20.675343 | KL fp 3.9332 | FP STD 0.0195 | NFE 62.0000
KL coef: 0.25282790566840385
Train loss (one batch): 32.11254119873047
Train CE loss (one batch): 0.11343516409397125
Classification AUC (TEST): 0.7781
Test MSE: 0.0047
Poisson likelihood: 0.0
CE loss: 0.11203122138977051
NFE: 62.0000
Experiment 85824
Epoch 0040 [Test seq (cond on sampled tp)] | Loss 32.391525 | Likelihood -21.217588 | KL fp 3.8057 | FP STD 0.0210 | NFE 62.0000
KL coef: 0.2602996266117198
Train loss (one batch): 31.716148376464844
Train CE loss (one batch): 0.11115030944347382
Classification AUC (TEST): 0.7742
Test MSE: 0.0048
Poisson likelihood: 0.0
CE loss: 0.11282466351985931
NFE: 62.0000
Experiment 85824
Epoch 0041 [Test seq (cond on sampled tp)] | Loss 31.372532 | Likelihood -19.893333 | KL fp 3.9042 | FP STD 0.0188 | NFE 62.0000
KL coef: 0.26769663034560254
Train loss (one batch): 32.30491256713867
Train CE loss (one batch): 0.11543817818164825
Classification AUC (TEST): 0.7557
Test MSE: 0.0045
Poisson likelihood: 0.0
CE loss: 0.11533405631780624
NFE: 62.0000
Experiment 85824
Epoch 0042 [Test seq (cond on sampled tp)] | Loss 31.592873 | Likelihood -20.472378 | KL fp 3.9694 | FP STD 0.0179 | NFE 62.0000
KL coef: 0.2750196640421466
Train loss (one batch): 31.485536575317383
Train CE loss (one batch): 0.11057321727275848
Classification AUC (TEST): 0.7812
Test MSE: 0.0046
Poisson likelihood: 0.0
CE loss: 0.11127617955207825
NFE: 62.0000
Experiment 85824
Epoch 0043 [Test seq (cond on sampled tp)] | Loss 31.284775 | Likelihood -20.202822 | KL fp 3.9442 | FP STD 0.0182 | NFE 62.0000
KL coef: 0.2822694674017251
Train loss (one batch): 31.38187599182129
Train CE loss (one batch): 0.10973185300827026
Classification AUC (TEST): 0.7843
Test MSE: 0.0046
Poisson likelihood: 0.0
CE loss: 0.11067713797092438
NFE: 62.0000
Experiment 85824
Epoch 0044 [Test seq (cond on sampled tp)] | Loss 30.831772 | Likelihood -19.624809 | KL fp 3.8437 | FP STD 0.0201 | NFE 62.0000
KL coef: 0.2894467727277079
Train loss (one batch): 32.1090202331543
Train CE loss (one batch): 0.11294502019882202
Classification AUC (TEST): 0.7768
Test MSE: 0.0045
Poisson likelihood: 0.0
CE loss: 0.11193817853927612
NFE: 62.0000
Experiment 85824
Epoch 0045 [Test seq (cond on sampled tp)] | Loss 32.945744 | Likelihood -21.611210 | KL fp 3.9172 | FP STD 0.0186 | NFE 62.0000
KL coef: 0.29655230500043084
Train loss (one batch): 30.85698127746582
Train CE loss (one batch): 0.1052742525935173
Classification AUC (TEST): 0.7781
Test MSE: 0.0049
Poisson likelihood: 0.0
CE loss: 0.1127198338508606
NFE: 62.0000
Experiment 85824
Epoch 0046 [Test seq (cond on sampled tp)] | Loss 30.607044 | Likelihood -19.436413 | KL fp 3.9385 | FP STD 0.0176 | NFE 62.0000
KL coef: 0.30358678195042654
Train loss (one batch): 31.716327667236328
Train CE loss (one batch): 0.11081626266241074
Classification AUC (TEST): 0.7840
Test MSE: 0.0044
Poisson likelihood: 0.0
CE loss: 0.11073752492666245
NFE: 62.0000
Experiment 85824
Epoch 0047 [Test seq (cond on sampled tp)] | Loss 31.098213 | Likelihood -19.552448 | KL fp 3.9127 | FP STD 0.0188 | NFE 62.0000
KL coef: 0.3105509141309223
Train loss (one batch): 31.915363311767578
Train CE loss (one batch): 0.11135359853506088
Classification AUC (TEST): 0.7629
Test MSE: 0.0045
Poisson likelihood: 0.0
CE loss: 0.11429443955421448
NFE: 62.0000
Experiment 85824
Epoch 0048 [Test seq (cond on sampled tp)] | Loss 30.631750 | Likelihood -19.448883 | KL fp 3.9408 | FP STD 0.0183 | NFE 62.0000
KL coef: 0.31744540498961304
Train loss (one batch): 31.557525634765625
Train CE loss (one batch): 0.1095183938741684
Classification AUC (TEST): 0.7867
Test MSE: 0.0044
Poisson likelihood: 0.0
CE loss: 0.11030568927526474
NFE: 62.0000
Experiment 85824
Epoch 0049 [Test seq (cond on sampled tp)] | Loss 37.057968 | Likelihood -24.397606 | KL fp 3.9038 | FP STD 0.0189 | NFE 56.0000
KL coef: 0.3242709509397169
Train loss (one batch): 34.32217025756836
Train CE loss (one batch): 0.11747940629720688
Classification AUC (TEST): 0.7320
Test MSE: 0.0054
Poisson likelihood: 0.0
CE loss: 0.12493275105953217
NFE: 56.0000
Experiment 85824
Epoch 0050 [Test seq (cond on sampled tp)] | Loss 34.262711 | Likelihood -22.097288 | KL fp 3.8315 | FP STD 0.0208 | NFE 56.0000
KL coef: 0.3310282414303197
Train loss (one batch): 34.9726676940918
Train CE loss (one batch): 0.11367444694042206
Classification AUC (TEST): 0.7167
Test MSE: 0.0050
Poisson likelihood: 0.0
CE loss: 0.11995761841535568
NFE: 56.0000
Experiment 85824
Epoch 0051 [Test seq (cond on sampled tp)] | Loss 34.138351 | Likelihood -21.968361 | KL fp 3.8404 | FP STD 0.0204 | NFE 56.0000
KL coef: 0.33771795901601653
Train loss (one batch): 34.47553253173828
Train CE loss (one batch): 0.11153428256511688
Classification AUC (TEST): 0.7191
Test MSE: 0.0049
Poisson likelihood: 0.0
CE loss: 0.11971630901098251
NFE: 56.0000
Experiment 85824
Epoch 0052 [Test seq (cond on sampled tp)] | Loss 34.039997 | Likelihood -21.848951 | KL fp 3.8720 | FP STD 0.0201 | NFE 62.0000
KL coef: 0.3443407794258564
Train loss (one batch): 34.331336975097656
Train CE loss (one batch): 0.11165552586317062
Classification AUC (TEST): 0.7196
Test MSE: 0.0049
Poisson likelihood: 0.0
CE loss: 0.11957081407308578
NFE: 62.0000
Experiment 85824
Epoch 0053 [Test seq (cond on sampled tp)] | Loss 33.995258 | Likelihood -21.797283 | KL fp 3.8507 | FP STD 0.0200 | NFE 62.0000
KL coef: 0.35089737163159784
Train loss (one batch): 34.44611740112305
Train CE loss (one batch): 0.11284618824720383
Classification AUC (TEST): 0.7214
Test MSE: 0.0049
Poisson likelihood: 0.0
CE loss: 0.11945857107639313
NFE: 62.0000
Experiment 85824
Epoch 0054 [Test seq (cond on sampled tp)] | Loss 33.920406 | Likelihood -21.742392 | KL fp 3.8281 | FP STD 0.0199 | NFE 62.0000
KL coef: 0.3573883979152819
Train loss (one batch): 34.34062194824219
Train CE loss (one batch): 0.11242350935935974
Classification AUC (TEST): 0.7258
Test MSE: 0.0049
Poisson likelihood: 0.0
CE loss: 0.11908866465091705
NFE: 62.0000
Experiment 85824
Epoch 0055 [Test seq (cond on sampled tp)] | Loss 33.875557 | Likelihood -21.667950 | KL fp 3.8483 | FP STD 0.0193 | NFE 62.0000
KL coef: 0.36381451393612907
Train loss (one batch): 34.002647399902344
Train CE loss (one batch): 0.1105964407324791
Classification AUC (TEST): 0.7260
Test MSE: 0.0049
Poisson likelihood: 0.0
CE loss: 0.11906447261571884
NFE: 62.0000
Experiment 85824
Epoch 0056 [Test seq (cond on sampled tp)] | Loss 33.788025 | Likelihood -21.565109 | KL fp 3.8067 | FP STD 0.0196 | NFE 62.0000
KL coef: 0.37017636879676774
Train loss (one batch): 34.00764846801758
Train CE loss (one batch): 0.11148373782634735
Classification AUC (TEST): 0.7264
Test MSE: 0.0049
Poisson likelihood: 0.0
CE loss: 0.11912570893764496
NFE: 62.0000
Experiment 85824
Epoch 0057 [Test seq (cond on sampled tp)] | Loss 32.901047 | Likelihood -20.863087 | KL fp 3.8466 | FP STD 0.0191 | NFE 62.0000
KL coef: 0.37647460510880004
Train loss (one batch): 33.251304626464844
Train CE loss (one batch): 0.11188547313213348
Classification AUC (TEST): 0.7455
Test MSE: 0.0047
Poisson likelihood: 0.0
CE loss: 0.11688529700040817
NFE: 62.0000
Experiment 85824
Epoch 0058 [Test seq (cond on sampled tp)] | Loss 31.228714 | Likelihood -19.768717 | KL fp 3.8277 | FP STD 0.0192 | NFE 62.0000
KL coef: 0.38270985905771204
Train loss (one batch): 31.903369903564453
Train CE loss (one batch): 0.11201433837413788
Classification AUC (TEST): 0.7861
Test MSE: 0.0045
Poisson likelihood: 0.0
CE loss: 0.11093832552433014
NFE: 62.0000
Experiment 85824
Epoch 0059 [Test seq (cond on sampled tp)] | Loss 30.925716 | Likelihood -19.502277 | KL fp 3.9155 | FP STD 0.0184 | NFE 62.0000
KL coef: 0.388882760467135
Train loss (one batch): 31.57710075378418
Train CE loss (one batch): 0.10997935384511948
Classification AUC (TEST): 0.7888
Test MSE: 0.0045
Poisson likelihood: 0.0
CE loss: 0.10999473184347153
NFE: 62.0000
Experiment 85824
Epoch 0060 [Test seq (cond on sampled tp)] | Loss 31.242134 | Likelihood -19.872154 | KL fp 3.9465 | FP STD 0.0182 | NFE 62.0000
KL coef: 0.39499393286246365
Train loss (one batch): 31.4664306640625
Train CE loss (one batch): 0.10869768261909485
Classification AUC (TEST): 0.7956
Test MSE: 0.0045
Poisson likelihood: 0.0
CE loss: 0.10909782350063324
NFE: 62.0000
Experiment 85824
Epoch 0061 [Test seq (cond on sampled tp)] | Loss 30.897713 | Likelihood -19.487007 | KL fp 3.8613 | FP STD 0.0190 | NFE 62.0000
KL coef: 0.401043993533839
Train loss (one batch): 31.839086532592773
Train CE loss (one batch): 0.10937169194221497
Classification AUC (TEST): 0.7906
Test MSE: 0.0044
Poisson likelihood: 0.0
CE loss: 0.10961081832647324
NFE: 62.0000
Experiment 85824
Epoch 0062 [Test seq (cond on sampled tp)] | Loss 31.076820 | Likelihood -19.676367 | KL fp 3.7839 | FP STD 0.0200 | NFE 62.0000
KL coef: 0.4070335535985006
Train loss (one batch): 31.41727066040039
Train CE loss (one batch): 0.10915039479732513
Classification AUC (TEST): 0.7925
Test MSE: 0.0045
Poisson likelihood: 0.0
CE loss: 0.10959205031394958
NFE: 62.0000
Experiment 85824
Epoch 0063 [Test seq (cond on sampled tp)] | Loss 31.082062 | Likelihood -19.682995 | KL fp 3.7370 | FP STD 0.0204 | NFE 62.0000
KL coef: 0.41296321806251557
Train loss (one batch): 31.451005935668945
Train CE loss (one batch): 0.10796689242124557
Classification AUC (TEST): 0.7912
Test MSE: 0.0045
Poisson likelihood: 0.0
CE loss: 0.10954444855451584
NFE: 62.0000
Experiment 85824
Epoch 0064 [Test seq (cond on sampled tp)] | Loss 30.895622 | Likelihood -19.468334 | KL fp 3.7690 | FP STD 0.0200 | NFE 62.0000
KL coef: 0.41883358588189046
Train loss (one batch): 31.56969451904297
Train CE loss (one batch): 0.10820665210485458
Classification AUC (TEST): 0.7911
Test MSE: 0.0044
Poisson likelihood: 0.0
CE loss: 0.10947742313146591
NFE: 62.0000
Experiment 85824
Epoch 0065 [Test seq (cond on sampled tp)] | Loss 31.239811 | Likelihood -19.572544 | KL fp 3.8215 | FP STD 0.0197 | NFE 56.0000
KL coef: 0.4246452500230715
Train loss (one batch): 31.752243041992188
Train CE loss (one batch): 0.10947804898023605
Classification AUC (TEST): 0.7817
Test MSE: 0.0045
Poisson likelihood: 0.0
CE loss: 0.11143156886100769
NFE: 56.0000
Experiment 85824
Epoch 0066 [Test seq (cond on sampled tp)] | Loss 30.960398 | Likelihood -19.510656 | KL fp 3.7675 | FP STD 0.0202 | NFE 62.0000
KL coef: 0.4303987975228408
Train loss (one batch): 31.607999801635742
Train CE loss (one batch): 0.1077839732170105
Classification AUC (TEST): 0.7923
Test MSE: 0.0045
Poisson likelihood: 0.0
CE loss: 0.10927101224660873
NFE: 62.0000
Experiment 85824
Epoch 0067 [Test seq (cond on sampled tp)] | Loss 31.087067 | Likelihood -19.673824 | KL fp 3.7287 | FP STD 0.0210 | NFE 62.0000
KL coef: 0.4360948095476125
Train loss (one batch): 31.434097290039062
Train CE loss (one batch): 0.10593604296445847
Classification AUC (TEST): 0.7955
Test MSE: 0.0045
Poisson likelihood: 0.0
CE loss: 0.10886230319738388
NFE: 62.0000
Experiment 85824
Epoch 0068 [Test seq (cond on sampled tp)] | Loss 31.455910 | Likelihood -19.963814 | KL fp 3.6968 | FP STD 0.0219 | NFE 62.0000
KL coef: 0.44173386145213633
Train loss (one batch): 31.48509979248047
Train CE loss (one batch): 0.10711192339658737
Classification AUC (TEST): 0.7923
Test MSE: 0.0045
Poisson likelihood: 0.0
CE loss: 0.10957799851894379
NFE: 62.0000
Experiment 85824
Epoch 0069 [Test seq (cond on sampled tp)] | Loss 31.173199 | Likelihood -19.698744 | KL fp 3.7013 | FP STD 0.0216 | NFE 62.0000
KL coef: 0.4473165228376149
Train loss (one batch): 31.454790115356445
Train CE loss (one batch): 0.10671651363372803
Classification AUC (TEST): 0.7933
Test MSE: 0.0045
Poisson likelihood: 0.0
CE loss: 0.1091754361987114
NFE: 62.0000
Experiment 85824
Epoch 0070 [Test seq (cond on sampled tp)] | Loss 31.314308 | Likelihood -19.807211 | KL fp 3.6749 | FP STD 0.0215 | NFE 62.0000
KL coef: 0.4528433576092388
Train loss (one batch): 31.425905227661133
Train CE loss (one batch): 0.10569015145301819
Classification AUC (TEST): 0.7924
Test MSE: 0.0045
Poisson likelihood: 0.0
CE loss: 0.10942106693983078
NFE: 62.0000
Experiment 85824
Epoch 0071 [Test seq (cond on sampled tp)] | Loss 31.449173 | Likelihood -19.983070 | KL fp 3.6485 | FP STD 0.0217 | NFE 62.0000
KL coef: 0.45831492403314644
Train loss (one batch): 31.41288185119629
Train CE loss (one batch): 0.10522007942199707
Classification AUC (TEST): 0.7931
Test MSE: 0.0045
Poisson likelihood: 0.0
CE loss: 0.10892664641141891
NFE: 62.0000
Experiment 85824
Epoch 0072 [Test seq (cond on sampled tp)] | Loss 31.254639 | Likelihood -19.755947 | KL fp 3.6519 | FP STD 0.0217 | NFE 62.0000
KL coef: 0.463731774792815
Train loss (one batch): 31.385326385498047
Train CE loss (one batch): 0.10690034925937653
Classification AUC (TEST): 0.7955
Test MSE: 0.0045
Poisson likelihood: 0.0
CE loss: 0.10903825610876083
NFE: 62.0000
Experiment 85824
Epoch 0073 [Test seq (cond on sampled tp)] | Loss 30.886757 | Likelihood -19.183218 | KL fp 3.7127 | FP STD 0.0207 | NFE 56.0000
KL coef: 0.46909445704488684
Train loss (one batch): 31.822917938232422
Train CE loss (one batch): 0.10840047895908356
Classification AUC (TEST): 0.7842
Test MSE: 0.0044
Poisson likelihood: 0.0
CE loss: 0.1106056421995163
NFE: 56.0000
Experiment 85824
Epoch 0074 [Test seq (cond on sampled tp)] | Loss 31.254402 | Likelihood -19.686974 | KL fp 3.7162 | FP STD 0.0204 | NFE 62.0000
KL coef: 0.474403512474438
Train loss (one batch): 31.407073974609375
Train CE loss (one batch): 0.10551690310239792
Classification AUC (TEST): 0.7947
Test MSE: 0.0045
Poisson likelihood: 0.0
CE loss: 0.10903261601924896
NFE: 62.0000
Experiment 85824
Epoch 0075 [Test seq (cond on sampled tp)] | Loss 31.067997 | Likelihood -19.511330 | KL fp 3.6470 | FP STD 0.0216 | NFE 62.0000
KL coef: 0.4796594773496936
Train loss (one batch): 31.590660095214844
Train CE loss (one batch): 0.10705508291721344
Classification AUC (TEST): 0.7940
Test MSE: 0.0045
Poisson likelihood: 0.0
CE loss: 0.10907019674777985
NFE: 62.0000
Experiment 85824
Epoch 0076 [Test seq (cond on sampled tp)] | Loss 36.199501 | Likelihood -23.174713 | KL fp 3.5849 | FP STD 0.0245 | NFE 62.0000
KL coef: 0.4848628825761967
Train loss (one batch): 36.36901092529297
Train CE loss (one batch): 0.12588176131248474
Classification AUC (TEST): 0.6913
Test MSE: 0.0052
Poisson likelihood: 0.0
CE loss: 0.12385395169258118
NFE: 62.0000
Experiment 85824
Epoch 0077 [Test seq (cond on sampled tp)] | Loss 35.601425 | Likelihood -22.673927 | KL fp 3.6018 | FP STD 0.0237 | NFE 62.0000
KL coef: 0.4900142537504347
Train loss (one batch): 34.762271881103516
Train CE loss (one batch): 0.11382957547903061
Classification AUC (TEST): 0.6982
Test MSE: 0.0051
Poisson likelihood: 0.0
CE loss: 0.12261456251144409
NFE: 62.0000
Experiment 85824
Epoch 0078 [Test seq (cond on sampled tp)] | Loss 35.141880 | Likelihood -22.311687 | KL fp 3.6372 | FP STD 0.0228 | NFE 62.0000
KL coef: 0.49511411121293036
Train loss (one batch): 34.2125358581543
Train CE loss (one batch): 0.11073558032512665
Classification AUC (TEST): 0.7087
Test MSE: 0.0050
Poisson likelihood: 0.0
CE loss: 0.12129374593496323
NFE: 62.0000
Experiment 85824
Epoch 0079 [Test seq (cond on sampled tp)] | Loss 34.745419 | Likelihood -22.054419 | KL fp 3.5778 | FP STD 0.0241 | NFE 62.0000
KL coef: 0.500162970100801
Train loss (one batch): 33.34206771850586
Train CE loss (one batch): 0.10782130807638168
Classification AUC (TEST): 0.7218
Test MSE: 0.0050
Poisson likelihood: 0.0
CE loss: 0.12000441551208496
NFE: 62.0000
Experiment 85824
Epoch 0080 [Test seq (cond on sampled tp)] | Loss 34.297630 | Likelihood -21.665899 | KL fp 3.5979 | FP STD 0.0234 | NFE 62.0000
KL coef: 0.505161340399793
Train loss (one batch): 32.480018615722656
Train CE loss (one batch): 0.10322582721710205
Classification AUC (TEST): 0.7286
Test MSE: 0.0049
Poisson likelihood: 0.0
CE loss: 0.11912929266691208
NFE: 62.0000
Experiment 85824
Epoch 0081 [Test seq (cond on sampled tp)] | Loss 33.818924 | Likelihood -21.327003 | KL fp 3.5941 | FP STD 0.0234 | NFE 62.0000
KL coef: 0.510109726995795
Train loss (one batch): 32.01471710205078
Train CE loss (one batch): 0.10140924155712128
Classification AUC (TEST): 0.7421
Test MSE: 0.0048
Poisson likelihood: 0.0
CE loss: 0.11757268756628036
NFE: 62.0000
Experiment 85824
Epoch 0082 [Test seq (cond on sampled tp)] | Loss 33.227608 | Likelihood -20.888313 | KL fp 3.6122 | FP STD 0.0232 | NFE 62.0000
KL coef: 0.5150086297258372
Train loss (one batch): 31.507389068603516
Train CE loss (one batch): 0.10033341497182846
Classification AUC (TEST): 0.7535
Test MSE: 0.0047
Poisson likelihood: 0.0
CE loss: 0.11578010022640228
NFE: 62.0000
Experiment 85824
Epoch 0083 [Test seq (cond on sampled tp)] | Loss 32.650913 | Likelihood -20.496342 | KL fp 3.6101 | FP STD 0.0230 | NFE 62.0000
KL coef: 0.5198585434285787
Train loss (one batch): 31.10490608215332
Train CE loss (one batch): 0.09916792809963226
Classification AUC (TEST): 0.7673
Test MSE: 0.0047
Poisson likelihood: 0.0
CE loss: 0.11376796662807465
NFE: 62.0000
Experiment 85824
Epoch 0084 [Test seq (cond on sampled tp)] | Loss 32.332672 | Likelihood -20.235081 | KL fp 3.6026 | FP STD 0.0231 | NFE 62.0000
KL coef: 0.524659957994293
Train loss (one batch): 31.294912338256836
Train CE loss (one batch): 0.10109128803014755
Classification AUC (TEST): 0.7726
Test MSE: 0.0046
Poisson likelihood: 0.0
CE loss: 0.1130741685628891
NFE: 62.0000
Experiment 85824
Epoch 0085 [Test seq (cond on sampled tp)] | Loss 31.945868 | Likelihood -19.965263 | KL fp 3.5811 | FP STD 0.0234 | NFE 62.0000
KL coef: 0.5294133584143501
Train loss (one batch): 30.912601470947266
Train CE loss (one batch): 0.10011471807956696
Classification AUC (TEST): 0.7791
Test MSE: 0.0045
Poisson likelihood: 0.0
CE loss: 0.11183391511440277
NFE: 62.0000
Experiment 85824
Epoch 0086 [Test seq (cond on sampled tp)] | Loss 31.726551 | Likelihood -19.795229 | KL fp 3.6042 | FP STD 0.0228 | NFE 62.0000
KL coef: 0.5341192248302067
Train loss (one batch): 30.95107650756836
Train CE loss (one batch): 0.09995579719543457
Classification AUC (TEST): 0.7823
Test MSE: 0.0045
Poisson likelihood: 0.0
CE loss: 0.11104883998632431
NFE: 62.0000
Experiment 85824
Epoch 0087 [Test seq (cond on sampled tp)] | Loss 31.397552 | Likelihood -19.443737 | KL fp 3.6111 | FP STD 0.0231 | NFE 56.0000
KL coef: 0.5387780325819045
Train loss (one batch): 31.4853458404541
Train CE loss (one batch): 0.10281895101070404
Classification AUC (TEST): 0.7827
Test MSE: 0.0044
Poisson likelihood: 0.0
CE loss: 0.11106988042593002
NFE: 56.0000
Experiment 85824
Epoch 0088 [Test seq (cond on sampled tp)] | Loss 31.328098 | Likelihood -19.475040 | KL fp 3.5220 | FP STD 0.0247 | NFE 62.0000
KL coef: 0.5433902522560855
Train loss (one batch): 31.24660301208496
Train CE loss (one batch): 0.1024666577577591
Classification AUC (TEST): 0.7854
Test MSE: 0.0044
Poisson likelihood: 0.0
CE loss: 0.11038099974393845
NFE: 62.0000
Experiment 85824
Epoch 0089 [Test seq (cond on sampled tp)] | Loss 31.294584 | Likelihood -19.481140 | KL fp 3.5232 | FP STD 0.0247 | NFE 62.0000
KL coef: 0.5479563497335247
Train loss (one batch): 31.284086227416992
Train CE loss (one batch): 0.10131709277629852
Classification AUC (TEST): 0.7894
Test MSE: 0.0044
Poisson likelihood: 0.0
CE loss: 0.1098155826330185
NFE: 62.0000
Experiment 85824
Epoch 0090 [Test seq (cond on sampled tp)] | Loss 31.253834 | Likelihood -19.395763 | KL fp 3.5298 | FP STD 0.0244 | NFE 62.0000
KL coef: 0.5524767862361895
Train loss (one batch): 31.217327117919922
Train CE loss (one batch): 0.10177154839038849
Classification AUC (TEST): 0.7876
Test MSE: 0.0044
Poisson likelihood: 0.0
CE loss: 0.11006732285022736
NFE: 62.0000
Experiment 85824
Epoch 0091 [Test seq (cond on sampled tp)] | Loss 31.172915 | Likelihood -19.347614 | KL fp 3.5060 | FP STD 0.0248 | NFE 62.0000
KL coef: 0.5569520183738275
Train loss (one batch): 31.33578872680664
Train CE loss (one batch): 0.1028357669711113
Classification AUC (TEST): 0.7904
Test MSE: 0.0044
Poisson likelihood: 0.0
CE loss: 0.10971527546644211
NFE: 62.0000
Experiment 85824
Epoch 0092 [Test seq (cond on sampled tp)] | Loss 31.172119 | Likelihood -19.375931 | KL fp 3.4902 | FP STD 0.0254 | NFE 62.0000
KL coef: 0.5613824981900892
Train loss (one batch): 31.236167907714844
Train CE loss (one batch): 0.10171832889318466
Classification AUC (TEST): 0.7915
Test MSE: 0.0044
Poisson likelihood: 0.0
CE loss: 0.10935983061790466
NFE: 62.0000
Experiment 85824
Epoch 0093 [Test seq (cond on sampled tp)] | Loss 31.090935 | Likelihood -19.300457 | KL fp 3.4772 | FP STD 0.0254 | NFE 62.0000
KL coef: 0.5657686732081884
Train loss (one batch): 31.448959350585938
Train CE loss (one batch): 0.10264407098293304
Classification AUC (TEST): 0.7920
Test MSE: 0.0044
Poisson likelihood: 0.0
CE loss: 0.10921910405158997
NFE: 62.0000
Experiment 85824
Epoch 0094 [Test seq (cond on sampled tp)] | Loss 31.334728 | Likelihood -19.520201 | KL fp 3.4664 | FP STD 0.0258 | NFE 62.0000
KL coef: 0.5701109864761065
Train loss (one batch): 31.136825561523438
Train CE loss (one batch): 0.10122145712375641
Classification AUC (TEST): 0.7906
Test MSE: 0.0045
Poisson likelihood: 0.0
CE loss: 0.10937221348285675
NFE: 62.0000
Experiment 85824
Epoch 0095 [Test seq (cond on sampled tp)] | Loss 31.037743 | Likelihood -19.213772 | KL fp 3.4998 | FP STD 0.0254 | NFE 62.0000
KL coef: 0.5744098766113455
Train loss (one batch): 31.378055572509766
Train CE loss (one batch): 0.10257413983345032
Classification AUC (TEST): 0.7935
Test MSE: 0.0044
Poisson likelihood: 0.0
CE loss: 0.10912316292524338
NFE: 62.0000
Experiment 85824
Epoch 0096 [Test seq (cond on sampled tp)] | Loss 30.969410 | Likelihood -19.111938 | KL fp 3.4998 | FP STD 0.0252 | NFE 62.0000
KL coef: 0.578665777845232
Train loss (one batch): 31.616287231445312
Train CE loss (one batch): 0.10346290469169617
Classification AUC (TEST): 0.7917
Test MSE: 0.0044
Poisson likelihood: 0.0
CE loss: 0.10930944979190826
NFE: 62.0000
Experiment 85824
Epoch 0097 [Test seq (cond on sampled tp)] | Loss 31.013405 | Likelihood -19.209141 | KL fp 3.4518 | FP STD 0.0261 | NFE 62.0000
KL coef: 0.5828791200667797
Train loss (one batch): 31.553253173828125
Train CE loss (one batch): 0.10288076102733612
Classification AUC (TEST): 0.7937
Test MSE: 0.0044
Poisson likelihood: 0.0
CE loss: 0.10891176760196686
NFE: 62.0000
Experiment 85824
Epoch 0098 [Test seq (cond on sampled tp)] | Loss 31.013489 | Likelihood -19.137133 | KL fp 3.4593 | FP STD 0.0256 | NFE 62.0000
KL coef: 0.5870503288661119
Train loss (one batch): 31.486528396606445
Train CE loss (one batch): 0.10278905928134918
Classification AUC (TEST): 0.7925
Test MSE: 0.0044
Poisson likelihood: 0.0
CE loss: 0.10944416373968124
NFE: 62.0000
Experiment 85824
Epoch 0099 [Test seq (cond on sampled tp)] | Loss 31.015022 | Likelihood -19.203999 | KL fp 3.4501 | FP STD 0.0259 | NFE 62.0000
KL coef: 0.5911798255774507
Train loss (one batch): 31.229312896728516
Train CE loss (one batch): 0.1022576317191124
Classification AUC (TEST): 0.7959
Test MSE: 0.0044
Poisson likelihood: 0.0
CE loss: 0.10870480537414551
NFE: 62.0000
Experiment 85824
Epoch 0100 [Test seq (cond on sampled tp)] | Loss 30.988071 | Likelihood -19.125248 | KL fp 3.4455 | FP STD 0.0258 | NFE 62.0000
KL coef: 0.5952680273216762
Train loss (one batch): 31.60635757446289
Train CE loss (one batch): 0.1033773422241211
Classification AUC (TEST): 0.7931
Test MSE: 0.0044
Poisson likelihood: 0.0
CE loss: 0.10910724103450775
NFE: 62.0000
