/home/soyoung/latent_ode2/run_models.py
run_models.py --niters 100 -n 8000 -l 20 --latent-ode --z0-encoder rnn --dataset physionet --rec-dims 40 --rec-layers 3 --gen-layers 3 --units 50 --gru-units 50 --quantization 0.016 --classif --reg_dopri 0 --reg_kinetic 0.014 --reg_l1 0 --reg_l2 0 --gpu 2
Experiment 29602
Epoch 0001 [Test seq (cond on sampled tp)] | Loss 58.851585 | Likelihood -46.677696 | KL fp 4.2323 | FP STD 0.0177 | NFE 14.0000
KL coef: 0.0
Train loss (one batch): 57.902034759521484
Train CE loss (one batch): 0.1297893077135086
Classification AUC (TEST): 0.5456
Test MSE: 0.0099
Poisson likelihood: 0.0
CE loss: 0.13273687660694122
NFE: 14.0000
Experiment 29602
Epoch 0002 [Test seq (cond on sampled tp)] | Loss 45.686367 | Likelihood -33.521790 | KL fp 4.7549 | FP STD 0.0100 | NFE 26.0000
KL coef: 0.0
Train loss (one batch): 45.609107971191406
Train CE loss (one batch): 0.1249619647860527
Classification AUC (TEST): 0.5227
Test MSE: 0.0073
Poisson likelihood: 0.0
CE loss: 0.13263237476348877
NFE: 26.0000
Experiment 29602
Epoch 0003 [Test seq (cond on sampled tp)] | Loss 42.644424 | Likelihood -30.409515 | KL fp 4.7049 | FP STD 0.0105 | NFE 26.0000
KL coef: 0.0
Train loss (one batch): 42.07330322265625
Train CE loss (one batch): 0.1273229569196701
Classification AUC (TEST): 0.5333
Test MSE: 0.0066
Poisson likelihood: 0.0
CE loss: 0.13333824276924133
NFE: 26.0000
Experiment 29602
Epoch 0004 [Test seq (cond on sampled tp)] | Loss 40.650024 | Likelihood -28.379995 | KL fp 4.8104 | FP STD 0.0090 | NFE 20.0000
KL coef: 0.0
Train loss (one batch): 39.627262115478516
Train CE loss (one batch): 0.12829110026359558
Classification AUC (TEST): 0.5667
Test MSE: 0.0062
Poisson likelihood: 0.0
CE loss: 0.1336897611618042
NFE: 20.0000
Experiment 29602
Epoch 0005 [Test seq (cond on sampled tp)] | Loss 38.745033 | Likelihood -26.683998 | KL fp 4.8697 | FP STD 0.0096 | NFE 20.0000
KL coef: 0.0
Train loss (one batch): 38.006187438964844
Train CE loss (one batch): 0.12838532030582428
Classification AUC (TEST): 0.6115
Test MSE: 0.0059
Poisson likelihood: 0.0
CE loss: 0.1315983235836029
NFE: 20.0000
Experiment 29602
Epoch 0006 [Test seq (cond on sampled tp)] | Loss 37.193409 | Likelihood -25.387234 | KL fp 4.9917 | FP STD 0.0074 | NFE 20.0000
KL coef: 0.0
Train loss (one batch): 36.70210266113281
Train CE loss (one batch): 0.12787696719169617
Classification AUC (TEST): 0.6335
Test MSE: 0.0056
Poisson likelihood: 0.0
CE loss: 0.1290505975484848
NFE: 20.0000
Experiment 29602
Epoch 0007 [Test seq (cond on sampled tp)] | Loss 36.674339 | Likelihood -24.864826 | KL fp 4.9587 | FP STD 0.0079 | NFE 20.0000
KL coef: 0.0
Train loss (one batch): 36.181739807128906
Train CE loss (one batch): 0.12860257923603058
Classification AUC (TEST): 0.6392
Test MSE: 0.0055
Poisson likelihood: 0.0
CE loss: 0.1290816068649292
NFE: 20.0000
Experiment 29602
Epoch 0008 [Test seq (cond on sampled tp)] | Loss 36.393196 | Likelihood -24.558502 | KL fp 5.0374 | FP STD 0.0074 | NFE 32.0000
KL coef: 0.0
Train loss (one batch): 36.10573959350586
Train CE loss (one batch): 0.1297864019870758
Classification AUC (TEST): 0.6406
Test MSE: 0.0055
Poisson likelihood: 0.0
CE loss: 0.12933357059955597
NFE: 32.0000
Experiment 29602
Epoch 0009 [Test seq (cond on sampled tp)] | Loss 36.175255 | Likelihood -24.339682 | KL fp 5.0668 | FP STD 0.0076 | NFE 32.0000
KL coef: 0.0
Train loss (one batch): 35.77410125732422
Train CE loss (one batch): 0.12970690429210663
Classification AUC (TEST): 0.6447
Test MSE: 0.0054
Poisson likelihood: 0.0
CE loss: 0.12934193015098572
NFE: 32.0000
Experiment 29602
Epoch 0010 [Test seq (cond on sampled tp)] | Loss 35.996017 | Likelihood -24.158112 | KL fp 5.1207 | FP STD 0.0066 | NFE 32.0000
KL coef: 0.0
Train loss (one batch): 35.70273208618164
Train CE loss (one batch): 0.13060227036476135
Classification AUC (TEST): 0.6460
Test MSE: 0.0054
Poisson likelihood: 0.0
CE loss: 0.12936672568321228
NFE: 32.0000
Experiment 29602
Epoch 0011 [Test seq (cond on sampled tp)] | Loss 35.902370 | Likelihood -24.042219 | KL fp 5.2850 | FP STD 0.0056 | NFE 44.0000
KL coef: 0.010000000000000009
Train loss (one batch): 35.539276123046875
Train CE loss (one batch): 0.13040049374103546
Classification AUC (TEST): 0.6505
Test MSE: 0.0054
Poisson likelihood: 0.0
CE loss: 0.12905935943126678
NFE: 44.0000
Experiment 29602
Epoch 0012 [Test seq (cond on sampled tp)] | Loss 35.994610 | Likelihood -24.044592 | KL fp 4.7506 | FP STD 0.0111 | NFE 44.0000
KL coef: 0.01990000000000003
Train loss (one batch): 35.64462661743164
Train CE loss (one batch): 0.1300806701183319
Classification AUC (TEST): 0.6539
Test MSE: 0.0054
Poisson likelihood: 0.0
CE loss: 0.12954463064670563
NFE: 44.0000
Experiment 29602
Epoch 0013 [Test seq (cond on sampled tp)] | Loss 36.033936 | Likelihood -24.080761 | KL fp 4.4656 | FP STD 0.0143 | NFE 44.0000
KL coef: 0.029700999999999977
Train loss (one batch): 35.69722366333008
Train CE loss (one batch): 0.13058221340179443
Classification AUC (TEST): 0.6583
Test MSE: 0.0054
Poisson likelihood: 0.0
CE loss: 0.12919287383556366
NFE: 44.0000
Experiment 29602
Epoch 0014 [Test seq (cond on sampled tp)] | Loss 36.248871 | Likelihood -24.355335 | KL fp 4.5977 | FP STD 0.0160 | NFE 50.0000
KL coef: 0.039403990000000055
Train loss (one batch): 36.03450012207031
Train CE loss (one batch): 0.12990133464336395
Classification AUC (TEST): 0.6639
Test MSE: 0.0054
Poisson likelihood: 0.0
CE loss: 0.128118097782135
NFE: 50.0000
Experiment 29602
Epoch 0015 [Test seq (cond on sampled tp)] | Loss 37.346428 | Likelihood -25.462456 | KL fp 4.2717 | FP STD 0.0235 | NFE 50.0000
KL coef: 0.04900995010000009
Train loss (one batch): 36.801876068115234
Train CE loss (one batch): 0.1276785433292389
Classification AUC (TEST): 0.6641
Test MSE: 0.0056
Poisson likelihood: 0.0
CE loss: 0.12773942947387695
NFE: 50.0000
Experiment 29602
Epoch 0016 [Test seq (cond on sampled tp)] | Loss 36.856609 | Likelihood -25.006536 | KL fp 4.2395 | FP STD 0.0231 | NFE 50.0000
KL coef: 0.058519850599
Train loss (one batch): 36.544918060302734
Train CE loss (one batch): 0.1267586648464203
Classification AUC (TEST): 0.6680
Test MSE: 0.0056
Poisson likelihood: 0.0
CE loss: 0.12702560424804688
NFE: 50.0000
Experiment 29602
Epoch 0017 [Test seq (cond on sampled tp)] | Loss 36.225136 | Likelihood -24.402527 | KL fp 4.3038 | FP STD 0.0201 | NFE 50.0000
KL coef: 0.06793465209301008
Train loss (one batch): 35.99111557006836
Train CE loss (one batch): 0.12613587081432343
Classification AUC (TEST): 0.6755
Test MSE: 0.0054
Poisson likelihood: 0.0
CE loss: 0.1262957751750946
NFE: 50.0000
Experiment 29602
Epoch 0018 [Test seq (cond on sampled tp)] | Loss 36.097286 | Likelihood -24.252464 | KL fp 4.2545 | FP STD 0.0192 | NFE 50.0000
KL coef: 0.07725530557207994
Train loss (one batch): 35.774070739746094
Train CE loss (one batch): 0.12650881707668304
Classification AUC (TEST): 0.6765
Test MSE: 0.0054
Poisson likelihood: 0.0
CE loss: 0.1261633187532425
NFE: 50.0000
Experiment 29602
Epoch 0019 [Test seq (cond on sampled tp)] | Loss 36.173782 | Likelihood -24.393852 | KL fp 4.0779 | FP STD 0.0232 | NFE 50.0000
KL coef: 0.08648275251635917
Train loss (one batch): 35.902259826660156
Train CE loss (one batch): 0.12627723813056946
Classification AUC (TEST): 0.6852
Test MSE: 0.0054
Poisson likelihood: 0.0
CE loss: 0.12525951862335205
NFE: 50.0000
Experiment 29602
Epoch 0020 [Test seq (cond on sampled tp)] | Loss 35.990021 | Likelihood -24.200842 | KL fp 4.1268 | FP STD 0.0211 | NFE 56.0000
KL coef: 0.09561792499119559
Train loss (one batch): 35.59231185913086
Train CE loss (one batch): 0.12514877319335938
Classification AUC (TEST): 0.6872
Test MSE: 0.0054
Poisson likelihood: 0.0
CE loss: 0.12494133412837982
NFE: 56.0000
Experiment 29602
Epoch 0021 [Test seq (cond on sampled tp)] | Loss 36.021931 | Likelihood -24.265570 | KL fp 3.9053 | FP STD 0.0239 | NFE 56.0000
KL coef: 0.10466174574128362
Train loss (one batch): 35.856929779052734
Train CE loss (one batch): 0.12483371794223785
Classification AUC (TEST): 0.6903
Test MSE: 0.0054
Poisson likelihood: 0.0
CE loss: 0.12447094917297363
NFE: 56.0000
Experiment 29602
Epoch 0022 [Test seq (cond on sampled tp)] | Loss 35.863636 | Likelihood -24.091160 | KL fp 4.0302 | FP STD 0.0214 | NFE 56.0000
KL coef: 0.11361512828387077
Train loss (one batch): 35.42887496948242
Train CE loss (one batch): 0.12309151887893677
Classification AUC (TEST): 0.6900
Test MSE: 0.0054
Poisson likelihood: 0.0
CE loss: 0.12413451075553894
NFE: 56.0000
Experiment 29602
Epoch 0023 [Test seq (cond on sampled tp)] | Loss 35.729538 | Likelihood -23.947083 | KL fp 4.1629 | FP STD 0.0192 | NFE 56.0000
KL coef: 0.12247897700103216
Train loss (one batch): 35.455142974853516
Train CE loss (one batch): 0.12327074259519577
Classification AUC (TEST): 0.6929
Test MSE: 0.0053
Poisson likelihood: 0.0
CE loss: 0.12371351569890976
NFE: 56.0000
Experiment 29602
Epoch 0024 [Test seq (cond on sampled tp)] | Loss 35.724228 | Likelihood -23.922398 | KL fp 4.1790 | FP STD 0.0180 | NFE 56.0000
KL coef: 0.13125418723102178
Train loss (one batch): 35.3072509765625
Train CE loss (one batch): 0.12253355979919434
Classification AUC (TEST): 0.6914
Test MSE: 0.0053
Poisson likelihood: 0.0
CE loss: 0.12352174520492554
NFE: 56.0000
Experiment 29602
Epoch 0025 [Test seq (cond on sampled tp)] | Loss 35.706306 | Likelihood -23.920368 | KL fp 3.9659 | FP STD 0.0204 | NFE 56.0000
KL coef: 0.13994164535871156
Train loss (one batch): 35.26909637451172
Train CE loss (one batch): 0.12095785140991211
Classification AUC (TEST): 0.6914
Test MSE: 0.0053
Poisson likelihood: 0.0
CE loss: 0.12329714745283127
NFE: 56.0000
Experiment 29602
Epoch 0026 [Test seq (cond on sampled tp)] | Loss 35.628220 | Likelihood -23.837433 | KL fp 4.0896 | FP STD 0.0182 | NFE 56.0000
KL coef: 0.14854222890512447
Train loss (one batch): 35.42300033569336
Train CE loss (one batch): 0.12202224135398865
Classification AUC (TEST): 0.6954
Test MSE: 0.0053
Poisson likelihood: 0.0
CE loss: 0.12282087653875351
NFE: 56.0000
Experiment 29602
Epoch 0027 [Test seq (cond on sampled tp)] | Loss 35.628437 | Likelihood -23.801819 | KL fp 4.1413 | FP STD 0.0175 | NFE 56.0000
KL coef: 0.15705680661607324
Train loss (one batch): 35.26044845581055
Train CE loss (one batch): 0.1205727756023407
Classification AUC (TEST): 0.6955
Test MSE: 0.0053
Poisson likelihood: 0.0
CE loss: 0.12274884432554245
NFE: 56.0000
Experiment 29602
Epoch 0028 [Test seq (cond on sampled tp)] | Loss 35.628906 | Likelihood -23.792250 | KL fp 4.1021 | FP STD 0.0174 | NFE 56.0000
KL coef: 0.1654862385499125
Train loss (one batch): 35.27573013305664
Train CE loss (one batch): 0.12132211029529572
Classification AUC (TEST): 0.6971
Test MSE: 0.0053
Poisson likelihood: 0.0
CE loss: 0.12256516516208649
NFE: 56.0000
Experiment 29602
Epoch 0029 [Test seq (cond on sampled tp)] | Loss 35.622345 | Likelihood -23.763660 | KL fp 3.9855 | FP STD 0.0187 | NFE 56.0000
KL coef: 0.17383137616441335
Train loss (one batch): 34.98420715332031
Train CE loss (one batch): 0.1203177273273468
Classification AUC (TEST): 0.6946
Test MSE: 0.0053
Poisson likelihood: 0.0
CE loss: 0.12264665216207504
NFE: 56.0000
Experiment 29602
Epoch 0030 [Test seq (cond on sampled tp)] | Loss 35.657227 | Likelihood -23.775482 | KL fp 4.0406 | FP STD 0.0184 | NFE 56.0000
KL coef: 0.18209306240276923
Train loss (one batch): 35.07096862792969
Train CE loss (one batch): 0.12021961063146591
Classification AUC (TEST): 0.6947
Test MSE: 0.0053
Poisson likelihood: 0.0
CE loss: 0.12244962155818939
NFE: 56.0000
Experiment 29602
Epoch 0031 [Test seq (cond on sampled tp)] | Loss 35.607460 | Likelihood -23.685659 | KL fp 4.1271 | FP STD 0.0170 | NFE 56.0000
KL coef: 0.19027213177874158
Train loss (one batch): 35.087100982666016
Train CE loss (one batch): 0.11981819570064545
Classification AUC (TEST): 0.6965
Test MSE: 0.0053
Poisson likelihood: 0.0
CE loss: 0.12235432118177414
NFE: 56.0000
Experiment 29602
Epoch 0032 [Test seq (cond on sampled tp)] | Loss 35.622890 | Likelihood -23.649399 | KL fp 4.0641 | FP STD 0.0172 | NFE 62.0000
KL coef: 0.19836941046095413
Train loss (one batch): 35.0201416015625
Train CE loss (one batch): 0.11911877244710922
Classification AUC (TEST): 0.6924
Test MSE: 0.0053
Poisson likelihood: 0.0
CE loss: 0.12266148626804352
NFE: 62.0000
Experiment 29602
Epoch 0033 [Test seq (cond on sampled tp)] | Loss 35.611061 | Likelihood -23.619780 | KL fp 4.0731 | FP STD 0.0166 | NFE 62.0000
KL coef: 0.20638571635634462
Train loss (one batch): 35.111629486083984
Train CE loss (one batch): 0.11941370368003845
Classification AUC (TEST): 0.6942
Test MSE: 0.0053
Poisson likelihood: 0.0
CE loss: 0.122493676841259
NFE: 62.0000
Experiment 29602
Epoch 0034 [Test seq (cond on sampled tp)] | Loss 35.656361 | Likelihood -23.625210 | KL fp 4.0285 | FP STD 0.0170 | NFE 62.0000
KL coef: 0.21432185919278124
Train loss (one batch): 35.140586853027344
Train CE loss (one batch): 0.11923055350780487
Classification AUC (TEST): 0.6923
Test MSE: 0.0053
Poisson likelihood: 0.0
CE loss: 0.12266451120376587
NFE: 62.0000
Experiment 29602
Epoch 0035 [Test seq (cond on sampled tp)] | Loss 35.571545 | Likelihood -23.545959 | KL fp 4.0350 | FP STD 0.0167 | NFE 50.0000
KL coef: 0.22217864060085335
Train loss (one batch): 35.18220520019531
Train CE loss (one batch): 0.11963045597076416
Classification AUC (TEST): 0.6954
Test MSE: 0.0053
Poisson likelihood: 0.0
CE loss: 0.1222875714302063
NFE: 50.0000
Experiment 29602
Epoch 0036 [Test seq (cond on sampled tp)] | Loss 35.643482 | Likelihood -23.577465 | KL fp 4.0044 | FP STD 0.0169 | NFE 62.0000
KL coef: 0.2299568541948449
Train loss (one batch): 35.186195373535156
Train CE loss (one batch): 0.11964495480060577
Classification AUC (TEST): 0.6934
Test MSE: 0.0053
Poisson likelihood: 0.0
CE loss: 0.12243877351284027
NFE: 62.0000
Experiment 29602
Epoch 0037 [Test seq (cond on sampled tp)] | Loss 35.676270 | Likelihood -23.594198 | KL fp 3.9402 | FP STD 0.0178 | NFE 62.0000
KL coef: 0.23765728565289646
Train loss (one batch): 35.085548400878906
Train CE loss (one batch): 0.11801405996084213
Classification AUC (TEST): 0.6932
Test MSE: 0.0053
Poisson likelihood: 0.0
CE loss: 0.12244632840156555
NFE: 62.0000
Experiment 29602
Epoch 0038 [Test seq (cond on sampled tp)] | Loss 35.729092 | Likelihood -23.663702 | KL fp 3.8282 | FP STD 0.0195 | NFE 62.0000
KL coef: 0.24528071279636743
Train loss (one batch): 35.11446762084961
Train CE loss (one batch): 0.1180942952632904
Classification AUC (TEST): 0.6956
Test MSE: 0.0053
Poisson likelihood: 0.0
CE loss: 0.12225299328565598
NFE: 62.0000
Experiment 29602
Epoch 0039 [Test seq (cond on sampled tp)] | Loss 35.755009 | Likelihood -23.614433 | KL fp 3.9076 | FP STD 0.0181 | NFE 62.0000
KL coef: 0.25282790566840385
Train loss (one batch): 35.33542251586914
Train CE loss (one batch): 0.11968448758125305
Classification AUC (TEST): 0.6939
Test MSE: 0.0053
Poisson likelihood: 0.0
CE loss: 0.12251722812652588
NFE: 62.0000
Experiment 29602
Epoch 0040 [Test seq (cond on sampled tp)] | Loss 35.725666 | Likelihood -23.551968 | KL fp 3.9868 | FP STD 0.0169 | NFE 62.0000
KL coef: 0.2602996266117198
Train loss (one batch): 35.3009033203125
Train CE loss (one batch): 0.11890491843223572
Classification AUC (TEST): 0.6951
Test MSE: 0.0053
Poisson likelihood: 0.0
CE loss: 0.1223478838801384
NFE: 62.0000
Experiment 29602
Epoch 0041 [Test seq (cond on sampled tp)] | Loss 35.797764 | Likelihood -23.554655 | KL fp 4.0955 | FP STD 0.0164 | NFE 62.0000
KL coef: 0.26769663034560254
Train loss (one batch): 35.327064514160156
Train CE loss (one batch): 0.11889499425888062
Classification AUC (TEST): 0.6944
Test MSE: 0.0053
Poisson likelihood: 0.0
CE loss: 0.12245660275220871
NFE: 62.0000
Experiment 29602
Epoch 0042 [Test seq (cond on sampled tp)] | Loss 35.819851 | Likelihood -23.565285 | KL fp 4.0046 | FP STD 0.0173 | NFE 62.0000
KL coef: 0.2750196640421466
Train loss (one batch): 35.21864318847656
Train CE loss (one batch): 0.11876584589481354
Classification AUC (TEST): 0.6938
Test MSE: 0.0053
Poisson likelihood: 0.0
CE loss: 0.12252094596624374
NFE: 62.0000
Experiment 29602
Epoch 0043 [Test seq (cond on sampled tp)] | Loss 35.852230 | Likelihood -23.572411 | KL fp 3.9562 | FP STD 0.0182 | NFE 62.0000
KL coef: 0.2822694674017251
Train loss (one batch): 35.381248474121094
Train CE loss (one batch): 0.11838259547948837
Classification AUC (TEST): 0.6949
Test MSE: 0.0053
Poisson likelihood: 0.0
CE loss: 0.12262086570262909
NFE: 62.0000
Experiment 29602
Epoch 0044 [Test seq (cond on sampled tp)] | Loss 35.870514 | Likelihood -23.559906 | KL fp 3.9431 | FP STD 0.0181 | NFE 62.0000
KL coef: 0.2894467727277079
Train loss (one batch): 35.510231018066406
Train CE loss (one batch): 0.1183893084526062
Classification AUC (TEST): 0.6939
Test MSE: 0.0053
Poisson likelihood: 0.0
CE loss: 0.12268666923046112
NFE: 62.0000
Experiment 29602
Epoch 0045 [Test seq (cond on sampled tp)] | Loss 35.908943 | Likelihood -23.602684 | KL fp 3.8214 | FP STD 0.0205 | NFE 62.0000
KL coef: 0.29655230500043084
Train loss (one batch): 35.21925354003906
Train CE loss (one batch): 0.11739537119865417
Classification AUC (TEST): 0.6933
Test MSE: 0.0053
Poisson likelihood: 0.0
CE loss: 0.12271806597709656
NFE: 62.0000
Experiment 29602
Epoch 0046 [Test seq (cond on sampled tp)] | Loss 35.983372 | Likelihood -23.714376 | KL fp 3.7001 | FP STD 0.0232 | NFE 62.0000
KL coef: 0.30358678195042654
Train loss (one batch): 35.52730178833008
Train CE loss (one batch): 0.11808909475803375
Classification AUC (TEST): 0.6960
Test MSE: 0.0053
Poisson likelihood: 0.0
CE loss: 0.12244588136672974
NFE: 62.0000
Experiment 29602
Epoch 0047 [Test seq (cond on sampled tp)] | Loss 36.019913 | Likelihood -23.696503 | KL fp 3.7507 | FP STD 0.0222 | NFE 62.0000
KL coef: 0.3105509141309223
Train loss (one batch): 35.52941131591797
Train CE loss (one batch): 0.11780207604169846
Classification AUC (TEST): 0.6950
Test MSE: 0.0053
Poisson likelihood: 0.0
CE loss: 0.12257279455661774
NFE: 62.0000
Experiment 29602
Epoch 0048 [Test seq (cond on sampled tp)] | Loss 35.946934 | Likelihood -23.587051 | KL fp 3.7451 | FP STD 0.0216 | NFE 62.0000
KL coef: 0.31744540498961304
Train loss (one batch): 35.65831756591797
Train CE loss (one batch): 0.11830613017082214
Classification AUC (TEST): 0.6936
Test MSE: 0.0053
Poisson likelihood: 0.0
CE loss: 0.12269920110702515
NFE: 62.0000
Experiment 29602
Epoch 0049 [Test seq (cond on sampled tp)] | Loss 36.007576 | Likelihood -23.638281 | KL fp 3.7151 | FP STD 0.0220 | NFE 62.0000
KL coef: 0.3242709509397169
Train loss (one batch): 35.529815673828125
Train CE loss (one batch): 0.11831803619861603
Classification AUC (TEST): 0.6956
Test MSE: 0.0053
Poisson likelihood: 0.0
CE loss: 0.1226346418261528
NFE: 62.0000
Experiment 29602
Epoch 0050 [Test seq (cond on sampled tp)] | Loss 35.946693 | Likelihood -23.578474 | KL fp 3.7488 | FP STD 0.0212 | NFE 62.0000
KL coef: 0.3310282414303197
Train loss (one batch): 35.68030548095703
Train CE loss (one batch): 0.11966577172279358
Classification AUC (TEST): 0.6983
Test MSE: 0.0053
Poisson likelihood: 0.0
CE loss: 0.12225960940122604
NFE: 62.0000
Experiment 29602
Epoch 0051 [Test seq (cond on sampled tp)] | Loss 36.005989 | Likelihood -23.602577 | KL fp 3.7095 | FP STD 0.0216 | NFE 62.0000
KL coef: 0.33771795901601653
Train loss (one batch): 35.39173889160156
Train CE loss (one batch): 0.11665208637714386
Classification AUC (TEST): 0.6960
Test MSE: 0.0053
Poisson likelihood: 0.0
CE loss: 0.12249474227428436
NFE: 62.0000
Experiment 29602
Epoch 0052 [Test seq (cond on sampled tp)] | Loss 36.001198 | Likelihood -23.520241 | KL fp 3.7756 | FP STD 0.0205 | NFE 62.0000
KL coef: 0.3443407794258564
Train loss (one batch): 35.53215026855469
Train CE loss (one batch): 0.1177188903093338
Classification AUC (TEST): 0.6914
Test MSE: 0.0053
Poisson likelihood: 0.0
CE loss: 0.12279914319515228
NFE: 62.0000
Experiment 29602
Epoch 0053 [Test seq (cond on sampled tp)] | Loss 36.067547 | Likelihood -23.524426 | KL fp 3.8014 | FP STD 0.0203 | NFE 62.0000
KL coef: 0.35089737163159784
Train loss (one batch): 35.55650329589844
Train CE loss (one batch): 0.11798732727766037
Classification AUC (TEST): 0.6900
Test MSE: 0.0053
Poisson likelihood: 0.0
CE loss: 0.12307906150817871
NFE: 62.0000
Experiment 29602
Epoch 0054 [Test seq (cond on sampled tp)] | Loss 36.107014 | Likelihood -23.561863 | KL fp 3.7609 | FP STD 0.0212 | NFE 62.0000
KL coef: 0.3573883979152819
Train loss (one batch): 35.72151565551758
Train CE loss (one batch): 0.11887236684560776
Classification AUC (TEST): 0.6939
Test MSE: 0.0053
Poisson likelihood: 0.0
CE loss: 0.12299828976392746
NFE: 62.0000
Experiment 29602
Epoch 0055 [Test seq (cond on sampled tp)] | Loss 36.094021 | Likelihood -23.552746 | KL fp 3.7536 | FP STD 0.0217 | NFE 62.0000
KL coef: 0.36381451393612907
Train loss (one batch): 35.408241271972656
Train CE loss (one batch): 0.11636137962341309
Classification AUC (TEST): 0.6945
Test MSE: 0.0053
Poisson likelihood: 0.0
CE loss: 0.1227448582649231
NFE: 62.0000
Experiment 29602
Epoch 0056 [Test seq (cond on sampled tp)] | Loss 36.166992 | Likelihood -23.610886 | KL fp 3.6274 | FP STD 0.0236 | NFE 62.0000
KL coef: 0.37017636879676774
Train loss (one batch): 35.60759735107422
Train CE loss (one batch): 0.11734303086996078
Classification AUC (TEST): 0.6913
Test MSE: 0.0053
Poisson likelihood: 0.0
CE loss: 0.12312081456184387
NFE: 62.0000
Experiment 29602
Epoch 0057 [Test seq (cond on sampled tp)] | Loss 36.119347 | Likelihood -23.608536 | KL fp 3.5664 | FP STD 0.0241 | NFE 62.0000
KL coef: 0.37647460510880004
Train loss (one batch): 35.48723602294922
Train CE loss (one batch): 0.11623954027891159
Classification AUC (TEST): 0.6968
Test MSE: 0.0053
Poisson likelihood: 0.0
CE loss: 0.12266944348812103
NFE: 62.0000
Experiment 29602
Epoch 0058 [Test seq (cond on sampled tp)] | Loss 36.148331 | Likelihood -23.596714 | KL fp 3.5933 | FP STD 0.0235 | NFE 62.0000
KL coef: 0.38270985905771204
Train loss (one batch): 35.76824188232422
Train CE loss (one batch): 0.11901140213012695
Classification AUC (TEST): 0.6957
Test MSE: 0.0053
Poisson likelihood: 0.0
CE loss: 0.12275909632444382
NFE: 62.0000
Experiment 29602
Epoch 0059 [Test seq (cond on sampled tp)] | Loss 36.132034 | Likelihood -23.535345 | KL fp 3.6031 | FP STD 0.0231 | NFE 62.0000
KL coef: 0.388882760467135
Train loss (one batch): 35.60268020629883
Train CE loss (one batch): 0.11763323843479156
Classification AUC (TEST): 0.6931
Test MSE: 0.0053
Poisson likelihood: 0.0
CE loss: 0.12294241786003113
NFE: 62.0000
Experiment 29602
Epoch 0060 [Test seq (cond on sampled tp)] | Loss 36.146767 | Likelihood -23.531271 | KL fp 3.6180 | FP STD 0.0227 | NFE 62.0000
KL coef: 0.39499393286246365
Train loss (one batch): 35.70846176147461
Train CE loss (one batch): 0.11786812543869019
Classification AUC (TEST): 0.6960
Test MSE: 0.0053
Poisson likelihood: 0.0
CE loss: 0.12285061925649643
NFE: 62.0000
Experiment 29602
Epoch 0061 [Test seq (cond on sampled tp)] | Loss 36.208340 | Likelihood -23.509649 | KL fp 3.6270 | FP STD 0.0225 | NFE 62.0000
KL coef: 0.401043993533839
Train loss (one batch): 35.78742218017578
Train CE loss (one batch): 0.11724232137203217
Classification AUC (TEST): 0.6907
Test MSE: 0.0053
Poisson likelihood: 0.0
CE loss: 0.12343226373195648
NFE: 62.0000
Experiment 29602
Epoch 0062 [Test seq (cond on sampled tp)] | Loss 36.160328 | Likelihood -23.494551 | KL fp 3.6369 | FP STD 0.0222 | NFE 62.0000
KL coef: 0.4070335535985006
Train loss (one batch): 35.72506332397461
Train CE loss (one batch): 0.118356853723526
Classification AUC (TEST): 0.6968
Test MSE: 0.0053
Poisson likelihood: 0.0
CE loss: 0.12285055220127106
NFE: 62.0000
Experiment 29602
Epoch 0063 [Test seq (cond on sampled tp)] | Loss 36.242035 | Likelihood -23.530422 | KL fp 3.6630 | FP STD 0.0218 | NFE 62.0000
KL coef: 0.41296321806251557
Train loss (one batch): 35.63322448730469
Train CE loss (one batch): 0.11660303175449371
Classification AUC (TEST): 0.6961
Test MSE: 0.0053
Poisson likelihood: 0.0
CE loss: 0.12297767400741577
NFE: 62.0000
Experiment 29602
Epoch 0064 [Test seq (cond on sampled tp)] | Loss 36.221977 | Likelihood -23.490608 | KL fp 3.6768 | FP STD 0.0214 | NFE 62.0000
KL coef: 0.41883358588189046
Train loss (one batch): 35.7044563293457
Train CE loss (one batch): 0.11685977876186371
Classification AUC (TEST): 0.6964
Test MSE: 0.0052
Poisson likelihood: 0.0
CE loss: 0.12290086597204208
NFE: 62.0000
Experiment 29602
Epoch 0065 [Test seq (cond on sampled tp)] | Loss 36.177670 | Likelihood -23.443165 | KL fp 3.6183 | FP STD 0.0223 | NFE 62.0000
KL coef: 0.4246452500230715
Train loss (one batch): 35.73869323730469
Train CE loss (one batch): 0.11768954247236252
Classification AUC (TEST): 0.6945
Test MSE: 0.0052
Poisson likelihood: 0.0
CE loss: 0.12296681851148605
NFE: 62.0000
Experiment 29602
Epoch 0066 [Test seq (cond on sampled tp)] | Loss 36.188187 | Likelihood -23.466442 | KL fp 3.5971 | FP STD 0.0225 | NFE 62.0000
KL coef: 0.4303987975228408
Train loss (one batch): 35.81548309326172
Train CE loss (one batch): 0.1171456128358841
Classification AUC (TEST): 0.6989
Test MSE: 0.0052
Poisson likelihood: 0.0
CE loss: 0.12272290885448456
NFE: 62.0000
Experiment 29602
Epoch 0067 [Test seq (cond on sampled tp)] | Loss 36.207787 | Likelihood -23.408039 | KL fp 3.6873 | FP STD 0.0215 | NFE 62.0000
KL coef: 0.4360948095476125
Train loss (one batch): 35.557952880859375
Train CE loss (one batch): 0.11458706855773926
Classification AUC (TEST): 0.6978
Test MSE: 0.0052
Poisson likelihood: 0.0
CE loss: 0.1229037269949913
NFE: 62.0000
Experiment 29602
Epoch 0068 [Test seq (cond on sampled tp)] | Loss 36.282391 | Likelihood -23.461073 | KL fp 3.6530 | FP STD 0.0216 | NFE 62.0000
KL coef: 0.44173386145213633
Train loss (one batch): 35.82523727416992
Train CE loss (one batch): 0.11677180230617523
Classification AUC (TEST): 0.6946
Test MSE: 0.0052
Poisson likelihood: 0.0
CE loss: 0.12306340038776398
NFE: 62.0000
Experiment 29602
Epoch 0069 [Test seq (cond on sampled tp)] | Loss 36.295715 | Likelihood -23.384766 | KL fp 3.7807 | FP STD 0.0204 | NFE 62.0000
KL coef: 0.4473165228376149
Train loss (one batch): 35.69878387451172
Train CE loss (one batch): 0.11509726941585541
Classification AUC (TEST): 0.6962
Test MSE: 0.0052
Poisson likelihood: 0.0
CE loss: 0.12318429350852966
NFE: 62.0000
Experiment 29602
Epoch 0070 [Test seq (cond on sampled tp)] | Loss 36.297459 | Likelihood -23.392910 | KL fp 3.6915 | FP STD 0.0212 | NFE 62.0000
KL coef: 0.4528433576092388
Train loss (one batch): 35.8427619934082
Train CE loss (one batch): 0.11565166711807251
Classification AUC (TEST): 0.6936
Test MSE: 0.0052
Poisson likelihood: 0.0
CE loss: 0.12331657856702805
NFE: 62.0000
Experiment 29602
Epoch 0071 [Test seq (cond on sampled tp)] | Loss 36.312195 | Likelihood -23.407530 | KL fp 3.6677 | FP STD 0.0213 | NFE 62.0000
KL coef: 0.45831492403314644
Train loss (one batch): 35.72159957885742
Train CE loss (one batch): 0.11551114171743393
Classification AUC (TEST): 0.6959
Test MSE: 0.0052
Poisson likelihood: 0.0
CE loss: 0.12322428822517395
NFE: 62.0000
Experiment 29602
Epoch 0072 [Test seq (cond on sampled tp)] | Loss 36.306309 | Likelihood -23.370703 | KL fp 3.6837 | FP STD 0.0209 | NFE 62.0000
KL coef: 0.463731774792815
Train loss (one batch): 35.7111701965332
Train CE loss (one batch): 0.11685355752706528
Classification AUC (TEST): 0.6937
Test MSE: 0.0052
Poisson likelihood: 0.0
CE loss: 0.1232612282037735
NFE: 62.0000
Experiment 29602
Epoch 0073 [Test seq (cond on sampled tp)] | Loss 36.343704 | Likelihood -23.369131 | KL fp 3.7275 | FP STD 0.0202 | NFE 62.0000
KL coef: 0.46909445704488684
Train loss (one batch): 35.766632080078125
Train CE loss (one batch): 0.11639842391014099
Classification AUC (TEST): 0.6950
Test MSE: 0.0052
Poisson likelihood: 0.0
CE loss: 0.12324684858322144
NFE: 62.0000
Experiment 29602
Epoch 0074 [Test seq (cond on sampled tp)] | Loss 36.349052 | Likelihood -23.392769 | KL fp 3.6816 | FP STD 0.0209 | NFE 62.0000
KL coef: 0.474403512474438
Train loss (one batch): 35.85652160644531
Train CE loss (one batch): 0.11662956327199936
Classification AUC (TEST): 0.6976
Test MSE: 0.0052
Poisson likelihood: 0.0
CE loss: 0.12308677285909653
NFE: 62.0000
Experiment 29602
Epoch 0075 [Test seq (cond on sampled tp)] | Loss 36.314392 | Likelihood -23.395298 | KL fp 3.5971 | FP STD 0.0223 | NFE 62.0000
KL coef: 0.4796594773496936
Train loss (one batch): 35.97222900390625
Train CE loss (one batch): 0.11771294474601746
Classification AUC (TEST): 0.6988
Test MSE: 0.0052
Poisson likelihood: 0.0
CE loss: 0.12292974442243576
NFE: 62.0000
Experiment 29602
Epoch 0076 [Test seq (cond on sampled tp)] | Loss 36.324036 | Likelihood -23.350132 | KL fp 3.6022 | FP STD 0.0221 | NFE 62.0000
KL coef: 0.4848628825761967
Train loss (one batch): 36.05937957763672
Train CE loss (one batch): 0.11842039227485657
Classification AUC (TEST): 0.6949
Test MSE: 0.0052
Poisson likelihood: 0.0
CE loss: 0.12326075881719589
NFE: 62.0000
Experiment 29602
Epoch 0077 [Test seq (cond on sampled tp)] | Loss 36.387371 | Likelihood -23.368093 | KL fp 3.6292 | FP STD 0.0216 | NFE 62.0000
KL coef: 0.4900142537504347
Train loss (one batch): 35.86687088012695
Train CE loss (one batch): 0.11510294675827026
Classification AUC (TEST): 0.6953
Test MSE: 0.0052
Poisson likelihood: 0.0
CE loss: 0.12339724600315094
NFE: 62.0000
Experiment 29602
Epoch 0078 [Test seq (cond on sampled tp)] | Loss 36.376377 | Likelihood -23.425522 | KL fp 3.5165 | FP STD 0.0243 | NFE 62.0000
KL coef: 0.49511411121293036
Train loss (one batch): 35.925994873046875
Train CE loss (one batch): 0.11508026719093323
Classification AUC (TEST): 0.6985
Test MSE: 0.0052
Poisson likelihood: 0.0
CE loss: 0.12308767437934875
NFE: 62.0000
Experiment 29602
Epoch 0079 [Test seq (cond on sampled tp)] | Loss 36.379936 | Likelihood -23.385298 | KL fp 3.5641 | FP STD 0.0230 | NFE 74.0000
KL coef: 0.500162970100801
Train loss (one batch): 35.96711730957031
Train CE loss (one batch): 0.11630477011203766
Classification AUC (TEST): 0.6998
Test MSE: 0.0052
Poisson likelihood: 0.0
CE loss: 0.12310653924942017
NFE: 74.0000
Experiment 29602
Epoch 0080 [Test seq (cond on sampled tp)] | Loss 36.381252 | Likelihood -23.342999 | KL fp 3.5817 | FP STD 0.0228 | NFE 62.0000
KL coef: 0.505161340399793
Train loss (one batch): 35.936561584472656
Train CE loss (one batch): 0.11501755565404892
Classification AUC (TEST): 0.6978
Test MSE: 0.0052
Poisson likelihood: 0.0
CE loss: 0.12327621877193451
NFE: 62.0000
Experiment 29602
Epoch 0081 [Test seq (cond on sampled tp)] | Loss 36.415951 | Likelihood -23.379425 | KL fp 3.5430 | FP STD 0.0235 | NFE 62.0000
KL coef: 0.510109726995795
Train loss (one batch): 35.758033752441406
Train CE loss (one batch): 0.11479833722114563
Classification AUC (TEST): 0.6981
Test MSE: 0.0052
Poisson likelihood: 0.0
CE loss: 0.12328018993139267
NFE: 62.0000
Experiment 29602
Epoch 0082 [Test seq (cond on sampled tp)] | Loss 36.365616 | Likelihood -23.303371 | KL fp 3.5753 | FP STD 0.0227 | NFE 62.0000
KL coef: 0.5150086297258372
Train loss (one batch): 36.057437896728516
Train CE loss (one batch): 0.1165422648191452
Classification AUC (TEST): 0.6987
Test MSE: 0.0052
Poisson likelihood: 0.0
CE loss: 0.12319783866405487
NFE: 62.0000
Experiment 29602
Epoch 0083 [Test seq (cond on sampled tp)] | Loss 36.401176 | Likelihood -23.302521 | KL fp 3.5795 | FP STD 0.0225 | NFE 74.0000
KL coef: 0.5198585434285787
Train loss (one batch): 35.66440200805664
Train CE loss (one batch): 0.11425349116325378
Classification AUC (TEST): 0.6979
Test MSE: 0.0052
Poisson likelihood: 0.0
CE loss: 0.12337251007556915
NFE: 74.0000
Experiment 29602
Epoch 0084 [Test seq (cond on sampled tp)] | Loss 36.473328 | Likelihood -23.321354 | KL fp 3.5631 | FP STD 0.0229 | NFE 74.0000
KL coef: 0.524659957994293
Train loss (one batch): 35.98835372924805
Train CE loss (one batch): 0.11594407260417938
Classification AUC (TEST): 0.6950
Test MSE: 0.0052
Poisson likelihood: 0.0
CE loss: 0.12383517622947693
NFE: 74.0000
Experiment 29602
Epoch 0085 [Test seq (cond on sampled tp)] | Loss 36.401619 | Likelihood -23.283810 | KL fp 3.5743 | FP STD 0.0225 | NFE 74.0000
KL coef: 0.5294133584143501
Train loss (one batch): 35.90923309326172
Train CE loss (one batch): 0.11625617742538452
Classification AUC (TEST): 0.6993
Test MSE: 0.0052
Poisson likelihood: 0.0
CE loss: 0.12324418872594833
NFE: 74.0000
Experiment 29602
Epoch 0086 [Test seq (cond on sampled tp)] | Loss 36.446251 | Likelihood -23.261822 | KL fp 3.6173 | FP STD 0.0223 | NFE 74.0000
KL coef: 0.5341192248302067
Train loss (one batch): 35.83143615722656
Train CE loss (one batch): 0.11461111903190613
Classification AUC (TEST): 0.6968
Test MSE: 0.0052
Poisson likelihood: 0.0
CE loss: 0.12351228296756744
NFE: 74.0000
Experiment 29602
Epoch 0087 [Test seq (cond on sampled tp)] | Loss 36.523968 | Likelihood -23.446781 | KL fp 3.3909 | FP STD 0.0278 | NFE 74.0000
KL coef: 0.5387780325819045
Train loss (one batch): 36.167110443115234
Train CE loss (one batch): 0.11661037802696228
Classification AUC (TEST): 0.6988
Test MSE: 0.0052
Poisson likelihood: 0.0
CE loss: 0.12349589914083481
NFE: 74.0000
Experiment 29602
Epoch 0088 [Test seq (cond on sampled tp)] | Loss 36.514221 | Likelihood -23.404938 | KL fp 3.4431 | FP STD 0.0264 | NFE 74.0000
KL coef: 0.5433902522560855
Train loss (one batch): 35.85517501831055
Train CE loss (one batch): 0.1149136945605278
Classification AUC (TEST): 0.7000
Test MSE: 0.0052
Poisson likelihood: 0.0
CE loss: 0.12337026000022888
NFE: 74.0000
Experiment 29602
Epoch 0089 [Test seq (cond on sampled tp)] | Loss 36.498116 | Likelihood -23.335722 | KL fp 3.4699 | FP STD 0.0259 | NFE 74.0000
KL coef: 0.5479563497335247
Train loss (one batch): 35.97282028198242
Train CE loss (one batch): 0.11353716254234314
Classification AUC (TEST): 0.6970
Test MSE: 0.0052
Poisson likelihood: 0.0
CE loss: 0.12359889596700668
NFE: 74.0000
Experiment 29602
Epoch 0090 [Test seq (cond on sampled tp)] | Loss 36.510838 | Likelihood -23.348415 | KL fp 3.4359 | FP STD 0.0262 | NFE 74.0000
KL coef: 0.5524767862361895
Train loss (one batch): 35.870357513427734
Train CE loss (one batch): 0.11470793932676315
Classification AUC (TEST): 0.6973
Test MSE: 0.0052
Poisson likelihood: 0.0
CE loss: 0.12363851070404053
NFE: 74.0000
Experiment 29602
Epoch 0091 [Test seq (cond on sampled tp)] | Loss 36.492386 | Likelihood -23.312775 | KL fp 3.4412 | FP STD 0.0260 | NFE 74.0000
KL coef: 0.5569520183738275
Train loss (one batch): 36.08907699584961
Train CE loss (one batch): 0.11606211960315704
Classification AUC (TEST): 0.6983
Test MSE: 0.0052
Poisson likelihood: 0.0
CE loss: 0.12362690269947052
NFE: 74.0000
Experiment 29602
Epoch 0092 [Test seq (cond on sampled tp)] | Loss 36.472111 | Likelihood -23.292076 | KL fp 3.4060 | FP STD 0.0266 | NFE 74.0000
KL coef: 0.5613824981900892
Train loss (one batch): 35.82048797607422
Train CE loss (one batch): 0.11406015604734421
Classification AUC (TEST): 0.6976
Test MSE: 0.0052
Poisson likelihood: 0.0
CE loss: 0.12367941439151764
NFE: 74.0000
Experiment 29602
Epoch 0093 [Test seq (cond on sampled tp)] | Loss 36.521690 | Likelihood -23.265730 | KL fp 3.4701 | FP STD 0.0251 | NFE 74.0000
KL coef: 0.5657686732081884
Train loss (one batch): 36.013702392578125
Train CE loss (one batch): 0.11484460532665253
Classification AUC (TEST): 0.6955
Test MSE: 0.0052
Poisson likelihood: 0.0
CE loss: 0.12391453236341476
NFE: 74.0000
Experiment 29602
Epoch 0094 [Test seq (cond on sampled tp)] | Loss 36.525887 | Likelihood -23.208420 | KL fp 3.4797 | FP STD 0.0249 | NFE 74.0000
KL coef: 0.5701109864761065
Train loss (one batch): 35.84614944458008
Train CE loss (one batch): 0.11460436880588531
Classification AUC (TEST): 0.6938
Test MSE: 0.0052
Poisson likelihood: 0.0
CE loss: 0.1243237778544426
NFE: 74.0000
Experiment 29602
Epoch 0095 [Test seq (cond on sampled tp)] | Loss 36.452824 | Likelihood -23.205536 | KL fp 3.4665 | FP STD 0.0250 | NFE 74.0000
KL coef: 0.5744098766113455
Train loss (one batch): 35.741172790527344
Train CE loss (one batch): 0.11396395415067673
Classification AUC (TEST): 0.6996
Test MSE: 0.0052
Poisson likelihood: 0.0
CE loss: 0.12354779243469238
NFE: 74.0000
Experiment 29602
Epoch 0096 [Test seq (cond on sampled tp)] | Loss 36.491863 | Likelihood -23.230429 | KL fp 3.4588 | FP STD 0.0251 | NFE 74.0000
KL coef: 0.578665777845232
Train loss (one batch): 35.812782287597656
Train CE loss (one batch): 0.11373493075370789
Classification AUC (TEST): 0.6988
Test MSE: 0.0052
Poisson likelihood: 0.0
CE loss: 0.12358687818050385
NFE: 74.0000
Experiment 29602
Epoch 0097 [Test seq (cond on sampled tp)] | Loss 36.538078 | Likelihood -23.234846 | KL fp 3.4521 | FP STD 0.0253 | NFE 74.0000
KL coef: 0.5828791200667797
Train loss (one batch): 35.90060043334961
Train CE loss (one batch): 0.11353455483913422
Classification AUC (TEST): 0.6996
Test MSE: 0.0052
Poisson likelihood: 0.0
CE loss: 0.12389665842056274
NFE: 74.0000
Experiment 29602
Epoch 0098 [Test seq (cond on sampled tp)] | Loss 36.556732 | Likelihood -23.203918 | KL fp 3.4724 | FP STD 0.0248 | NFE 74.0000
KL coef: 0.5870503288661119
Train loss (one batch): 35.679168701171875
Train CE loss (one batch): 0.11167796701192856
Classification AUC (TEST): 0.6963
Test MSE: 0.0052
Poisson likelihood: 0.0
CE loss: 0.12413735687732697
NFE: 74.0000
Experiment 29602
Epoch 0099 [Test seq (cond on sampled tp)] | Loss 36.520767 | Likelihood -23.188377 | KL fp 3.4574 | FP STD 0.0252 | NFE 74.0000
KL coef: 0.5911798255774507
Train loss (one batch): 35.58284378051758
Train CE loss (one batch): 0.11186634004116058
Classification AUC (TEST): 0.6990
Test MSE: 0.0052
Poisson likelihood: 0.0
CE loss: 0.12387125194072723
NFE: 74.0000
Experiment 29602
Epoch 0100 [Test seq (cond on sampled tp)] | Loss 36.533833 | Likelihood -23.191216 | KL fp 3.4084 | FP STD 0.0262 | NFE 74.0000
KL coef: 0.5952680273216762
Train loss (one batch): 35.92788314819336
Train CE loss (one batch): 0.11391802132129669
Classification AUC (TEST): 0.6969
Test MSE: 0.0052
Poisson likelihood: 0.0
CE loss: 0.12412667274475098
NFE: 74.0000
