/home/soyoung/latent_ode2/run_models.py
run_models.py --niters 100 -n 8000 -l 20 --latent-ode --z0-encoder rnn --dataset physionet --rec-dims 40 --rec-layers 3 --gen-layers 3 --units 50 --gru-units 50 --quantization 0.016 --classif --reg_dopri 0 --reg_kinetic 0.08 --reg_l1 0 --reg_l2 0 --gpu 2
Experiment 44984
Epoch 0001 [Test seq (cond on sampled tp)] | Loss 58.856190 | Likelihood -46.675705 | KL fp 4.2268 | FP STD 0.0176 | NFE 14.0000
KL coef: 0.0
Train loss (one batch): 57.92427062988281
Train CE loss (one batch): 0.12992070615291595
Classification AUC (TEST): 0.5465
Test MSE: 0.0099
Poisson likelihood: 0.0
CE loss: 0.1328037679195404
NFE: 14.0000
Experiment 44984
Epoch 0002 [Test seq (cond on sampled tp)] | Loss 45.737183 | Likelihood -33.534782 | KL fp 4.7521 | FP STD 0.0100 | NFE 26.0000
KL coef: 0.0
Train loss (one batch): 45.609073638916016
Train CE loss (one batch): 0.12478332966566086
Classification AUC (TEST): 0.5175
Test MSE: 0.0073
Poisson likelihood: 0.0
CE loss: 0.13301022350788116
NFE: 26.0000
Experiment 44984
Epoch 0003 [Test seq (cond on sampled tp)] | Loss 42.627747 | Likelihood -30.400257 | KL fp 4.6919 | FP STD 0.0102 | NFE 26.0000
KL coef: 0.0
Train loss (one batch): 42.108192443847656
Train CE loss (one batch): 0.127857506275177
Classification AUC (TEST): 0.5392
Test MSE: 0.0066
Poisson likelihood: 0.0
CE loss: 0.13326576352119446
NFE: 26.0000
Experiment 44984
Epoch 0004 [Test seq (cond on sampled tp)] | Loss 40.571812 | Likelihood -28.365446 | KL fp 4.8928 | FP STD 0.0089 | NFE 20.0000
KL coef: 0.0
Train loss (one batch): 39.63825225830078
Train CE loss (one batch): 0.12852725386619568
Classification AUC (TEST): 0.5714
Test MSE: 0.0062
Poisson likelihood: 0.0
CE loss: 0.13305291533470154
NFE: 20.0000
Experiment 44984
Epoch 0005 [Test seq (cond on sampled tp)] | Loss 38.706619 | Likelihood -26.624340 | KL fp 4.8796 | FP STD 0.0089 | NFE 20.0000
KL coef: 0.0
Train loss (one batch): 37.96536636352539
Train CE loss (one batch): 0.12868568301200867
Classification AUC (TEST): 0.6107
Test MSE: 0.0059
Poisson likelihood: 0.0
CE loss: 0.13181251287460327
NFE: 20.0000
Experiment 44984
Epoch 0006 [Test seq (cond on sampled tp)] | Loss 37.146069 | Likelihood -25.349518 | KL fp 5.1642 | FP STD 0.0066 | NFE 20.0000
KL coef: 0.0
Train loss (one batch): 36.62075424194336
Train CE loss (one batch): 0.1277153193950653
Classification AUC (TEST): 0.6361
Test MSE: 0.0056
Poisson likelihood: 0.0
CE loss: 0.1289534717798233
NFE: 20.0000
Experiment 44984
Epoch 0007 [Test seq (cond on sampled tp)] | Loss 36.667622 | Likelihood -24.871372 | KL fp 4.9229 | FP STD 0.0082 | NFE 20.0000
KL coef: 0.0
Train loss (one batch): 36.16172409057617
Train CE loss (one batch): 0.1285761445760727
Classification AUC (TEST): 0.6397
Test MSE: 0.0055
Poisson likelihood: 0.0
CE loss: 0.1289495974779129
NFE: 20.0000
Experiment 44984
Epoch 0008 [Test seq (cond on sampled tp)] | Loss 36.384384 | Likelihood -24.574429 | KL fp 4.8961 | FP STD 0.0081 | NFE 32.0000
KL coef: 0.0
Train loss (one batch): 36.06060028076172
Train CE loss (one batch): 0.1295223832130432
Classification AUC (TEST): 0.6420
Test MSE: 0.0055
Poisson likelihood: 0.0
CE loss: 0.12908676266670227
NFE: 32.0000
Experiment 44984
Epoch 0009 [Test seq (cond on sampled tp)] | Loss 36.175144 | Likelihood -24.345295 | KL fp 5.0241 | FP STD 0.0078 | NFE 32.0000
KL coef: 0.0
Train loss (one batch): 35.79972457885742
Train CE loss (one batch): 0.12995649874210358
Classification AUC (TEST): 0.6448
Test MSE: 0.0054
Poisson likelihood: 0.0
CE loss: 0.12928476929664612
NFE: 32.0000
Experiment 44984
Epoch 0010 [Test seq (cond on sampled tp)] | Loss 36.010239 | Likelihood -24.175659 | KL fp 5.0401 | FP STD 0.0073 | NFE 32.0000
KL coef: 0.0
Train loss (one batch): 35.62391662597656
Train CE loss (one batch): 0.13005715608596802
Classification AUC (TEST): 0.6469
Test MSE: 0.0054
Poisson likelihood: 0.0
CE loss: 0.12933310866355896
NFE: 32.0000
Experiment 44984
Epoch 0011 [Test seq (cond on sampled tp)] | Loss 35.912174 | Likelihood -24.057854 | KL fp 5.0988 | FP STD 0.0067 | NFE 44.0000
KL coef: 0.010000000000000009
Train loss (one batch): 35.54136276245117
Train CE loss (one batch): 0.13017389178276062
Classification AUC (TEST): 0.6521
Test MSE: 0.0054
Poisson likelihood: 0.0
CE loss: 0.12901990115642548
NFE: 44.0000
Experiment 44984
Epoch 0012 [Test seq (cond on sampled tp)] | Loss 37.218300 | Likelihood -25.316013 | KL fp 4.1541 | FP STD 0.0243 | NFE 44.0000
KL coef: 0.01990000000000003
Train loss (one batch): 36.81317901611328
Train CE loss (one batch): 0.12881729006767273
Classification AUC (TEST): 0.6563
Test MSE: 0.0056
Poisson likelihood: 0.0
CE loss: 0.12918563187122345
NFE: 44.0000
Experiment 44984
Epoch 0013 [Test seq (cond on sampled tp)] | Loss 36.824619 | Likelihood -24.891386 | KL fp 4.4746 | FP STD 0.0222 | NFE 44.0000
KL coef: 0.029700999999999977
Train loss (one batch): 36.44053268432617
Train CE loss (one batch): 0.1292332410812378
Classification AUC (TEST): 0.6581
Test MSE: 0.0055
Poisson likelihood: 0.0
CE loss: 0.12898974120616913
NFE: 44.0000
Experiment 44984
Epoch 0014 [Test seq (cond on sampled tp)] | Loss 36.450798 | Likelihood -24.550131 | KL fp 4.1952 | FP STD 0.0229 | NFE 50.0000
KL coef: 0.039403990000000055
Train loss (one batch): 36.01601791381836
Train CE loss (one batch): 0.12914693355560303
Classification AUC (TEST): 0.6629
Test MSE: 0.0055
Poisson likelihood: 0.0
CE loss: 0.1283397674560547
NFE: 50.0000
Experiment 44984
Epoch 0015 [Test seq (cond on sampled tp)] | Loss 36.039135 | Likelihood -24.117285 | KL fp 4.3290 | FP STD 0.0186 | NFE 50.0000
KL coef: 0.04900995010000009
Train loss (one batch): 35.71175003051758
Train CE loss (one batch): 0.12905752658843994
Classification AUC (TEST): 0.6645
Test MSE: 0.0054
Poisson likelihood: 0.0
CE loss: 0.12808676064014435
NFE: 50.0000
Experiment 44984
Epoch 0016 [Test seq (cond on sampled tp)] | Loss 35.942474 | Likelihood -24.064030 | KL fp 4.3870 | FP STD 0.0179 | NFE 50.0000
KL coef: 0.058519850599
Train loss (one batch): 35.57060623168945
Train CE loss (one batch): 0.1277257204055786
Classification AUC (TEST): 0.6735
Test MSE: 0.0054
Poisson likelihood: 0.0
CE loss: 0.12720347940921783
NFE: 50.0000
Experiment 44984
Epoch 0017 [Test seq (cond on sampled tp)] | Loss 36.092758 | Likelihood -24.275436 | KL fp 4.0761 | FP STD 0.0226 | NFE 50.0000
KL coef: 0.06793465209301008
Train loss (one batch): 35.574798583984375
Train CE loss (one batch): 0.12659111618995667
Classification AUC (TEST): 0.6783
Test MSE: 0.0054
Poisson likelihood: 0.0
CE loss: 0.12639577686786652
NFE: 50.0000
Experiment 44984
Epoch 0018 [Test seq (cond on sampled tp)] | Loss 35.802982 | Likelihood -23.999403 | KL fp 4.1379 | FP STD 0.0198 | NFE 50.0000
KL coef: 0.07725530557207994
Train loss (one batch): 35.36071014404297
Train CE loss (one batch): 0.12622399628162384
Classification AUC (TEST): 0.6820
Test MSE: 0.0054
Poisson likelihood: 0.0
CE loss: 0.12583321332931519
NFE: 50.0000
Experiment 44984
Epoch 0019 [Test seq (cond on sampled tp)] | Loss 35.665260 | Likelihood -23.868803 | KL fp 4.1940 | FP STD 0.0182 | NFE 50.0000
KL coef: 0.08648275251635917
Train loss (one batch): 35.39350891113281
Train CE loss (one batch): 0.1261984407901764
Classification AUC (TEST): 0.6847
Test MSE: 0.0053
Poisson likelihood: 0.0
CE loss: 0.12532654404640198
NFE: 50.0000
Experiment 44984
Epoch 0020 [Test seq (cond on sampled tp)] | Loss 35.669231 | Likelihood -23.882126 | KL fp 4.1262 | FP STD 0.0190 | NFE 56.0000
KL coef: 0.09561792499119559
Train loss (one batch): 35.37397384643555
Train CE loss (one batch): 0.1248088926076889
Classification AUC (TEST): 0.6901
Test MSE: 0.0053
Poisson likelihood: 0.0
CE loss: 0.12491833418607712
NFE: 56.0000
Experiment 44984
Epoch 0021 [Test seq (cond on sampled tp)] | Loss 35.584766 | Likelihood -23.813614 | KL fp 4.2284 | FP STD 0.0172 | NFE 56.0000
KL coef: 0.10466174574128362
Train loss (one batch): 35.20395278930664
Train CE loss (one batch): 0.12426777929067612
Classification AUC (TEST): 0.6938
Test MSE: 0.0053
Poisson likelihood: 0.0
CE loss: 0.12427283823490143
NFE: 56.0000
Experiment 44984
Epoch 0022 [Test seq (cond on sampled tp)] | Loss 35.490974 | Likelihood -23.705471 | KL fp 4.2303 | FP STD 0.0162 | NFE 56.0000
KL coef: 0.11361512828387077
Train loss (one batch): 35.20740509033203
Train CE loss (one batch): 0.12407854199409485
Classification AUC (TEST): 0.6937
Test MSE: 0.0053
Poisson likelihood: 0.0
CE loss: 0.12404056638479233
NFE: 56.0000
Experiment 44984
Epoch 0023 [Test seq (cond on sampled tp)] | Loss 35.645798 | Likelihood -23.881096 | KL fp 4.0171 | FP STD 0.0196 | NFE 56.0000
KL coef: 0.12247897700103216
Train loss (one batch): 35.29832077026367
Train CE loss (one batch): 0.1237429678440094
Classification AUC (TEST): 0.6940
Test MSE: 0.0053
Poisson likelihood: 0.0
CE loss: 0.12371435016393661
NFE: 56.0000
Experiment 44984
Epoch 0024 [Test seq (cond on sampled tp)] | Loss 35.649616 | Likelihood -23.874701 | KL fp 4.0736 | FP STD 0.0188 | NFE 56.0000
KL coef: 0.13125418723102178
Train loss (one batch): 35.3511848449707
Train CE loss (one batch): 0.1236158236861229
Classification AUC (TEST): 0.6956
Test MSE: 0.0053
Poisson likelihood: 0.0
CE loss: 0.12338989973068237
NFE: 56.0000
Experiment 44984
Epoch 0025 [Test seq (cond on sampled tp)] | Loss 35.548946 | Likelihood -23.751287 | KL fp 4.1515 | FP STD 0.0173 | NFE 56.0000
KL coef: 0.13994164535871156
Train loss (one batch): 35.31050491333008
Train CE loss (one batch): 0.12248563021421432
Classification AUC (TEST): 0.6973
Test MSE: 0.0053
Poisson likelihood: 0.0
CE loss: 0.12315447628498077
NFE: 56.0000
Experiment 44984
Epoch 0026 [Test seq (cond on sampled tp)] | Loss 35.572327 | Likelihood -23.759167 | KL fp 4.1476 | FP STD 0.0168 | NFE 56.0000
KL coef: 0.14854222890512447
Train loss (one batch): 35.39371871948242
Train CE loss (one batch): 0.12324120849370956
Classification AUC (TEST): 0.6975
Test MSE: 0.0053
Poisson likelihood: 0.0
CE loss: 0.12295778095722198
NFE: 56.0000
Experiment 44984
Epoch 0027 [Test seq (cond on sampled tp)] | Loss 35.543221 | Likelihood -23.715712 | KL fp 4.1096 | FP STD 0.0171 | NFE 56.0000
KL coef: 0.15705680661607324
Train loss (one batch): 35.1989631652832
Train CE loss (one batch): 0.1213415265083313
Classification AUC (TEST): 0.6976
Test MSE: 0.0053
Poisson likelihood: 0.0
CE loss: 0.12280704826116562
NFE: 56.0000
Experiment 44984
Epoch 0028 [Test seq (cond on sampled tp)] | Loss 35.546097 | Likelihood -23.684414 | KL fp 4.1745 | FP STD 0.0156 | NFE 56.0000
KL coef: 0.1654862385499125
Train loss (one batch): 35.230411529541016
Train CE loss (one batch): 0.12274105846881866
Classification AUC (TEST): 0.6980
Test MSE: 0.0053
Poisson likelihood: 0.0
CE loss: 0.12269621342420578
NFE: 56.0000
Experiment 44984
Epoch 0029 [Test seq (cond on sampled tp)] | Loss 35.586288 | Likelihood -23.702217 | KL fp 4.0632 | FP STD 0.0173 | NFE 56.0000
KL coef: 0.17383137616441335
Train loss (one batch): 35.18204879760742
Train CE loss (one batch): 0.12211047112941742
Classification AUC (TEST): 0.6954
Test MSE: 0.0053
Poisson likelihood: 0.0
CE loss: 0.12276916950941086
NFE: 56.0000
Experiment 44984
Epoch 0030 [Test seq (cond on sampled tp)] | Loss 35.560818 | Likelihood -23.652548 | KL fp 4.1618 | FP STD 0.0159 | NFE 56.0000
KL coef: 0.18209306240276923
Train loss (one batch): 35.176204681396484
Train CE loss (one batch): 0.1216055154800415
Classification AUC (TEST): 0.6971
Test MSE: 0.0053
Poisson likelihood: 0.0
CE loss: 0.12249240279197693
NFE: 56.0000
Experiment 44984
Epoch 0031 [Test seq (cond on sampled tp)] | Loss 35.557659 | Likelihood -23.617546 | KL fp 4.1794 | FP STD 0.0155 | NFE 56.0000
KL coef: 0.19027213177874158
Train loss (one batch): 35.217613220214844
Train CE loss (one batch): 0.12116577476263046
Classification AUC (TEST): 0.6978
Test MSE: 0.0053
Poisson likelihood: 0.0
CE loss: 0.12243859469890594
NFE: 56.0000
Experiment 44984
Epoch 0032 [Test seq (cond on sampled tp)] | Loss 35.670441 | Likelihood -23.725761 | KL fp 3.8644 | FP STD 0.0192 | NFE 62.0000
KL coef: 0.19836941046095413
Train loss (one batch): 35.236637115478516
Train CE loss (one batch): 0.12099560350179672
Classification AUC (TEST): 0.6943
Test MSE: 0.0053
Poisson likelihood: 0.0
CE loss: 0.1227680891752243
NFE: 62.0000
Experiment 44984
Epoch 0033 [Test seq (cond on sampled tp)] | Loss 35.627430 | Likelihood -23.622444 | KL fp 4.0849 | FP STD 0.0164 | NFE 62.0000
KL coef: 0.20638571635634462
Train loss (one batch): 35.12971496582031
Train CE loss (one batch): 0.1202249750494957
Classification AUC (TEST): 0.6962
Test MSE: 0.0053
Poisson likelihood: 0.0
CE loss: 0.12260603904724121
NFE: 62.0000
Experiment 44984
Epoch 0034 [Test seq (cond on sampled tp)] | Loss 35.673450 | Likelihood -23.624464 | KL fp 4.1318 | FP STD 0.0156 | NFE 62.0000
KL coef: 0.21432185919278124
Train loss (one batch): 35.35200881958008
Train CE loss (one batch): 0.12083758413791656
Classification AUC (TEST): 0.6956
Test MSE: 0.0053
Poisson likelihood: 0.0
CE loss: 0.12262175977230072
NFE: 62.0000
Experiment 44984
Epoch 0035 [Test seq (cond on sampled tp)] | Loss 35.603100 | Likelihood -23.568747 | KL fp 4.0744 | FP STD 0.0163 | NFE 62.0000
KL coef: 0.22217864060085335
Train loss (one batch): 35.41718673706055
Train CE loss (one batch): 0.12198062986135483
Classification AUC (TEST): 0.6979
Test MSE: 0.0053
Poisson likelihood: 0.0
CE loss: 0.12228375673294067
NFE: 62.0000
Experiment 44984
Epoch 0036 [Test seq (cond on sampled tp)] | Loss 35.647850 | Likelihood -23.558966 | KL fp 4.0666 | FP STD 0.0159 | NFE 62.0000
KL coef: 0.2299568541948449
Train loss (one batch): 35.333621978759766
Train CE loss (one batch): 0.12138050049543381
Classification AUC (TEST): 0.6946
Test MSE: 0.0053
Poisson likelihood: 0.0
CE loss: 0.12252460420131683
NFE: 62.0000
Experiment 44984
Epoch 0037 [Test seq (cond on sampled tp)] | Loss 35.689205 | Likelihood -23.570623 | KL fp 4.0748 | FP STD 0.0162 | NFE 62.0000
KL coef: 0.23765728565289646
Train loss (one batch): 35.280128479003906
Train CE loss (one batch): 0.1202336996793747
Classification AUC (TEST): 0.6960
Test MSE: 0.0053
Poisson likelihood: 0.0
CE loss: 0.12249129265546799
NFE: 62.0000
Experiment 44984
Epoch 0038 [Test seq (cond on sampled tp)] | Loss 35.690269 | Likelihood -23.538847 | KL fp 4.0870 | FP STD 0.0158 | NFE 62.0000
KL coef: 0.24528071279636743
Train loss (one batch): 35.43292999267578
Train CE loss (one batch): 0.12069427967071533
Classification AUC (TEST): 0.6964
Test MSE: 0.0053
Poisson likelihood: 0.0
CE loss: 0.12247598171234131
NFE: 62.0000
Experiment 44984
Epoch 0039 [Test seq (cond on sampled tp)] | Loss 35.686626 | Likelihood -23.542051 | KL fp 3.9944 | FP STD 0.0164 | NFE 62.0000
KL coef: 0.25282790566840385
Train loss (one batch): 35.43942642211914
Train CE loss (one batch): 0.12077285349369049
Classification AUC (TEST): 0.6973
Test MSE: 0.0053
Poisson likelihood: 0.0
CE loss: 0.12234076857566833
NFE: 62.0000
Experiment 44984
Epoch 0040 [Test seq (cond on sampled tp)] | Loss 35.708023 | Likelihood -23.552855 | KL fp 3.9050 | FP STD 0.0178 | NFE 62.0000
KL coef: 0.2602996266117198
Train loss (one batch): 35.49754333496094
Train CE loss (one batch): 0.12028510868549347
Classification AUC (TEST): 0.6962
Test MSE: 0.0053
Poisson likelihood: 0.0
CE loss: 0.12237509340047836
NFE: 62.0000
Experiment 44984
Epoch 0041 [Test seq (cond on sampled tp)] | Loss 35.697468 | Likelihood -23.519485 | KL fp 3.9563 | FP STD 0.0172 | NFE 62.0000
KL coef: 0.26769663034560254
Train loss (one batch): 35.53276062011719
Train CE loss (one batch): 0.12112005800008774
Classification AUC (TEST): 0.6991
Test MSE: 0.0053
Poisson likelihood: 0.0
CE loss: 0.12217599153518677
NFE: 62.0000
Experiment 44984
Epoch 0042 [Test seq (cond on sampled tp)] | Loss 35.734608 | Likelihood -23.477491 | KL fp 4.0657 | FP STD 0.0159 | NFE 62.0000
KL coef: 0.2750196640421466
Train loss (one batch): 35.38905715942383
Train CE loss (one batch): 0.12052346765995026
Classification AUC (TEST): 0.6979
Test MSE: 0.0052
Poisson likelihood: 0.0
CE loss: 0.12237986922264099
NFE: 62.0000
Experiment 44984
Epoch 0043 [Test seq (cond on sampled tp)] | Loss 35.739502 | Likelihood -23.463024 | KL fp 3.9755 | FP STD 0.0168 | NFE 62.0000
KL coef: 0.2822694674017251
Train loss (one batch): 35.54683303833008
Train CE loss (one batch): 0.12036259472370148
Classification AUC (TEST): 0.6967
Test MSE: 0.0052
Poisson likelihood: 0.0
CE loss: 0.12253021448850632
NFE: 62.0000
Experiment 44984
Epoch 0044 [Test seq (cond on sampled tp)] | Loss 35.748455 | Likelihood -23.443464 | KL fp 4.0292 | FP STD 0.0160 | NFE 62.0000
KL coef: 0.2894467727277079
Train loss (one batch): 35.545989990234375
Train CE loss (one batch): 0.1198982298374176
Classification AUC (TEST): 0.6983
Test MSE: 0.0052
Poisson likelihood: 0.0
CE loss: 0.12237964570522308
NFE: 62.0000
Experiment 44984
Epoch 0045 [Test seq (cond on sampled tp)] | Loss 35.736626 | Likelihood -23.441795 | KL fp 3.9247 | FP STD 0.0171 | NFE 62.0000
KL coef: 0.29655230500043084
Train loss (one batch): 35.44781494140625
Train CE loss (one batch): 0.11907213181257248
Classification AUC (TEST): 0.6982
Test MSE: 0.0052
Poisson likelihood: 0.0
CE loss: 0.12230060994625092
NFE: 62.0000
Experiment 44984
Epoch 0046 [Test seq (cond on sampled tp)] | Loss 35.764923 | Likelihood -23.442497 | KL fp 3.9643 | FP STD 0.0169 | NFE 62.0000
KL coef: 0.30358678195042654
Train loss (one batch): 35.54472732543945
Train CE loss (one batch): 0.11918412148952484
Classification AUC (TEST): 0.6998
Test MSE: 0.0052
Poisson likelihood: 0.0
CE loss: 0.12217719852924347
NFE: 62.0000
Experiment 44984
Epoch 0047 [Test seq (cond on sampled tp)] | Loss 35.829605 | Likelihood -23.507198 | KL fp 3.8906 | FP STD 0.0184 | NFE 62.0000
KL coef: 0.3105509141309223
Train loss (one batch): 35.50214385986328
Train CE loss (one batch): 0.1189311072230339
Classification AUC (TEST): 0.6997
Test MSE: 0.0053
Poisson likelihood: 0.0
CE loss: 0.12213271856307983
NFE: 62.0000
Experiment 44984
Epoch 0048 [Test seq (cond on sampled tp)] | Loss 35.791710 | Likelihood -23.440117 | KL fp 3.8204 | FP STD 0.0196 | NFE 62.0000
KL coef: 0.31744540498961304
Train loss (one batch): 35.65227508544922
Train CE loss (one batch): 0.11911829560995102
Classification AUC (TEST): 0.6984
Test MSE: 0.0052
Poisson likelihood: 0.0
CE loss: 0.12237459421157837
NFE: 62.0000
Experiment 44984
Epoch 0049 [Test seq (cond on sampled tp)] | Loss 35.841473 | Likelihood -23.513306 | KL fp 3.7744 | FP STD 0.0204 | NFE 62.0000
KL coef: 0.3242709509397169
Train loss (one batch): 35.53047561645508
Train CE loss (one batch): 0.119171142578125
Classification AUC (TEST): 0.7013
Test MSE: 0.0053
Poisson likelihood: 0.0
CE loss: 0.12203250825405121
NFE: 62.0000
Experiment 44984
Epoch 0050 [Test seq (cond on sampled tp)] | Loss 35.865318 | Likelihood -23.478691 | KL fp 3.8192 | FP STD 0.0198 | NFE 62.0000
KL coef: 0.3310282414303197
Train loss (one batch): 35.74243927001953
Train CE loss (one batch): 0.11975692212581635
Classification AUC (TEST): 0.7006
Test MSE: 0.0052
Poisson likelihood: 0.0
CE loss: 0.12221035361289978
NFE: 62.0000
Experiment 44984
Epoch 0051 [Test seq (cond on sampled tp)] | Loss 35.872265 | Likelihood -23.509291 | KL fp 3.7031 | FP STD 0.0217 | NFE 62.0000
KL coef: 0.33771795901601653
Train loss (one batch): 35.541297912597656
Train CE loss (one batch): 0.11790831387042999
Classification AUC (TEST): 0.6992
Test MSE: 0.0053
Poisson likelihood: 0.0
CE loss: 0.12211018800735474
NFE: 62.0000
Experiment 44984
Epoch 0052 [Test seq (cond on sampled tp)] | Loss 35.883678 | Likelihood -23.477354 | KL fp 3.6822 | FP STD 0.0214 | NFE 62.0000
KL coef: 0.3443407794258564
Train loss (one batch): 35.62105941772461
Train CE loss (one batch): 0.11889785528182983
Classification AUC (TEST): 0.6974
Test MSE: 0.0052
Poisson likelihood: 0.0
CE loss: 0.12237295508384705
NFE: 62.0000
Experiment 44984
Epoch 0053 [Test seq (cond on sampled tp)] | Loss 35.901718 | Likelihood -23.430777 | KL fp 3.7111 | FP STD 0.0207 | NFE 56.0000
KL coef: 0.35089737163159784
Train loss (one batch): 35.63411331176758
Train CE loss (one batch): 0.11888796091079712
Classification AUC (TEST): 0.6953
Test MSE: 0.0052
Poisson likelihood: 0.0
CE loss: 0.12267732620239258
NFE: 56.0000
Experiment 44984
Epoch 0054 [Test seq (cond on sampled tp)] | Loss 35.885605 | Likelihood -23.422604 | KL fp 3.7039 | FP STD 0.0207 | NFE 56.0000
KL coef: 0.3573883979152819
Train loss (one batch): 35.61972427368164
Train CE loss (one batch): 0.11890103667974472
Classification AUC (TEST): 0.6994
Test MSE: 0.0052
Poisson likelihood: 0.0
CE loss: 0.12238147109746933
NFE: 56.0000
Experiment 44984
Epoch 0055 [Test seq (cond on sampled tp)] | Loss 35.885216 | Likelihood -23.384703 | KL fp 3.7451 | FP STD 0.0201 | NFE 56.0000
KL coef: 0.36381451393612907
Train loss (one batch): 35.494834899902344
Train CE loss (one batch): 0.11744218319654465
Classification AUC (TEST): 0.6985
Test MSE: 0.0052
Poisson likelihood: 0.0
CE loss: 0.12236639857292175
NFE: 56.0000
Experiment 44984
Epoch 0056 [Test seq (cond on sampled tp)] | Loss 35.912720 | Likelihood -23.365507 | KL fp 3.7658 | FP STD 0.0199 | NFE 56.0000
KL coef: 0.37017636879676774
Train loss (one batch): 35.61492156982422
Train CE loss (one batch): 0.11831577867269516
Classification AUC (TEST): 0.6979
Test MSE: 0.0052
Poisson likelihood: 0.0
CE loss: 0.1225183829665184
NFE: 56.0000
Experiment 44984
Epoch 0057 [Test seq (cond on sampled tp)] | Loss 35.909286 | Likelihood -23.369123 | KL fp 3.8001 | FP STD 0.0196 | NFE 56.0000
KL coef: 0.37647460510880004
Train loss (one batch): 35.58536911010742
Train CE loss (one batch): 0.11746504157781601
Classification AUC (TEST): 0.7018
Test MSE: 0.0052
Poisson likelihood: 0.0
CE loss: 0.12208214402198792
NFE: 56.0000
Experiment 44984
Epoch 0058 [Test seq (cond on sampled tp)] | Loss 35.935753 | Likelihood -23.410872 | KL fp 3.6843 | FP STD 0.0212 | NFE 56.0000
KL coef: 0.38270985905771204
Train loss (one batch): 35.82053756713867
Train CE loss (one batch): 0.11951367557048798
Classification AUC (TEST): 0.7013
Test MSE: 0.0052
Poisson likelihood: 0.0
CE loss: 0.12214036285877228
NFE: 56.0000
Experiment 44984
Epoch 0059 [Test seq (cond on sampled tp)] | Loss 35.936745 | Likelihood -23.360317 | KL fp 3.6951 | FP STD 0.0207 | NFE 62.0000
KL coef: 0.388882760467135
Train loss (one batch): 35.64872741699219
Train CE loss (one batch): 0.1182083711028099
Classification AUC (TEST): 0.6981
Test MSE: 0.0052
Poisson likelihood: 0.0
CE loss: 0.12238171696662903
NFE: 62.0000
Experiment 44984
Epoch 0060 [Test seq (cond on sampled tp)] | Loss 35.940834 | Likelihood -23.345730 | KL fp 3.6812 | FP STD 0.0209 | NFE 56.0000
KL coef: 0.39499393286246365
Train loss (one batch): 35.700016021728516
Train CE loss (one batch): 0.11825578659772873
Classification AUC (TEST): 0.7007
Test MSE: 0.0052
Poisson likelihood: 0.0
CE loss: 0.12239870429039001
NFE: 56.0000
Experiment 44984
Epoch 0061 [Test seq (cond on sampled tp)] | Loss 36.004631 | Likelihood -23.328833 | KL fp 3.7191 | FP STD 0.0203 | NFE 62.0000
KL coef: 0.401043993533839
Train loss (one batch): 35.68601989746094
Train CE loss (one batch): 0.11762087792158127
Classification AUC (TEST): 0.6963
Test MSE: 0.0052
Poisson likelihood: 0.0
CE loss: 0.12283095717430115
NFE: 62.0000
Experiment 44984
Epoch 0062 [Test seq (cond on sampled tp)] | Loss 36.026581 | Likelihood -23.397800 | KL fp 3.6370 | FP STD 0.0223 | NFE 62.0000
KL coef: 0.4070335535985006
Train loss (one batch): 35.68613052368164
Train CE loss (one batch): 0.11851602792739868
Classification AUC (TEST): 0.7008
Test MSE: 0.0052
Poisson likelihood: 0.0
CE loss: 0.12248015403747559
NFE: 62.0000
Experiment 44984
Epoch 0063 [Test seq (cond on sampled tp)] | Loss 36.087437 | Likelihood -23.393501 | KL fp 3.6530 | FP STD 0.0216 | NFE 62.0000
KL coef: 0.41296321806251557
Train loss (one batch): 35.55414581298828
Train CE loss (one batch): 0.11638333648443222
Classification AUC (TEST): 0.6973
Test MSE: 0.0052
Poisson likelihood: 0.0
CE loss: 0.12284071743488312
NFE: 62.0000
Experiment 44984
Epoch 0064 [Test seq (cond on sampled tp)] | Loss 36.033302 | Likelihood -23.351727 | KL fp 3.6551 | FP STD 0.0214 | NFE 62.0000
KL coef: 0.41883358588189046
Train loss (one batch): 35.58794403076172
Train CE loss (one batch): 0.1162322387099266
Classification AUC (TEST): 0.7008
Test MSE: 0.0052
Poisson likelihood: 0.0
CE loss: 0.12249361723661423
NFE: 62.0000
Experiment 44984
Epoch 0065 [Test seq (cond on sampled tp)] | Loss 36.032207 | Likelihood -23.371107 | KL fp 3.5751 | FP STD 0.0230 | NFE 62.0000
KL coef: 0.4246452500230715
Train loss (one batch): 35.77750778198242
Train CE loss (one batch): 0.11758484691381454
Classification AUC (TEST): 0.6995
Test MSE: 0.0052
Poisson likelihood: 0.0
CE loss: 0.12241995334625244
NFE: 62.0000
Experiment 44984
Epoch 0066 [Test seq (cond on sampled tp)] | Loss 36.033894 | Likelihood -23.358038 | KL fp 3.5753 | FP STD 0.0228 | NFE 62.0000
KL coef: 0.4303987975228408
Train loss (one batch): 35.81044387817383
Train CE loss (one batch): 0.11686863005161285
Classification AUC (TEST): 0.7017
Test MSE: 0.0052
Poisson likelihood: 0.0
CE loss: 0.12235833704471588
NFE: 62.0000
Experiment 44984
Epoch 0067 [Test seq (cond on sampled tp)] | Loss 36.029377 | Likelihood -23.312490 | KL fp 3.6003 | FP STD 0.0223 | NFE 62.0000
KL coef: 0.4360948095476125
Train loss (one batch): 35.47842788696289
Train CE loss (one batch): 0.1142260730266571
Classification AUC (TEST): 0.7023
Test MSE: 0.0052
Poisson likelihood: 0.0
CE loss: 0.12245636433362961
NFE: 62.0000
Experiment 44984
Epoch 0068 [Test seq (cond on sampled tp)] | Loss 36.087982 | Likelihood -23.320965 | KL fp 3.6253 | FP STD 0.0219 | NFE 62.0000
KL coef: 0.44173386145213633
Train loss (one batch): 35.80845642089844
Train CE loss (one batch): 0.11684861779212952
Classification AUC (TEST): 0.6979
Test MSE: 0.0052
Poisson likelihood: 0.0
CE loss: 0.12264293432235718
NFE: 62.0000
Experiment 44984
Epoch 0069 [Test seq (cond on sampled tp)] | Loss 36.061417 | Likelihood -23.280584 | KL fp 3.6135 | FP STD 0.0218 | NFE 62.0000
KL coef: 0.4473165228376149
Train loss (one batch): 35.59988784790039
Train CE loss (one batch): 0.11518966406583786
Classification AUC (TEST): 0.7006
Test MSE: 0.0052
Poisson likelihood: 0.0
CE loss: 0.12263070791959763
NFE: 62.0000
Experiment 44984
Epoch 0070 [Test seq (cond on sampled tp)] | Loss 36.093193 | Likelihood -23.269247 | KL fp 3.5877 | FP STD 0.0222 | NFE 62.0000
KL coef: 0.4528433576092388
Train loss (one batch): 35.726829528808594
Train CE loss (one batch): 0.11542287468910217
Classification AUC (TEST): 0.6977
Test MSE: 0.0052
Poisson likelihood: 0.0
CE loss: 0.12297981232404709
NFE: 62.0000
Experiment 44984
Epoch 0071 [Test seq (cond on sampled tp)] | Loss 36.077553 | Likelihood -23.264174 | KL fp 3.5873 | FP STD 0.0222 | NFE 62.0000
KL coef: 0.45831492403314644
Train loss (one batch): 35.682594299316406
Train CE loss (one batch): 0.11548903584480286
Classification AUC (TEST): 0.6998
Test MSE: 0.0052
Poisson likelihood: 0.0
CE loss: 0.12268470227718353
NFE: 62.0000
Experiment 44984
Epoch 0072 [Test seq (cond on sampled tp)] | Loss 36.069008 | Likelihood -23.238331 | KL fp 3.5658 | FP STD 0.0226 | NFE 62.0000
KL coef: 0.463731774792815
Train loss (one batch): 35.5274658203125
Train CE loss (one batch): 0.11579780280590057
Classification AUC (TEST): 0.6984
Test MSE: 0.0052
Poisson likelihood: 0.0
CE loss: 0.12275803089141846
NFE: 62.0000
Experiment 44984
Epoch 0073 [Test seq (cond on sampled tp)] | Loss 36.099529 | Likelihood -23.230988 | KL fp 3.6182 | FP STD 0.0215 | NFE 62.0000
KL coef: 0.46909445704488684
Train loss (one batch): 35.714271545410156
Train CE loss (one batch): 0.11566632241010666
Classification AUC (TEST): 0.7003
Test MSE: 0.0052
Poisson likelihood: 0.0
CE loss: 0.12269952148199081
NFE: 62.0000
Experiment 44984
Epoch 0074 [Test seq (cond on sampled tp)] | Loss 36.148445 | Likelihood -23.247456 | KL fp 3.6599 | FP STD 0.0210 | NFE 62.0000
KL coef: 0.474403512474438
Train loss (one batch): 35.69951629638672
Train CE loss (one batch): 0.1154104620218277
Classification AUC (TEST): 0.7013
Test MSE: 0.0052
Poisson likelihood: 0.0
CE loss: 0.1226339265704155
NFE: 62.0000
Experiment 44984
Epoch 0075 [Test seq (cond on sampled tp)] | Loss 36.077934 | Likelihood -23.196402 | KL fp 3.6190 | FP STD 0.0216 | NFE 62.0000
KL coef: 0.4796594773496936
Train loss (one batch): 35.78864669799805
Train CE loss (one batch): 0.11600793898105621
Classification AUC (TEST): 0.7041
Test MSE: 0.0052
Poisson likelihood: 0.0
CE loss: 0.12244980037212372
NFE: 62.0000
Experiment 44984
Epoch 0076 [Test seq (cond on sampled tp)] | Loss 36.102329 | Likelihood -23.156628 | KL fp 3.6411 | FP STD 0.0212 | NFE 62.0000
KL coef: 0.4848628825761967
Train loss (one batch): 35.77330017089844
Train CE loss (one batch): 0.11624883860349655
Classification AUC (TEST): 0.6990
Test MSE: 0.0052
Poisson likelihood: 0.0
CE loss: 0.12278937548398972
NFE: 62.0000
Experiment 44984
Epoch 0077 [Test seq (cond on sampled tp)] | Loss 36.143810 | Likelihood -23.167698 | KL fp 3.6364 | FP STD 0.0213 | NFE 62.0000
KL coef: 0.4900142537504347
Train loss (one batch): 35.65851593017578
Train CE loss (one batch): 0.11347212642431259
Classification AUC (TEST): 0.7004
Test MSE: 0.0052
Poisson likelihood: 0.0
CE loss: 0.12293076515197754
NFE: 62.0000
Experiment 44984
Epoch 0078 [Test seq (cond on sampled tp)] | Loss 36.079704 | Likelihood -23.139370 | KL fp 3.5987 | FP STD 0.0220 | NFE 62.0000
KL coef: 0.49511411121293036
Train loss (one batch): 35.673072814941406
Train CE loss (one batch): 0.1134326383471489
Classification AUC (TEST): 0.7025
Test MSE: 0.0052
Poisson likelihood: 0.0
CE loss: 0.12257643043994904
NFE: 62.0000
Experiment 44984
Epoch 0079 [Test seq (cond on sampled tp)] | Loss 36.092743 | Likelihood -23.165829 | KL fp 3.5350 | FP STD 0.0231 | NFE 62.0000
KL coef: 0.500162970100801
Train loss (one batch): 35.57076644897461
Train CE loss (one batch): 0.1129223108291626
Classification AUC (TEST): 0.7045
Test MSE: 0.0052
Poisson likelihood: 0.0
CE loss: 0.1225765198469162
NFE: 62.0000
Experiment 44984
Epoch 0080 [Test seq (cond on sampled tp)] | Loss 36.091026 | Likelihood -23.140793 | KL fp 3.5277 | FP STD 0.0233 | NFE 62.0000
KL coef: 0.505161340399793
Train loss (one batch): 35.55352783203125
Train CE loss (one batch): 0.11259563267230988
Classification AUC (TEST): 0.7043
Test MSE: 0.0052
Poisson likelihood: 0.0
CE loss: 0.12267041206359863
NFE: 62.0000
Experiment 44984
Epoch 0081 [Test seq (cond on sampled tp)] | Loss 36.078125 | Likelihood -23.143845 | KL fp 3.5185 | FP STD 0.0235 | NFE 62.0000
KL coef: 0.510109726995795
Train loss (one batch): 35.34930419921875
Train CE loss (one batch): 0.11176551878452301
Classification AUC (TEST): 0.7048
Test MSE: 0.0052
Poisson likelihood: 0.0
CE loss: 0.12238143384456635
NFE: 62.0000
Experiment 44984
Epoch 0082 [Test seq (cond on sampled tp)] | Loss 36.007523 | Likelihood -23.049419 | KL fp 3.5148 | FP STD 0.0234 | NFE 62.0000
KL coef: 0.5150086297258372
Train loss (one batch): 35.482879638671875
Train CE loss (one batch): 0.11234918236732483
Classification AUC (TEST): 0.7057
Test MSE: 0.0052
Poisson likelihood: 0.0
CE loss: 0.12246853113174438
NFE: 62.0000
Experiment 44984
Epoch 0083 [Test seq (cond on sampled tp)] | Loss 35.938339 | Likelihood -22.982433 | KL fp 3.5380 | FP STD 0.0231 | NFE 62.0000
KL coef: 0.5198585434285787
Train loss (one batch): 35.27553176879883
Train CE loss (one batch): 0.11148485541343689
Classification AUC (TEST): 0.7065
Test MSE: 0.0051
Poisson likelihood: 0.0
CE loss: 0.12216398119926453
NFE: 62.0000
Experiment 44984
Epoch 0084 [Test seq (cond on sampled tp)] | Loss 35.902870 | Likelihood -22.919662 | KL fp 3.4985 | FP STD 0.0240 | NFE 62.0000
KL coef: 0.524659957994293
Train loss (one batch): 35.38279724121094
Train CE loss (one batch): 0.11151208728551865
Classification AUC (TEST): 0.7075
Test MSE: 0.0051
Poisson likelihood: 0.0
CE loss: 0.12247855961322784
NFE: 62.0000
Experiment 44984
Epoch 0085 [Test seq (cond on sampled tp)] | Loss 35.901260 | Likelihood -22.902828 | KL fp 3.5436 | FP STD 0.0239 | NFE 62.0000
KL coef: 0.5294133584143501
Train loss (one batch): 35.309814453125
Train CE loss (one batch): 0.11160855740308762
Classification AUC (TEST): 0.7081
Test MSE: 0.0051
Poisson likelihood: 0.0
CE loss: 0.12221639603376389
NFE: 62.0000
Experiment 44984
Epoch 0086 [Test seq (cond on sampled tp)] | Loss 35.870628 | Likelihood -22.874199 | KL fp 3.5202 | FP STD 0.0248 | NFE 62.0000
KL coef: 0.5341192248302067
Train loss (one batch): 35.26525115966797
Train CE loss (one batch): 0.1109573170542717
Classification AUC (TEST): 0.7081
Test MSE: 0.0051
Poisson likelihood: 0.0
CE loss: 0.12215086072683334
NFE: 62.0000
Experiment 44984
Epoch 0087 [Test seq (cond on sampled tp)] | Loss 35.754257 | Likelihood -22.749081 | KL fp 3.5560 | FP STD 0.0246 | NFE 62.0000
KL coef: 0.5387780325819045
Train loss (one batch): 35.325504302978516
Train CE loss (one batch): 0.11161582916975021
Classification AUC (TEST): 0.7132
Test MSE: 0.0051
Poisson likelihood: 0.0
CE loss: 0.12188301980495453
NFE: 62.0000
Experiment 44984
Epoch 0088 [Test seq (cond on sampled tp)] | Loss 35.578445 | Likelihood -22.636839 | KL fp 3.4482 | FP STD 0.0271 | NFE 62.0000
KL coef: 0.5433902522560855
Train loss (one batch): 34.849151611328125
Train CE loss (one batch): 0.10880976915359497
Classification AUC (TEST): 0.7160
Test MSE: 0.0051
Poisson likelihood: 0.0
CE loss: 0.12167057394981384
NFE: 62.0000
Experiment 44984
Epoch 0089 [Test seq (cond on sampled tp)] | Loss 35.413845 | Likelihood -22.427765 | KL fp 3.4950 | FP STD 0.0254 | NFE 62.0000
KL coef: 0.5479563497335247
Train loss (one batch): 34.75999450683594
Train CE loss (one batch): 0.10778608173131943
Classification AUC (TEST): 0.7142
Test MSE: 0.0050
Poisson likelihood: 0.0
CE loss: 0.12169629335403442
NFE: 62.0000
Experiment 44984
Epoch 0090 [Test seq (cond on sampled tp)] | Loss 35.331085 | Likelihood -22.362827 | KL fp 3.4600 | FP STD 0.0262 | NFE 62.0000
KL coef: 0.5524767862361895
Train loss (one batch): 34.5644645690918
Train CE loss (one batch): 0.10777636617422104
Classification AUC (TEST): 0.7164
Test MSE: 0.0050
Poisson likelihood: 0.0
CE loss: 0.12155677378177643
NFE: 62.0000
Experiment 44984
Epoch 0091 [Test seq (cond on sampled tp)] | Loss 35.107704 | Likelihood -22.173588 | KL fp 3.4792 | FP STD 0.0259 | NFE 62.0000
KL coef: 0.5569520183738275
Train loss (one batch): 34.68711853027344
Train CE loss (one batch): 0.10833930969238281
Classification AUC (TEST): 0.7184
Test MSE: 0.0050
Poisson likelihood: 0.0
CE loss: 0.1209544688463211
NFE: 62.0000
Experiment 44984
Epoch 0092 [Test seq (cond on sampled tp)] | Loss 35.037933 | Likelihood -22.036535 | KL fp 3.5437 | FP STD 0.0248 | NFE 62.0000
KL coef: 0.5613824981900892
Train loss (one batch): 34.40453338623047
Train CE loss (one batch): 0.1076025515794754
Classification AUC (TEST): 0.7194
Test MSE: 0.0050
Poisson likelihood: 0.0
CE loss: 0.1211128979921341
NFE: 62.0000
Experiment 44984
Epoch 0093 [Test seq (cond on sampled tp)] | Loss 34.988800 | Likelihood -22.052023 | KL fp 3.4564 | FP STD 0.0263 | NFE 62.0000
KL coef: 0.5657686732081884
Train loss (one batch): 34.1706428527832
Train CE loss (one batch): 0.1057714968919754
Classification AUC (TEST): 0.7218
Test MSE: 0.0050
Poisson likelihood: 0.0
CE loss: 0.12079973518848419
NFE: 62.0000
Experiment 44984
Epoch 0094 [Test seq (cond on sampled tp)] | Loss 34.914337 | Likelihood -21.922195 | KL fp 3.4561 | FP STD 0.0259 | NFE 62.0000
KL coef: 0.5701109864761065
Train loss (one batch): 34.145145416259766
Train CE loss (one batch): 0.10791461914777756
Classification AUC (TEST): 0.7205
Test MSE: 0.0049
Poisson likelihood: 0.0
CE loss: 0.12120392173528671
NFE: 62.0000
Experiment 44984
Epoch 0095 [Test seq (cond on sampled tp)] | Loss 34.767509 | Likelihood -21.854811 | KL fp 3.4575 | FP STD 0.0262 | NFE 62.0000
KL coef: 0.5744098766113455
Train loss (one batch): 34.10226058959961
Train CE loss (one batch): 0.10724218934774399
Classification AUC (TEST): 0.7249
Test MSE: 0.0049
Poisson likelihood: 0.0
CE loss: 0.12025516480207443
NFE: 62.0000
Experiment 44984
Epoch 0096 [Test seq (cond on sampled tp)] | Loss 34.636482 | Likelihood -21.723206 | KL fp 3.4511 | FP STD 0.0280 | NFE 62.0000
KL coef: 0.578665777845232
Train loss (one batch): 33.86331558227539
Train CE loss (one batch): 0.10810749232769012
Classification AUC (TEST): 0.7275
Test MSE: 0.0049
Poisson likelihood: 0.0
CE loss: 0.12014944851398468
NFE: 62.0000
Experiment 44984
Epoch 0097 [Test seq (cond on sampled tp)] | Loss 34.559822 | Likelihood -21.674103 | KL fp 3.4307 | FP STD 0.0284 | NFE 74.0000
KL coef: 0.5828791200667797
Train loss (one batch): 33.91989517211914
Train CE loss (one batch): 0.10914068669080734
Classification AUC (TEST): 0.7320
Test MSE: 0.0049
Poisson likelihood: 0.0
CE loss: 0.11985048651695251
NFE: 74.0000
Experiment 44984
Epoch 0098 [Test seq (cond on sampled tp)] | Loss 34.530975 | Likelihood -21.570030 | KL fp 3.3983 | FP STD 0.0288 | NFE 74.0000
KL coef: 0.5870503288661119
Train loss (one batch): 33.62659454345703
Train CE loss (one batch): 0.10884058475494385
Classification AUC (TEST): 0.7287
Test MSE: 0.0049
Poisson likelihood: 0.0
CE loss: 0.12065957486629486
NFE: 74.0000
Experiment 44984
Epoch 0099 [Test seq (cond on sampled tp)] | Loss 34.400333 | Likelihood -21.490194 | KL fp 3.3812 | FP STD 0.0298 | NFE 74.0000
KL coef: 0.5911798255774507
Train loss (one batch): 33.393333435058594
Train CE loss (one batch): 0.10935017466545105
Classification AUC (TEST): 0.7337
Test MSE: 0.0048
Poisson likelihood: 0.0
CE loss: 0.1201009675860405
NFE: 74.0000
Experiment 44984
Epoch 0100 [Test seq (cond on sampled tp)] | Loss 35.440022 | Likelihood -22.204794 | KL fp 3.4184 | FP STD 0.0289 | NFE 74.0000
KL coef: 0.5952680273216762
Train loss (one batch): 34.54897689819336
Train CE loss (one batch): 0.10801823437213898
Classification AUC (TEST): 0.7050
Test MSE: 0.0050
Poisson likelihood: 0.0
CE loss: 0.12299313396215439
NFE: 74.0000
