/home/soyoung/latent_ode2/run_models.py
run_models.py --niters 100 -n 8000 -l 20 --latent-ode --z0-encoder rnn --dataset physionet --rec-dims 40 --rec-layers 3 --gen-layers 3 --units 50 --gru-units 50 --quantization 0.016 --classif --reg_dopri 0 --reg_kinetic 0 --reg_l1 0.0001 --reg_l2 0 --gpu 2
Experiment 26929
Epoch 0001 [Test seq (cond on sampled tp)] | Loss 59.108982 | Likelihood -46.825283 | KL fp 4.2204 | FP STD 0.0183 | NFE 14.0000
KL coef: 0.0
Train loss (one batch): 58.19058609008789
Train CE loss (one batch): 0.13044816255569458
Classification AUC (TEST): 0.5446
Test MSE: 0.0099
Poisson likelihood: 0.0
CE loss: 0.13303840160369873
NFE: 14.0000
Experiment 26929
Epoch 0002 [Test seq (cond on sampled tp)] | Loss 45.858749 | Likelihood -33.577251 | KL fp 4.7618 | FP STD 0.0100 | NFE 26.0000
KL coef: 0.0
Train loss (one batch): 45.77898406982422
Train CE loss (one batch): 0.1252627819776535
Classification AUC (TEST): 0.5191
Test MSE: 0.0073
Poisson likelihood: 0.0
CE loss: 0.13299962878227234
NFE: 26.0000
Experiment 26929
Epoch 0003 [Test seq (cond on sampled tp)] | Loss 42.854366 | Likelihood -30.485640 | KL fp 4.5464 | FP STD 0.0118 | NFE 26.0000
KL coef: 0.0
Train loss (one batch): 42.328311920166016
Train CE loss (one batch): 0.12820777297019958
Classification AUC (TEST): 0.5342
Test MSE: 0.0066
Poisson likelihood: 0.0
CE loss: 0.1338762640953064
NFE: 26.0000
Experiment 26929
Epoch 0004 [Test seq (cond on sampled tp)] | Loss 40.706596 | Likelihood -28.374699 | KL fp 4.8627 | FP STD 0.0088 | NFE 20.0000
KL coef: 0.0
Train loss (one batch): 39.76114273071289
Train CE loss (one batch): 0.12880516052246094
Classification AUC (TEST): 0.5592
Test MSE: 0.0062
Poisson likelihood: 0.0
CE loss: 0.1335068792104721
NFE: 20.0000
Experiment 26929
Epoch 0005 [Test seq (cond on sampled tp)] | Loss 38.801537 | Likelihood -26.654287 | KL fp 4.9536 | FP STD 0.0086 | NFE 20.0000
KL coef: 0.0
Train loss (one batch): 38.177337646484375
Train CE loss (one batch): 0.12910982966423035
Classification AUC (TEST): 0.6203
Test MSE: 0.0059
Poisson likelihood: 0.0
CE loss: 0.13165993988513947
NFE: 20.0000
Experiment 26929
Epoch 0006 [Test seq (cond on sampled tp)] | Loss 37.251579 | Likelihood -25.359808 | KL fp 5.0695 | FP STD 0.0072 | NFE 20.0000
KL coef: 0.0
Train loss (one batch): 36.809818267822266
Train CE loss (one batch): 0.12845617532730103
Classification AUC (TEST): 0.6347
Test MSE: 0.0056
Poisson likelihood: 0.0
CE loss: 0.12910228967666626
NFE: 20.0000
Experiment 26929
Epoch 0007 [Test seq (cond on sampled tp)] | Loss 36.734299 | Likelihood -24.860741 | KL fp 4.9393 | FP STD 0.0080 | NFE 20.0000
KL coef: 0.0
Train loss (one batch): 36.29129409790039
Train CE loss (one batch): 0.12901411950588226
Classification AUC (TEST): 0.6407
Test MSE: 0.0055
Poisson likelihood: 0.0
CE loss: 0.12891648709774017
NFE: 20.0000
Experiment 26929
Epoch 0008 [Test seq (cond on sampled tp)] | Loss 36.423874 | Likelihood -24.534454 | KL fp 5.1400 | FP STD 0.0067 | NFE 32.0000
KL coef: 0.0
Train loss (one batch): 36.166019439697266
Train CE loss (one batch): 0.13024306297302246
Classification AUC (TEST): 0.6429
Test MSE: 0.0055
Poisson likelihood: 0.0
CE loss: 0.12907461822032928
NFE: 32.0000
Experiment 26929
Epoch 0009 [Test seq (cond on sampled tp)] | Loss 36.238033 | Likelihood -24.325285 | KL fp 5.1362 | FP STD 0.0069 | NFE 32.0000
KL coef: 0.0
Train loss (one batch): 35.94110870361328
Train CE loss (one batch): 0.13051815330982208
Classification AUC (TEST): 0.6456
Test MSE: 0.0054
Poisson likelihood: 0.0
CE loss: 0.1293056607246399
NFE: 32.0000
Experiment 26929
Epoch 0010 [Test seq (cond on sampled tp)] | Loss 36.073402 | Likelihood -24.169058 | KL fp 5.2367 | FP STD 0.0061 | NFE 32.0000
KL coef: 0.0
Train loss (one batch): 35.7668571472168
Train CE loss (one batch): 0.13095051050186157
Classification AUC (TEST): 0.6488
Test MSE: 0.0054
Poisson likelihood: 0.0
CE loss: 0.12922142446041107
NFE: 32.0000
Experiment 26929
Epoch 0011 [Test seq (cond on sampled tp)] | Loss 35.989872 | Likelihood -24.052921 | KL fp 5.2744 | FP STD 0.0061 | NFE 44.0000
KL coef: 0.010000000000000009
Train loss (one batch): 35.64727020263672
Train CE loss (one batch): 0.1308000683784485
Classification AUC (TEST): 0.6520
Test MSE: 0.0054
Poisson likelihood: 0.0
CE loss: 0.1290184110403061
NFE: 44.0000
Experiment 26929
Epoch 0012 [Test seq (cond on sampled tp)] | Loss 35.915653 | Likelihood -23.979177 | KL fp 4.9561 | FP STD 0.0088 | NFE 44.0000
KL coef: 0.01990000000000003
Train loss (one batch): 35.712440490722656
Train CE loss (one batch): 0.13032442331314087
Classification AUC (TEST): 0.6569
Test MSE: 0.0053
Poisson likelihood: 0.0
CE loss: 0.12855222821235657
NFE: 44.0000
Experiment 26929
Epoch 0013 [Test seq (cond on sampled tp)] | Loss 36.168751 | Likelihood -24.116873 | KL fp 4.6378 | FP STD 0.0129 | NFE 44.0000
KL coef: 0.029700999999999977
Train loss (one batch): 35.93492126464844
Train CE loss (one batch): 0.13149002194404602
Classification AUC (TEST): 0.6601
Test MSE: 0.0054
Poisson likelihood: 0.0
CE loss: 0.12931610643863678
NFE: 44.0000
Experiment 26929
Epoch 0014 [Test seq (cond on sampled tp)] | Loss 36.289528 | Likelihood -24.206985 | KL fp 4.2239 | FP STD 0.0173 | NFE 50.0000
KL coef: 0.039403990000000055
Train loss (one batch): 36.080101013183594
Train CE loss (one batch): 0.131280779838562
Classification AUC (TEST): 0.6610
Test MSE: 0.0054
Poisson likelihood: 0.0
CE loss: 0.12933246791362762
NFE: 50.0000
Experiment 26929
Epoch 0015 [Test seq (cond on sampled tp)] | Loss 36.100853 | Likelihood -24.129719 | KL fp 4.4891 | FP STD 0.0154 | NFE 50.0000
KL coef: 0.04900995010000009
Train loss (one batch): 35.759429931640625
Train CE loss (one batch): 0.12823709845542908
Classification AUC (TEST): 0.6658
Test MSE: 0.0054
Poisson likelihood: 0.0
CE loss: 0.12769299745559692
NFE: 50.0000
Experiment 26929
Epoch 0016 [Test seq (cond on sampled tp)] | Loss 36.934124 | Likelihood -24.959095 | KL fp 4.2970 | FP STD 0.0231 | NFE 50.0000
KL coef: 0.058519850599
Train loss (one batch): 36.38782501220703
Train CE loss (one batch): 0.12713328003883362
Classification AUC (TEST): 0.6690
Test MSE: 0.0055
Poisson likelihood: 0.0
CE loss: 0.1274128556251526
NFE: 50.0000
Experiment 26929
Epoch 0017 [Test seq (cond on sampled tp)] | Loss 36.399403 | Likelihood -24.466896 | KL fp 4.2343 | FP STD 0.0218 | NFE 50.0000
KL coef: 0.06793465209301008
Train loss (one batch): 35.82778549194336
Train CE loss (one batch): 0.1255635917186737
Classification AUC (TEST): 0.6759
Test MSE: 0.0054
Poisson likelihood: 0.0
CE loss: 0.1266137957572937
NFE: 50.0000
Experiment 26929
Epoch 0018 [Test seq (cond on sampled tp)] | Loss 36.104252 | Likelihood -24.163403 | KL fp 4.3826 | FP STD 0.0181 | NFE 50.0000
KL coef: 0.07725530557207994
Train loss (one batch): 35.84767532348633
Train CE loss (one batch): 0.12671956419944763
Classification AUC (TEST): 0.6793
Test MSE: 0.0054
Poisson likelihood: 0.0
CE loss: 0.12618668377399445
NFE: 50.0000
Experiment 26929
Epoch 0019 [Test seq (cond on sampled tp)] | Loss 35.933826 | Likelihood -24.022903 | KL fp 4.3341 | FP STD 0.0178 | NFE 50.0000
KL coef: 0.08648275251635917
Train loss (one batch): 35.55107116699219
Train CE loss (one batch): 0.12609407305717468
Classification AUC (TEST): 0.6836
Test MSE: 0.0054
Poisson likelihood: 0.0
CE loss: 0.1255253404378891
NFE: 50.0000
Experiment 26929
Epoch 0020 [Test seq (cond on sampled tp)] | Loss 35.853966 | Likelihood -23.954390 | KL fp 4.2961 | FP STD 0.0180 | NFE 50.0000
KL coef: 0.09561792499119559
Train loss (one batch): 35.5845947265625
Train CE loss (one batch): 0.12507034838199615
Classification AUC (TEST): 0.6868
Test MSE: 0.0053
Poisson likelihood: 0.0
CE loss: 0.1250481754541397
NFE: 50.0000
Experiment 26929
Epoch 0021 [Test seq (cond on sampled tp)] | Loss 35.898144 | Likelihood -23.997704 | KL fp 4.3351 | FP STD 0.0182 | NFE 56.0000
KL coef: 0.10466174574128362
Train loss (one batch): 35.482688903808594
Train CE loss (one batch): 0.12431144714355469
Classification AUC (TEST): 0.6911
Test MSE: 0.0054
Poisson likelihood: 0.0
CE loss: 0.12462300062179565
NFE: 56.0000
Experiment 26929
Epoch 0022 [Test seq (cond on sampled tp)] | Loss 35.793732 | Likelihood -23.888739 | KL fp 4.2091 | FP STD 0.0180 | NFE 56.0000
KL coef: 0.11361512828387077
Train loss (one batch): 35.251869201660156
Train CE loss (one batch): 0.12342812865972519
Classification AUC (TEST): 0.6871
Test MSE: 0.0053
Poisson likelihood: 0.0
CE loss: 0.12443133443593979
NFE: 56.0000
Experiment 26929
Epoch 0023 [Test seq (cond on sampled tp)] | Loss 35.801327 | Likelihood -23.929420 | KL fp 4.1352 | FP STD 0.0200 | NFE 56.0000
KL coef: 0.12247897700103216
Train loss (one batch): 35.452362060546875
Train CE loss (one batch): 0.12271848320960999
Classification AUC (TEST): 0.6917
Test MSE: 0.0053
Poisson likelihood: 0.0
CE loss: 0.12380765378475189
NFE: 56.0000
Experiment 26929
Epoch 0024 [Test seq (cond on sampled tp)] | Loss 35.777122 | Likelihood -23.854008 | KL fp 4.3470 | FP STD 0.0173 | NFE 56.0000
KL coef: 0.13125418723102178
Train loss (one batch): 35.38230895996094
Train CE loss (one batch): 0.12288326025009155
Classification AUC (TEST): 0.6916
Test MSE: 0.0053
Poisson likelihood: 0.0
CE loss: 0.12368141859769821
NFE: 56.0000
Experiment 26929
Epoch 0025 [Test seq (cond on sampled tp)] | Loss 35.709373 | Likelihood -23.807173 | KL fp 4.1709 | FP STD 0.0184 | NFE 56.0000
KL coef: 0.13994164535871156
Train loss (one batch): 35.265811920166016
Train CE loss (one batch): 0.12108813226222992
Classification AUC (TEST): 0.6935
Test MSE: 0.0053
Poisson likelihood: 0.0
CE loss: 0.12333454936742783
NFE: 56.0000
Experiment 26929
Epoch 0026 [Test seq (cond on sampled tp)] | Loss 35.701981 | Likelihood -23.828205 | KL fp 4.0089 | FP STD 0.0190 | NFE 56.0000
KL coef: 0.14854222890512447
Train loss (one batch): 35.45221710205078
Train CE loss (one batch): 0.12179648876190186
Classification AUC (TEST): 0.6960
Test MSE: 0.0053
Poisson likelihood: 0.0
CE loss: 0.12293170392513275
NFE: 56.0000
Experiment 26929
Epoch 0027 [Test seq (cond on sampled tp)] | Loss 35.722008 | Likelihood -23.805471 | KL fp 4.0295 | FP STD 0.0184 | NFE 56.0000
KL coef: 0.15705680661607324
Train loss (one batch): 35.278133392333984
Train CE loss (one batch): 0.12005101144313812
Classification AUC (TEST): 0.6929
Test MSE: 0.0053
Poisson likelihood: 0.0
CE loss: 0.12298496812582016
NFE: 56.0000
Experiment 26929
Epoch 0028 [Test seq (cond on sampled tp)] | Loss inf | Likelihood -23.733091 | KL fp inf | FP STD 0.0173 | NFE 56.0000
KL coef: 0.1654862385499125
Train loss (one batch): 35.134132385253906
Train CE loss (one batch): 0.1207287535071373
Classification AUC (TEST): 0.6952
Test MSE: 0.0053
Poisson likelihood: 0.0
CE loss: 0.12266278266906738
NFE: 56.0000
Experiment 26929
Epoch 0029 [Test seq (cond on sampled tp)] | Loss 35.733696 | Likelihood -23.782415 | KL fp 3.9831 | FP STD 0.0192 | NFE 56.0000
KL coef: 0.17383137616441335
Train loss (one batch): 35.09584045410156
Train CE loss (one batch): 0.12067314237356186
Classification AUC (TEST): 0.6944
Test MSE: 0.0053
Poisson likelihood: 0.0
CE loss: 0.12273689359426498
NFE: 56.0000
Experiment 26929
Epoch 0030 [Test seq (cond on sampled tp)] | Loss 35.640030 | Likelihood -23.678909 | KL fp 4.0953 | FP STD 0.0173 | NFE 56.0000
KL coef: 0.18209306240276923
Train loss (one batch): 35.07561492919922
Train CE loss (one batch): 0.12026619911193848
Classification AUC (TEST): 0.6961
Test MSE: 0.0053
Poisson likelihood: 0.0
CE loss: 0.12230466306209564
NFE: 56.0000
Experiment 26929
Epoch 0031 [Test seq (cond on sampled tp)] | Loss 35.644428 | Likelihood -23.648952 | KL fp 4.1082 | FP STD 0.0168 | NFE 56.0000
KL coef: 0.19027213177874158
Train loss (one batch): 35.049217224121094
Train CE loss (one batch): 0.11964040249586105
Classification AUC (TEST): 0.6978
Test MSE: 0.0053
Poisson likelihood: 0.0
CE loss: 0.12228286266326904
NFE: 56.0000
Experiment 26929
Epoch 0032 [Test seq (cond on sampled tp)] | Loss 35.718433 | Likelihood -23.656471 | KL fp 4.0769 | FP STD 0.0175 | NFE 56.0000
KL coef: 0.19836941046095413
Train loss (one batch): 35.13295364379883
Train CE loss (one batch): 0.11864259839057922
Classification AUC (TEST): 0.6932
Test MSE: 0.0053
Poisson likelihood: 0.0
CE loss: 0.12267687171697617
NFE: 56.0000
Experiment 26929
Epoch 0033 [Test seq (cond on sampled tp)] | Loss 35.714348 | Likelihood -23.645992 | KL fp 4.0396 | FP STD 0.0180 | NFE 50.0000
KL coef: 0.20638571635634462
Train loss (one batch): 35.0818977355957
Train CE loss (one batch): 0.11861923336982727
Classification AUC (TEST): 0.6941
Test MSE: 0.0053
Poisson likelihood: 0.0
CE loss: 0.1224915087223053
NFE: 50.0000
Experiment 26929
Epoch 0034 [Test seq (cond on sampled tp)] | Loss 35.789246 | Likelihood -23.667547 | KL fp 4.0797 | FP STD 0.0175 | NFE 50.0000
KL coef: 0.21432185919278124
Train loss (one batch): 35.07941436767578
Train CE loss (one batch): 0.11802135407924652
Classification AUC (TEST): 0.6925
Test MSE: 0.0053
Poisson likelihood: 0.0
CE loss: 0.12261610478162766
NFE: 50.0000
Experiment 26929
Epoch 0035 [Test seq (cond on sampled tp)] | Loss 35.708218 | Likelihood -23.610405 | KL fp 4.0626 | FP STD 0.0177 | NFE 50.0000
KL coef: 0.22217864060085335
Train loss (one batch): 35.23712158203125
Train CE loss (one batch): 0.1194184273481369
Classification AUC (TEST): 0.6985
Test MSE: 0.0053
Poisson likelihood: 0.0
CE loss: 0.12209981679916382
NFE: 50.0000
Experiment 26929
Epoch 0036 [Test seq (cond on sampled tp)] | Loss 35.720402 | Likelihood -23.586620 | KL fp 3.9626 | FP STD 0.0180 | NFE 50.0000
KL coef: 0.2299568541948449
Train loss (one batch): 35.200618743896484
Train CE loss (one batch): 0.11919674277305603
Classification AUC (TEST): 0.6948
Test MSE: 0.0053
Poisson likelihood: 0.0
CE loss: 0.12236747145652771
NFE: 50.0000
Experiment 26929
Epoch 0037 [Test seq (cond on sampled tp)] | Loss 35.756550 | Likelihood -23.591124 | KL fp 3.9640 | FP STD 0.0178 | NFE 62.0000
KL coef: 0.23765728565289646
Train loss (one batch): 35.12211608886719
Train CE loss (one batch): 0.11729489266872406
Classification AUC (TEST): 0.6947
Test MSE: 0.0053
Poisson likelihood: 0.0
CE loss: 0.12238705158233643
NFE: 62.0000
Experiment 26929
Epoch 0038 [Test seq (cond on sampled tp)] | Loss 35.732407 | Likelihood -23.543356 | KL fp 3.9411 | FP STD 0.0177 | NFE 62.0000
KL coef: 0.24528071279636743
Train loss (one batch): 35.08243942260742
Train CE loss (one batch): 0.11745776236057281
Classification AUC (TEST): 0.6950
Test MSE: 0.0053
Poisson likelihood: 0.0
CE loss: 0.12236689776182175
NFE: 62.0000
Experiment 26929
Epoch 0039 [Test seq (cond on sampled tp)] | Loss 35.863937 | Likelihood -23.634298 | KL fp 4.0146 | FP STD 0.0190 | NFE 62.0000
KL coef: 0.25282790566840385
Train loss (one batch): 35.37477493286133
Train CE loss (one batch): 0.1183922216296196
Classification AUC (TEST): 0.6949
Test MSE: 0.0053
Poisson likelihood: 0.0
CE loss: 0.12229415029287338
NFE: 62.0000
Experiment 26929
Epoch 0040 [Test seq (cond on sampled tp)] | Loss 35.870682 | Likelihood -23.641190 | KL fp 3.8316 | FP STD 0.0207 | NFE 62.0000
KL coef: 0.2602996266117198
Train loss (one batch): 35.45710754394531
Train CE loss (one batch): 0.11776449531316757
Classification AUC (TEST): 0.6933
Test MSE: 0.0053
Poisson likelihood: 0.0
CE loss: 0.12246094644069672
NFE: 62.0000
Experiment 26929
Epoch 0041 [Test seq (cond on sampled tp)] | Loss 35.892380 | Likelihood -23.631992 | KL fp 3.8273 | FP STD 0.0205 | NFE 62.0000
KL coef: 0.26769663034560254
Train loss (one batch): 35.26590347290039
Train CE loss (one batch): 0.11792860925197601
Classification AUC (TEST): 0.6934
Test MSE: 0.0053
Poisson likelihood: 0.0
CE loss: 0.12249866127967834
NFE: 62.0000
Experiment 26929
Epoch 0042 [Test seq (cond on sampled tp)] | Loss 35.927952 | Likelihood -23.637062 | KL fp 3.8263 | FP STD 0.0203 | NFE 62.0000
KL coef: 0.2750196640421466
Train loss (one batch): 35.32668685913086
Train CE loss (one batch): 0.1185082420706749
Classification AUC (TEST): 0.6932
Test MSE: 0.0053
Poisson likelihood: 0.0
CE loss: 0.12253086268901825
NFE: 62.0000
Experiment 26929
Epoch 0043 [Test seq (cond on sampled tp)] | Loss 35.943699 | Likelihood -23.608160 | KL fp 3.8361 | FP STD 0.0201 | NFE 62.0000
KL coef: 0.2822694674017251
Train loss (one batch): 35.443809509277344
Train CE loss (one batch): 0.11850862950086594
Classification AUC (TEST): 0.6928
Test MSE: 0.0053
Poisson likelihood: 0.0
CE loss: 0.12266789376735687
NFE: 62.0000
Experiment 26929
Epoch 0044 [Test seq (cond on sampled tp)] | Loss 35.951107 | Likelihood -23.587688 | KL fp 3.8637 | FP STD 0.0197 | NFE 62.0000
KL coef: 0.2894467727277079
Train loss (one batch): 35.43603515625
Train CE loss (one batch): 0.11733044683933258
Classification AUC (TEST): 0.6935
Test MSE: 0.0053
Poisson likelihood: 0.0
CE loss: 0.12260295450687408
NFE: 62.0000
Experiment 26929
Epoch 0045 [Test seq (cond on sampled tp)] | Loss 35.938354 | Likelihood -23.555893 | KL fp 3.8446 | FP STD 0.0201 | NFE 62.0000
KL coef: 0.29655230500043084
Train loss (one batch): 35.2594108581543
Train CE loss (one batch): 0.11636623740196228
Classification AUC (TEST): 0.6933
Test MSE: 0.0053
Poisson likelihood: 0.0
CE loss: 0.12256434559822083
NFE: 62.0000
Experiment 26929
Epoch 0046 [Test seq (cond on sampled tp)] | Loss 35.951141 | Likelihood -23.547169 | KL fp 3.9145 | FP STD 0.0191 | NFE 62.0000
KL coef: 0.30358678195042654
Train loss (one batch): 35.41078567504883
Train CE loss (one batch): 0.11745885014533997
Classification AUC (TEST): 0.6964
Test MSE: 0.0053
Poisson likelihood: 0.0
CE loss: 0.12229963392019272
NFE: 62.0000
Experiment 26929
Epoch 0047 [Test seq (cond on sampled tp)] | Loss 35.995487 | Likelihood -23.569899 | KL fp 3.8565 | FP STD 0.0197 | NFE 62.0000
KL coef: 0.3105509141309223
Train loss (one batch): 35.395389556884766
Train CE loss (one batch): 0.11717298626899719
Classification AUC (TEST): 0.6949
Test MSE: 0.0053
Poisson likelihood: 0.0
CE loss: 0.12241628766059875
NFE: 62.0000
Experiment 26929
Epoch 0048 [Test seq (cond on sampled tp)] | Loss 35.954239 | Likelihood -23.492752 | KL fp 3.8308 | FP STD 0.0200 | NFE 62.0000
KL coef: 0.31744540498961304
Train loss (one batch): 35.5142707824707
Train CE loss (one batch): 0.11715351045131683
Classification AUC (TEST): 0.6945
Test MSE: 0.0052
Poisson likelihood: 0.0
CE loss: 0.12259465456008911
NFE: 62.0000
Experiment 26929
Epoch 0049 [Test seq (cond on sampled tp)] | Loss 36.010941 | Likelihood -23.546658 | KL fp 3.8003 | FP STD 0.0203 | NFE 62.0000
KL coef: 0.3242709509397169
Train loss (one batch): 35.40937805175781
Train CE loss (one batch): 0.11721473932266235
Classification AUC (TEST): 0.6957
Test MSE: 0.0053
Poisson likelihood: 0.0
CE loss: 0.12245767563581467
NFE: 62.0000
Experiment 26929
Epoch 0050 [Test seq (cond on sampled tp)] | Loss 36.021099 | Likelihood -23.513449 | KL fp 3.8293 | FP STD 0.0199 | NFE 62.0000
KL coef: 0.3310282414303197
Train loss (one batch): 35.64796829223633
Train CE loss (one batch): 0.11876431107521057
Classification AUC (TEST): 0.6950
Test MSE: 0.0053
Poisson likelihood: 0.0
CE loss: 0.12253483384847641
NFE: 62.0000
Experiment 26929
Epoch 0051 [Test seq (cond on sampled tp)] | Loss 36.080048 | Likelihood -23.553066 | KL fp 3.7730 | FP STD 0.0208 | NFE 62.0000
KL coef: 0.33771795901601653
Train loss (one batch): 35.37171173095703
Train CE loss (one batch): 0.11608812212944031
Classification AUC (TEST): 0.6929
Test MSE: 0.0053
Poisson likelihood: 0.0
CE loss: 0.12266384065151215
NFE: 62.0000
Experiment 26929
Epoch 0052 [Test seq (cond on sampled tp)] | Loss 36.056019 | Likelihood -23.488539 | KL fp 3.7682 | FP STD 0.0207 | NFE 62.0000
KL coef: 0.3443407794258564
Train loss (one batch): 35.504737854003906
Train CE loss (one batch): 0.1176326721906662
Classification AUC (TEST): 0.6904
Test MSE: 0.0052
Poisson likelihood: 0.0
CE loss: 0.12283356487751007
NFE: 62.0000
Experiment 26929
Epoch 0053 [Test seq (cond on sampled tp)] | Loss 36.074974 | Likelihood -23.478577 | KL fp 3.8072 | FP STD 0.0200 | NFE 62.0000
KL coef: 0.35089737163159784
Train loss (one batch): 35.466949462890625
Train CE loss (one batch): 0.11649766564369202
Classification AUC (TEST): 0.6923
Test MSE: 0.0052
Poisson likelihood: 0.0
CE loss: 0.122739277780056
NFE: 62.0000
Experiment 26929
Epoch 0054 [Test seq (cond on sampled tp)] | Loss 36.105633 | Likelihood -23.480293 | KL fp 3.7970 | FP STD 0.0203 | NFE 62.0000
KL coef: 0.3573883979152819
Train loss (one batch): 35.451541900634766
Train CE loss (one batch): 0.11648741364479065
Classification AUC (TEST): 0.6928
Test MSE: 0.0052
Poisson likelihood: 0.0
CE loss: 0.12281971424818039
NFE: 62.0000
Experiment 26929
Epoch 0055 [Test seq (cond on sampled tp)] | Loss 36.090668 | Likelihood -23.457708 | KL fp 3.7866 | FP STD 0.0204 | NFE 62.0000
KL coef: 0.36381451393612907
Train loss (one batch): 35.244930267333984
Train CE loss (one batch): 0.11546334624290466
Classification AUC (TEST): 0.6934
Test MSE: 0.0052
Poisson likelihood: 0.0
CE loss: 0.12269284576177597
NFE: 62.0000
Experiment 26929
Epoch 0056 [Test seq (cond on sampled tp)] | Loss 36.131153 | Likelihood -23.487625 | KL fp 3.6982 | FP STD 0.0218 | NFE 62.0000
KL coef: 0.37017636879676774
Train loss (one batch): 35.38629150390625
Train CE loss (one batch): 0.1159827932715416
Classification AUC (TEST): 0.6914
Test MSE: 0.0052
Poisson likelihood: 0.0
CE loss: 0.12288293242454529
NFE: 62.0000
Experiment 26929
Epoch 0057 [Test seq (cond on sampled tp)] | Loss 36.128571 | Likelihood -23.466612 | KL fp 3.7198 | FP STD 0.0214 | NFE 62.0000
KL coef: 0.37647460510880004
Train loss (one batch): 35.41808319091797
Train CE loss (one batch): 0.11589357256889343
Classification AUC (TEST): 0.6940
Test MSE: 0.0052
Poisson likelihood: 0.0
CE loss: 0.12274717539548874
NFE: 62.0000
Experiment 26929
Epoch 0058 [Test seq (cond on sampled tp)] | Loss 36.151592 | Likelihood -23.465347 | KL fp 3.7333 | FP STD 0.0211 | NFE 62.0000
KL coef: 0.38270985905771204
Train loss (one batch): 35.59699630737305
Train CE loss (one batch): 0.11749949306249619
Classification AUC (TEST): 0.6940
Test MSE: 0.0052
Poisson likelihood: 0.0
CE loss: 0.12270950525999069
NFE: 62.0000
Experiment 26929
Epoch 0059 [Test seq (cond on sampled tp)] | Loss 36.141125 | Likelihood -23.420479 | KL fp 3.7471 | FP STD 0.0209 | NFE 62.0000
KL coef: 0.388882760467135
Train loss (one batch): 35.50249099731445
Train CE loss (one batch): 0.11564384400844574
Classification AUC (TEST): 0.6930
Test MSE: 0.0052
Poisson likelihood: 0.0
CE loss: 0.12276747077703476
NFE: 62.0000
Experiment 26929
Epoch 0060 [Test seq (cond on sampled tp)] | Loss 36.156464 | Likelihood -23.420357 | KL fp 3.7296 | FP STD 0.0210 | NFE 62.0000
KL coef: 0.39499393286246365
Train loss (one batch): 35.55907440185547
Train CE loss (one batch): 0.11650245636701584
Classification AUC (TEST): 0.6954
Test MSE: 0.0052
Poisson likelihood: 0.0
CE loss: 0.12276124954223633
NFE: 62.0000
Experiment 26929
Epoch 0061 [Test seq (cond on sampled tp)] | Loss 36.240616 | Likelihood -23.442394 | KL fp 3.7120 | FP STD 0.0212 | NFE 62.0000
KL coef: 0.401043993533839
Train loss (one batch): 35.63078308105469
Train CE loss (one batch): 0.11634072661399841
Classification AUC (TEST): 0.6909
Test MSE: 0.0052
Poisson likelihood: 0.0
CE loss: 0.12322978675365448
NFE: 62.0000
Experiment 26929
Epoch 0062 [Test seq (cond on sampled tp)] | Loss 36.203838 | Likelihood -23.413803 | KL fp 3.7147 | FP STD 0.0211 | NFE 62.0000
KL coef: 0.4070335535985006
Train loss (one batch): 35.43973159790039
Train CE loss (one batch): 0.11597409844398499
Classification AUC (TEST): 0.6952
Test MSE: 0.0052
Poisson likelihood: 0.0
CE loss: 0.12291853874921799
NFE: 62.0000
Experiment 26929
Epoch 0063 [Test seq (cond on sampled tp)] | Loss 36.272705 | Likelihood -23.426701 | KL fp 3.7237 | FP STD 0.0209 | NFE 62.0000
KL coef: 0.41296321806251557
Train loss (one batch): 35.57141876220703
Train CE loss (one batch): 0.11610764265060425
Classification AUC (TEST): 0.6916
Test MSE: 0.0052
Poisson likelihood: 0.0
CE loss: 0.12321455776691437
NFE: 62.0000
Experiment 26929
Epoch 0064 [Test seq (cond on sampled tp)] | Loss 36.313499 | Likelihood -23.500782 | KL fp 3.6856 | FP STD 0.0226 | NFE 62.0000
KL coef: 0.41883358588189046
Train loss (one batch): 35.730709075927734
Train CE loss (one batch): 0.11640152335166931
Classification AUC (TEST): 0.6956
Test MSE: 0.0053
Poisson likelihood: 0.0
CE loss: 0.12282215058803558
NFE: 62.0000
Experiment 26929
Epoch 0065 [Test seq (cond on sampled tp)] | Loss 36.304680 | Likelihood -23.484661 | KL fp 3.6373 | FP STD 0.0231 | NFE 62.0000
KL coef: 0.4246452500230715
Train loss (one batch): 35.608070373535156
Train CE loss (one batch): 0.11562009900808334
Classification AUC (TEST): 0.6933
Test MSE: 0.0052
Poisson likelihood: 0.0
CE loss: 0.12288662791252136
NFE: 62.0000
Experiment 26929
Epoch 0066 [Test seq (cond on sampled tp)] | Loss 36.302502 | Likelihood -23.504414 | KL fp 3.6180 | FP STD 0.0234 | NFE 62.0000
KL coef: 0.4303987975228408
Train loss (one batch): 35.772804260253906
Train CE loss (one batch): 0.11576195806264877
Classification AUC (TEST): 0.6980
Test MSE: 0.0053
Poisson likelihood: 0.0
CE loss: 0.1225413829088211
NFE: 62.0000
Experiment 26929
Epoch 0067 [Test seq (cond on sampled tp)] | Loss 36.316517 | Likelihood -23.453068 | KL fp 3.6186 | FP STD 0.0235 | NFE 62.0000
KL coef: 0.4360948095476125
Train loss (one batch): 35.43132019042969
Train CE loss (one batch): 0.11344273388385773
Classification AUC (TEST): 0.6951
Test MSE: 0.0052
Poisson likelihood: 0.0
CE loss: 0.12298791855573654
NFE: 62.0000
Experiment 26929
Epoch 0068 [Test seq (cond on sampled tp)] | Loss 36.407776 | Likelihood -23.464834 | KL fp 3.6648 | FP STD 0.0228 | NFE 62.0000
KL coef: 0.44173386145213633
Train loss (one batch): 35.68002700805664
Train CE loss (one batch): 0.11517950147390366
Classification AUC (TEST): 0.6902
Test MSE: 0.0052
Poisson likelihood: 0.0
CE loss: 0.12337436527013779
NFE: 62.0000
Experiment 26929
Epoch 0069 [Test seq (cond on sampled tp)] | Loss 36.375141 | Likelihood -23.452126 | KL fp 3.6499 | FP STD 0.0231 | NFE 62.0000
KL coef: 0.4473165228376149
Train loss (one batch): 35.59529113769531
Train CE loss (one batch): 0.11392771452665329
Classification AUC (TEST): 0.6945
Test MSE: 0.0052
Poisson likelihood: 0.0
CE loss: 0.12303860485553741
NFE: 62.0000
Experiment 26929
Epoch 0070 [Test seq (cond on sampled tp)] | Loss 36.417358 | Likelihood -23.419083 | KL fp 3.6443 | FP STD 0.0228 | NFE 62.0000
KL coef: 0.4528433576092388
Train loss (one batch): 35.74147415161133
Train CE loss (one batch): 0.11495526134967804
Classification AUC (TEST): 0.6893
Test MSE: 0.0052
Poisson likelihood: 0.0
CE loss: 0.12361358106136322
NFE: 62.0000
Experiment 26929
Epoch 0071 [Test seq (cond on sampled tp)] | Loss 36.434120 | Likelihood -23.444944 | KL fp 3.6512 | FP STD 0.0228 | NFE 62.0000
KL coef: 0.45831492403314644
Train loss (one batch): 35.649818420410156
Train CE loss (one batch): 0.11419357359409332
Classification AUC (TEST): 0.6926
Test MSE: 0.0052
Poisson likelihood: 0.0
CE loss: 0.12329073250293732
NFE: 62.0000
Experiment 26929
Epoch 0072 [Test seq (cond on sampled tp)] | Loss 36.392670 | Likelihood -23.384954 | KL fp 3.6242 | FP STD 0.0232 | NFE 62.0000
KL coef: 0.463731774792815
Train loss (one batch): 35.47770309448242
Train CE loss (one batch): 0.11433658003807068
Classification AUC (TEST): 0.6908
Test MSE: 0.0052
Poisson likelihood: 0.0
CE loss: 0.1234026551246643
NFE: 62.0000
Experiment 26929
Epoch 0073 [Test seq (cond on sampled tp)] | Loss 36.463860 | Likelihood -23.442146 | KL fp 3.5856 | FP STD 0.0236 | NFE 62.0000
KL coef: 0.46909445704488684
Train loss (one batch): 35.801090240478516
Train CE loss (one batch): 0.11564138531684875
Classification AUC (TEST): 0.6912
Test MSE: 0.0052
Poisson likelihood: 0.0
CE loss: 0.12352980673313141
NFE: 62.0000
Experiment 26929
Epoch 0074 [Test seq (cond on sampled tp)] | Loss 36.476582 | Likelihood -23.457327 | KL fp 3.5910 | FP STD 0.0236 | NFE 62.0000
KL coef: 0.474403512474438
Train loss (one batch): 35.79450988769531
Train CE loss (one batch): 0.1156400665640831
Classification AUC (TEST): 0.6930
Test MSE: 0.0052
Poisson likelihood: 0.0
CE loss: 0.12329010665416718
NFE: 62.0000
Experiment 26929
Epoch 0075 [Test seq (cond on sampled tp)] | Loss 36.426460 | Likelihood -23.397322 | KL fp 3.5696 | FP STD 0.0239 | NFE 62.0000
KL coef: 0.4796594773496936
Train loss (one batch): 35.75155258178711
Train CE loss (one batch): 0.11551131308078766
Classification AUC (TEST): 0.6933
Test MSE: 0.0052
Poisson likelihood: 0.0
CE loss: 0.12330326437950134
NFE: 62.0000
Experiment 26929
Epoch 0076 [Test seq (cond on sampled tp)] | Loss 36.486477 | Likelihood -23.378347 | KL fp 3.6059 | FP STD 0.0235 | NFE 62.0000
KL coef: 0.4848628825761967
Train loss (one batch): 35.944557189941406
Train CE loss (one batch): 0.11689338088035583
Classification AUC (TEST): 0.6882
Test MSE: 0.0052
Poisson likelihood: 0.0
CE loss: 0.12372975796461105
NFE: 62.0000
Experiment 26929
Epoch 0077 [Test seq (cond on sampled tp)] | Loss 36.551605 | Likelihood -23.422520 | KL fp 3.5950 | FP STD 0.0236 | NFE 62.0000
KL coef: 0.4900142537504347
Train loss (one batch): 35.81925582885742
Train CE loss (one batch): 0.11386673897504807
Classification AUC (TEST): 0.6901
Test MSE: 0.0052
Poisson likelihood: 0.0
CE loss: 0.1238093301653862
NFE: 62.0000
Experiment 26929
Epoch 0078 [Test seq (cond on sampled tp)] | Loss 36.475574 | Likelihood -23.374619 | KL fp 3.5610 | FP STD 0.0244 | NFE 62.0000
KL coef: 0.49511411121293036
Train loss (one batch): 35.80101013183594
Train CE loss (one batch): 0.11386554688215256
Classification AUC (TEST): 0.6919
Test MSE: 0.0052
Poisson likelihood: 0.0
CE loss: 0.12351135909557343
NFE: 62.0000
Experiment 26929
Epoch 0079 [Test seq (cond on sampled tp)] | Loss 36.501934 | Likelihood -23.413923 | KL fp 3.5373 | FP STD 0.0246 | NFE 62.0000
KL coef: 0.500162970100801
Train loss (one batch): 35.86030197143555
Train CE loss (one batch): 0.11480053514242172
Classification AUC (TEST): 0.6946
Test MSE: 0.0052
Poisson likelihood: 0.0
CE loss: 0.12331850826740265
NFE: 62.0000
Experiment 26929
Epoch 0080 [Test seq (cond on sampled tp)] | Loss 36.572060 | Likelihood -23.388868 | KL fp 3.5788 | FP STD 0.0238 | NFE 62.0000
KL coef: 0.505161340399793
Train loss (one batch): 35.76992416381836
Train CE loss (one batch): 0.11388109624385834
Classification AUC (TEST): 0.6899
Test MSE: 0.0052
Poisson likelihood: 0.0
CE loss: 0.12388552725315094
NFE: 62.0000
Experiment 26929
Epoch 0081 [Test seq (cond on sampled tp)] | Loss 36.566639 | Likelihood -23.397650 | KL fp 3.5458 | FP STD 0.0242 | NFE 62.0000
KL coef: 0.510109726995795
Train loss (one batch): 35.638816833496094
Train CE loss (one batch): 0.11338245123624802
Classification AUC (TEST): 0.6909
Test MSE: 0.0052
Poisson likelihood: 0.0
CE loss: 0.12373265624046326
NFE: 62.0000
Experiment 26929
Epoch 0082 [Test seq (cond on sampled tp)] | Loss 36.531605 | Likelihood -23.341412 | KL fp 3.5415 | FP STD 0.0243 | NFE 62.0000
KL coef: 0.5150086297258372
Train loss (one batch): 35.83882141113281
Train CE loss (one batch): 0.1145545169711113
Classification AUC (TEST): 0.6913
Test MSE: 0.0052
Poisson likelihood: 0.0
CE loss: 0.12380073964595795
NFE: 62.0000
Experiment 26929
Epoch 0083 [Test seq (cond on sampled tp)] | Loss 36.564735 | Likelihood -23.343763 | KL fp 3.5829 | FP STD 0.0238 | NFE 62.0000
KL coef: 0.5198585434285787
Train loss (one batch): 35.63142776489258
Train CE loss (one batch): 0.11328332126140594
Classification AUC (TEST): 0.6904
Test MSE: 0.0052
Poisson likelihood: 0.0
CE loss: 0.12371790409088135
NFE: 62.0000
Experiment 26929
Epoch 0084 [Test seq (cond on sampled tp)] | Loss 36.644543 | Likelihood -23.377806 | KL fp 3.5604 | FP STD 0.0239 | NFE 62.0000
KL coef: 0.524659957994293
Train loss (one batch): 35.95766830444336
Train CE loss (one batch): 0.11483009159564972
Classification AUC (TEST): 0.6896
Test MSE: 0.0052
Poisson likelihood: 0.0
CE loss: 0.12414352595806122
NFE: 62.0000
Experiment 26929
Epoch 0085 [Test seq (cond on sampled tp)] | Loss 36.595398 | Likelihood -23.320280 | KL fp 3.5909 | FP STD 0.0236 | NFE 62.0000
KL coef: 0.5294133584143501
Train loss (one batch): 35.739898681640625
Train CE loss (one batch): 0.1138550341129303
Classification AUC (TEST): 0.6913
Test MSE: 0.0052
Poisson likelihood: 0.0
CE loss: 0.12387245893478394
NFE: 62.0000
Experiment 26929
Epoch 0086 [Test seq (cond on sampled tp)] | Loss 36.662930 | Likelihood -23.352955 | KL fp 3.5869 | FP STD 0.0235 | NFE 62.0000
KL coef: 0.5341192248302067
Train loss (one batch): 35.76532745361328
Train CE loss (one batch): 0.11384385079145432
Classification AUC (TEST): 0.6889
Test MSE: 0.0052
Poisson likelihood: 0.0
CE loss: 0.12407214939594269
NFE: 62.0000
Experiment 26929
Epoch 0087 [Test seq (cond on sampled tp)] | Loss 36.647842 | Likelihood -23.344753 | KL fp 3.6199 | FP STD 0.0229 | NFE 62.0000
KL coef: 0.5387780325819045
Train loss (one batch): 35.97899627685547
Train CE loss (one batch): 0.115329310297966
Classification AUC (TEST): 0.6934
Test MSE: 0.0052
Poisson likelihood: 0.0
CE loss: 0.12366759032011032
NFE: 62.0000
Experiment 26929
Epoch 0088 [Test seq (cond on sampled tp)] | Loss 36.677452 | Likelihood -23.352642 | KL fp 3.5715 | FP STD 0.0238 | NFE 62.0000
KL coef: 0.5433902522560855
Train loss (one batch): 35.736968994140625
Train CE loss (one batch): 0.11343643069267273
Classification AUC (TEST): 0.6916
Test MSE: 0.0052
Poisson likelihood: 0.0
CE loss: 0.12397576868534088
NFE: 62.0000
Experiment 26929
Epoch 0089 [Test seq (cond on sampled tp)] | Loss 36.655499 | Likelihood -23.317869 | KL fp 3.5538 | FP STD 0.0238 | NFE 62.0000
KL coef: 0.5479563497335247
Train loss (one batch): 35.806800842285156
Train CE loss (one batch): 0.11308156698942184
Classification AUC (TEST): 0.6901
Test MSE: 0.0052
Poisson likelihood: 0.0
CE loss: 0.12403379380702972
NFE: 62.0000
Experiment 26929
Epoch 0090 [Test seq (cond on sampled tp)] | Loss 36.723839 | Likelihood -23.349083 | KL fp 3.5264 | FP STD 0.0247 | NFE 62.0000
KL coef: 0.5524767862361895
Train loss (one batch): 35.705989837646484
Train CE loss (one batch): 0.11263598501682281
Classification AUC (TEST): 0.6882
Test MSE: 0.0052
Poisson likelihood: 0.0
CE loss: 0.12440340220928192
NFE: 62.0000
Experiment 26929
Epoch 0091 [Test seq (cond on sampled tp)] | Loss 36.700405 | Likelihood -23.343319 | KL fp 3.5107 | FP STD 0.0249 | NFE 62.0000
KL coef: 0.5569520183738275
Train loss (one batch): 36.056392669677734
Train CE loss (one batch): 0.11474176496267319
Classification AUC (TEST): 0.6902
Test MSE: 0.0052
Poisson likelihood: 0.0
CE loss: 0.1241672933101654
NFE: 62.0000
Experiment 26929
Epoch 0092 [Test seq (cond on sampled tp)] | Loss 36.726055 | Likelihood -23.324209 | KL fp 3.5891 | FP STD 0.0243 | NFE 62.0000
KL coef: 0.5613824981900892
Train loss (one batch): 35.84294891357422
Train CE loss (one batch): 0.11321764439344406
Classification AUC (TEST): 0.6919
Test MSE: 0.0052
Poisson likelihood: 0.0
CE loss: 0.12400510907173157
NFE: 62.0000
Experiment 26929
Epoch 0093 [Test seq (cond on sampled tp)] | Loss 36.764488 | Likelihood -23.369801 | KL fp 3.4806 | FP STD 0.0252 | NFE 62.0000
KL coef: 0.5657686732081884
Train loss (one batch): 36.06392288208008
Train CE loss (one batch): 0.11463111639022827
Classification AUC (TEST): 0.6887
Test MSE: 0.0052
Poisson likelihood: 0.0
CE loss: 0.12438440322875977
NFE: 62.0000
Experiment 26929
Epoch 0094 [Test seq (cond on sampled tp)] | Loss 36.817371 | Likelihood -23.360123 | KL fp 3.4773 | FP STD 0.0257 | NFE 62.0000
KL coef: 0.5701109864761065
Train loss (one batch): 35.69420623779297
Train CE loss (one batch): 0.11243711411952972
Classification AUC (TEST): 0.6866
Test MSE: 0.0052
Poisson likelihood: 0.0
CE loss: 0.12487734854221344
NFE: 62.0000
Experiment 26929
Epoch 0095 [Test seq (cond on sampled tp)] | Loss 36.742489 | Likelihood -23.354759 | KL fp 3.4738 | FP STD 0.0255 | NFE 62.0000
KL coef: 0.5744098766113455
Train loss (one batch): 35.59842300415039
Train CE loss (one batch): 0.11178843677043915
Classification AUC (TEST): 0.6912
Test MSE: 0.0052
Poisson likelihood: 0.0
CE loss: 0.1240508183836937
NFE: 62.0000
Experiment 26929
Epoch 0096 [Test seq (cond on sampled tp)] | Loss 36.794632 | Likelihood -23.370665 | KL fp 3.4311 | FP STD 0.0261 | NFE 62.0000
KL coef: 0.578665777845232
Train loss (one batch): 35.850135803222656
Train CE loss (one batch): 0.11277757585048676
Classification AUC (TEST): 0.6887
Test MSE: 0.0052
Poisson likelihood: 0.0
CE loss: 0.12451191246509552
NFE: 62.0000
Experiment 26929
Epoch 0097 [Test seq (cond on sampled tp)] | Loss 36.812855 | Likelihood -23.386297 | KL fp 3.3786 | FP STD 0.0272 | NFE 62.0000
KL coef: 0.5828791200667797
Train loss (one batch): 35.92289733886719
Train CE loss (one batch): 0.11320739984512329
Classification AUC (TEST): 0.6888
Test MSE: 0.0052
Poisson likelihood: 0.0
CE loss: 0.12470164895057678
NFE: 62.0000
Experiment 26929
Epoch 0098 [Test seq (cond on sampled tp)] | Loss 36.868279 | Likelihood -23.369904 | KL fp 3.4418 | FP STD 0.0262 | NFE 62.0000
KL coef: 0.5870503288661119
Train loss (one batch): 35.75920867919922
Train CE loss (one batch): 0.11161883920431137
Classification AUC (TEST): 0.6867
Test MSE: 0.0052
Poisson likelihood: 0.0
CE loss: 0.12491866946220398
NFE: 62.0000
Experiment 26929
Epoch 0099 [Test seq (cond on sampled tp)] | Loss 36.817535 | Likelihood -23.326504 | KL fp 3.4232 | FP STD 0.0265 | NFE 62.0000
KL coef: 0.5911798255774507
Train loss (one batch): 35.49563217163086
Train CE loss (one batch): 0.11087602376937866
Classification AUC (TEST): 0.6894
Test MSE: 0.0052
Poisson likelihood: 0.0
CE loss: 0.1247982308268547
NFE: 62.0000
Experiment 26929
Epoch 0100 [Test seq (cond on sampled tp)] | Loss 36.870888 | Likelihood -23.340796 | KL fp 3.4457 | FP STD 0.0260 | NFE 62.0000
KL coef: 0.5952680273216762
Train loss (one batch): 35.8638801574707
Train CE loss (one batch): 0.11258679628372192
Classification AUC (TEST): 0.6866
Test MSE: 0.0052
Poisson likelihood: 0.0
CE loss: 0.12491804361343384
NFE: 62.0000
