/home/soyoung/latent_ode1/run_models.py
run_models.py --niters 100 -n 8000 -l 20 --latent-ode --z0-encoder rnn --dataset physionet --rec-dims 40 --rec-layers 3 --gen-layers 3 --units 50 --gru-units 50 --quantization 0.016 --classif --reg_dopri 0 --reg_kinetic 0 --reg_l1 0 --reg_l2 0.001 --gpu 1
Experiment 20538
Epoch 0001 [Test seq (cond on sampled tp)] | Loss 58.764469 | Likelihood -46.576439 | KL fp 4.1859 | FP STD 0.0175 | NFE 14.0000
KL coef: 0.0
Train loss (one batch): 57.8408317565918
Train CE loss (one batch): 0.12993010878562927
Classification AUC (TEST): 0.5453
Test MSE: 0.0099
Poisson likelihood: 0.0
CE loss: 0.13287267088890076
NFE: 14.0000
Experiment 20538
Epoch 0002 [Test seq (cond on sampled tp)] | Loss 45.649040 | Likelihood -33.456074 | KL fp 4.7595 | FP STD 0.0101 | NFE 26.0000
KL coef: 0.0
Train loss (one batch): 45.56687927246094
Train CE loss (one batch): 0.12488599121570587
Classification AUC (TEST): 0.5169
Test MSE: 0.0072
Poisson likelihood: 0.0
CE loss: 0.13291583955287933
NFE: 26.0000
Experiment 20538
Epoch 0003 [Test seq (cond on sampled tp)] | Loss 42.547085 | Likelihood -30.318264 | KL fp 4.7385 | FP STD 0.0105 | NFE 26.0000
KL coef: 0.0
Train loss (one batch): 42.137779235839844
Train CE loss (one batch): 0.12763269245624542
Classification AUC (TEST): 0.5345
Test MSE: 0.0066
Poisson likelihood: 0.0
CE loss: 0.13327915966510773
NFE: 26.0000
Experiment 20538
Epoch 0004 [Test seq (cond on sampled tp)] | Loss 40.541840 | Likelihood -28.298788 | KL fp 4.8640 | FP STD 0.0087 | NFE 20.0000
KL coef: 0.0
Train loss (one batch): 39.66093444824219
Train CE loss (one batch): 0.12859605252742767
Classification AUC (TEST): 0.5705
Test MSE: 0.0062
Poisson likelihood: 0.0
CE loss: 0.13341957330703735
NFE: 20.0000
Experiment 20538
Epoch 0005 [Test seq (cond on sampled tp)] | Loss 38.579346 | Likelihood -26.557201 | KL fp 4.9378 | FP STD 0.0085 | NFE 20.0000
KL coef: 0.0
Train loss (one batch): 37.9168815612793
Train CE loss (one batch): 0.12843814492225647
Classification AUC (TEST): 0.6192
Test MSE: 0.0059
Poisson likelihood: 0.0
CE loss: 0.13121165335178375
NFE: 20.0000
Experiment 20538
Epoch 0006 [Test seq (cond on sampled tp)] | Loss 37.102753 | Likelihood -25.328487 | KL fp 5.2221 | FP STD 0.0064 | NFE 20.0000
KL coef: 0.0
Train loss (one batch): 36.710079193115234
Train CE loss (one batch): 0.12802761793136597
Classification AUC (TEST): 0.6362
Test MSE: 0.0056
Poisson likelihood: 0.0
CE loss: 0.1287316381931305
NFE: 20.0000
Experiment 20538
Epoch 0007 [Test seq (cond on sampled tp)] | Loss 36.625053 | Likelihood -24.838852 | KL fp 4.9325 | FP STD 0.0079 | NFE 20.0000
KL coef: 0.0
Train loss (one batch): 36.19643020629883
Train CE loss (one batch): 0.12875112891197205
Classification AUC (TEST): 0.6388
Test MSE: 0.0055
Poisson likelihood: 0.0
CE loss: 0.12884847819805145
NFE: 20.0000
Experiment 20538
Epoch 0008 [Test seq (cond on sampled tp)] | Loss 36.362762 | Likelihood -24.541149 | KL fp 5.0757 | FP STD 0.0074 | NFE 32.0000
KL coef: 0.0
Train loss (one batch): 36.092811584472656
Train CE loss (one batch): 0.12959840893745422
Classification AUC (TEST): 0.6397
Test MSE: 0.0055
Poisson likelihood: 0.0
CE loss: 0.1292031705379486
NFE: 32.0000
Experiment 20538
Epoch 0009 [Test seq (cond on sampled tp)] | Loss 36.144543 | Likelihood -24.314575 | KL fp 5.1123 | FP STD 0.0074 | NFE 32.0000
KL coef: 0.0
Train loss (one batch): 35.73524475097656
Train CE loss (one batch): 0.12976348400115967
Classification AUC (TEST): 0.6420
Test MSE: 0.0054
Poisson likelihood: 0.0
CE loss: 0.12928611040115356
NFE: 32.0000
Experiment 20538
Epoch 0010 [Test seq (cond on sampled tp)] | Loss 35.977089 | Likelihood -24.135855 | KL fp 5.0540 | FP STD 0.0070 | NFE 32.0000
KL coef: 0.0
Train loss (one batch): 35.630462646484375
Train CE loss (one batch): 0.13025255501270294
Classification AUC (TEST): 0.6434
Test MSE: 0.0054
Poisson likelihood: 0.0
CE loss: 0.12940073013305664
NFE: 32.0000
Experiment 20538
Epoch 0011 [Test seq (cond on sampled tp)] | Loss 35.892372 | Likelihood -24.033689 | KL fp 4.9443 | FP STD 0.0075 | NFE 44.0000
KL coef: 0.010000000000000009
Train loss (one batch): 35.52023696899414
Train CE loss (one batch): 0.1300979107618332
Classification AUC (TEST): 0.6476
Test MSE: 0.0054
Poisson likelihood: 0.0
CE loss: 0.1290787160396576
NFE: 44.0000
Experiment 20538
Epoch 0012 [Test seq (cond on sampled tp)] | Loss 36.262379 | Likelihood -24.377438 | KL fp 4.0245 | FP STD 0.0193 | NFE 44.0000
KL coef: 0.01990000000000003
Train loss (one batch): 35.915184020996094
Train CE loss (one batch): 0.129631906747818
Classification AUC (TEST): 0.6508
Test MSE: 0.0054
Poisson likelihood: 0.0
CE loss: 0.12903869152069092
NFE: 44.0000
Experiment 20538
Epoch 0013 [Test seq (cond on sampled tp)] | Loss 35.770973 | Likelihood -23.866964 | KL fp 4.9041 | FP STD 0.0085 | NFE 44.0000
KL coef: 0.029700999999999977
Train loss (one batch): 35.469696044921875
Train CE loss (one batch): 0.13014358282089233
Classification AUC (TEST): 0.6528
Test MSE: 0.0053
Poisson likelihood: 0.0
CE loss: 0.1285698413848877
NFE: 44.0000
Experiment 20538
Epoch 0014 [Test seq (cond on sampled tp)] | Loss 35.745811 | Likelihood -23.875326 | KL fp 4.5572 | FP STD 0.0117 | NFE 50.0000
KL coef: 0.039403990000000055
Train loss (one batch): 35.58253479003906
Train CE loss (one batch): 0.12966817617416382
Classification AUC (TEST): 0.6583
Test MSE: 0.0053
Poisson likelihood: 0.0
CE loss: 0.12789548933506012
NFE: 50.0000
Experiment 20538
Epoch 0015 [Test seq (cond on sampled tp)] | Loss 36.039909 | Likelihood -24.133198 | KL fp 4.3661 | FP STD 0.0161 | NFE 50.0000
KL coef: 0.04900995010000009
Train loss (one batch): 35.76393127441406
Train CE loss (one batch): 0.12843525409698486
Classification AUC (TEST): 0.6601
Test MSE: 0.0054
Poisson likelihood: 0.0
CE loss: 0.1279134452342987
NFE: 50.0000
Experiment 20538
Epoch 0016 [Test seq (cond on sampled tp)] | Loss 36.540482 | Likelihood -24.650513 | KL fp 4.3123 | FP STD 0.0210 | NFE 50.0000
KL coef: 0.058519850599
Train loss (one batch): 36.181217193603516
Train CE loss (one batch): 0.12825341522693634
Classification AUC (TEST): 0.6598
Test MSE: 0.0055
Poisson likelihood: 0.0
CE loss: 0.127367302775383
NFE: 50.0000
Experiment 20538
Epoch 0017 [Test seq (cond on sampled tp)] | Loss 36.053421 | Likelihood -24.257088 | KL fp 4.0802 | FP STD 0.0211 | NFE 50.0000
KL coef: 0.06793465209301008
Train loss (one batch): 35.469512939453125
Train CE loss (one batch): 0.12658829987049103
Classification AUC (TEST): 0.6671
Test MSE: 0.0054
Poisson likelihood: 0.0
CE loss: 0.1261865645647049
NFE: 50.0000
Experiment 20538
Epoch 0018 [Test seq (cond on sampled tp)] | Loss 35.947960 | Likelihood -24.134436 | KL fp 4.0708 | FP STD 0.0213 | NFE 50.0000
KL coef: 0.07725530557207994
Train loss (one batch): 35.68649673461914
Train CE loss (one batch): 0.12696439027786255
Classification AUC (TEST): 0.6694
Test MSE: 0.0054
Poisson likelihood: 0.0
CE loss: 0.12599371373653412
NFE: 50.0000
Experiment 20538
Epoch 0019 [Test seq (cond on sampled tp)] | Loss 36.060287 | Likelihood -24.251171 | KL fp 3.9571 | FP STD 0.0244 | NFE 50.0000
KL coef: 0.08648275251635917
Train loss (one batch): 35.78466033935547
Train CE loss (one batch): 0.12622356414794922
Classification AUC (TEST): 0.6740
Test MSE: 0.0054
Poisson likelihood: 0.0
CE loss: 0.12567080557346344
NFE: 50.0000
Experiment 20538
Epoch 0020 [Test seq (cond on sampled tp)] | Loss 35.645596 | Likelihood -23.833578 | KL fp 4.1616 | FP STD 0.0187 | NFE 56.0000
KL coef: 0.09561792499119559
Train loss (one batch): 35.53931427001953
Train CE loss (one batch): 0.12579719722270966
Classification AUC (TEST): 0.6796
Test MSE: 0.0053
Poisson likelihood: 0.0
CE loss: 0.12513667345046997
NFE: 56.0000
Experiment 20538
Epoch 0021 [Test seq (cond on sampled tp)] | Loss 35.817989 | Likelihood -24.056908 | KL fp 4.0002 | FP STD 0.0218 | NFE 56.0000
KL coef: 0.10466174574128362
Train loss (one batch): 35.60706329345703
Train CE loss (one batch): 0.12509675323963165
Classification AUC (TEST): 0.6853
Test MSE: 0.0054
Poisson likelihood: 0.0
CE loss: 0.12441517412662506
NFE: 56.0000
Experiment 20538
Epoch 0022 [Test seq (cond on sampled tp)] | Loss 35.508850 | Likelihood -23.696173 | KL fp 4.1566 | FP STD 0.0177 | NFE 56.0000
KL coef: 0.11361512828387077
Train loss (one batch): 35.32339859008789
Train CE loss (one batch): 0.12408512830734253
Classification AUC (TEST): 0.6843
Test MSE: 0.0053
Poisson likelihood: 0.0
CE loss: 0.124392569065094
NFE: 56.0000
Experiment 20538
Epoch 0023 [Test seq (cond on sampled tp)] | Loss 35.391888 | Likelihood -23.567427 | KL fp 4.3778 | FP STD 0.0143 | NFE 56.0000
KL coef: 0.12247897700103216
Train loss (one batch): 35.23722839355469
Train CE loss (one batch): 0.12377186119556427
Classification AUC (TEST): 0.6887
Test MSE: 0.0053
Poisson likelihood: 0.0
CE loss: 0.123868927359581
NFE: 56.0000
Experiment 20538
Epoch 0024 [Test seq (cond on sampled tp)] | Loss 35.480080 | Likelihood -23.695190 | KL fp 4.2016 | FP STD 0.0170 | NFE 56.0000
KL coef: 0.13125418723102178
Train loss (one batch): 35.38392639160156
Train CE loss (one batch): 0.12426893413066864
Classification AUC (TEST): 0.6934
Test MSE: 0.0053
Poisson likelihood: 0.0
CE loss: 0.12332277745008469
NFE: 56.0000
Experiment 20538
Epoch 0025 [Test seq (cond on sampled tp)] | Loss 35.703213 | Likelihood -23.949026 | KL fp 3.8747 | FP STD 0.0235 | NFE 56.0000
KL coef: 0.13994164535871156
Train loss (one batch): 35.37322998046875
Train CE loss (one batch): 0.12223166227340698
Classification AUC (TEST): 0.6952
Test MSE: 0.0053
Poisson likelihood: 0.0
CE loss: 0.12311218678951263
NFE: 56.0000
Experiment 20538
Epoch 0026 [Test seq (cond on sampled tp)] | Loss 35.599804 | Likelihood -23.823713 | KL fp 4.0118 | FP STD 0.0206 | NFE 56.0000
KL coef: 0.14854222890512447
Train loss (one batch): 35.62281799316406
Train CE loss (one batch): 0.12365057319402695
Classification AUC (TEST): 0.6944
Test MSE: 0.0053
Poisson likelihood: 0.0
CE loss: 0.12279151380062103
NFE: 56.0000
Experiment 20538
Epoch 0027 [Test seq (cond on sampled tp)] | Loss 35.431175 | Likelihood -23.659199 | KL fp 4.0811 | FP STD 0.0182 | NFE 56.0000
KL coef: 0.15705680661607324
Train loss (one batch): 35.459190368652344
Train CE loss (one batch): 0.12273328006267548
Classification AUC (TEST): 0.7000
Test MSE: 0.0053
Poisson likelihood: 0.0
CE loss: 0.12229694426059723
NFE: 56.0000
Experiment 20538
Epoch 0028 [Test seq (cond on sampled tp)] | Loss 35.430878 | Likelihood -23.620968 | KL fp 4.0122 | FP STD 0.0181 | NFE 56.0000
KL coef: 0.1654862385499125
Train loss (one batch): 35.2318229675293
Train CE loss (one batch): 0.12221688032150269
Classification AUC (TEST): 0.6980
Test MSE: 0.0053
Poisson likelihood: 0.0
CE loss: 0.12244873493909836
NFE: 56.0000
Experiment 20538
Epoch 0029 [Test seq (cond on sampled tp)] | Loss 35.368271 | Likelihood -23.527287 | KL fp 4.1353 | FP STD 0.0161 | NFE 56.0000
KL coef: 0.17383137616441335
Train loss (one batch): 35.16138458251953
Train CE loss (one batch): 0.12249043583869934
Classification AUC (TEST): 0.6990
Test MSE: 0.0053
Poisson likelihood: 0.0
CE loss: 0.12220924347639084
NFE: 56.0000
Experiment 20538
Epoch 0030 [Test seq (cond on sampled tp)] | Loss 35.318062 | Likelihood -23.471462 | KL fp 4.1225 | FP STD 0.0157 | NFE 62.0000
KL coef: 0.18209306240276923
Train loss (one batch): 35.095741271972656
Train CE loss (one batch): 0.12197767943143845
Classification AUC (TEST): 0.7005
Test MSE: 0.0052
Poisson likelihood: 0.0
CE loss: 0.12194918096065521
NFE: 62.0000
Experiment 20538
Epoch 0031 [Test seq (cond on sampled tp)] | Loss 35.316071 | Likelihood -23.458023 | KL fp 4.1554 | FP STD 0.0154 | NFE 62.0000
KL coef: 0.19027213177874158
Train loss (one batch): 35.23133087158203
Train CE loss (one batch): 0.12183859199285507
Classification AUC (TEST): 0.7038
Test MSE: 0.0052
Poisson likelihood: 0.0
CE loss: 0.12166015803813934
NFE: 62.0000
Experiment 20538
Epoch 0032 [Test seq (cond on sampled tp)] | Loss 35.347923 | Likelihood -23.448521 | KL fp 4.0917 | FP STD 0.0162 | NFE 62.0000
KL coef: 0.19836941046095413
Train loss (one batch): 35.212310791015625
Train CE loss (one batch): 0.12099769711494446
Classification AUC (TEST): 0.6999
Test MSE: 0.0052
Poisson likelihood: 0.0
CE loss: 0.12186705321073532
NFE: 62.0000
Experiment 20538
Epoch 0033 [Test seq (cond on sampled tp)] | Loss 35.325134 | Likelihood -23.410503 | KL fp 4.0840 | FP STD 0.0163 | NFE 62.0000
KL coef: 0.20638571635634462
Train loss (one batch): 35.138389587402344
Train CE loss (one batch): 0.12075692415237427
Classification AUC (TEST): 0.7000
Test MSE: 0.0052
Poisson likelihood: 0.0
CE loss: 0.12171514332294464
NFE: 62.0000
Experiment 20538
Epoch 0034 [Test seq (cond on sampled tp)] | Loss 35.337685 | Likelihood -23.393826 | KL fp 4.0750 | FP STD 0.0161 | NFE 62.0000
KL coef: 0.21432185919278124
Train loss (one batch): 35.22439193725586
Train CE loss (one batch): 0.12054511904716492
Classification AUC (TEST): 0.7008
Test MSE: 0.0052
Poisson likelihood: 0.0
CE loss: 0.12169149518013
NFE: 62.0000
Experiment 20538
Epoch 0035 [Test seq (cond on sampled tp)] | Loss 35.251060 | Likelihood -23.331617 | KL fp 4.0119 | FP STD 0.0167 | NFE 62.0000
KL coef: 0.22217864060085335
Train loss (one batch): 35.24094009399414
Train CE loss (one batch): 0.12045250833034515
Classification AUC (TEST): 0.7042
Test MSE: 0.0052
Poisson likelihood: 0.0
CE loss: 0.12127925455570221
NFE: 62.0000
Experiment 20538
Epoch 0036 [Test seq (cond on sampled tp)] | Loss 35.282223 | Likelihood -23.328247 | KL fp 4.0537 | FP STD 0.0159 | NFE 62.0000
KL coef: 0.2299568541948449
Train loss (one batch): 35.2060546875
Train CE loss (one batch): 0.12045975029468536
Classification AUC (TEST): 0.7043
Test MSE: 0.0052
Poisson likelihood: 0.0
CE loss: 0.12120619416236877
NFE: 62.0000
Experiment 20538
Epoch 0037 [Test seq (cond on sampled tp)] | Loss 35.247635 | Likelihood -23.267212 | KL fp 4.0782 | FP STD 0.0156 | NFE 62.0000
KL coef: 0.23765728565289646
Train loss (one batch): 35.151241302490234
Train CE loss (one batch): 0.11959339678287506
Classification AUC (TEST): 0.7058
Test MSE: 0.0052
Poisson likelihood: 0.0
CE loss: 0.12109945714473724
NFE: 62.0000
Experiment 20538
Epoch 0038 [Test seq (cond on sampled tp)] | Loss 35.268410 | Likelihood -23.257162 | KL fp 4.0901 | FP STD 0.0157 | NFE 62.0000
KL coef: 0.24528071279636743
Train loss (one batch): 35.130149841308594
Train CE loss (one batch): 0.11895672976970673
Classification AUC (TEST): 0.7060
Test MSE: 0.0052
Poisson likelihood: 0.0
CE loss: 0.12106773257255554
NFE: 62.0000
Experiment 20538
Epoch 0039 [Test seq (cond on sampled tp)] | Loss 35.272564 | Likelihood -23.274906 | KL fp 4.0149 | FP STD 0.0169 | NFE 62.0000
KL coef: 0.25282790566840385
Train loss (one batch): 35.31151580810547
Train CE loss (one batch): 0.11949677765369415
Classification AUC (TEST): 0.7082
Test MSE: 0.0052
Poisson likelihood: 0.0
CE loss: 0.12082183361053467
NFE: 62.0000
Experiment 20538
Epoch 0040 [Test seq (cond on sampled tp)] | Loss 35.185898 | Likelihood -23.162273 | KL fp 3.9847 | FP STD 0.0169 | NFE 62.0000
KL coef: 0.2602996266117198
Train loss (one batch): 35.17405319213867
Train CE loss (one batch): 0.1179182380437851
Classification AUC (TEST): 0.7074
Test MSE: 0.0052
Poisson likelihood: 0.0
CE loss: 0.12085102498531342
NFE: 62.0000
Experiment 20538
Epoch 0041 [Test seq (cond on sampled tp)] | Loss 35.145248 | Likelihood -23.116379 | KL fp 4.0131 | FP STD 0.0166 | NFE 62.0000
KL coef: 0.26769663034560254
Train loss (one batch): 35.07013702392578
Train CE loss (one batch): 0.11754366010427475
Classification AUC (TEST): 0.7115
Test MSE: 0.0052
Poisson likelihood: 0.0
CE loss: 0.12053360044956207
NFE: 62.0000
Experiment 20538
Epoch 0042 [Test seq (cond on sampled tp)] | Loss 35.132481 | Likelihood -23.047812 | KL fp 4.0721 | FP STD 0.0162 | NFE 62.0000
KL coef: 0.2750196640421466
Train loss (one batch): 34.89337158203125
Train CE loss (one batch): 0.11711236089468002
Classification AUC (TEST): 0.7099
Test MSE: 0.0052
Poisson likelihood: 0.0
CE loss: 0.12063603103160858
NFE: 62.0000
Experiment 20538
Epoch 0043 [Test seq (cond on sampled tp)] | Loss 34.978924 | Likelihood -22.891273 | KL fp 4.1439 | FP STD 0.0156 | NFE 62.0000
KL coef: 0.2822694674017251
Train loss (one batch): 34.79523849487305
Train CE loss (one batch): 0.11581014096736908
Classification AUC (TEST): 0.7148
Test MSE: 0.0051
Poisson likelihood: 0.0
CE loss: 0.12016754597425461
NFE: 62.0000
Experiment 20538
Epoch 0044 [Test seq (cond on sampled tp)] | Loss 34.830570 | Likelihood -22.784185 | KL fp 3.9927 | FP STD 0.0183 | NFE 62.0000
KL coef: 0.2894467727277079
Train loss (one batch): 34.74882507324219
Train CE loss (one batch): 0.11544044315814972
Classification AUC (TEST): 0.7186
Test MSE: 0.0051
Poisson likelihood: 0.0
CE loss: 0.11990182846784592
NFE: 62.0000
Experiment 20538
Epoch 0045 [Test seq (cond on sampled tp)] | Loss 34.738174 | Likelihood -22.775206 | KL fp 3.7798 | FP STD 0.0242 | NFE 62.0000
KL coef: 0.29655230500043084
Train loss (one batch): 34.30534362792969
Train CE loss (one batch): 0.1134001761674881
Classification AUC (TEST): 0.7220
Test MSE: 0.0051
Poisson likelihood: 0.0
CE loss: 0.11940999329090118
NFE: 62.0000
Experiment 20538
Epoch 0046 [Test seq (cond on sampled tp)] | Loss 34.746330 | Likelihood -22.689957 | KL fp 3.9220 | FP STD 0.0202 | NFE 62.0000
KL coef: 0.30358678195042654
Train loss (one batch): 34.813926696777344
Train CE loss (one batch): 0.1158931776881218
Classification AUC (TEST): 0.7214
Test MSE: 0.0051
Poisson likelihood: 0.0
CE loss: 0.11964529007673264
NFE: 62.0000
Experiment 20538
Epoch 0047 [Test seq (cond on sampled tp)] | Loss 34.522152 | Likelihood -22.527784 | KL fp 3.8571 | FP STD 0.0211 | NFE 62.0000
KL coef: 0.3105509141309223
Train loss (one batch): 34.415931701660156
Train CE loss (one batch): 0.11357925832271576
Classification AUC (TEST): 0.7255
Test MSE: 0.0051
Poisson likelihood: 0.0
CE loss: 0.11895537376403809
NFE: 62.0000
Experiment 20538
Epoch 0048 [Test seq (cond on sampled tp)] | Loss 34.344299 | Likelihood -22.406729 | KL fp 3.7173 | FP STD 0.0243 | NFE 62.0000
KL coef: 0.31744540498961304
Train loss (one batch): 34.068824768066406
Train CE loss (one batch): 0.11192410439252853
Classification AUC (TEST): 0.7283
Test MSE: 0.0050
Poisson likelihood: 0.0
CE loss: 0.1185624897480011
NFE: 62.0000
Experiment 20538
Epoch 0049 [Test seq (cond on sampled tp)] | Loss 34.243458 | Likelihood -22.275747 | KL fp 3.8009 | FP STD 0.0222 | NFE 62.0000
KL coef: 0.3242709509397169
Train loss (one batch): 34.18659973144531
Train CE loss (one batch): 0.1137019619345665
Classification AUC (TEST): 0.7297
Test MSE: 0.0050
Poisson likelihood: 0.0
CE loss: 0.11834423989057541
NFE: 62.0000
Experiment 20538
Epoch 0050 [Test seq (cond on sampled tp)] | Loss 34.129730 | Likelihood -22.126318 | KL fp 3.8712 | FP STD 0.0207 | NFE 62.0000
KL coef: 0.3310282414303197
Train loss (one batch): 34.226844787597656
Train CE loss (one batch): 0.11436411738395691
Classification AUC (TEST): 0.7302
Test MSE: 0.0050
Poisson likelihood: 0.0
CE loss: 0.11820563673973083
NFE: 62.0000
Experiment 20538
Epoch 0051 [Test seq (cond on sampled tp)] | Loss 34.209244 | Likelihood -22.234478 | KL fp 3.7705 | FP STD 0.0239 | NFE 62.0000
KL coef: 0.33771795901601653
Train loss (one batch): 33.95893859863281
Train CE loss (one batch): 0.11431064456701279
Classification AUC (TEST): 0.7356
Test MSE: 0.0050
Poisson likelihood: 0.0
CE loss: 0.11800291389226913
NFE: 62.0000
Experiment 20538
Epoch 0052 [Test seq (cond on sampled tp)] | Loss 34.015911 | Likelihood -22.024685 | KL fp 3.7731 | FP STD 0.0228 | NFE 62.0000
KL coef: 0.3443407794258564
Train loss (one batch): 33.90343475341797
Train CE loss (one batch): 0.11337767541408539
Classification AUC (TEST): 0.7321
Test MSE: 0.0050
Poisson likelihood: 0.0
CE loss: 0.11791083216667175
NFE: 62.0000
Experiment 20538
Epoch 0053 [Test seq (cond on sampled tp)] | Loss 34.004658 | Likelihood -21.984030 | KL fp 3.7758 | FP STD 0.0223 | NFE 62.0000
KL coef: 0.35089737163159784
Train loss (one batch): 34.0078125
Train CE loss (one batch): 0.11324616521596909
Classification AUC (TEST): 0.7321
Test MSE: 0.0049
Poisson likelihood: 0.0
CE loss: 0.11794474720954895
NFE: 62.0000
Experiment 20538
Epoch 0054 [Test seq (cond on sampled tp)] | Loss 33.918297 | Likelihood -21.922260 | KL fp 3.7608 | FP STD 0.0226 | NFE 62.0000
KL coef: 0.3573883979152819
Train loss (one batch): 33.91886901855469
Train CE loss (one batch): 0.11328854411840439
Classification AUC (TEST): 0.7361
Test MSE: 0.0049
Poisson likelihood: 0.0
CE loss: 0.11751577258110046
NFE: 62.0000
Experiment 20538
Epoch 0055 [Test seq (cond on sampled tp)] | Loss 33.960041 | Likelihood -21.932053 | KL fp 3.7786 | FP STD 0.0229 | NFE 62.0000
KL coef: 0.36381451393612907
Train loss (one batch): 33.88465118408203
Train CE loss (one batch): 0.11210551857948303
Classification AUC (TEST): 0.7349
Test MSE: 0.0049
Poisson likelihood: 0.0
CE loss: 0.11751925200223923
NFE: 62.0000
Experiment 20538
Epoch 0056 [Test seq (cond on sampled tp)] | Loss 33.945492 | Likelihood -21.941460 | KL fp 3.5950 | FP STD 0.0259 | NFE 62.0000
KL coef: 0.37017636879676774
Train loss (one batch): 34.1553955078125
Train CE loss (one batch): 0.11535562574863434
Classification AUC (TEST): 0.7365
Test MSE: 0.0049
Poisson likelihood: 0.0
CE loss: 0.11772792786359787
NFE: 62.0000
Experiment 20538
Epoch 0057 [Test seq (cond on sampled tp)] | Loss 33.667953 | Likelihood -21.721319 | KL fp 3.6663 | FP STD 0.0243 | NFE 62.0000
KL coef: 0.37647460510880004
Train loss (one batch): 33.547359466552734
Train CE loss (one batch): 0.11251015961170197
Classification AUC (TEST): 0.7436
Test MSE: 0.0049
Poisson likelihood: 0.0
CE loss: 0.11665157973766327
NFE: 62.0000
Experiment 20538
Epoch 0058 [Test seq (cond on sampled tp)] | Loss 33.579639 | Likelihood -21.598713 | KL fp 3.6669 | FP STD 0.0241 | NFE 62.0000
KL coef: 0.38270985905771204
Train loss (one batch): 33.85094451904297
Train CE loss (one batch): 0.1151491031050682
Classification AUC (TEST): 0.7421
Test MSE: 0.0049
Poisson likelihood: 0.0
CE loss: 0.1167723536491394
NFE: 62.0000
Experiment 20538
Epoch 0059 [Test seq (cond on sampled tp)] | Loss 33.585686 | Likelihood -21.523336 | KL fp 3.7221 | FP STD 0.0232 | NFE 62.0000
KL coef: 0.388882760467135
Train loss (one batch): 33.80525207519531
Train CE loss (one batch): 0.11531747877597809
Classification AUC (TEST): 0.7400
Test MSE: 0.0049
Poisson likelihood: 0.0
CE loss: 0.11713799089193344
NFE: 62.0000
Experiment 20538
Epoch 0060 [Test seq (cond on sampled tp)] | Loss 33.479923 | Likelihood -21.417217 | KL fp 3.7372 | FP STD 0.0224 | NFE 62.0000
KL coef: 0.39499393286246365
Train loss (one batch): 33.70018005371094
Train CE loss (one batch): 0.11518173664808273
Classification AUC (TEST): 0.7431
Test MSE: 0.0048
Poisson likelihood: 0.0
CE loss: 0.11685192584991455
NFE: 62.0000
Experiment 20538
Epoch 0061 [Test seq (cond on sampled tp)] | Loss 33.722034 | Likelihood -21.521515 | KL fp 3.7715 | FP STD 0.0215 | NFE 62.0000
KL coef: 0.401043993533839
Train loss (one batch): 34.13648986816406
Train CE loss (one batch): 0.11528309434652328
Classification AUC (TEST): 0.7377
Test MSE: 0.0049
Poisson likelihood: 0.0
CE loss: 0.11786714196205139
NFE: 62.0000
Experiment 20538
Epoch 0062 [Test seq (cond on sampled tp)] | Loss 34.341682 | Likelihood -21.986578 | KL fp 3.7615 | FP STD 0.0217 | NFE 74.0000
KL coef: 0.4070335535985006
Train loss (one batch): 34.48434829711914
Train CE loss (one batch): 0.11242556571960449
Classification AUC (TEST): 0.7189
Test MSE: 0.0049
Poisson likelihood: 0.0
CE loss: 0.11923742294311523
NFE: 74.0000
Experiment 20538
Epoch 0063 [Test seq (cond on sampled tp)] | Loss 33.440784 | Likelihood -21.298874 | KL fp 3.7230 | FP STD 0.0225 | NFE 74.0000
KL coef: 0.41296321806251557
Train loss (one batch): 33.89935302734375
Train CE loss (one batch): 0.11347313225269318
Classification AUC (TEST): 0.7414
Test MSE: 0.0048
Poisson likelihood: 0.0
CE loss: 0.11703308671712875
NFE: 74.0000
Experiment 20538
Epoch 0064 [Test seq (cond on sampled tp)] | Loss 34.837048 | Likelihood -22.248167 | KL fp 3.9124 | FP STD 0.0204 | NFE 56.0000
KL coef: 0.41883358588189046
Train loss (one batch): 34.798282623291016
Train CE loss (one batch): 0.1104937419295311
Classification AUC (TEST): 0.7116
Test MSE: 0.0050
Poisson likelihood: 0.0
CE loss: 0.12048997730016708
NFE: 56.0000
Experiment 20538
Epoch 0065 [Test seq (cond on sampled tp)] | Loss 34.279922 | Likelihood -21.831366 | KL fp 3.9045 | FP STD 0.0205 | NFE 74.0000
KL coef: 0.4246452500230715
Train loss (one batch): 34.366981506347656
Train CE loss (one batch): 0.11093392968177795
Classification AUC (TEST): 0.7221
Test MSE: 0.0049
Poisson likelihood: 0.0
CE loss: 0.118894062936306
NFE: 74.0000
Experiment 20538
Epoch 0066 [Test seq (cond on sampled tp)] | Loss 33.935238 | Likelihood -21.594448 | KL fp 3.8685 | FP STD 0.0207 | NFE 62.0000
KL coef: 0.4303987975228408
Train loss (one batch): 33.993385314941406
Train CE loss (one batch): 0.11097453534603119
Classification AUC (TEST): 0.7335
Test MSE: 0.0049
Poisson likelihood: 0.0
CE loss: 0.11774925887584686
NFE: 62.0000
Experiment 20538
Epoch 0067 [Test seq (cond on sampled tp)] | Loss 33.359024 | Likelihood -21.150375 | KL fp 3.7866 | FP STD 0.0219 | NFE 62.0000
KL coef: 0.4360948095476125
Train loss (one batch): 33.4727783203125
Train CE loss (one batch): 0.11143399775028229
Classification AUC (TEST): 0.7460
Test MSE: 0.0048
Poisson likelihood: 0.0
CE loss: 0.11656259745359421
NFE: 62.0000
Experiment 20538
Epoch 0068 [Test seq (cond on sampled tp)] | Loss 33.200401 | Likelihood -21.034302 | KL fp 3.7030 | FP STD 0.0230 | NFE 62.0000
KL coef: 0.44173386145213633
Train loss (one batch): 33.324920654296875
Train CE loss (one batch): 0.11374475806951523
Classification AUC (TEST): 0.7471
Test MSE: 0.0048
Poisson likelihood: 0.0
CE loss: 0.11628993600606918
NFE: 62.0000
Experiment 20538
Epoch 0069 [Test seq (cond on sampled tp)] | Loss 33.001831 | Likelihood -20.857155 | KL fp 3.8044 | FP STD 0.0219 | NFE 62.0000
KL coef: 0.4473165228376149
Train loss (one batch): 32.99662780761719
Train CE loss (one batch): 0.11190813034772873
Classification AUC (TEST): 0.7536
Test MSE: 0.0047
Poisson likelihood: 0.0
CE loss: 0.11541655659675598
NFE: 62.0000
Experiment 20538
Epoch 0070 [Test seq (cond on sampled tp)] | Loss 33.907551 | Likelihood -21.486145 | KL fp 3.7505 | FP STD 0.0237 | NFE 56.0000
KL coef: 0.4528433576092388
Train loss (one batch): 34.025962829589844
Train CE loss (one batch): 0.11078773438930511
Classification AUC (TEST): 0.7331
Test MSE: 0.0048
Poisson likelihood: 0.0
CE loss: 0.11822754144668579
NFE: 56.0000
Experiment 20538
Epoch 0071 [Test seq (cond on sampled tp)] | Loss 32.973724 | Likelihood -20.772984 | KL fp 3.6913 | FP STD 0.0244 | NFE 62.0000
KL coef: 0.45831492403314644
Train loss (one batch): 33.19369888305664
Train CE loss (one batch): 0.11308442056179047
Classification AUC (TEST): 0.7491
Test MSE: 0.0047
Poisson likelihood: 0.0
CE loss: 0.11608068645000458
NFE: 62.0000
Experiment 20538
Epoch 0072 [Test seq (cond on sampled tp)] | Loss 32.878849 | Likelihood -20.798550 | KL fp 3.6845 | FP STD 0.0246 | NFE 62.0000
KL coef: 0.463731774792815
Train loss (one batch): 32.87501907348633
Train CE loss (one batch): 0.1125376969575882
Classification AUC (TEST): 0.7591
Test MSE: 0.0047
Poisson likelihood: 0.0
CE loss: 0.11470308154821396
NFE: 62.0000
Experiment 20538
Epoch 0073 [Test seq (cond on sampled tp)] | Loss 32.612942 | Likelihood -20.513948 | KL fp 3.6347 | FP STD 0.0251 | NFE 62.0000
KL coef: 0.46909445704488684
Train loss (one batch): 32.903892517089844
Train CE loss (one batch): 0.1138734221458435
Classification AUC (TEST): 0.7578
Test MSE: 0.0047
Poisson likelihood: 0.0
CE loss: 0.11492711305618286
NFE: 62.0000
Experiment 20538
Epoch 0074 [Test seq (cond on sampled tp)] | Loss 32.409283 | Likelihood -20.391766 | KL fp 3.6324 | FP STD 0.0250 | NFE 62.0000
KL coef: 0.474403512474438
Train loss (one batch): 33.161338806152344
Train CE loss (one batch): 0.11385372281074524
Classification AUC (TEST): 0.7643
Test MSE: 0.0046
Poisson likelihood: 0.0
CE loss: 0.11392934620380402
NFE: 62.0000
Experiment 20538
Epoch 0075 [Test seq (cond on sampled tp)] | Loss 32.396484 | Likelihood -20.446030 | KL fp 3.5178 | FP STD 0.0271 | NFE 62.0000
KL coef: 0.4796594773496936
Train loss (one batch): 32.960758209228516
Train CE loss (one batch): 0.11334927380084991
Classification AUC (TEST): 0.7671
Test MSE: 0.0046
Poisson likelihood: 0.0
CE loss: 0.11363380402326584
NFE: 62.0000
Experiment 20538
Epoch 0076 [Test seq (cond on sampled tp)] | Loss 32.962429 | Likelihood -20.586370 | KL fp 3.5584 | FP STD 0.0260 | NFE 56.0000
KL coef: 0.4848628825761967
Train loss (one batch): 33.21235656738281
Train CE loss (one batch): 0.11505123972892761
Classification AUC (TEST): 0.7420
Test MSE: 0.0047
Poisson likelihood: 0.0
CE loss: 0.11749725788831711
NFE: 56.0000
Experiment 20538
Epoch 0077 [Test seq (cond on sampled tp)] | Loss 32.151939 | Likelihood -20.133286 | KL fp 3.5373 | FP STD 0.0266 | NFE 62.0000
KL coef: 0.4900142537504347
Train loss (one batch): 33.1923942565918
Train CE loss (one batch): 0.11373778432607651
Classification AUC (TEST): 0.7661
Test MSE: 0.0046
Poisson likelihood: 0.0
CE loss: 0.11384177207946777
NFE: 62.0000
Experiment 20538
Epoch 0078 [Test seq (cond on sampled tp)] | Loss 32.044624 | Likelihood -20.096498 | KL fp 3.4922 | FP STD 0.0267 | NFE 62.0000
KL coef: 0.49511411121293036
Train loss (one batch): 32.707008361816406
Train CE loss (one batch): 0.11203169077634811
Classification AUC (TEST): 0.7706
Test MSE: 0.0046
Poisson likelihood: 0.0
CE loss: 0.11318241059780121
NFE: 62.0000
Experiment 20538
Epoch 0079 [Test seq (cond on sampled tp)] | Loss 33.622246 | Likelihood -21.119499 | KL fp 3.5809 | FP STD 0.0253 | NFE 56.0000
KL coef: 0.500162970100801
Train loss (one batch): 32.788047790527344
Train CE loss (one batch): 0.11104363203048706
Classification AUC (TEST): 0.7383
Test MSE: 0.0048
Poisson likelihood: 0.0
CE loss: 0.11810522526502609
NFE: 56.0000
Experiment 20538
Epoch 0080 [Test seq (cond on sampled tp)] | Loss 32.344761 | Likelihood -20.016409 | KL fp 3.6069 | FP STD 0.0245 | NFE 74.0000
KL coef: 0.505161340399793
Train loss (one batch): 32.79042053222656
Train CE loss (one batch): 0.11140976846218109
Classification AUC (TEST): 0.7514
Test MSE: 0.0046
Poisson likelihood: 0.0
CE loss: 0.11605338752269745
NFE: 74.0000
Experiment 20538
Epoch 0081 [Test seq (cond on sampled tp)] | Loss 31.907322 | Likelihood -19.878912 | KL fp 3.6258 | FP STD 0.0243 | NFE 62.0000
KL coef: 0.510109726995795
Train loss (one batch): 32.859703063964844
Train CE loss (one batch): 0.11370626091957092
Classification AUC (TEST): 0.7739
Test MSE: 0.0045
Poisson likelihood: 0.0
CE loss: 0.11277484893798828
NFE: 62.0000
Experiment 20538
Epoch 0082 [Test seq (cond on sampled tp)] | Loss 32.142685 | Likelihood -20.112762 | KL fp 3.6093 | FP STD 0.0242 | NFE 62.0000
KL coef: 0.5150086297258372
Train loss (one batch): 32.391510009765625
Train CE loss (one batch): 0.11097978800535202
Classification AUC (TEST): 0.7750
Test MSE: 0.0046
Poisson likelihood: 0.0
CE loss: 0.11270185559988022
NFE: 62.0000
Experiment 20538
Epoch 0083 [Test seq (cond on sampled tp)] | Loss 32.252670 | Likelihood -19.834240 | KL fp 3.7052 | FP STD 0.0230 | NFE 74.0000
KL coef: 0.5198585434285787
Train loss (one batch): 32.83148956298828
Train CE loss (one batch): 0.11136089265346527
Classification AUC (TEST): 0.7528
Test MSE: 0.0045
Poisson likelihood: 0.0
CE loss: 0.11591269075870514
NFE: 74.0000
Experiment 20538
Epoch 0084 [Test seq (cond on sampled tp)] | Loss 33.595375 | Likelihood -21.328335 | KL fp 3.6052 | FP STD 0.0242 | NFE 62.0000
KL coef: 0.524659957994293
Train loss (one batch): 32.55618667602539
Train CE loss (one batch): 0.1114412173628807
Classification AUC (TEST): 0.7617
Test MSE: 0.0048
Poisson likelihood: 0.0
CE loss: 0.11474727094173431
NFE: 62.0000
Experiment 20538
Epoch 0085 [Test seq (cond on sampled tp)] | Loss 32.642696 | Likelihood -20.164297 | KL fp 3.6284 | FP STD 0.0240 | NFE 56.0000
KL coef: 0.5294133584143501
Train loss (one batch): 33.41426467895508
Train CE loss (one batch): 0.1150665283203125
Classification AUC (TEST): 0.7539
Test MSE: 0.0046
Poisson likelihood: 0.0
CE loss: 0.11656112968921661
NFE: 56.0000
Experiment 20538
Epoch 0086 [Test seq (cond on sampled tp)] | Loss 32.328747 | Likelihood -20.051826 | KL fp 3.4988 | FP STD 0.0268 | NFE 62.0000
KL coef: 0.5341192248302067
Train loss (one batch): 34.16896438598633
Train CE loss (one batch): 0.1156032532453537
Classification AUC (TEST): 0.7632
Test MSE: 0.0046
Poisson likelihood: 0.0
CE loss: 0.11506853997707367
NFE: 62.0000
Experiment 20538
Epoch 0087 [Test seq (cond on sampled tp)] | Loss 32.085186 | Likelihood -19.911945 | KL fp 3.4813 | FP STD 0.0270 | NFE 56.0000
KL coef: 0.5387780325819045
Train loss (one batch): 32.513118743896484
Train CE loss (one batch): 0.11099599301815033
Classification AUC (TEST): 0.7693
Test MSE: 0.0045
Poisson likelihood: 0.0
CE loss: 0.11396335810422897
NFE: 56.0000
Experiment 20538
Epoch 0088 [Test seq (cond on sampled tp)] | Loss 36.192474 | Likelihood -23.408398 | KL fp 3.3938 | FP STD 0.0293 | NFE 62.0000
KL coef: 0.5433902522560855
Train loss (one batch): 36.236568450927734
Train CE loss (one batch): 0.1183227151632309
Classification AUC (TEST): 0.7117
Test MSE: 0.0052
Poisson likelihood: 0.0
CE loss: 0.12038834393024445
NFE: 62.0000
Experiment 20538
Epoch 0089 [Test seq (cond on sampled tp)] | Loss 32.272045 | Likelihood -19.788189 | KL fp 3.5270 | FP STD 0.0264 | NFE 56.0000
KL coef: 0.5479563497335247
Train loss (one batch): 33.03715515136719
Train CE loss (one batch): 0.11186753213405609
Classification AUC (TEST): 0.7505
Test MSE: 0.0045
Poisson likelihood: 0.0
CE loss: 0.11650138348340988
NFE: 56.0000
Experiment 20538
Epoch 0090 [Test seq (cond on sampled tp)] | Loss 33.302509 | Likelihood -21.072498 | KL fp 3.4312 | FP STD 0.0279 | NFE 74.0000
KL coef: 0.5524767862361895
Train loss (one batch): 32.20435333251953
Train CE loss (one batch): 0.10963016003370285
Classification AUC (TEST): 0.7644
Test MSE: 0.0048
Poisson likelihood: 0.0
CE loss: 0.11434173583984375
NFE: 74.0000
Experiment 20538
Epoch 0091 [Test seq (cond on sampled tp)] | Loss 31.934799 | Likelihood -19.866257 | KL fp 3.4429 | FP STD 0.0275 | NFE 74.0000
KL coef: 0.5569520183738275
Train loss (one batch): 32.739288330078125
Train CE loss (one batch): 0.11237658560276031
Classification AUC (TEST): 0.7771
Test MSE: 0.0045
Poisson likelihood: 0.0
CE loss: 0.11250239610671997
NFE: 74.0000
Experiment 20538
Epoch 0092 [Test seq (cond on sampled tp)] | Loss 32.233192 | Likelihood -20.085739 | KL fp 3.5068 | FP STD 0.0266 | NFE 56.0000
KL coef: 0.5613824981900892
Train loss (one batch): 32.42351150512695
Train CE loss (one batch): 0.11085231602191925
Classification AUC (TEST): 0.7745
Test MSE: 0.0046
Poisson likelihood: 0.0
CE loss: 0.11278104782104492
NFE: 56.0000
Experiment 20538
Epoch 0093 [Test seq (cond on sampled tp)] | Loss 33.970657 | Likelihood -21.219124 | KL fp 3.4913 | FP STD 0.0279 | NFE 56.0000
KL coef: 0.5657686732081884
Train loss (one batch): 34.50449752807617
Train CE loss (one batch): 0.11432167142629623
Classification AUC (TEST): 0.7313
Test MSE: 0.0048
Poisson likelihood: 0.0
CE loss: 0.11874958127737045
NFE: 56.0000
Experiment 20538
Epoch 0094 [Test seq (cond on sampled tp)] | Loss 33.167847 | Likelihood -20.922079 | KL fp 3.3527 | FP STD 0.0299 | NFE 74.0000
KL coef: 0.5701109864761065
Train loss (one batch): 32.47265625
Train CE loss (one batch): 0.1107754036784172
Classification AUC (TEST): 0.7653
Test MSE: 0.0047
Poisson likelihood: 0.0
CE loss: 0.1143338680267334
NFE: 74.0000
Experiment 20538
Epoch 0095 [Test seq (cond on sampled tp)] | Loss 32.011318 | Likelihood -19.911999 | KL fp 3.3869 | FP STD 0.0290 | NFE 56.0000
KL coef: 0.5744098766113455
Train loss (one batch): 32.4365119934082
Train CE loss (one batch): 0.11062438786029816
Classification AUC (TEST): 0.7770
Test MSE: 0.0045
Poisson likelihood: 0.0
CE loss: 0.11252539604902267
NFE: 56.0000
Experiment 20538
Epoch 0096 [Test seq (cond on sampled tp)] | Loss 32.780006 | Likelihood -20.556110 | KL fp 3.3975 | FP STD 0.0287 | NFE 74.0000
KL coef: 0.578665777845232
Train loss (one batch): 32.527496337890625
Train CE loss (one batch): 0.10816045850515366
Classification AUC (TEST): 0.7741
Test MSE: 0.0047
Poisson likelihood: 0.0
CE loss: 0.11356617510318756
NFE: 74.0000
Experiment 20538
Epoch 0097 [Test seq (cond on sampled tp)] | Loss 31.751545 | Likelihood -19.576485 | KL fp 3.3984 | FP STD 0.0286 | NFE 74.0000
KL coef: 0.5828791200667797
Train loss (one batch): 32.73621368408203
Train CE loss (one batch): 0.11116063594818115
Classification AUC (TEST): 0.7728
Test MSE: 0.0045
Poisson likelihood: 0.0
CE loss: 0.11293064802885056
NFE: 74.0000
Experiment 20538
Epoch 0098 [Test seq (cond on sampled tp)] | Loss 32.055481 | Likelihood -19.548428 | KL fp 3.4828 | FP STD 0.0274 | NFE 56.0000
KL coef: 0.5870503288661119
Train loss (one batch): 32.612098693847656
Train CE loss (one batch): 0.11088734120130539
Classification AUC (TEST): 0.7566
Test MSE: 0.0045
Poisson likelihood: 0.0
CE loss: 0.11561363190412521
NFE: 56.0000
Experiment 20538
Epoch 0099 [Test seq (cond on sampled tp)] | Loss 31.723995 | Likelihood -19.546965 | KL fp 3.4016 | FP STD 0.0284 | NFE 56.0000
KL coef: 0.5911798255774507
Train loss (one batch): 32.37259292602539
Train CE loss (one batch): 0.11077730357646942
Classification AUC (TEST): 0.7775
Test MSE: 0.0045
Poisson likelihood: 0.0
CE loss: 0.11265122145414352
NFE: 56.0000
Experiment 20538
Epoch 0100 [Test seq (cond on sampled tp)] | Loss 31.845974 | Likelihood -19.528276 | KL fp 3.4345 | FP STD 0.0279 | NFE 74.0000
KL coef: 0.5952680273216762
Train loss (one batch): 32.34681701660156
Train CE loss (one batch): 0.10893359780311584
Classification AUC (TEST): 0.7715
Test MSE: 0.0045
Poisson likelihood: 0.0
CE loss: 0.11371990293264389
NFE: 74.0000
