/home/soyoung/latent_ode2/run_models.py
run_models.py --niters 100 -n 8000 -l 20 --latent-ode --z0-encoder rnn --dataset physionet --rec-dims 40 --rec-layers 3 --gen-layers 3 --units 50 --gru-units 50 --quantization 0.016 --classif --gpu 2
Experiment 70164
Epoch 0001 [Test seq (cond on sampled tp)] | Loss 58.872601 | Likelihood -46.681625 | KL fp 4.2087 | FP STD 0.0177|
KL coef: 0.0
Train loss (one batch): 57.94754409790039
Train CE loss (one batch): 0.13012833893299103
Classification AUC (TEST): 0.5462
Test MSE: 0.0099
Poisson likelihood: 0.0
CE loss: 0.13290581107139587
Experiment 70164
Epoch 0002 [Test seq (cond on sampled tp)] | Loss 45.685669 | Likelihood -33.513000 | KL fp 4.8348 | FP STD 0.0097|
KL coef: 0.0
Train loss (one batch): 45.59934997558594
Train CE loss (one batch): 0.12508706748485565
Classification AUC (TEST): 0.5216
Test MSE: 0.0073
Poisson likelihood: 0.0
CE loss: 0.13271303474903107
Experiment 70164
Epoch 0003 [Test seq (cond on sampled tp)] | Loss 42.623657 | Likelihood -30.395111 | KL fp 4.7511 | FP STD 0.0101|
KL coef: 0.0
Train loss (one batch): 42.12413024902344
Train CE loss (one batch): 0.12756937742233276
Classification AUC (TEST): 0.5352
Test MSE: 0.0066
Poisson likelihood: 0.0
CE loss: 0.1332746148109436
Experiment 70164
Epoch 0004 [Test seq (cond on sampled tp)] | Loss 40.577999 | Likelihood -28.361652 | KL fp 4.8179 | FP STD 0.0091|
KL coef: 0.0
Train loss (one batch): 39.63330841064453
Train CE loss (one batch): 0.12845823168754578
Classification AUC (TEST): 0.5629
Test MSE: 0.0062
Poisson likelihood: 0.0
CE loss: 0.13315320014953613
Experiment 70164
Epoch 0005 [Test seq (cond on sampled tp)] | Loss 38.726101 | Likelihood -26.627254 | KL fp 4.9983 | FP STD 0.0081|
KL coef: 0.0
Train loss (one batch): 38.04258346557617
Train CE loss (one batch): 0.12876923382282257
Classification AUC (TEST): 0.6098
Test MSE: 0.0059
Poisson likelihood: 0.0
CE loss: 0.1319771707057953
Experiment 70164
Epoch 0006 [Test seq (cond on sampled tp)] | Loss 37.195213 | Likelihood -25.371258 | KL fp 5.0928 | FP STD 0.0073|
KL coef: 0.0
Train loss (one batch): 36.756431579589844
Train CE loss (one batch): 0.12846949696540833
Classification AUC (TEST): 0.6366
Test MSE: 0.0056
Poisson likelihood: 0.0
CE loss: 0.12922704219818115
Experiment 70164
Epoch 0007 [Test seq (cond on sampled tp)] | Loss 36.647163 | Likelihood -24.843826 | KL fp 5.0967 | FP STD 0.0072|
KL coef: 0.0
Train loss (one batch): 36.206336975097656
Train CE loss (one batch): 0.1291278600692749
Classification AUC (TEST): 0.6410
Test MSE: 0.0055
Poisson likelihood: 0.0
CE loss: 0.129019632935524
Experiment 70164
Epoch 0008 [Test seq (cond on sampled tp)] | Loss 36.358521 | Likelihood -24.551245 | KL fp 5.1125 | FP STD 0.0070|
KL coef: 0.0
Train loss (one batch): 36.034095764160156
Train CE loss (one batch): 0.12953072786331177
Classification AUC (TEST): 0.6405
Test MSE: 0.0055
Poisson likelihood: 0.0
CE loss: 0.12905985116958618
Experiment 70164
Epoch 0009 [Test seq (cond on sampled tp)] | Loss 36.190315 | Likelihood -24.335760 | KL fp 5.0358 | FP STD 0.0074|
KL coef: 0.0
Train loss (one batch): 35.723575592041016
Train CE loss (one batch): 0.12941111624240875
Classification AUC (TEST): 0.6423
Test MSE: 0.0054
Poisson likelihood: 0.0
CE loss: 0.12953245639801025
Experiment 70164
Epoch 0010 [Test seq (cond on sampled tp)] | Loss 36.038715 | Likelihood -24.182442 | KL fp 4.9773 | FP STD 0.0076|
KL coef: 0.0
Train loss (one batch): 35.64491271972656
Train CE loss (one batch): 0.13017325103282928
Classification AUC (TEST): 0.6436
Test MSE: 0.0054
Poisson likelihood: 0.0
CE loss: 0.1295495331287384
Experiment 70164
Epoch 0011 [Test seq (cond on sampled tp)] | Loss 35.935127 | Likelihood -24.053543 | KL fp 5.1331 | FP STD 0.0065|
KL coef: 0.010000000000000009
Train loss (one batch): 35.551780700683594
Train CE loss (one batch): 0.1304958462715149
Classification AUC (TEST): 0.6475
Test MSE: 0.0054
Poisson likelihood: 0.0
CE loss: 0.12928882241249084
Experiment 70164
Epoch 0012 [Test seq (cond on sampled tp)] | Loss 36.041676 | Likelihood -24.036259 | KL fp 4.6119 | FP STD 0.0114|
KL coef: 0.01990000000000003
Train loss (one batch): 35.607521057128906
Train CE loss (one batch): 0.1303216516971588
Classification AUC (TEST): 0.6512
Test MSE: 0.0054
Poisson likelihood: 0.0
CE loss: 0.13012446463108063
Experiment 70164
Epoch 0013 [Test seq (cond on sampled tp)] | Loss 35.912804 | Likelihood -23.914944 | KL fp 4.7656 | FP STD 0.0101|
KL coef: 0.029700999999999977
Train loss (one batch): 35.52248001098633
Train CE loss (one batch): 0.13053126633167267
Classification AUC (TEST): 0.6531
Test MSE: 0.0053
Poisson likelihood: 0.0
CE loss: 0.12955030798912048
Experiment 70164
Epoch 0014 [Test seq (cond on sampled tp)] | Loss 35.810837 | Likelihood -23.838871 | KL fp 4.6938 | FP STD 0.0094|
KL coef: 0.039403990000000055
Train loss (one batch): 35.43246078491211
Train CE loss (one batch): 0.129756361246109
Classification AUC (TEST): 0.6578
Test MSE: 0.0053
Poisson likelihood: 0.0
CE loss: 0.12885737419128418
Experiment 70164
Epoch 0015 [Test seq (cond on sampled tp)] | Loss 36.046272 | Likelihood -24.082294 | KL fp 4.5239 | FP STD 0.0139|
KL coef: 0.04900995010000009
Train loss (one batch): 35.58488082885742
Train CE loss (one batch): 0.1292344480752945
Classification AUC (TEST): 0.6588
Test MSE: 0.0054
Poisson likelihood: 0.0
CE loss: 0.12840941548347473
Experiment 70164
Epoch 0016 [Test seq (cond on sampled tp)] | Loss 36.160397 | Likelihood -24.208931 | KL fp 4.3586 | FP STD 0.0164|
KL coef: 0.058519850599
Train loss (one batch): 35.81987380981445
Train CE loss (one batch): 0.12835460901260376
Classification AUC (TEST): 0.6614
Test MSE: 0.0054
Poisson likelihood: 0.0
CE loss: 0.1279512494802475
Experiment 70164
Epoch 0017 [Test seq (cond on sampled tp)] | Loss 35.923737 | Likelihood -23.952507 | KL fp 4.3079 | FP STD 0.0154|
KL coef: 0.06793465209301008
Train loss (one batch): 35.405418395996094
Train CE loss (one batch): 0.1277405321598053
Classification AUC (TEST): 0.6618
Test MSE: 0.0053
Poisson likelihood: 0.0
CE loss: 0.12777501344680786
Experiment 70164
Epoch 0018 [Test seq (cond on sampled tp)] | Loss 35.931545 | Likelihood -24.033293 | KL fp 4.2737 | FP STD 0.0187|
KL coef: 0.07725530557207994
Train loss (one batch): 35.7196044921875
Train CE loss (one batch): 0.12712320685386658
Classification AUC (TEST): 0.6664
Test MSE: 0.0054
Poisson likelihood: 0.0
CE loss: 0.1266675889492035
Experiment 70164
Epoch 0019 [Test seq (cond on sampled tp)] | Loss 35.641899 | Likelihood -23.752445 | KL fp 4.3861 | FP STD 0.0147|
KL coef: 0.08648275251635917
Train loss (one batch): 35.37024688720703
Train CE loss (one batch): 0.12664689123630524
Classification AUC (TEST): 0.6744
Test MSE: 0.0053
Poisson likelihood: 0.0
CE loss: 0.12608766555786133
Experiment 70164
Epoch 0020 [Test seq (cond on sampled tp)] | Loss 35.614632 | Likelihood -23.726372 | KL fp 4.3454 | FP STD 0.0142|
KL coef: 0.09561792499119559
Train loss (one batch): 35.386260986328125
Train CE loss (one batch): 0.1262308657169342
Classification AUC (TEST): 0.6783
Test MSE: 0.0053
Poisson likelihood: 0.0
CE loss: 0.12571443617343903
Experiment 70164
Epoch 0021 [Test seq (cond on sampled tp)] | Loss 35.847309 | Likelihood -23.973923 | KL fp 4.2716 | FP STD 0.0174|
KL coef: 0.10466174574128362
Train loss (one batch): 35.67140197753906
Train CE loss (one batch): 0.12585823237895966
Classification AUC (TEST): 0.6839
Test MSE: 0.0053
Poisson likelihood: 0.0
CE loss: 0.12525951862335205
Experiment 70164
Epoch 0022 [Test seq (cond on sampled tp)] | Loss 35.531773 | Likelihood -23.632702 | KL fp 4.3147 | FP STD 0.0137|
KL coef: 0.11361512828387077
Train loss (one batch): 35.23115158081055
Train CE loss (one batch): 0.12464633584022522
Classification AUC (TEST): 0.6829
Test MSE: 0.0053
Poisson likelihood: 0.0
CE loss: 0.12508006393909454
Experiment 70164
Epoch 0023 [Test seq (cond on sampled tp)] | Loss 35.539577 | Likelihood -23.652912 | KL fp 4.3179 | FP STD 0.0137|
KL coef: 0.12247897700103216
Train loss (one batch): 35.342315673828125
Train CE loss (one batch): 0.12481456995010376
Classification AUC (TEST): 0.6877
Test MSE: 0.0053
Poisson likelihood: 0.0
CE loss: 0.12456582486629486
Experiment 70164
Epoch 0024 [Test seq (cond on sampled tp)] | Loss 35.481075 | Likelihood -23.597471 | KL fp 4.2636 | FP STD 0.0134|
KL coef: 0.13125418723102178
Train loss (one batch): 35.30987548828125
Train CE loss (one batch): 0.12446515262126923
Classification AUC (TEST): 0.6900
Test MSE: 0.0053
Poisson likelihood: 0.0
CE loss: 0.1242276057600975
Experiment 70164
Epoch 0025 [Test seq (cond on sampled tp)] | Loss 35.540180 | Likelihood -23.668549 | KL fp 4.2017 | FP STD 0.0154|
KL coef: 0.13994164535871156
Train loss (one batch): 35.3874626159668
Train CE loss (one batch): 0.12330727279186249
Classification AUC (TEST): 0.6922
Test MSE: 0.0053
Poisson likelihood: 0.0
CE loss: 0.12382286787033081
Experiment 70164
Epoch 0026 [Test seq (cond on sampled tp)] | Loss 35.983845 | Likelihood -24.183819 | KL fp 3.8773 | FP STD 0.0223|
KL coef: 0.14854222890512447
Train loss (one batch): 35.8431396484375
Train CE loss (one batch): 0.12387137860059738
Classification AUC (TEST): 0.6958
Test MSE: 0.0054
Poisson likelihood: 0.0
CE loss: 0.12322969734668732
Experiment 70164
Epoch 0027 [Test seq (cond on sampled tp)] | Loss 35.862537 | Likelihood -23.984421 | KL fp 3.9917 | FP STD 0.0198|
KL coef: 0.15705680661607324
Train loss (one batch): 35.720054626464844
Train CE loss (one batch): 0.12254448980093002
Classification AUC (TEST): 0.6916
Test MSE: 0.0053
Poisson likelihood: 0.0
CE loss: 0.12350161373615265
Experiment 70164
Epoch 0028 [Test seq (cond on sampled tp)] | Loss 35.782578 | Likelihood -23.873991 | KL fp 4.0369 | FP STD 0.0190|
KL coef: 0.1654862385499125
Train loss (one batch): 35.56101608276367
Train CE loss (one batch): 0.12209003418684006
Classification AUC (TEST): 0.6932
Test MSE: 0.0053
Poisson likelihood: 0.0
CE loss: 0.1233997792005539
Experiment 70164
Epoch 0029 [Test seq (cond on sampled tp)] | Loss 35.700676 | Likelihood -23.783522 | KL fp 4.1026 | FP STD 0.0179|
KL coef: 0.17383137616441335
Train loss (one batch): 35.337276458740234
Train CE loss (one batch): 0.122402124106884
Classification AUC (TEST): 0.6948
Test MSE: 0.0053
Poisson likelihood: 0.0
CE loss: 0.12302874028682709
Experiment 70164
Epoch 0030 [Test seq (cond on sampled tp)] | Loss 35.632118 | Likelihood -23.700735 | KL fp 4.1332 | FP STD 0.0173|
KL coef: 0.18209306240276923
Train loss (one batch): 35.17057800292969
Train CE loss (one batch): 0.12058412283658981
Classification AUC (TEST): 0.6973
Test MSE: 0.0053
Poisson likelihood: 0.0
CE loss: 0.12277586758136749
Experiment 70164
Epoch 0031 [Test seq (cond on sampled tp)] | Loss 35.560349 | Likelihood -23.670666 | KL fp 3.9956 | FP STD 0.0186|
KL coef: 0.19027213177874158
Train loss (one batch): 35.30188751220703
Train CE loss (one batch): 0.12120267003774643
Classification AUC (TEST): 0.7029
Test MSE: 0.0053
Poisson likelihood: 0.0
CE loss: 0.12228952348232269
Experiment 70164
Epoch 0032 [Test seq (cond on sampled tp)] | Loss 35.604580 | Likelihood -23.603241 | KL fp 4.0054 | FP STD 0.0182|
KL coef: 0.19836941046095413
Train loss (one batch): 35.34255599975586
Train CE loss (one batch): 0.1214183121919632
Classification AUC (TEST): 0.6926
Test MSE: 0.0053
Poisson likelihood: 0.0
CE loss: 0.12305429577827454
Experiment 70164
Epoch 0033 [Test seq (cond on sampled tp)] | Loss 35.581894 | Likelihood -23.559517 | KL fp 4.0468 | FP STD 0.0174|
KL coef: 0.20638571635634462
Train loss (one batch): 35.07234191894531
Train CE loss (one batch): 0.11984600126743317
Classification AUC (TEST): 0.6944
Test MSE: 0.0053
Poisson likelihood: 0.0
CE loss: 0.12286242097616196
Experiment 70164
Epoch 0034 [Test seq (cond on sampled tp)] | Loss 35.607994 | Likelihood -23.552349 | KL fp 4.1128 | FP STD 0.0170|
KL coef: 0.21432185919278124
Train loss (one batch): 35.181819915771484
Train CE loss (one batch): 0.11937923729419708
Classification AUC (TEST): 0.6957
Test MSE: 0.0053
Poisson likelihood: 0.0
CE loss: 0.12272834032773972
Experiment 70164
Epoch 0035 [Test seq (cond on sampled tp)] | Loss 35.500843 | Likelihood -23.503048 | KL fp 3.9630 | FP STD 0.0181|
KL coef: 0.22217864060085335
Train loss (one batch): 35.426002502441406
Train CE loss (one batch): 0.12181049585342407
Classification AUC (TEST): 0.7015
Test MSE: 0.0053
Poisson likelihood: 0.0
CE loss: 0.1221659928560257
Experiment 70164
Epoch 0036 [Test seq (cond on sampled tp)] | Loss 35.516392 | Likelihood -23.466965 | KL fp 3.9960 | FP STD 0.0177|
KL coef: 0.2299568541948449
Train loss (one batch): 35.27901077270508
Train CE loss (one batch): 0.12068817019462585
Classification AUC (TEST): 0.6974
Test MSE: 0.0052
Poisson likelihood: 0.0
CE loss: 0.1222921758890152
Experiment 70164
Epoch 0037 [Test seq (cond on sampled tp)] | Loss 35.569218 | Likelihood -23.456894 | KL fp 4.0615 | FP STD 0.0169|
KL coef: 0.23765728565289646
Train loss (one batch): 35.150962829589844
Train CE loss (one batch): 0.11875219643115997
Classification AUC (TEST): 0.6966
Test MSE: 0.0052
Poisson likelihood: 0.0
CE loss: 0.12246747314929962
Experiment 70164
Epoch 0038 [Test seq (cond on sampled tp)] | Loss 35.535095 | Likelihood -23.405739 | KL fp 4.0800 | FP STD 0.0168|
KL coef: 0.24528071279636743
Train loss (one batch): 35.21308135986328
Train CE loss (one batch): 0.11907391995191574
Classification AUC (TEST): 0.6997
Test MSE: 0.0052
Poisson likelihood: 0.0
CE loss: 0.12227417528629303
