/home/bigdyl/soyoung/gpu1/latent_ode/run_models.py
run_models.py --niters 100 -n 8000 -l 20 --latent-ode --z0-encoder rnn --dataset physionet --rec-dims 40 --rec-layers 3 --gen-layers 3 --units 50 --gru-units 50 --quantization 0.016 --classif --reg_dopri 100 --reg_kinetic 0 --gpu 1
Experiment 39707
Epoch 0001 [Test seq (cond on sampled tp)] | Loss 76.429482 | Likelihood -63.892681 | KL fp 4.2711 | FP STD 0.0158 | NFE 14.0000
KL coef: 0.0
Train loss (one batch): 441.83184814453125
Train CE loss (one batch): 0.1371743530035019
Classification AUC (TEST): 0.4925
Test MSE: 0.0133
Poisson likelihood: 0.0
CE loss: 0.13637599349021912
NFE: 14.0000
Experiment 39707
Epoch 0002 [Test seq (cond on sampled tp)] | Loss 72.121513 | Likelihood -59.591141 | KL fp 4.9934 | FP STD 0.0097 | NFE 14.0000
KL coef: 0.0
Train loss (one batch): 377.7718200683594
Train CE loss (one batch): 0.13611586391925812
Classification AUC (TEST): 0.4839
Test MSE: 0.0125
Poisson likelihood: 0.0
CE loss: 0.1362980753183365
NFE: 14.0000
Experiment 39707
Epoch 0003 [Test seq (cond on sampled tp)] | Loss 70.586578 | Likelihood -58.073761 | KL fp 5.2938 | FP STD 0.0127 | NFE 14.0000
KL coef: 0.0
Train loss (one batch): 333.23236083984375
Train CE loss (one batch): 0.13585209846496582
Classification AUC (TEST): 0.4795
Test MSE: 0.0122
Poisson likelihood: 0.0
CE loss: 0.13612428307533264
NFE: 14.0000
Experiment 39707
Epoch 0004 [Test seq (cond on sampled tp)] | Loss 64.898979 | Likelihood -52.379539 | KL fp 5.9691 | FP STD 0.0115 | NFE 14.0000
KL coef: 0.0
Train loss (one batch): 333.0798034667969
Train CE loss (one batch): 0.1357870101928711
Classification AUC (TEST): 0.4773
Test MSE: 0.0110
Poisson likelihood: 0.0
CE loss: 0.13618092238903046
NFE: 14.0000
Experiment 39707
Epoch 0005 [Test seq (cond on sampled tp)] | Loss 57.702717 | Likelihood -45.185753 | KL fp 6.4555 | FP STD 0.0137 | NFE 14.0000
KL coef: 0.0
Train loss (one batch): 304.3209533691406
Train CE loss (one batch): 0.13581056892871857
Classification AUC (TEST): 0.4913
Test MSE: 0.0096
Poisson likelihood: 0.0
CE loss: 0.1361558437347412
NFE: 14.0000
Experiment 39707
Epoch 0006 [Test seq (cond on sampled tp)] | Loss 54.063309 | Likelihood -41.557899 | KL fp 7.5275 | FP STD 0.0106 | NFE 14.0000
KL coef: 0.0
Train loss (one batch): 265.8404541015625
Train CE loss (one batch): 0.1355457603931427
Classification AUC (TEST): 0.4980
Test MSE: 0.0089
Poisson likelihood: 0.0
CE loss: 0.13604111969470978
NFE: 14.0000
Experiment 39707
Epoch 0007 [Test seq (cond on sampled tp)] | Loss 51.707020 | Likelihood -39.205040 | KL fp 8.2687 | FP STD 0.0123 | NFE 14.0000
KL coef: 0.0
Train loss (one batch): 259.5350341796875
Train CE loss (one batch): 0.13544049859046936
Classification AUC (TEST): 0.5134
Test MSE: 0.0084
Poisson likelihood: 0.0
CE loss: 0.13600902259349823
NFE: 14.0000
Experiment 39707
Epoch 0008 [Test seq (cond on sampled tp)] | Loss 50.106415 | Likelihood -37.579170 | KL fp 9.0484 | FP STD 0.0113 | NFE 14.0000
KL coef: 0.0
Train loss (one batch): 249.1026611328125
Train CE loss (one batch): 0.13548479974269867
Classification AUC (TEST): 0.5236
Test MSE: 0.0081
Poisson likelihood: 0.0
CE loss: 0.1362626701593399
NFE: 14.0000
Experiment 39707
Epoch 0009 [Test seq (cond on sampled tp)] | Loss 49.453178 | Likelihood -36.902676 | KL fp 9.8139 | FP STD 0.0135 | NFE 14.0000
KL coef: 0.0
Train loss (one batch): 228.2077178955078
Train CE loss (one batch): 0.13544994592666626
Classification AUC (TEST): 0.5237
Test MSE: 0.0079
Poisson likelihood: 0.0
CE loss: 0.1364925056695938
NFE: 14.0000
Experiment 39707
Epoch 0010 [Test seq (cond on sampled tp)] | Loss 48.758820 | Likelihood -36.263176 | KL fp 10.8010 | FP STD 0.0107 | NFE 14.0000
KL coef: 0.0
Train loss (one batch): 229.78240966796875
Train CE loss (one batch): 0.13489504158496857
Classification AUC (TEST): 0.5284
Test MSE: 0.0078
Poisson likelihood: 0.0
CE loss: 0.13594286143779755
NFE: 14.0000
Experiment 39707
Epoch 0011 [Test seq (cond on sampled tp)] | Loss 48.125484 | Likelihood -35.545494 | KL fp 11.5634 | FP STD 0.0109 | NFE 14.0000
KL coef: 0.010000000000000009
Train loss (one batch): 238.4937744140625
Train CE loss (one batch): 0.13484545052051544
Classification AUC (TEST): 0.5287
Test MSE: 0.0077
Poisson likelihood: 0.0
CE loss: 0.13563323020935059
NFE: 14.0000
Experiment 39707
Epoch 0012 [Test seq (cond on sampled tp)] | Loss 48.340019 | Likelihood -35.634193 | KL fp 12.0424 | FP STD 0.0115 | NFE 14.0000
KL coef: 0.01990000000000003
Train loss (one batch): 240.5298614501953
Train CE loss (one batch): 0.13489484786987305
Classification AUC (TEST): 0.5290
Test MSE: 0.0077
Poisson likelihood: 0.0
CE loss: 0.13564884662628174
NFE: 14.0000
Experiment 39707
Epoch 0013 [Test seq (cond on sampled tp)] | Loss 47.841297 | Likelihood -34.996246 | KL fp 12.2656 | FP STD 0.0147 | NFE 14.0000
KL coef: 0.029700999999999977
Train loss (one batch): 223.19131469726562
Train CE loss (one batch): 0.13502871990203857
Classification AUC (TEST): 0.5304
Test MSE: 0.0076
Poisson likelihood: 0.0
CE loss: 0.1357937902212143
NFE: 14.0000
Experiment 39707
Epoch 0014 [Test seq (cond on sampled tp)] | Loss 48.363400 | Likelihood -35.371799 | KL fp 12.8618 | FP STD 0.0164 | NFE 14.0000
KL coef: 0.039403990000000055
Train loss (one batch): 205.57725524902344
Train CE loss (one batch): 0.13511362671852112
Classification AUC (TEST): 0.5373
Test MSE: 0.0076
Poisson likelihood: 0.0
CE loss: 0.1358427107334137
NFE: 14.0000
Experiment 39707
Epoch 0015 [Test seq (cond on sampled tp)] | Loss 48.436470 | Likelihood -35.284245 | KL fp 13.5059 | FP STD 0.0172 | NFE 14.0000
KL coef: 0.04900995010000009
Train loss (one batch): 217.1945343017578
Train CE loss (one batch): 0.1351613700389862
Classification AUC (TEST): 0.5398
Test MSE: 0.0076
Poisson likelihood: 0.0
CE loss: 0.13589854538440704
NFE: 14.0000
Experiment 39707
Epoch 0016 [Test seq (cond on sampled tp)] | Loss 49.224976 | Likelihood -35.928497 | KL fp 13.7336 | FP STD 0.0208 | NFE 14.0000
KL coef: 0.058519850599
Train loss (one batch): 218.21078491210938
Train CE loss (one batch): 0.13522246479988098
Classification AUC (TEST): 0.5348
Test MSE: 0.0077
Poisson likelihood: 0.0
CE loss: 0.13596242666244507
NFE: 14.0000
Experiment 39707
Epoch 0017 [Test seq (cond on sampled tp)] | Loss 48.432037 | Likelihood -34.966339 | KL fp 14.1845 | FP STD 0.0183 | NFE 14.0000
KL coef: 0.06793465209301008
Train loss (one batch): 194.386474609375
Train CE loss (one batch): 0.13539212942123413
Classification AUC (TEST): 0.5384
Test MSE: 0.0075
Poisson likelihood: 0.0
CE loss: 0.1360137015581131
NFE: 14.0000
Experiment 39707
Epoch 0018 [Test seq (cond on sampled tp)] | Loss 48.288483 | Likelihood -34.640064 | KL fp 14.8164 | FP STD 0.0160 | NFE 14.0000
KL coef: 0.07725530557207994
Train loss (one batch): 188.7952880859375
Train CE loss (one batch): 0.13531827926635742
Classification AUC (TEST): 0.5355
Test MSE: 0.0075
Poisson likelihood: 0.0
CE loss: 0.13602793216705322
NFE: 14.0000
Experiment 39707
Epoch 0019 [Test seq (cond on sampled tp)] | Loss 48.973820 | Likelihood -35.166786 | KL fp 15.0302 | FP STD 0.0233 | NFE 14.0000
KL coef: 0.08648275251635917
Train loss (one batch): 202.9823455810547
Train CE loss (one batch): 0.1352943778038025
Classification AUC (TEST): 0.5392
Test MSE: 0.0076
Poisson likelihood: 0.0
CE loss: 0.1360640674829483
NFE: 14.0000
Experiment 39707
Epoch 0020 [Test seq (cond on sampled tp)] | Loss 48.900726 | Likelihood -34.902470 | KL fp 15.5937 | FP STD 0.0206 | NFE 14.0000
KL coef: 0.09561792499119559
Train loss (one batch): 195.3649444580078
Train CE loss (one batch): 0.13532298803329468
Classification AUC (TEST): 0.5400
Test MSE: 0.0075
Poisson likelihood: 0.0
CE loss: 0.13608212769031525
NFE: 14.0000
Experiment 39707
Epoch 0021 [Test seq (cond on sampled tp)] | Loss 49.069496 | Likelihood -34.887146 | KL fp 15.9819 | FP STD 0.0171 | NFE 14.0000
KL coef: 0.10466174574128362
Train loss (one batch): 196.00390625
Train CE loss (one batch): 0.1352861523628235
Classification AUC (TEST): 0.5402
Test MSE: 0.0075
Poisson likelihood: 0.0
CE loss: 0.13608285784721375
NFE: 14.0000
Experiment 39707
Epoch 0022 [Test seq (cond on sampled tp)] | Loss 50.177956 | Likelihood -35.790047 | KL fp 16.5565 | FP STD 0.0204 | NFE 14.0000
KL coef: 0.11361512828387077
Train loss (one batch): 184.04815673828125
Train CE loss (one batch): 0.135236456990242
Classification AUC (TEST): 0.5437
Test MSE: 0.0077
Poisson likelihood: 0.0
CE loss: 0.13607549667358398
NFE: 14.0000
Experiment 39707
Epoch 0023 [Test seq (cond on sampled tp)] | Loss 49.917088 | Likelihood -35.362007 | KL fp 16.7096 | FP STD 0.0209 | NFE 14.0000
KL coef: 0.12247897700103216
Train loss (one batch): 185.71096801757812
Train CE loss (one batch): 0.1352786123752594
Classification AUC (TEST): 0.5436
Test MSE: 0.0076
Poisson likelihood: 0.0
CE loss: 0.13607731461524963
NFE: 14.0000
Experiment 39707
Epoch 0024 [Test seq (cond on sampled tp)] | Loss 50.475456 | Likelihood -35.804443 | KL fp 16.5138 | FP STD 0.0321 | NFE 14.0000
KL coef: 0.13125418723102178
Train loss (one batch): 197.52804565429688
Train CE loss (one batch): 0.13522881269454956
Classification AUC (TEST): 0.5385
Test MSE: 0.0077
Poisson likelihood: 0.0
CE loss: 0.13609954714775085
NFE: 14.0000
Experiment 39707
Epoch 0025 [Test seq (cond on sampled tp)] | Loss 50.155277 | Likelihood -35.224480 | KL fp 17.3275 | FP STD 0.0216 | NFE 14.0000
KL coef: 0.13994164535871156
Train loss (one batch): 169.79808044433594
Train CE loss (one batch): 0.13512848317623138
Classification AUC (TEST): 0.5374
Test MSE: 0.0076
Poisson likelihood: 0.0
CE loss: 0.13604968786239624
NFE: 14.0000
Experiment 39707
Epoch 0026 [Test seq (cond on sampled tp)] | Loss 50.335949 | Likelihood -35.228039 | KL fp 17.5501 | FP STD 0.0208 | NFE 14.0000
KL coef: 0.14854222890512447
Train loss (one batch): 193.28506469726562
Train CE loss (one batch): 0.13511864840984344
Classification AUC (TEST): 0.5437
Test MSE: 0.0076
Poisson likelihood: 0.0
CE loss: 0.1360052078962326
NFE: 14.0000
Experiment 39707
Epoch 0027 [Test seq (cond on sampled tp)] | Loss 49.918556 | Likelihood -34.566994 | KL fp 18.1601 | FP STD 0.0136 | NFE 14.0000
KL coef: 0.15705680661607324
Train loss (one batch): 226.6040496826172
Train CE loss (one batch): 0.13509833812713623
Classification AUC (TEST): 0.5444
Test MSE: 0.0075
Poisson likelihood: 0.0
CE loss: 0.1359814703464508
NFE: 14.0000
Experiment 39707
Epoch 0028 [Test seq (cond on sampled tp)] | Loss 50.191742 | Likelihood -34.686256 | KL fp 18.1962 | FP STD 0.0165 | NFE 14.0000
KL coef: 0.1654862385499125
Train loss (one batch): 182.60943603515625
Train CE loss (one batch): 0.13508421182632446
Classification AUC (TEST): 0.5457
Test MSE: 0.0075
Poisson likelihood: 0.0
CE loss: 0.13593153655529022
NFE: 14.0000
Experiment 39707
Epoch 0029 [Test seq (cond on sampled tp)] | Loss 50.094727 | Likelihood -34.414314 | KL fp 18.3472 | FP STD 0.0165 | NFE 14.0000
KL coef: 0.17383137616441335
Train loss (one batch): 205.60711669921875
Train CE loss (one batch): 0.1350327432155609
Classification AUC (TEST): 0.5437
Test MSE: 0.0074
Poisson likelihood: 0.0
CE loss: 0.13589775562286377
NFE: 14.0000
Experiment 39707
Epoch 0030 [Test seq (cond on sampled tp)] | Loss 50.030853 | Likelihood -34.160488 | KL fp 18.5838 | FP STD 0.0156 | NFE 14.0000
KL coef: 0.18209306240276923
Train loss (one batch): 193.96917724609375
Train CE loss (one batch): 0.1349385678768158
Classification AUC (TEST): 0.5431
Test MSE: 0.0074
Poisson likelihood: 0.0
CE loss: 0.1358502209186554
NFE: 14.0000
Experiment 39707
Epoch 0031 [Test seq (cond on sampled tp)] | Loss 50.077793 | Likelihood -34.048065 | KL fp 18.6324 | FP STD 0.0165 | NFE 14.0000
KL coef: 0.19027213177874158
Train loss (one batch): 177.84072875976562
Train CE loss (one batch): 0.13493192195892334
Classification AUC (TEST): 0.5457
Test MSE: 0.0074
Poisson likelihood: 0.0
CE loss: 0.135833740234375
NFE: 14.0000
Experiment 39707
Epoch 0032 [Test seq (cond on sampled tp)] | Loss 50.036850 | Likelihood -33.802567 | KL fp 18.9162 | FP STD 0.0135 | NFE 14.0000
KL coef: 0.19836941046095413
Train loss (one batch): 171.71192932128906
Train CE loss (one batch): 0.13491936028003693
Classification AUC (TEST): 0.5437
Test MSE: 0.0073
Poisson likelihood: 0.0
CE loss: 0.13580571115016937
NFE: 14.0000
Experiment 39707
Epoch 0033 [Test seq (cond on sampled tp)] | Loss 50.454967 | Likelihood -34.086494 | KL fp 18.8343 | FP STD 0.0176 | NFE 14.0000
KL coef: 0.20638571635634462
Train loss (one batch): 177.72311401367188
Train CE loss (one batch): 0.1348920315504074
Classification AUC (TEST): 0.5420
Test MSE: 0.0074
Poisson likelihood: 0.0
CE loss: 0.1358010172843933
NFE: 14.0000
Experiment 39707
Epoch 0034 [Test seq (cond on sampled tp)] | Loss 50.700493 | Likelihood -34.198071 | KL fp 18.7858 | FP STD 0.0214 | NFE 8.0000
KL coef: 0.21432185919278124
Train loss (one batch): 256.6211853027344
Train CE loss (one batch): 0.13489949703216553
Classification AUC (TEST): 0.5497
Test MSE: 0.0074
Poisson likelihood: 0.0
CE loss: 0.13575364649295807
NFE: 8.0000
Experiment 39707
Epoch 0035 [Test seq (cond on sampled tp)] | Loss 50.578094 | Likelihood -33.913139 | KL fp 18.8581 | FP STD 0.0215 | NFE 14.0000
KL coef: 0.22217864060085335
Train loss (one batch): 186.7788848876953
Train CE loss (one batch): 0.1348342001438141
Classification AUC (TEST): 0.5428
Test MSE: 0.0073
Poisson likelihood: 0.0
CE loss: 0.1357412040233612
NFE: 14.0000
Experiment 39707
Epoch 0036 [Test seq (cond on sampled tp)] | Loss 50.717392 | Likelihood -33.871212 | KL fp 19.0107 | FP STD 0.0208 | NFE 14.0000
KL coef: 0.2299568541948449
Train loss (one batch): 190.23931884765625
Train CE loss (one batch): 0.13481110334396362
Classification AUC (TEST): 0.5424
Test MSE: 0.0073
Poisson likelihood: 0.0
CE loss: 0.135732039809227
NFE: 14.0000
Experiment 39707
Epoch 0037 [Test seq (cond on sampled tp)] | Loss 50.731434 | Likelihood -33.730362 | KL fp 19.0579 | FP STD 0.0218 | NFE 14.0000
KL coef: 0.23765728565289646
Train loss (one batch): 174.19361877441406
Train CE loss (one batch): 0.13480915129184723
Classification AUC (TEST): 0.5425
Test MSE: 0.0073
Poisson likelihood: 0.0
CE loss: 0.1357269287109375
NFE: 14.0000
Experiment 39707
Epoch 0038 [Test seq (cond on sampled tp)] | Loss 50.920841 | Likelihood -33.731316 | KL fp 19.2247 | FP STD 0.0205 | NFE 8.0000
KL coef: 0.24528071279636743
Train loss (one batch): 241.85296630859375
Train CE loss (one batch): 0.13481055200099945
Classification AUC (TEST): 0.5435
Test MSE: 0.0073
Poisson likelihood: 0.0
CE loss: 0.1357271671295166
NFE: 8.0000
Experiment 39707
Epoch 0039 [Test seq (cond on sampled tp)] | Loss 51.055412 | Likelihood -33.670654 | KL fp 19.4284 | FP STD 0.0206 | NFE 14.0000
KL coef: 0.25282790566840385
Train loss (one batch): 187.38006591796875
Train CE loss (one batch): 0.1348028928041458
Classification AUC (TEST): 0.5454
Test MSE: 0.0073
Poisson likelihood: 0.0
CE loss: 0.13571447134017944
NFE: 14.0000
Experiment 39707
Epoch 0040 [Test seq (cond on sampled tp)] | Loss 51.429283 | Likelihood -33.937328 | KL fp 19.2788 | FP STD 0.0253 | NFE 14.0000
KL coef: 0.2602996266117198
Train loss (one batch): 188.19984436035156
Train CE loss (one batch): 0.13482598960399628
Classification AUC (TEST): 0.5430
Test MSE: 0.0073
Poisson likelihood: 0.0
CE loss: 0.1357336938381195
NFE: 14.0000
Experiment 39707
Epoch 0041 [Test seq (cond on sampled tp)] | Loss 51.607441 | Likelihood -33.944363 | KL fp 19.3841 | FP STD 0.0248 | NFE 8.0000
KL coef: 0.26769663034560254
Train loss (one batch): 254.3082275390625
Train CE loss (one batch): 0.13481353223323822
Classification AUC (TEST): 0.5432
Test MSE: 0.0073
Poisson likelihood: 0.0
CE loss: 0.1357264220714569
NFE: 8.0000
Experiment 39707
Epoch 0042 [Test seq (cond on sampled tp)] | Loss 51.705570 | Likelihood -33.853729 | KL fp 19.5590 | FP STD 0.0244 | NFE 8.0000
KL coef: 0.2750196640421466
Train loss (one batch): 234.21176147460938
Train CE loss (one batch): 0.13492830097675323
Classification AUC (TEST): 0.5422
Test MSE: 0.0073
Poisson likelihood: 0.0
CE loss: 0.13571956753730774
NFE: 8.0000
Experiment 39707
Epoch 0043 [Test seq (cond on sampled tp)] | Loss 51.622372 | Likelihood -33.599201 | KL fp 19.6607 | FP STD 0.0244 | NFE 14.0000
KL coef: 0.2822694674017251
Train loss (one batch): 184.81195068359375
Train CE loss (one batch): 0.13481993973255157
Classification AUC (TEST): 0.5419
Test MSE: 0.0073
Poisson likelihood: 0.0
CE loss: 0.1357278823852539
NFE: 14.0000
Experiment 39707
Epoch 0044 [Test seq (cond on sampled tp)] | Loss 51.923214 | Likelihood -33.689018 | KL fp 19.9057 | FP STD 0.0222 | NFE 8.0000
KL coef: 0.2894467727277079
Train loss (one batch): 165.1089630126953
Train CE loss (one batch): 0.13486933708190918
Classification AUC (TEST): 0.5465
Test MSE: 0.0073
Poisson likelihood: 0.0
CE loss: 0.13572123646736145
NFE: 8.0000
Experiment 39707
Epoch 0045 [Test seq (cond on sampled tp)] | Loss 51.922798 | Likelihood -33.486092 | KL fp 20.1121 | FP STD 0.0210 | NFE 14.0000
KL coef: 0.29655230500043084
Train loss (one batch): 175.50144958496094
Train CE loss (one batch): 0.13482636213302612
Classification AUC (TEST): 0.5459
Test MSE: 0.0073
Poisson likelihood: 0.0
CE loss: 0.1357131004333496
NFE: 14.0000
Experiment 39707
Epoch 0046 [Test seq (cond on sampled tp)] | Loss 52.030724 | Likelihood -33.415691 | KL fp 20.2246 | FP STD 0.0208 | NFE 14.0000
KL coef: 0.30358678195042654
Train loss (one batch): 185.1771697998047
Train CE loss (one batch): 0.13485321402549744
Classification AUC (TEST): 0.5427
Test MSE: 0.0072
Poisson likelihood: 0.0
CE loss: 0.13573747873306274
NFE: 14.0000
Experiment 39707
Epoch 0047 [Test seq (cond on sampled tp)] | Loss 52.214790 | Likelihood -33.399181 | KL fp 20.4187 | FP STD 0.0191 | NFE 14.0000
KL coef: 0.3105509141309223
Train loss (one batch): 190.99700927734375
Train CE loss (one batch): 0.13482940196990967
Classification AUC (TEST): 0.5427
Test MSE: 0.0072
Poisson likelihood: 0.0
CE loss: 0.1357330083847046
NFE: 14.0000
Experiment 39707
Epoch 0048 [Test seq (cond on sampled tp)] | Loss 52.443699 | Likelihood -33.507565 | KL fp 20.3617 | FP STD 0.0218 | NFE 14.0000
KL coef: 0.31744540498961304
Train loss (one batch): 193.1458740234375
Train CE loss (one batch): 0.13481505215168
Classification AUC (TEST): 0.5451
Test MSE: 0.0073
Poisson likelihood: 0.0
CE loss: 0.13571174442768097
NFE: 14.0000
Experiment 39707
Epoch 0049 [Test seq (cond on sampled tp)] | Loss 52.486710 | Likelihood -33.347748 | KL fp 20.5597 | FP STD 0.0205 | NFE 14.0000
KL coef: 0.3242709509397169
Train loss (one batch): 170.7412109375
Train CE loss (one batch): 0.13480566442012787
Classification AUC (TEST): 0.5425
Test MSE: 0.0072
Poisson likelihood: 0.0
CE loss: 0.13571351766586304
NFE: 14.0000
Experiment 39707
Epoch 0050 [Test seq (cond on sampled tp)] | Loss 52.792282 | Likelihood -33.456131 | KL fp 20.7261 | FP STD 0.0203 | NFE 14.0000
KL coef: 0.3310282414303197
Train loss (one batch): 260.38140869140625
Train CE loss (one batch): 0.1349172592163086
Classification AUC (TEST): 0.5433
Test MSE: 0.0072
Poisson likelihood: 0.0
CE loss: 0.1357545256614685
NFE: 14.0000
Experiment 39707
Epoch 0051 [Test seq (cond on sampled tp)] | Loss 52.848564 | Likelihood -33.393661 | KL fp 20.6755 | FP STD 0.0226 | NFE 14.0000
KL coef: 0.33771795901601653
Train loss (one batch): 173.1776123046875
Train CE loss (one batch): 0.1348143219947815
Classification AUC (TEST): 0.5410
Test MSE: 0.0072
Poisson likelihood: 0.0
CE loss: 0.13572350144386292
NFE: 14.0000
Experiment 39707
Epoch 0052 [Test seq (cond on sampled tp)] | Loss 52.926476 | Likelihood -33.247059 | KL fp 20.9276 | FP STD 0.0196 | NFE 14.0000
KL coef: 0.3443407794258564
Train loss (one batch): 199.88185119628906
Train CE loss (one batch): 0.13483643531799316
Classification AUC (TEST): 0.5423
Test MSE: 0.0072
Poisson likelihood: 0.0
CE loss: 0.13572603464126587
NFE: 14.0000
Experiment 39707
Epoch 0053 [Test seq (cond on sampled tp)] | Loss 53.059994 | Likelihood -33.168026 | KL fp 21.1394 | FP STD 0.0182 | NFE 14.0000
KL coef: 0.35089737163159784
Train loss (one batch): 169.0487518310547
Train CE loss (one batch): 0.13483764231204987
Classification AUC (TEST): 0.5426
Test MSE: 0.0072
Poisson likelihood: 0.0
CE loss: 0.1357308328151703
NFE: 14.0000
Experiment 39707
Epoch 0054 [Test seq (cond on sampled tp)] | Loss 53.259541 | Likelihood -33.178379 | KL fp 21.2868 | FP STD 0.0183 | NFE 8.0000
KL coef: 0.3573883979152819
Train loss (one batch): 245.7650604248047
Train CE loss (one batch): 0.134816512465477
Classification AUC (TEST): 0.5465
Test MSE: 0.0072
Poisson likelihood: 0.0
CE loss: 0.13572433590888977
NFE: 8.0000
Experiment 39707
Epoch 0055 [Test seq (cond on sampled tp)] | Loss 53.324150 | Likelihood -33.068287 | KL fp 21.3904 | FP STD 0.0191 | NFE 14.0000
KL coef: 0.36381451393612907
Train loss (one batch): 199.75311279296875
Train CE loss (one batch): 0.1348259449005127
Classification AUC (TEST): 0.5451
Test MSE: 0.0072
Poisson likelihood: 0.0
CE loss: 0.13572721183300018
NFE: 14.0000
Experiment 39707
Epoch 0056 [Test seq (cond on sampled tp)] | Loss 53.499870 | Likelihood -33.047752 | KL fp 21.5557 | FP STD 0.0180 | NFE 8.0000
KL coef: 0.37017636879676774
Train loss (one batch): 254.849365234375
Train CE loss (one batch): 0.13481798768043518
Classification AUC (TEST): 0.5452
Test MSE: 0.0072
Poisson likelihood: 0.0
CE loss: 0.13572397828102112
NFE: 8.0000
Experiment 39707
Epoch 0057 [Test seq (cond on sampled tp)] | Loss 53.842339 | Likelihood -33.232033 | KL fp 21.6125 | FP STD 0.0203 | NFE 14.0000
KL coef: 0.37647460510880004
Train loss (one batch): 174.2207794189453
Train CE loss (one batch): 0.13481272757053375
Classification AUC (TEST): 0.5402
Test MSE: 0.0072
Poisson likelihood: 0.0
CE loss: 0.13572877645492554
NFE: 14.0000
Experiment 39707
Epoch 0058 [Test seq (cond on sampled tp)] | Loss 53.998077 | Likelihood -33.186306 | KL fp 21.7878 | FP STD 0.0213 | NFE 14.0000
KL coef: 0.38270985905771204
Train loss (one batch): 171.26393127441406
Train CE loss (one batch): 0.13486528396606445
Classification AUC (TEST): 0.5396
Test MSE: 0.0072
Poisson likelihood: 0.0
CE loss: 0.13572263717651367
NFE: 14.0000
Experiment 39707
Epoch 0059 [Test seq (cond on sampled tp)] | Loss 54.059002 | Likelihood -33.042416 | KL fp 21.9704 | FP STD 0.0203 | NFE 14.0000
KL coef: 0.388882760467135
Train loss (one batch): 192.45774841308594
Train CE loss (one batch): 0.13480931520462036
Classification AUC (TEST): 0.5394
Test MSE: 0.0072
Poisson likelihood: 0.0
CE loss: 0.13572068512439728
NFE: 14.0000
Experiment 39707
Epoch 0060 [Test seq (cond on sampled tp)] | Loss 54.171406 | Likelihood -32.981567 | KL fp 22.0673 | FP STD 0.0198 | NFE 14.0000
KL coef: 0.39499393286246365
Train loss (one batch): 173.84251403808594
Train CE loss (one batch): 0.1348654329776764
Classification AUC (TEST): 0.5402
Test MSE: 0.0072
Poisson likelihood: 0.0
CE loss: 0.13572710752487183
NFE: 14.0000
Experiment 39707
Epoch 0061 [Test seq (cond on sampled tp)] | Loss 54.262459 | Likelihood -32.865139 | KL fp 22.2541 | FP STD 0.0182 | NFE 14.0000
KL coef: 0.401043993533839
Train loss (one batch): 173.8197784423828
Train CE loss (one batch): 0.13478392362594604
Classification AUC (TEST): 0.5426
Test MSE: 0.0071
Poisson likelihood: 0.0
CE loss: 0.1357189416885376
NFE: 14.0000
Experiment 39707
Epoch 0062 [Test seq (cond on sampled tp)] | Loss 54.304047 | Likelihood -32.758831 | KL fp 22.2865 | FP STD 0.0189 | NFE 14.0000
KL coef: 0.4070335535985006
Train loss (one batch): 195.50479125976562
Train CE loss (one batch): 0.13484324514865875
Classification AUC (TEST): 0.5382
Test MSE: 0.0071
Poisson likelihood: 0.0
CE loss: 0.13572575151920319
NFE: 14.0000
Experiment 39707
Epoch 0063 [Test seq (cond on sampled tp)] | Loss 54.599850 | Likelihood -32.802948 | KL fp 22.5762 | FP STD 0.0163 | NFE 8.0000
KL coef: 0.41296321806251557
Train loss (one batch): 248.68319702148438
Train CE loss (one batch): 0.13480573892593384
Classification AUC (TEST): 0.5353
Test MSE: 0.0071
Poisson likelihood: 0.0
CE loss: 0.13572674989700317
NFE: 8.0000
Experiment 39707
Epoch 0064 [Test seq (cond on sampled tp)] | Loss 54.708698 | Likelihood -32.818909 | KL fp 22.4847 | FP STD 0.0185 | NFE 8.0000
KL coef: 0.41883358588189046
Train loss (one batch): 246.7936248779297
Train CE loss (one batch): 0.13480770587921143
Classification AUC (TEST): 0.5414
Test MSE: 0.0071
Poisson likelihood: 0.0
CE loss: 0.13572032749652863
NFE: 8.0000
Experiment 39707
Epoch 0065 [Test seq (cond on sampled tp)] | Loss 54.789490 | Likelihood -32.728565 | KL fp 22.5755 | FP STD 0.0193 | NFE 14.0000
KL coef: 0.4246452500230715
Train loss (one batch): 199.1035919189453
Train CE loss (one batch): 0.13484176993370056
Classification AUC (TEST): 0.5340
Test MSE: 0.0071
Poisson likelihood: 0.0
CE loss: 0.1357298046350479
NFE: 14.0000
Experiment 39707
Epoch 0066 [Test seq (cond on sampled tp)] | Loss 54.993046 | Likelihood -32.758751 | KL fp 22.6786 | FP STD 0.0195 | NFE 14.0000
KL coef: 0.4303987975228408
Train loss (one batch): 181.2459716796875
Train CE loss (one batch): 0.13481839001178741
Classification AUC (TEST): 0.5385
Test MSE: 0.0071
Poisson likelihood: 0.0
CE loss: 0.1357257068157196
NFE: 14.0000
Experiment 39707
Epoch 0067 [Test seq (cond on sampled tp)] | Loss 55.214226 | Likelihood -32.765121 | KL fp 22.8797 | FP STD 0.0205 | NFE 8.0000
KL coef: 0.4360948095476125
Train loss (one batch): 253.98817443847656
Train CE loss (one batch): 0.1347859501838684
Classification AUC (TEST): 0.5416
Test MSE: 0.0071
Poisson likelihood: 0.0
CE loss: 0.1357065737247467
NFE: 8.0000
Experiment 39707
Epoch 0068 [Test seq (cond on sampled tp)] | Loss 55.333344 | Likelihood -32.798843 | KL fp 22.7764 | FP STD 0.0232 | NFE 14.0000
KL coef: 0.44173386145213633
Train loss (one batch): 259.95941162109375
Train CE loss (one batch): 0.13483750820159912
Classification AUC (TEST): 0.5422
Test MSE: 0.0071
Poisson likelihood: 0.0
CE loss: 0.13572531938552856
NFE: 14.0000
Experiment 39707
Epoch 0069 [Test seq (cond on sampled tp)] | Loss 55.486801 | Likelihood -32.727245 | KL fp 22.9975 | FP STD 0.0209 | NFE 14.0000
KL coef: 0.4473165228376149
Train loss (one batch): 185.7977294921875
Train CE loss (one batch): 0.13480862975120544
Classification AUC (TEST): 0.5380
Test MSE: 0.0071
Poisson likelihood: 0.0
CE loss: 0.13571985065937042
NFE: 14.0000
Experiment 39707
Epoch 0070 [Test seq (cond on sampled tp)] | Loss 55.600685 | Likelihood -32.661789 | KL fp 23.1101 | FP STD 0.0215 | NFE 8.0000
KL coef: 0.4528433576092388
Train loss (one batch): 252.08042907714844
Train CE loss (one batch): 0.13479232788085938
Classification AUC (TEST): 0.5414
Test MSE: 0.0071
Poisson likelihood: 0.0
CE loss: 0.1357237696647644
NFE: 8.0000
Experiment 39707
Epoch 0071 [Test seq (cond on sampled tp)] | Loss 55.746944 | Likelihood -32.617744 | KL fp 23.2491 | FP STD 0.0210 | NFE 8.0000
KL coef: 0.45831492403314644
Train loss (one batch): 250.11624145507812
Train CE loss (one batch): 0.1348213255405426
Classification AUC (TEST): 0.5421
Test MSE: 0.0071
Poisson likelihood: 0.0
CE loss: 0.13572551310062408
NFE: 8.0000
Experiment 39707
Epoch 0072 [Test seq (cond on sampled tp)] | Loss 55.917828 | Likelihood -32.572189 | KL fp 23.4452 | FP STD 0.0205 | NFE 8.0000
KL coef: 0.463731774792815
Train loss (one batch): 256.207763671875
Train CE loss (one batch): 0.13482198119163513
Classification AUC (TEST): 0.5434
Test MSE: 0.0071
Poisson likelihood: 0.0
CE loss: 0.13572397828102112
NFE: 8.0000
Experiment 39707
Epoch 0073 [Test seq (cond on sampled tp)] | Loss 56.216488 | Likelihood -32.694016 | KL fp 23.5574 | FP STD 0.0216 | NFE 8.0000
KL coef: 0.46909445704488684
Train loss (one batch): 252.76986694335938
Train CE loss (one batch): 0.13480901718139648
Classification AUC (TEST): 0.5380
Test MSE: 0.0071
Poisson likelihood: 0.0
CE loss: 0.135711207985878
NFE: 8.0000
Experiment 39707
Epoch 0074 [Test seq (cond on sampled tp)] | Loss 56.186962 | Likelihood -32.446777 | KL fp 23.7535 | FP STD 0.0197 | NFE 8.0000
KL coef: 0.474403512474438
Train loss (one batch): 241.71360778808594
Train CE loss (one batch): 0.1348172128200531
Classification AUC (TEST): 0.5383
Test MSE: 0.0070
Poisson likelihood: 0.0
CE loss: 0.13570770621299744
NFE: 8.0000
Experiment 39707
Epoch 0075 [Test seq (cond on sampled tp)] | Loss 56.386154 | Likelihood -32.537441 | KL fp 23.7158 | FP STD 0.0237 | NFE 8.0000
KL coef: 0.4796594773496936
Train loss (one batch): 255.13461303710938
Train CE loss (one batch): 0.13476678729057312
Classification AUC (TEST): 0.5337
Test MSE: 0.0071
Poisson likelihood: 0.0
CE loss: 0.13572759926319122
NFE: 8.0000
Experiment 39707
Epoch 0076 [Test seq (cond on sampled tp)] | Loss 56.595810 | Likelihood -32.576958 | KL fp 23.8131 | FP STD 0.0256 | NFE 8.0000
KL coef: 0.4848628825761967
Train loss (one batch): 249.7576141357422
Train CE loss (one batch): 0.13484251499176025
Classification AUC (TEST): 0.5393
Test MSE: 0.0071
Poisson likelihood: 0.0
CE loss: 0.1357228308916092
NFE: 8.0000
Experiment 39707
Epoch 0077 [Test seq (cond on sampled tp)] | Loss 56.681091 | Likelihood -32.439507 | KL fp 24.0193 | FP STD 0.0239 | NFE 8.0000
KL coef: 0.4900142537504347
Train loss (one batch): 246.04493713378906
Train CE loss (one batch): 0.1348169893026352
Classification AUC (TEST): 0.5389
Test MSE: 0.0070
Poisson likelihood: 0.0
CE loss: 0.13570772111415863
NFE: 8.0000
Experiment 39707
Epoch 0078 [Test seq (cond on sampled tp)] | Loss 57.197998 | Likelihood -32.824402 | KL fp 24.0361 | FP STD 0.0267 | NFE 14.0000
KL coef: 0.49511411121293036
Train loss (one batch): 195.40127563476562
Train CE loss (one batch): 0.13486669957637787
Classification AUC (TEST): 0.5365
Test MSE: 0.0071
Poisson likelihood: 0.0
CE loss: 0.1357170194387436
NFE: 14.0000
Experiment 39707
Epoch 0079 [Test seq (cond on sampled tp)] | Loss 56.896950 | Likelihood -32.308392 | KL fp 24.2270 | FP STD 0.0231 | NFE 8.0000
KL coef: 0.500162970100801
Train loss (one batch): 178.7290802001953
Train CE loss (one batch): 0.13477012515068054
Classification AUC (TEST): 0.5353
Test MSE: 0.0070
Poisson likelihood: 0.0
CE loss: 0.13571622967720032
NFE: 8.0000
Experiment 39707
Epoch 0080 [Test seq (cond on sampled tp)] | Loss 57.107819 | Likelihood -32.345825 | KL fp 24.3253 | FP STD 0.0241 | NFE 8.0000
KL coef: 0.505161340399793
Train loss (one batch): 237.4434051513672
Train CE loss (one batch): 0.13486294448375702
Classification AUC (TEST): 0.5391
Test MSE: 0.0070
Poisson likelihood: 0.0
CE loss: 0.13572493195533752
NFE: 8.0000
Experiment 39707
Epoch 0081 [Test seq (cond on sampled tp)] | Loss 57.410706 | Likelihood -32.461597 | KL fp 24.4681 | FP STD 0.0245 | NFE 14.0000
KL coef: 0.510109726995795
Train loss (one batch): 195.61517333984375
Train CE loss (one batch): 0.13477711379528046
Classification AUC (TEST): 0.5432
Test MSE: 0.0070
Poisson likelihood: 0.0
CE loss: 0.13569322228431702
NFE: 14.0000
Experiment 39707
Epoch 0082 [Test seq (cond on sampled tp)] | Loss 57.440006 | Likelihood -32.303524 | KL fp 24.5905 | FP STD 0.0234 | NFE 14.0000
KL coef: 0.5150086297258372
Train loss (one batch): 260.0308532714844
Train CE loss (one batch): 0.13480713963508606
Classification AUC (TEST): 0.5367
Test MSE: 0.0070
Poisson likelihood: 0.0
CE loss: 0.13570766150951385
NFE: 14.0000
Experiment 39707
Epoch 0083 [Test seq (cond on sampled tp)] | Loss 57.562458 | Likelihood -32.218151 | KL fp 24.7654 | FP STD 0.0226 | NFE 8.0000
KL coef: 0.5198585434285787
Train loss (one batch): 244.5653839111328
Train CE loss (one batch): 0.13477762043476105
Classification AUC (TEST): 0.5402
Test MSE: 0.0070
Poisson likelihood: 0.0
CE loss: 0.13569381833076477
NFE: 8.0000
Experiment 39707
Epoch 0084 [Test seq (cond on sampled tp)] | Loss 57.631413 | Likelihood -32.120361 | KL fp 24.8540 | FP STD 0.0229 | NFE 8.0000
KL coef: 0.524659957994293
Train loss (one batch): 239.32681274414062
Train CE loss (one batch): 0.13481006026268005
Classification AUC (TEST): 0.5393
Test MSE: 0.0070
Poisson likelihood: 0.0
CE loss: 0.13570010662078857
NFE: 8.0000
Experiment 39707
Epoch 0085 [Test seq (cond on sampled tp)] | Loss 57.824917 | Likelihood -32.147076 | KL fp 24.9473 | FP STD 0.0232 | NFE 14.0000
KL coef: 0.5294133584143501
Train loss (one batch): 181.853271484375
Train CE loss (one batch): 0.13483953475952148
Classification AUC (TEST): 0.5400
Test MSE: 0.0070
Poisson likelihood: 0.0
CE loss: 0.13569746911525726
NFE: 14.0000
Experiment 39707
Epoch 0086 [Test seq (cond on sampled tp)] | Loss 57.806992 | Likelihood -31.943136 | KL fp 25.0787 | FP STD 0.0220 | NFE 8.0000
KL coef: 0.5341192248302067
Train loss (one batch): 173.307373046875
Train CE loss (one batch): 0.1348056048154831
Classification AUC (TEST): 0.5405
Test MSE: 0.0069
Poisson likelihood: 0.0
CE loss: 0.1356775313615799
NFE: 8.0000
Experiment 39707
Epoch 0087 [Test seq (cond on sampled tp)] | Loss 58.243057 | Likelihood -32.334541 | KL fp 24.9430 | FP STD 0.0282 | NFE 14.0000
KL coef: 0.5387780325819045
Train loss (one batch): 179.95977783203125
Train CE loss (one batch): 0.13482533395290375
Classification AUC (TEST): 0.5448
Test MSE: 0.0070
Poisson likelihood: 0.0
CE loss: 0.13569341599941254
NFE: 14.0000
Experiment 39707
Epoch 0088 [Test seq (cond on sampled tp)] | Loss 58.302643 | Likelihood -32.147472 | KL fp 25.1834 | FP STD 0.0256 | NFE 8.0000
KL coef: 0.5433902522560855
Train loss (one batch): 234.29608154296875
Train CE loss (one batch): 0.13477544486522675
Classification AUC (TEST): 0.5407
Test MSE: 0.0070
Poisson likelihood: 0.0
CE loss: 0.13569551706314087
NFE: 8.0000
Experiment 39707
Epoch 0089 [Test seq (cond on sampled tp)] | Loss 58.414955 | Likelihood -32.112923 | KL fp 25.2432 | FP STD 0.0254 | NFE 8.0000
KL coef: 0.5479563497335247
Train loss (one batch): 175.9500732421875
Train CE loss (one batch): 0.13479574024677277
Classification AUC (TEST): 0.5387
Test MSE: 0.0070
Poisson likelihood: 0.0
CE loss: 0.13569386303424835
NFE: 8.0000
Experiment 39707
Epoch 0090 [Test seq (cond on sampled tp)] | Loss 58.497787 | Likelihood -31.990067 | KL fp 25.4087 | FP STD 0.0229 | NFE 8.0000
KL coef: 0.5524767862361895
Train loss (one batch): 261.6084289550781
Train CE loss (one batch): 0.1347840130329132
Classification AUC (TEST): 0.5398
Test MSE: 0.0070
Poisson likelihood: 0.0
CE loss: 0.13568784296512604
NFE: 8.0000
Experiment 39707
Epoch 0091 [Test seq (cond on sampled tp)] | Loss 58.627861 | Likelihood -31.986141 | KL fp 25.4432 | FP STD 0.0236 | NFE 8.0000
KL coef: 0.5569520183738275
Train loss (one batch): 245.29620361328125
Train CE loss (one batch): 0.13478603959083557
Classification AUC (TEST): 0.5431
Test MSE: 0.0070
Poisson likelihood: 0.0
CE loss: 0.13571277260780334
NFE: 8.0000
Experiment 39707
Epoch 0092 [Test seq (cond on sampled tp)] | Loss 58.687798 | Likelihood -31.948074 | KL fp 25.4190 | FP STD 0.0255 | NFE 8.0000
KL coef: 0.5613824981900892
Train loss (one batch): 251.74603271484375
Train CE loss (one batch): 0.134800523519516
Classification AUC (TEST): 0.5427
Test MSE: 0.0069
Poisson likelihood: 0.0
CE loss: 0.13569404184818268
NFE: 8.0000
Experiment 39707
Epoch 0093 [Test seq (cond on sampled tp)] | Loss 58.729286 | Likelihood -31.879677 | KL fp 25.4182 | FP STD 0.0267 | NFE 8.0000
KL coef: 0.5657686732081884
Train loss (one batch): 262.01776123046875
Train CE loss (one batch): 0.13480618596076965
Classification AUC (TEST): 0.5423
Test MSE: 0.0069
Poisson likelihood: 0.0
CE loss: 0.13569074869155884
NFE: 8.0000
Experiment 39707
Epoch 0094 [Test seq (cond on sampled tp)] | Loss 58.936337 | Likelihood -31.979780 | KL fp 25.4107 | FP STD 0.0283 | NFE 14.0000
KL coef: 0.5701109864761065
Train loss (one batch): 200.35562133789062
Train CE loss (one batch): 0.13482776284217834
Classification AUC (TEST): 0.5393
Test MSE: 0.0070
Poisson likelihood: 0.0
CE loss: 0.1357019543647766
NFE: 14.0000
Experiment 39707
Epoch 0095 [Test seq (cond on sampled tp)] | Loss 59.096687 | Likelihood -32.010227 | KL fp 25.4471 | FP STD 0.0289 | NFE 8.0000
KL coef: 0.5744098766113455
Train loss (one batch): 253.82455444335938
Train CE loss (one batch): 0.1347813904285431
Classification AUC (TEST): 0.5404
Test MSE: 0.0070
Poisson likelihood: 0.0
CE loss: 0.13569478690624237
NFE: 8.0000
Experiment 39707
Epoch 0096 [Test seq (cond on sampled tp)] | Loss 59.084961 | Likelihood -31.832760 | KL fp 25.5471 | FP STD 0.0268 | NFE 14.0000
KL coef: 0.578665777845232
Train loss (one batch): 212.32643127441406
Train CE loss (one batch): 0.13474853336811066
Classification AUC (TEST): 0.5421
Test MSE: 0.0069
Poisson likelihood: 0.0
CE loss: 0.13568611443042755
NFE: 14.0000
Experiment 39707
Epoch 0097 [Test seq (cond on sampled tp)] | Loss 58.991570 | Likelihood -31.587139 | KL fp 25.6178 | FP STD 0.0251 | NFE 8.0000
KL coef: 0.5828791200667797
Train loss (one batch): 260.2374572753906
Train CE loss (one batch): 0.1348002552986145
Classification AUC (TEST): 0.5379
Test MSE: 0.0069
Poisson likelihood: 0.0
CE loss: 0.13570982217788696
NFE: 8.0000
Experiment 39707
Epoch 0098 [Test seq (cond on sampled tp)] | Loss 59.043510 | Likelihood -31.512594 | KL fp 25.6565 | FP STD 0.0246 | NFE 14.0000
KL coef: 0.5870503288661119
Train loss (one batch): 195.82086181640625
Train CE loss (one batch): 0.13481742143630981
Classification AUC (TEST): 0.5402
Test MSE: 0.0069
Poisson likelihood: 0.0
CE loss: 0.13569286465644836
NFE: 14.0000
Experiment 39707
Epoch 0099 [Test seq (cond on sampled tp)] | Loss 59.179047 | Likelihood -31.510336 | KL fp 25.7104 | FP STD 0.0238 | NFE 8.0000
KL coef: 0.5911798255774507
Train loss (one batch): 248.45509338378906
Train CE loss (one batch): 0.13477006554603577
Classification AUC (TEST): 0.5402
Test MSE: 0.0069
Poisson likelihood: 0.0
CE loss: 0.13568982481956482
NFE: 8.0000
Experiment 39707
Epoch 0100 [Test seq (cond on sampled tp)] | Loss 59.313629 | Likelihood -31.481993 | KL fp 25.8076 | FP STD 0.0222 | NFE 8.0000
KL coef: 0.5952680273216762
Train loss (one batch): 247.4438934326172
Train CE loss (one batch): 0.13475748896598816
Classification AUC (TEST): 0.5383
Test MSE: 0.0069
Poisson likelihood: 0.0
CE loss: 0.13568218052387238
NFE: 8.0000
