/home/bigdyl/soyoung/gpu1/latent_ode/run_models.py
run_models.py --niters 100 -n 8000 -l 20 --latent-ode --z0-encoder rnn --dataset physionet --rec-dims 40 --rec-layers 3 --gen-layers 3 --units 50 --gru-units 50 --quantization 0.016 --classif --reg_dopri 0.05 --reg_kinetic 0 --gpu 1
Experiment 88176
Epoch 0001 [Test seq (cond on sampled tp)] | Loss 58.560490 | Likelihood -45.594101 | KL fp 4.0785 | FP STD 0.0192 | NFE 14.0000
KL coef: 0.0
Train loss (one batch): 54.47507858276367
Train CE loss (one batch): 0.13328948616981506
Classification AUC (TEST): 0.5363
Test MSE: 0.0097
Poisson likelihood: 0.0
CE loss: 0.13565334677696228
NFE: 14.0000
Experiment 88176
Epoch 0002 [Test seq (cond on sampled tp)] | Loss 46.284649 | Likelihood -33.490135 | KL fp 4.6003 | FP STD 0.0115 | NFE 26.0000
KL coef: 0.0
Train loss (one batch): 42.00000762939453
Train CE loss (one batch): 0.13139444589614868
Classification AUC (TEST): 0.5213
Test MSE: 0.0073
Poisson likelihood: 0.0
CE loss: 0.1355040967464447
NFE: 26.0000
Experiment 88176
Epoch 0003 [Test seq (cond on sampled tp)] | Loss 43.300121 | Likelihood -30.478176 | KL fp 4.4956 | FP STD 0.0124 | NFE 20.0000
KL coef: 0.0
Train loss (one batch): 39.43924331665039
Train CE loss (one batch): 0.13166144490242004
Classification AUC (TEST): 0.5469
Test MSE: 0.0067
Poisson likelihood: 0.0
CE loss: 0.13519418239593506
NFE: 20.0000
Experiment 88176
Epoch 0004 [Test seq (cond on sampled tp)] | Loss 40.981133 | Likelihood -28.077009 | KL fp 4.6920 | FP STD 0.0104 | NFE 14.0000
KL coef: 0.0
Train loss (one batch): 37.24412536621094
Train CE loss (one batch): 0.13072752952575684
Classification AUC (TEST): 0.5901
Test MSE: 0.0062
Poisson likelihood: 0.0
CE loss: 0.1345415711402893
NFE: 14.0000
Experiment 88176
Epoch 0005 [Test seq (cond on sampled tp)] | Loss 38.989952 | Likelihood -26.202972 | KL fp 4.7901 | FP STD 0.0093 | NFE 14.0000
KL coef: 0.0
Train loss (one batch): 34.625919342041016
Train CE loss (one batch): 0.125438392162323
Classification AUC (TEST): 0.6065
Test MSE: 0.0058
Poisson likelihood: 0.0
CE loss: 0.1333656907081604
NFE: 14.0000
Experiment 88176
Epoch 0006 [Test seq (cond on sampled tp)] | Loss 38.139225 | Likelihood -25.282391 | KL fp 4.9972 | FP STD 0.0079 | NFE 14.0000
KL coef: 0.0
Train loss (one batch): 33.208805084228516
Train CE loss (one batch): 0.12174572795629501
Classification AUC (TEST): 0.6044
Test MSE: 0.0056
Poisson likelihood: 0.0
CE loss: 0.13400769233703613
NFE: 14.0000
Experiment 88176
Epoch 0007 [Test seq (cond on sampled tp)] | Loss 37.866039 | Likelihood -24.965759 | KL fp 4.8520 | FP STD 0.0089 | NFE 14.0000
KL coef: 0.0
Train loss (one batch): 32.85295104980469
Train CE loss (one batch): 0.12168735265731812
Classification AUC (TEST): 0.6034
Test MSE: 0.0055
Poisson likelihood: 0.0
CE loss: 0.1343546360731125
NFE: 14.0000
Experiment 88176
Epoch 0008 [Test seq (cond on sampled tp)] | Loss 37.642982 | Likelihood -24.722038 | KL fp 4.7082 | FP STD 0.0095 | NFE 14.0000
KL coef: 0.0
Train loss (one batch): 32.4998779296875
Train CE loss (one batch): 0.12098230421543121
Classification AUC (TEST): 0.6028
Test MSE: 0.0055
Poisson likelihood: 0.0
CE loss: 0.13451635837554932
NFE: 14.0000
Experiment 88176
Epoch 0009 [Test seq (cond on sampled tp)] | Loss 37.462158 | Likelihood -24.556538 | KL fp 4.9112 | FP STD 0.0086 | NFE 14.0000
KL coef: 0.0
Train loss (one batch): 32.10020446777344
Train CE loss (one batch): 0.11974802613258362
Classification AUC (TEST): 0.6063
Test MSE: 0.0055
Poisson likelihood: 0.0
CE loss: 0.13435277342796326
NFE: 14.0000
Experiment 88176
Epoch 0010 [Test seq (cond on sampled tp)] | Loss 37.312153 | Likelihood -24.412098 | KL fp 5.0049 | FP STD 0.0082 | NFE 14.0000
KL coef: 0.0
Train loss (one batch): 31.928213119506836
Train CE loss (one batch): 0.11955149471759796
Classification AUC (TEST): 0.6074
Test MSE: 0.0054
Poisson likelihood: 0.0
CE loss: 0.13430438935756683
NFE: 14.0000
Experiment 88176
Epoch 0011 [Test seq (cond on sampled tp)] | Loss 37.250576 | Likelihood -24.339321 | KL fp 4.9054 | FP STD 0.0079 | NFE 14.0000
KL coef: 0.010000000000000009
Train loss (one batch): 31.77532958984375
Train CE loss (one batch): 0.11811055988073349
Classification AUC (TEST): 0.6096
Test MSE: 0.0054
Poisson likelihood: 0.0
CE loss: 0.13392853736877441
NFE: 14.0000
Experiment 88176
Epoch 0012 [Test seq (cond on sampled tp)] | Loss 37.312511 | Likelihood -24.373470 | KL fp 4.4954 | FP STD 0.0119 | NFE 14.0000
KL coef: 0.01990000000000003
Train loss (one batch): 31.697525024414062
Train CE loss (one batch): 0.11708193272352219
Classification AUC (TEST): 0.6090
Test MSE: 0.0054
Poisson likelihood: 0.0
CE loss: 0.13380351662635803
NFE: 14.0000
Experiment 88176
Epoch 0013 [Test seq (cond on sampled tp)] | Loss 37.456768 | Likelihood -24.478682 | KL fp 4.3878 | FP STD 0.0150 | NFE 14.0000
KL coef: 0.029700999999999977
Train loss (one batch): 31.874753952026367
Train CE loss (one batch): 0.11720725893974304
Classification AUC (TEST): 0.6104
Test MSE: 0.0055
Poisson likelihood: 0.0
CE loss: 0.13377130031585693
NFE: 14.0000
Experiment 88176
Epoch 0014 [Test seq (cond on sampled tp)] | Loss 37.531620 | Likelihood -24.531530 | KL fp 4.6508 | FP STD 0.0130 | NFE 14.0000
KL coef: 0.039403990000000055
Train loss (one batch): 31.915372848510742
Train CE loss (one batch): 0.1154094859957695
Classification AUC (TEST): 0.6145
Test MSE: 0.0055
Poisson likelihood: 0.0
CE loss: 0.1334650218486786
NFE: 14.0000
Experiment 88176
Epoch 0015 [Test seq (cond on sampled tp)] | Loss 37.135368 | Likelihood -24.098843 | KL fp 4.7666 | FP STD 0.0091 | NFE 14.0000
KL coef: 0.04900995010000009
Train loss (one batch): 31.17546844482422
Train CE loss (one batch): 0.11362379789352417
Classification AUC (TEST): 0.6168
Test MSE: 0.0054
Poisson likelihood: 0.0
CE loss: 0.13330881297588348
NFE: 14.0000
Experiment 88176
Epoch 0016 [Test seq (cond on sampled tp)] | Loss 37.601238 | Likelihood -24.578915 | KL fp 4.3128 | FP STD 0.0184 | NFE 14.0000
KL coef: 0.058519850599
Train loss (one batch): 31.63681411743164
Train CE loss (one batch): 0.11422073841094971
Classification AUC (TEST): 0.6196
Test MSE: 0.0055
Poisson likelihood: 0.0
CE loss: 0.13302472233772278
NFE: 14.0000
Experiment 88176
Epoch 0017 [Test seq (cond on sampled tp)] | Loss 37.261734 | Likelihood -24.184639 | KL fp 4.5348 | FP STD 0.0143 | NFE 14.0000
KL coef: 0.06793465209301008
Train loss (one batch): 31.109437942504883
Train CE loss (one batch): 0.11211282014846802
Classification AUC (TEST): 0.6208
Test MSE: 0.0054
Poisson likelihood: 0.0
CE loss: 0.13302560150623322
NFE: 14.0000
Experiment 88176
Epoch 0018 [Test seq (cond on sampled tp)] | Loss 37.330223 | Likelihood -24.248924 | KL fp 4.2255 | FP STD 0.0167 | NFE 14.0000
KL coef: 0.07725530557207994
Train loss (one batch): 31.260841369628906
Train CE loss (one batch): 0.11276252567768097
Classification AUC (TEST): 0.6223
Test MSE: 0.0054
Poisson likelihood: 0.0
CE loss: 0.13288240134716034
NFE: 14.0000
Experiment 88176
Epoch 0019 [Test seq (cond on sampled tp)] | Loss 37.845337 | Likelihood -24.703384 | KL fp 4.2261 | FP STD 0.0205 | NFE 14.0000
KL coef: 0.08648275251635917
Train loss (one batch): 31.829959869384766
Train CE loss (one batch): 0.11216980218887329
Classification AUC (TEST): 0.6208
Test MSE: 0.0055
Poisson likelihood: 0.0
CE loss: 0.13315197825431824
NFE: 14.0000
Experiment 88176
Epoch 0020 [Test seq (cond on sampled tp)] | Loss 37.419518 | Likelihood -24.282042 | KL fp 4.2907 | FP STD 0.0163 | NFE 14.0000
KL coef: 0.09561792499119559
Train loss (one batch): 31.041748046875
Train CE loss (one batch): 0.11144562065601349
Classification AUC (TEST): 0.6275
Test MSE: 0.0054
Poisson likelihood: 0.0
CE loss: 0.13262638449668884
NFE: 14.0000
Experiment 88176
Epoch 0021 [Test seq (cond on sampled tp)] | Loss 37.127850 | Likelihood -24.076254 | KL fp 4.2165 | FP STD 0.0155 | NFE 20.0000
KL coef: 0.10466174574128362
Train loss (one batch): 30.782878875732422
Train CE loss (one batch): 0.11077640950679779
Classification AUC (TEST): 0.6254
Test MSE: 0.0054
Poisson likelihood: 0.0
CE loss: 0.13292717933654785
NFE: 20.0000
Experiment 88176
Epoch 0022 [Test seq (cond on sampled tp)] | Loss 37.127098 | Likelihood -24.016058 | KL fp 4.2522 | FP STD 0.0156 | NFE 20.0000
KL coef: 0.11361512828387077
Train loss (one batch): 30.770246505737305
Train CE loss (one batch): 0.11035451292991638
Classification AUC (TEST): 0.6249
Test MSE: 0.0054
Poisson likelihood: 0.0
CE loss: 0.13310804963111877
NFE: 20.0000
Experiment 88176
Epoch 0023 [Test seq (cond on sampled tp)] | Loss 37.193249 | Likelihood -24.035597 | KL fp 4.1265 | FP STD 0.0188 | NFE 20.0000
KL coef: 0.12247897700103216
Train loss (one batch): 30.703027725219727
Train CE loss (one batch): 0.1097562238574028
Classification AUC (TEST): 0.6255
Test MSE: 0.0054
Poisson likelihood: 0.0
CE loss: 0.13332897424697876
NFE: 20.0000
Experiment 88176
Epoch 0024 [Test seq (cond on sampled tp)] | Loss 37.190205 | Likelihood -24.064339 | KL fp 4.0819 | FP STD 0.0187 | NFE 20.0000
KL coef: 0.13125418723102178
Train loss (one batch): 30.754610061645508
Train CE loss (one batch): 0.11069690436124802
Classification AUC (TEST): 0.6306
Test MSE: 0.0054
Poisson likelihood: 0.0
CE loss: 0.13268284499645233
NFE: 20.0000
Experiment 88176
Epoch 0025 [Test seq (cond on sampled tp)] | Loss 37.089054 | Likelihood -24.005093 | KL fp 3.9800 | FP STD 0.0191 | NFE 26.0000
KL coef: 0.13994164535871156
Train loss (one batch): 30.55552864074707
Train CE loss (one batch): 0.10933904349803925
Classification AUC (TEST): 0.6325
Test MSE: 0.0054
Poisson likelihood: 0.0
CE loss: 0.13279642164707184
NFE: 26.0000
Experiment 88176
Epoch 0026 [Test seq (cond on sampled tp)] | Loss 36.977825 | Likelihood -23.863613 | KL fp 4.2253 | FP STD 0.0158 | NFE 26.0000
KL coef: 0.14854222890512447
Train loss (one batch): 30.524059295654297
Train CE loss (one batch): 0.10919371247291565
Classification AUC (TEST): 0.6348
Test MSE: 0.0053
Poisson likelihood: 0.0
CE loss: 0.13238009810447693
NFE: 26.0000
Experiment 88176
Epoch 0027 [Test seq (cond on sampled tp)] | Loss 36.963261 | Likelihood -23.825394 | KL fp 4.1767 | FP STD 0.0159 | NFE 26.0000
KL coef: 0.15705680661607324
Train loss (one batch): 30.33551597595215
Train CE loss (one batch): 0.10826632380485535
Classification AUC (TEST): 0.6377
Test MSE: 0.0053
Poisson likelihood: 0.0
CE loss: 0.1323242038488388
NFE: 26.0000
Experiment 88176
Epoch 0028 [Test seq (cond on sampled tp)] | Loss 37.088367 | Likelihood -23.854078 | KL fp 3.9929 | FP STD 0.0174 | NFE 26.0000
KL coef: 0.1654862385499125
Train loss (one batch): 30.224042892456055
Train CE loss (one batch): 0.10750510543584824
Classification AUC (TEST): 0.6300
Test MSE: 0.0053
Poisson likelihood: 0.0
CE loss: 0.13321448862552643
NFE: 26.0000
Experiment 88176
Epoch 0029 [Test seq (cond on sampled tp)] | Loss 37.014061 | Likelihood -23.776722 | KL fp 4.0620 | FP STD 0.0161 | NFE 26.0000
KL coef: 0.17383137616441335
Train loss (one batch): 30.38873863220215
Train CE loss (one batch): 0.1089058443903923
Classification AUC (TEST): 0.6366
Test MSE: 0.0053
Poisson likelihood: 0.0
CE loss: 0.13276104629039764
NFE: 26.0000
Experiment 88176
Epoch 0030 [Test seq (cond on sampled tp)] | Loss 37.037331 | Likelihood -23.729742 | KL fp 4.1181 | FP STD 0.0153 | NFE 26.0000
KL coef: 0.18209306240276923
Train loss (one batch): 30.282989501953125
Train CE loss (one batch): 0.10755245387554169
Classification AUC (TEST): 0.6362
Test MSE: 0.0053
Poisson likelihood: 0.0
CE loss: 0.13300931453704834
NFE: 26.0000
Experiment 88176
Epoch 0031 [Test seq (cond on sampled tp)] | Loss 37.060184 | Likelihood -23.732819 | KL fp 4.0477 | FP STD 0.0161 | NFE 26.0000
KL coef: 0.19027213177874158
Train loss (one batch): 30.26397132873535
Train CE loss (one batch): 0.10680007189512253
Classification AUC (TEST): 0.6354
Test MSE: 0.0053
Poisson likelihood: 0.0
CE loss: 0.13297708332538605
NFE: 26.0000
Experiment 88176
Epoch 0032 [Test seq (cond on sampled tp)] | Loss 37.068020 | Likelihood -23.720404 | KL fp 4.1113 | FP STD 0.0157 | NFE 26.0000
KL coef: 0.19836941046095413
Train loss (one batch): 30.227060317993164
Train CE loss (one batch): 0.10656581819057465
Classification AUC (TEST): 0.6387
Test MSE: 0.0053
Poisson likelihood: 0.0
CE loss: 0.13270828127861023
NFE: 26.0000
Experiment 88176
Epoch 0033 [Test seq (cond on sampled tp)] | Loss 37.294346 | Likelihood -23.870228 | KL fp 4.0270 | FP STD 0.0176 | NFE 26.0000
KL coef: 0.20638571635634462
Train loss (one batch): 30.159095764160156
Train CE loss (one batch): 0.10542470216751099
Classification AUC (TEST): 0.6344
Test MSE: 0.0053
Poisson likelihood: 0.0
CE loss: 0.13331946730613708
NFE: 26.0000
Experiment 88176
Epoch 0034 [Test seq (cond on sampled tp)] | Loss 37.211433 | Likelihood -23.776955 | KL fp 4.0818 | FP STD 0.0163 | NFE 26.0000
KL coef: 0.21432185919278124
Train loss (one batch): 30.095022201538086
Train CE loss (one batch): 0.10588916391134262
Classification AUC (TEST): 0.6392
Test MSE: 0.0053
Poisson likelihood: 0.0
CE loss: 0.13295982778072357
NFE: 26.0000
Experiment 88176
Epoch 0035 [Test seq (cond on sampled tp)] | Loss 37.223850 | Likelihood -23.744736 | KL fp 3.9948 | FP STD 0.0170 | NFE 26.0000
KL coef: 0.22217864060085335
Train loss (one batch): 30.15913963317871
Train CE loss (one batch): 0.10703369230031967
Classification AUC (TEST): 0.6366
Test MSE: 0.0053
Poisson likelihood: 0.0
CE loss: 0.13326716423034668
NFE: 26.0000
Experiment 88176
Epoch 0036 [Test seq (cond on sampled tp)] | Loss 37.192966 | Likelihood -23.692204 | KL fp 4.0392 | FP STD 0.0161 | NFE 26.0000
KL coef: 0.2299568541948449
Train loss (one batch): 30.090564727783203
Train CE loss (one batch): 0.10704663395881653
Classification AUC (TEST): 0.6387
Test MSE: 0.0053
Poisson likelihood: 0.0
CE loss: 0.13305869698524475
NFE: 26.0000
Experiment 88176
Epoch 0037 [Test seq (cond on sampled tp)] | Loss 37.160076 | Likelihood -23.652945 | KL fp 3.9925 | FP STD 0.0163 | NFE 26.0000
KL coef: 0.23765728565289646
Train loss (one batch): 30.003713607788086
Train CE loss (one batch): 0.10476364940404892
Classification AUC (TEST): 0.6396
Test MSE: 0.0053
Poisson likelihood: 0.0
CE loss: 0.13291774690151215
NFE: 26.0000
Experiment 88176
Epoch 0038 [Test seq (cond on sampled tp)] | Loss 37.161766 | Likelihood -23.636168 | KL fp 4.0956 | FP STD 0.0155 | NFE 32.0000
KL coef: 0.24528071279636743
Train loss (one batch): 30.194339752197266
Train CE loss (one batch): 0.10697126388549805
Classification AUC (TEST): 0.6398
Test MSE: 0.0053
Poisson likelihood: 0.0
CE loss: 0.13297715783119202
NFE: 32.0000
Experiment 88176
Epoch 0039 [Test seq (cond on sampled tp)] | Loss 37.229683 | Likelihood -23.653690 | KL fp 3.9795 | FP STD 0.0171 | NFE 32.0000
KL coef: 0.25282790566840385
Train loss (one batch): 30.005887985229492
Train CE loss (one batch): 0.10572569072246552
Classification AUC (TEST): 0.6364
Test MSE: 0.0053
Poisson likelihood: 0.0
CE loss: 0.13345849514007568
NFE: 32.0000
Experiment 88176
Epoch 0040 [Test seq (cond on sampled tp)] | Loss 37.146782 | Likelihood -23.617260 | KL fp 3.8969 | FP STD 0.0177 | NFE 32.0000
KL coef: 0.2602996266117198
Train loss (one batch): 30.048179626464844
Train CE loss (one batch): 0.10414926707744598
Classification AUC (TEST): 0.6404
Test MSE: 0.0053
Poisson likelihood: 0.0
CE loss: 0.13291430473327637
NFE: 32.0000
Experiment 88176
Epoch 0041 [Test seq (cond on sampled tp)] | Loss 37.227493 | Likelihood -23.631119 | KL fp 3.9151 | FP STD 0.0173 | NFE 32.0000
KL coef: 0.26769663034560254
Train loss (one batch): 29.908658981323242
Train CE loss (one batch): 0.10426250100135803
Classification AUC (TEST): 0.6388
Test MSE: 0.0053
Poisson likelihood: 0.0
CE loss: 0.13323789834976196
NFE: 32.0000
Experiment 88176
Epoch 0042 [Test seq (cond on sampled tp)] | Loss 37.247177 | Likelihood -23.564993 | KL fp 4.0272 | FP STD 0.0160 | NFE 32.0000
KL coef: 0.2750196640421466
Train loss (one batch): 29.971067428588867
Train CE loss (one batch): 0.10497810691595078
Classification AUC (TEST): 0.6351
Test MSE: 0.0053
Poisson likelihood: 0.0
CE loss: 0.13349418342113495
NFE: 32.0000
Experiment 88176
Epoch 0043 [Test seq (cond on sampled tp)] | Loss 37.247833 | Likelihood -23.613159 | KL fp 3.8593 | FP STD 0.0193 | NFE 32.0000
KL coef: 0.2822694674017251
Train loss (one batch): 29.9886417388916
Train CE loss (one batch): 0.10320205986499786
Classification AUC (TEST): 0.6409
Test MSE: 0.0053
Poisson likelihood: 0.0
CE loss: 0.1332024335861206
NFE: 32.0000
Experiment 88176
Epoch 0044 [Test seq (cond on sampled tp)] | Loss 37.244602 | Likelihood -23.619062 | KL fp 3.8114 | FP STD 0.0191 | NFE 32.0000
KL coef: 0.2894467727277079
Train loss (one batch): 29.728452682495117
Train CE loss (one batch): 0.101863794028759
Classification AUC (TEST): 0.6417
Test MSE: 0.0053
Poisson likelihood: 0.0
CE loss: 0.13297206163406372
NFE: 32.0000
Experiment 88176
Epoch 0045 [Test seq (cond on sampled tp)] | Loss 37.256275 | Likelihood -23.560843 | KL fp 3.8290 | FP STD 0.0185 | NFE 32.0000
KL coef: 0.29655230500043084
Train loss (one batch): 29.69736671447754
Train CE loss (one batch): 0.1027723103761673
Classification AUC (TEST): 0.6388
Test MSE: 0.0053
Poisson likelihood: 0.0
CE loss: 0.1333485245704651
NFE: 32.0000
Experiment 88176
Epoch 0046 [Test seq (cond on sampled tp)] | Loss 37.285767 | Likelihood -23.530468 | KL fp 3.8292 | FP STD 0.0189 | NFE 32.0000
KL coef: 0.30358678195042654
Train loss (one batch): 29.770675659179688
Train CE loss (one batch): 0.10259470343589783
Classification AUC (TEST): 0.6368
Test MSE: 0.0053
Poisson likelihood: 0.0
CE loss: 0.13367967307567596
NFE: 32.0000
Experiment 88176
Epoch 0047 [Test seq (cond on sampled tp)] | Loss 37.296192 | Likelihood -23.568741 | KL fp 3.7172 | FP STD 0.0207 | NFE 32.0000
KL coef: 0.3105509141309223
Train loss (one batch): 29.64220428466797
Train CE loss (one batch): 0.10130935907363892
Classification AUC (TEST): 0.6384
Test MSE: 0.0053
Poisson likelihood: 0.0
CE loss: 0.13348233699798584
NFE: 32.0000
Experiment 88176
Epoch 0048 [Test seq (cond on sampled tp)] | Loss 37.224731 | Likelihood -23.468296 | KL fp 3.8357 | FP STD 0.0185 | NFE 32.0000
KL coef: 0.31744540498961304
Train loss (one batch): 29.726408004760742
Train CE loss (one batch): 0.10236790031194687
Classification AUC (TEST): 0.6417
Test MSE: 0.0052
Poisson likelihood: 0.0
CE loss: 0.13314440846443176
NFE: 32.0000
Experiment 88176
Epoch 0049 [Test seq (cond on sampled tp)] | Loss 37.294384 | Likelihood -23.433737 | KL fp 3.8255 | FP STD 0.0183 | NFE 32.0000
KL coef: 0.3242709509397169
Train loss (one batch): 29.3626651763916
Train CE loss (one batch): 0.09996752440929413
Classification AUC (TEST): 0.6358
Test MSE: 0.0052
Poisson likelihood: 0.0
CE loss: 0.13396570086479187
NFE: 32.0000
Experiment 88176
Epoch 0050 [Test seq (cond on sampled tp)] | Loss 37.284252 | Likelihood -23.371056 | KL fp 3.8461 | FP STD 0.0179 | NFE 32.0000
KL coef: 0.3310282414303197
Train loss (one batch): 29.497669219970703
Train CE loss (one batch): 0.10123451054096222
Classification AUC (TEST): 0.6342
Test MSE: 0.0052
Poisson likelihood: 0.0
CE loss: 0.13417024910449982
NFE: 32.0000
Experiment 88176
Epoch 0051 [Test seq (cond on sampled tp)] | Loss 37.345676 | Likelihood -23.429594 | KL fp 3.8162 | FP STD 0.0181 | NFE 32.0000
KL coef: 0.33771795901601653
Train loss (one batch): 29.665576934814453
Train CE loss (one batch): 0.10141995549201965
Classification AUC (TEST): 0.6343
Test MSE: 0.0052
Poisson likelihood: 0.0
CE loss: 0.1340564489364624
NFE: 32.0000
Experiment 88176
Epoch 0052 [Test seq (cond on sampled tp)] | Loss 37.330078 | Likelihood -23.359503 | KL fp 3.8474 | FP STD 0.0178 | NFE 32.0000
KL coef: 0.3443407794258564
Train loss (one batch): 29.348264694213867
Train CE loss (one batch): 0.09887634217739105
Classification AUC (TEST): 0.6344
Test MSE: 0.0052
Poisson likelihood: 0.0
CE loss: 0.13423889875411987
NFE: 32.0000
Experiment 88176
Epoch 0053 [Test seq (cond on sampled tp)] | Loss 37.290409 | Likelihood -23.296730 | KL fp 3.8467 | FP STD 0.0181 | NFE 32.0000
KL coef: 0.35089737163159784
Train loss (one batch): 29.196178436279297
Train CE loss (one batch): 0.09863927960395813
Classification AUC (TEST): 0.6354
Test MSE: 0.0052
Poisson likelihood: 0.0
CE loss: 0.13422630727291107
NFE: 32.0000
Experiment 88176
Epoch 0054 [Test seq (cond on sampled tp)] | Loss 37.190582 | Likelihood -23.177544 | KL fp 3.8789 | FP STD 0.0177 | NFE 32.0000
KL coef: 0.3573883979152819
Train loss (one batch): 28.968242645263672
Train CE loss (one batch): 0.09731372445821762
Classification AUC (TEST): 0.6386
Test MSE: 0.0052
Poisson likelihood: 0.0
CE loss: 0.1340535432100296
NFE: 32.0000
Experiment 88176
Epoch 0055 [Test seq (cond on sampled tp)] | Loss 37.224899 | Likelihood -23.062771 | KL fp 3.8810 | FP STD 0.0171 | NFE 32.0000
KL coef: 0.36381451393612907
Train loss (one batch): 28.52268409729004
Train CE loss (one batch): 0.09532523155212402
Classification AUC (TEST): 0.6323
Test MSE: 0.0052
Poisson likelihood: 0.0
CE loss: 0.13528302311897278
NFE: 32.0000
Experiment 88176
Epoch 0056 [Test seq (cond on sampled tp)] | Loss 37.209972 | Likelihood -22.997557 | KL fp 3.8870 | FP STD 0.0173 | NFE 32.0000
KL coef: 0.37017636879676774
Train loss (one batch): 28.364627838134766
Train CE loss (one batch): 0.09410281479358673
Classification AUC (TEST): 0.6319
Test MSE: 0.0052
Poisson likelihood: 0.0
CE loss: 0.1355074644088745
NFE: 32.0000
Experiment 88176
Epoch 0057 [Test seq (cond on sampled tp)] | Loss 37.159100 | Likelihood -22.871969 | KL fp 3.8642 | FP STD 0.0176 | NFE 32.0000
KL coef: 0.37647460510880004
Train loss (one batch): 28.175796508789062
Train CE loss (one batch): 0.09394260495901108
Classification AUC (TEST): 0.6341
Test MSE: 0.0051
Poisson likelihood: 0.0
CE loss: 0.13609617948532104
NFE: 32.0000
Experiment 88176
Epoch 0058 [Test seq (cond on sampled tp)] | Loss 37.094082 | Likelihood -22.793350 | KL fp 3.7967 | FP STD 0.0197 | NFE 26.0000
KL coef: 0.38270985905771204
Train loss (one batch): 28.069433212280273
Train CE loss (one batch): 0.09268247336149216
Classification AUC (TEST): 0.6407
Test MSE: 0.0051
Poisson likelihood: 0.0
CE loss: 0.1358264982700348
NFE: 26.0000
Experiment 88176
Epoch 0059 [Test seq (cond on sampled tp)] | Loss 37.088631 | Likelihood -22.593710 | KL fp 3.8761 | FP STD 0.0186 | NFE 14.0000
KL coef: 0.388882760467135
Train loss (one batch): 27.85736083984375
Train CE loss (one batch): 0.09164778888225555
Classification AUC (TEST): 0.6465
Test MSE: 0.0051
Poisson likelihood: 0.0
CE loss: 0.13484035432338715
NFE: 14.0000
Experiment 88176
Epoch 0060 [Test seq (cond on sampled tp)] | Loss 37.167721 | Likelihood -22.829758 | KL fp 3.9044 | FP STD 0.0189 | NFE 26.0000
KL coef: 0.39499393286246365
Train loss (one batch): 29.00510597229004
Train CE loss (one batch): 0.0985381156206131
Classification AUC (TEST): 0.6453
Test MSE: 0.0051
Poisson likelihood: 0.0
CE loss: 0.1351461559534073
NFE: 26.0000
Experiment 88176
Epoch 0061 [Test seq (cond on sampled tp)] | Loss 36.744473 | Likelihood -22.572170 | KL fp 3.8857 | FP STD 0.0198 | NFE 26.0000
KL coef: 0.401043993533839
Train loss (one batch): 28.332639694213867
Train CE loss (one batch): 0.09386880695819855
Classification AUC (TEST): 0.6569
Test MSE: 0.0051
Poisson likelihood: 0.0
CE loss: 0.13337403535842896
NFE: 26.0000
Experiment 88176
Epoch 0062 [Test seq (cond on sampled tp)] | Loss 36.368343 | Likelihood -22.275387 | KL fp 3.8531 | FP STD 0.0205 | NFE 26.0000
KL coef: 0.4070335535985006
Train loss (one batch): 28.182130813598633
Train CE loss (one batch): 0.09376013278961182
Classification AUC (TEST): 0.6650
Test MSE: 0.0050
Poisson likelihood: 0.0
CE loss: 0.13251464068889618
NFE: 26.0000
Experiment 88176
Epoch 0063 [Test seq (cond on sampled tp)] | Loss 36.285660 | Likelihood -22.203732 | KL fp 3.7927 | FP STD 0.0210 | NFE 26.0000
KL coef: 0.41296321806251557
Train loss (one batch): 28.581884384155273
Train CE loss (one batch): 0.09582535922527313
Classification AUC (TEST): 0.6664
Test MSE: 0.0050
Poisson likelihood: 0.0
CE loss: 0.1324213147163391
NFE: 26.0000
Experiment 88176
Epoch 0064 [Test seq (cond on sampled tp)] | Loss 36.339264 | Likelihood -22.125580 | KL fp 3.7772 | FP STD 0.0212 | NFE 20.0000
KL coef: 0.41883358588189046
Train loss (one batch): 28.270280838012695
Train CE loss (one batch): 0.09485769271850586
Classification AUC (TEST): 0.6661
Test MSE: 0.0050
Poisson likelihood: 0.0
CE loss: 0.13284505903720856
NFE: 20.0000
Experiment 88176
Epoch 0065 [Test seq (cond on sampled tp)] | Loss 36.171734 | Likelihood -22.033459 | KL fp 3.7725 | FP STD 0.0213 | NFE 26.0000
KL coef: 0.4246452500230715
Train loss (one batch): 28.612747192382812
Train CE loss (one batch): 0.09684513509273529
Classification AUC (TEST): 0.6660
Test MSE: 0.0050
Poisson likelihood: 0.0
CE loss: 0.13259515166282654
NFE: 26.0000
Experiment 88176
Epoch 0066 [Test seq (cond on sampled tp)] | Loss 36.161980 | Likelihood -22.059189 | KL fp 3.7173 | FP STD 0.0222 | NFE 26.0000
KL coef: 0.4303987975228408
Train loss (one batch): 28.848827362060547
Train CE loss (one batch): 0.09843849390745163
Classification AUC (TEST): 0.6677
Test MSE: 0.0050
Poisson likelihood: 0.0
CE loss: 0.13229265809059143
NFE: 26.0000
Experiment 88176
Epoch 0067 [Test seq (cond on sampled tp)] | Loss 36.293644 | Likelihood -22.041653 | KL fp 3.7570 | FP STD 0.0216 | NFE 26.0000
KL coef: 0.4360948095476125
Train loss (one batch): 28.533119201660156
Train CE loss (one batch): 0.09705783426761627
Classification AUC (TEST): 0.6611
Test MSE: 0.0050
Poisson likelihood: 0.0
CE loss: 0.1333962082862854
NFE: 26.0000
Experiment 88176
Epoch 0068 [Test seq (cond on sampled tp)] | Loss 36.132092 | Likelihood -21.988388 | KL fp 3.7066 | FP STD 0.0220 | NFE 26.0000
KL coef: 0.44173386145213633
Train loss (one batch): 28.473684310913086
Train CE loss (one batch): 0.09655113518238068
Classification AUC (TEST): 0.6677
Test MSE: 0.0050
Poisson likelihood: 0.0
CE loss: 0.13225197792053223
NFE: 26.0000
Experiment 88176
Epoch 0069 [Test seq (cond on sampled tp)] | Loss 36.155956 | Likelihood -21.986019 | KL fp 3.7265 | FP STD 0.0218 | NFE 26.0000
KL coef: 0.4473165228376149
Train loss (one batch): 28.704906463623047
Train CE loss (one batch): 0.09831312298774719
Classification AUC (TEST): 0.6689
Test MSE: 0.0050
Poisson likelihood: 0.0
CE loss: 0.1321972757577896
NFE: 26.0000
Experiment 88176
Epoch 0070 [Test seq (cond on sampled tp)] | Loss 36.055321 | Likelihood -21.847210 | KL fp 3.7006 | FP STD 0.0220 | NFE 26.0000
KL coef: 0.4528433576092388
Train loss (one batch): 28.585464477539062
Train CE loss (one batch): 0.09888781607151031
Classification AUC (TEST): 0.6707
Test MSE: 0.0049
Poisson likelihood: 0.0
CE loss: 0.13245251774787903
NFE: 26.0000
Experiment 88176
Epoch 0071 [Test seq (cond on sampled tp)] | Loss 36.135075 | Likelihood -21.948196 | KL fp 3.7113 | FP STD 0.0214 | NFE 26.0000
KL coef: 0.45831492403314644
Train loss (one batch): 28.736154556274414
Train CE loss (one batch): 0.09801311790943146
Classification AUC (TEST): 0.6678
Test MSE: 0.0049
Poisson likelihood: 0.0
CE loss: 0.1320047378540039
NFE: 26.0000
Experiment 88176
Epoch 0072 [Test seq (cond on sampled tp)] | Loss 36.079060 | Likelihood -21.837317 | KL fp 3.7226 | FP STD 0.0213 | NFE 26.0000
KL coef: 0.463731774792815
Train loss (one batch): 28.76738166809082
Train CE loss (one batch): 0.09945978224277496
Classification AUC (TEST): 0.6691
Test MSE: 0.0049
Poisson likelihood: 0.0
CE loss: 0.1322813481092453
NFE: 26.0000
Experiment 88176
Epoch 0073 [Test seq (cond on sampled tp)] | Loss 36.069324 | Likelihood -21.790295 | KL fp 3.7058 | FP STD 0.0216 | NFE 26.0000
KL coef: 0.46909445704488684
Train loss (one batch): 28.554656982421875
Train CE loss (one batch): 0.09828022122383118
Classification AUC (TEST): 0.6687
Test MSE: 0.0049
Poisson likelihood: 0.0
CE loss: 0.13253232836723328
NFE: 26.0000
Experiment 88176
Epoch 0074 [Test seq (cond on sampled tp)] | Loss 36.033287 | Likelihood -21.804024 | KL fp 3.6632 | FP STD 0.0221 | NFE 26.0000
KL coef: 0.474403512474438
Train loss (one batch): 28.766250610351562
Train CE loss (one batch): 0.10046124458312988
Classification AUC (TEST): 0.6701
Test MSE: 0.0049
Poisson likelihood: 0.0
CE loss: 0.13201841711997986
NFE: 26.0000
Experiment 88176
Epoch 0075 [Test seq (cond on sampled tp)] | Loss 35.948505 | Likelihood -21.657543 | KL fp 3.6811 | FP STD 0.0217 | NFE 26.0000
KL coef: 0.4796594773496936
Train loss (one batch): 28.543155670166016
Train CE loss (one batch): 0.09861105680465698
Classification AUC (TEST): 0.6698
Test MSE: 0.0049
Poisson likelihood: 0.0
CE loss: 0.13235226273536682
NFE: 26.0000
Experiment 88176
Epoch 0076 [Test seq (cond on sampled tp)] | Loss 36.021954 | Likelihood -21.726601 | KL fp 3.7106 | FP STD 0.0215 | NFE 26.0000
KL coef: 0.4848628825761967
Train loss (one batch): 28.95341682434082
Train CE loss (one batch): 0.09998397529125214
Classification AUC (TEST): 0.6710
Test MSE: 0.0049
Poisson likelihood: 0.0
CE loss: 0.13208433985710144
NFE: 26.0000
Experiment 88176
Epoch 0077 [Test seq (cond on sampled tp)] | Loss 36.552616 | Likelihood -22.242336 | KL fp 3.6274 | FP STD 0.0226 | NFE 26.0000
KL coef: 0.4900142537504347
Train loss (one batch): 28.673824310302734
Train CE loss (one batch): 0.09882952272891998
Classification AUC (TEST): 0.6670
Test MSE: 0.0050
Poisson likelihood: 0.0
CE loss: 0.1323464810848236
NFE: 26.0000
Experiment 88176
Epoch 0078 [Test seq (cond on sampled tp)] | Loss 36.275112 | Likelihood -21.982464 | KL fp 3.6012 | FP STD 0.0231 | NFE 26.0000
KL coef: 0.49511411121293036
Train loss (one batch): 28.17418670654297
Train CE loss (one batch): 0.09585856646299362
Classification AUC (TEST): 0.6722
Test MSE: 0.0050
Poisson likelihood: 0.0
CE loss: 0.13220524787902832
NFE: 26.0000
Experiment 88176
Epoch 0079 [Test seq (cond on sampled tp)] | Loss 36.073631 | Likelihood -21.746222 | KL fp 3.5933 | FP STD 0.0230 | NFE 26.0000
KL coef: 0.500162970100801
Train loss (one batch): 28.437957763671875
Train CE loss (one batch): 0.09733447432518005
Classification AUC (TEST): 0.6710
Test MSE: 0.0049
Poisson likelihood: 0.0
CE loss: 0.13241375982761383
NFE: 26.0000
Experiment 88176
Epoch 0080 [Test seq (cond on sampled tp)] | Loss 36.168018 | Likelihood -21.746075 | KL fp 3.5935 | FP STD 0.0230 | NFE 26.0000
KL coef: 0.505161340399793
Train loss (one batch): 28.370080947875977
Train CE loss (one batch): 0.09641201794147491
Classification AUC (TEST): 0.6668
Test MSE: 0.0049
Poisson likelihood: 0.0
CE loss: 0.1331726610660553
NFE: 26.0000
Experiment 88176
Epoch 0081 [Test seq (cond on sampled tp)] | Loss 36.174133 | Likelihood -21.763550 | KL fp 3.5352 | FP STD 0.0241 | NFE 26.0000
KL coef: 0.510109726995795
Train loss (one batch): 28.718952178955078
Train CE loss (one batch): 0.09796939790248871
Classification AUC (TEST): 0.6658
Test MSE: 0.0049
Poisson likelihood: 0.0
CE loss: 0.1331653743982315
NFE: 26.0000
Experiment 88176
Epoch 0082 [Test seq (cond on sampled tp)] | Loss 36.198261 | Likelihood -21.752447 | KL fp 3.5898 | FP STD 0.0233 | NFE 26.0000
KL coef: 0.5150086297258372
Train loss (one batch): 28.77339744567871
Train CE loss (one batch): 0.09894683957099915
Classification AUC (TEST): 0.6633
Test MSE: 0.0049
Poisson likelihood: 0.0
CE loss: 0.1330464482307434
NFE: 26.0000
Experiment 88176
Epoch 0083 [Test seq (cond on sampled tp)] | Loss 36.252636 | Likelihood -21.811140 | KL fp 3.6164 | FP STD 0.0226 | NFE 26.0000
KL coef: 0.5198585434285787
Train loss (one batch): 28.51289939880371
Train CE loss (one batch): 0.09723232686519623
Classification AUC (TEST): 0.6674
Test MSE: 0.0049
Poisson likelihood: 0.0
CE loss: 0.13261783123016357
NFE: 26.0000
Experiment 88176
Epoch 0084 [Test seq (cond on sampled tp)] | Loss 36.273579 | Likelihood -21.670471 | KL fp 3.5798 | FP STD 0.0231 | NFE 20.0000
KL coef: 0.524659957994293
Train loss (one batch): 28.692659378051758
Train CE loss (one batch): 0.09705185145139694
Classification AUC (TEST): 0.6618
Test MSE: 0.0049
Poisson likelihood: 0.0
CE loss: 0.13363675773143768
NFE: 20.0000
Experiment 88176
Epoch 0085 [Test seq (cond on sampled tp)] | Loss 36.220520 | Likelihood -21.682562 | KL fp 3.5651 | FP STD 0.0231 | NFE 26.0000
KL coef: 0.5294133584143501
Train loss (one batch): 28.728816986083984
Train CE loss (one batch): 0.09836331009864807
Classification AUC (TEST): 0.6613
Test MSE: 0.0049
Poisson likelihood: 0.0
CE loss: 0.13355475664138794
NFE: 26.0000
Experiment 88176
Epoch 0086 [Test seq (cond on sampled tp)] | Loss 36.184803 | Likelihood -21.736881 | KL fp 3.5243 | FP STD 0.0237 | NFE 26.0000
KL coef: 0.5341192248302067
Train loss (one batch): 28.6480770111084
Train CE loss (one batch): 0.09694424271583557
Classification AUC (TEST): 0.6659
Test MSE: 0.0049
Poisson likelihood: 0.0
CE loss: 0.1327187418937683
NFE: 26.0000
Experiment 88176
Epoch 0087 [Test seq (cond on sampled tp)] | Loss 36.003395 | Likelihood -21.513149 | KL fp 3.5433 | FP STD 0.0235 | NFE 26.0000
KL coef: 0.5387780325819045
Train loss (one batch): 28.39804458618164
Train CE loss (one batch): 0.09706372022628784
Classification AUC (TEST): 0.6685
Test MSE: 0.0049
Poisson likelihood: 0.0
CE loss: 0.13284027576446533
NFE: 26.0000
Experiment 88176
Epoch 0088 [Test seq (cond on sampled tp)] | Loss 35.913525 | Likelihood -21.369446 | KL fp 3.5349 | FP STD 0.0235 | NFE 26.0000
KL coef: 0.5433902522560855
Train loss (one batch): 28.307876586914062
Train CE loss (one batch): 0.09615083038806915
Classification AUC (TEST): 0.6695
Test MSE: 0.0048
Poisson likelihood: 0.0
CE loss: 0.13326260447502136
NFE: 26.0000
Experiment 88176
Epoch 0089 [Test seq (cond on sampled tp)] | Loss 35.993515 | Likelihood -21.442314 | KL fp 3.4949 | FP STD 0.0243 | NFE 26.0000
KL coef: 0.5479563497335247
Train loss (one batch): 28.618043899536133
Train CE loss (one batch): 0.0972977727651596
Classification AUC (TEST): 0.6659
Test MSE: 0.0048
Poisson likelihood: 0.0
CE loss: 0.13338428735733032
NFE: 26.0000
Experiment 88176
Epoch 0090 [Test seq (cond on sampled tp)] | Loss 36.019165 | Likelihood -21.344152 | KL fp 3.5254 | FP STD 0.0236 | NFE 26.0000
KL coef: 0.5524767862361895
Train loss (one batch): 28.590808868408203
Train CE loss (one batch): 0.0983707532286644
Classification AUC (TEST): 0.6639
Test MSE: 0.0048
Poisson likelihood: 0.0
CE loss: 0.1342780441045761
NFE: 26.0000
Experiment 88176
Epoch 0091 [Test seq (cond on sampled tp)] | Loss 35.956779 | Likelihood -21.300299 | KL fp 3.5215 | FP STD 0.0235 | NFE 26.0000
KL coef: 0.5569520183738275
Train loss (one batch): 28.261993408203125
Train CE loss (one batch): 0.0961441621184349
Classification AUC (TEST): 0.6661
Test MSE: 0.0048
Poisson likelihood: 0.0
CE loss: 0.13396497070789337
NFE: 26.0000
Experiment 88176
Epoch 0092 [Test seq (cond on sampled tp)] | Loss 35.983501 | Likelihood -21.352627 | KL fp 3.5179 | FP STD 0.0235 | NFE 26.0000
KL coef: 0.5613824981900892
Train loss (one batch): 28.42737579345703
Train CE loss (one batch): 0.09699791669845581
Classification AUC (TEST): 0.6660
Test MSE: 0.0048
Poisson likelihood: 0.0
CE loss: 0.13356812298297882
NFE: 26.0000
Experiment 88176
Epoch 0093 [Test seq (cond on sampled tp)] | Loss 35.806614 | Likelihood -21.253208 | KL fp 3.5388 | FP STD 0.0238 | NFE 26.0000
KL coef: 0.5657686732081884
Train loss (one batch): 28.31789779663086
Train CE loss (one batch): 0.09661292284727097
Classification AUC (TEST): 0.6731
Test MSE: 0.0048
Poisson likelihood: 0.0
CE loss: 0.13252609968185425
NFE: 26.0000
Experiment 88176
Epoch 0094 [Test seq (cond on sampled tp)] | Loss 36.028843 | Likelihood -21.219353 | KL fp 3.5619 | FP STD 0.0234 | NFE 26.0000
KL coef: 0.5701109864761065
Train loss (one batch): 28.20010757446289
Train CE loss (one batch): 0.09735843539237976
Classification AUC (TEST): 0.6654
Test MSE: 0.0048
Poisson likelihood: 0.0
CE loss: 0.13475075364112854
NFE: 26.0000
Experiment 88176
Epoch 0095 [Test seq (cond on sampled tp)] | Loss 35.768127 | Likelihood -21.086784 | KL fp 3.5051 | FP STD 0.0240 | NFE 26.0000
KL coef: 0.5744098766113455
Train loss (one batch): 28.13639259338379
Train CE loss (one batch): 0.09675851464271545
Classification AUC (TEST): 0.6685
Test MSE: 0.0048
Poisson likelihood: 0.0
CE loss: 0.13371418416500092
NFE: 26.0000
Experiment 88176
Epoch 0096 [Test seq (cond on sampled tp)] | Loss 36.017677 | Likelihood -21.242262 | KL fp 3.4814 | FP STD 0.0244 | NFE 26.0000
KL coef: 0.578665777845232
Train loss (one batch): 27.99700927734375
Train CE loss (one batch): 0.09644221514463425
Classification AUC (TEST): 0.6725
Test MSE: 0.0048
Poisson likelihood: 0.0
CE loss: 0.13458183407783508
NFE: 26.0000
Experiment 88176
Epoch 0097 [Test seq (cond on sampled tp)] | Loss 35.696972 | Likelihood -21.061073 | KL fp 3.4771 | FP STD 0.0243 | NFE 26.0000
KL coef: 0.5828791200667797
Train loss (one batch): 27.901241302490234
Train CE loss (one batch): 0.09630288928747177
Classification AUC (TEST): 0.6751
Test MSE: 0.0048
Poisson likelihood: 0.0
CE loss: 0.133131742477417
NFE: 26.0000
Experiment 88176
Epoch 0098 [Test seq (cond on sampled tp)] | Loss 35.555500 | Likelihood -20.900938 | KL fp 3.4878 | FP STD 0.0241 | NFE 26.0000
KL coef: 0.5870503288661119
Train loss (one batch): 28.122493743896484
Train CE loss (one batch): 0.09503661096096039
Classification AUC (TEST): 0.6766
Test MSE: 0.0047
Poisson likelihood: 0.0
CE loss: 0.13308298587799072
NFE: 26.0000
Experiment 88176
Epoch 0099 [Test seq (cond on sampled tp)] | Loss 35.681473 | Likelihood -20.902809 | KL fp 3.4630 | FP STD 0.0247 | NFE 26.0000
KL coef: 0.5911798255774507
Train loss (one batch): 27.842100143432617
Train CE loss (one batch): 0.09230773150920868
Classification AUC (TEST): 0.6690
Test MSE: 0.0047
Poisson likelihood: 0.0
CE loss: 0.13433745503425598
NFE: 26.0000
Experiment 88176
Epoch 0100 [Test seq (cond on sampled tp)] | Loss 35.584957 | Likelihood -21.081802 | KL fp 3.4584 | FP STD 0.0257 | NFE 26.0000
KL coef: 0.5952680273216762
Train loss (one batch): 27.626018524169922
Train CE loss (one batch): 0.09046616405248642
Classification AUC (TEST): 0.6895
Test MSE: 0.0048
Poisson likelihood: 0.0
CE loss: 0.1315261870622635
NFE: 26.0000
