/home/bigdyl/soyoung/gpu1/latent_ode/run_models.py
run_models.py --niters 100 -n 8000 -l 20 --latent-ode --z0-encoder rnn --dataset physionet --rec-dims 40 --rec-layers 3 --gen-layers 3 --units 50 --gru-units 50 --quantization 0.016 --classif --reg_dopri 50 --reg_kinetic 0 --gpu 1
Experiment 7281
Epoch 0001 [Test seq (cond on sampled tp)] | Loss 238.379837 | Likelihood -59.165062 | KL fp 4.6278 | FP STD 0.0101 | NFE 14.0000
KL coef: 0.0
Train loss (one batch): 243.842041015625
Train CE loss (one batch): 0.135731041431427
Classification AUC (TEST): 0.5029
Test MSE: 0.0124
Poisson likelihood: 0.0
CE loss: 0.13622288405895233
NFE: 14.0000
Experiment 7281
Epoch 0002 [Test seq (cond on sampled tp)] | Loss 224.009308 | Likelihood -52.532318 | KL fp 4.8654 | FP STD 0.0091 | NFE 14.0000
KL coef: 0.0
Train loss (one batch): 227.30572509765625
Train CE loss (one batch): 0.1363585889339447
Classification AUC (TEST): 0.4821
Test MSE: 0.0111
Poisson likelihood: 0.0
CE loss: 0.13661736249923706
NFE: 14.0000
Experiment 7281
Epoch 0003 [Test seq (cond on sampled tp)] | Loss 210.084671 | Likelihood -44.075859 | KL fp 4.9356 | FP STD 0.0116 | NFE 14.0000
KL coef: 0.0
Train loss (one batch): 202.1432342529297
Train CE loss (one batch): 0.13511094450950623
Classification AUC (TEST): 0.5140
Test MSE: 0.0094
Poisson likelihood: 0.0
CE loss: 0.13619589805603027
NFE: 14.0000
Experiment 7281
Epoch 0004 [Test seq (cond on sampled tp)] | Loss 175.887314 | Likelihood -37.897408 | KL fp 5.2095 | FP STD 0.0128 | NFE 14.0000
KL coef: 0.0
Train loss (one batch): 186.1743927001953
Train CE loss (one batch): 0.13460028171539307
Classification AUC (TEST): 0.5182
Test MSE: 0.0081
Poisson likelihood: 0.0
CE loss: 0.13601785898208618
NFE: 14.0000
Experiment 7281
Epoch 0005 [Test seq (cond on sampled tp)] | Loss 190.487717 | Likelihood -35.583748 | KL fp 5.8494 | FP STD 0.0117 | NFE 14.0000
KL coef: 0.0
Train loss (one batch): 169.24293518066406
Train CE loss (one batch): 0.13430605828762054
Classification AUC (TEST): 0.5228
Test MSE: 0.0077
Poisson likelihood: 0.0
CE loss: 0.1359124481678009
NFE: 14.0000
Experiment 7281
Epoch 0006 [Test seq (cond on sampled tp)] | Loss 178.671341 | Likelihood -34.650505 | KL fp 6.5727 | FP STD 0.0106 | NFE 14.0000
KL coef: 0.0
Train loss (one batch): 153.55026245117188
Train CE loss (one batch): 0.13432437181472778
Classification AUC (TEST): 0.5233
Test MSE: 0.0075
Poisson likelihood: 0.0
CE loss: 0.13592085242271423
NFE: 14.0000
Experiment 7281
Epoch 0007 [Test seq (cond on sampled tp)] | Loss 156.401947 | Likelihood -34.207748 | KL fp 7.0198 | FP STD 0.0121 | NFE 14.0000
KL coef: 0.0
Train loss (one batch): 150.89578247070312
Train CE loss (one batch): 0.1347545087337494
Classification AUC (TEST): 0.5240
Test MSE: 0.0074
Poisson likelihood: 0.0
CE loss: 0.13632385432720184
NFE: 14.0000
Experiment 7281
Epoch 0008 [Test seq (cond on sampled tp)] | Loss 158.636703 | Likelihood -33.396873 | KL fp 7.5713 | FP STD 0.0136 | NFE 14.0000
KL coef: 0.0
Train loss (one batch): 157.3032684326172
Train CE loss (one batch): 0.1349976807832718
Classification AUC (TEST): 0.5267
Test MSE: 0.0072
Poisson likelihood: 0.0
CE loss: 0.1364395022392273
NFE: 14.0000
Experiment 7281
Epoch 0009 [Test seq (cond on sampled tp)] | Loss 151.369644 | Likelihood -32.809952 | KL fp 8.1516 | FP STD 0.0122 | NFE 14.0000
KL coef: 0.0
Train loss (one batch): 139.71351623535156
Train CE loss (one batch): 0.13476082682609558
Classification AUC (TEST): 0.5328
Test MSE: 0.0071
Poisson likelihood: 0.0
CE loss: 0.13609959185123444
NFE: 14.0000
Experiment 7281
Epoch 0010 [Test seq (cond on sampled tp)] | Loss 142.802383 | Likelihood -32.144791 | KL fp 8.5645 | FP STD 0.0133 | NFE 14.0000
KL coef: 0.0
Train loss (one batch): 136.51516723632812
Train CE loss (one batch): 0.13436421751976013
Classification AUC (TEST): 0.5349
Test MSE: 0.0070
Poisson likelihood: 0.0
CE loss: 0.13548550009727478
NFE: 14.0000
Experiment 7281
Epoch 0011 [Test seq (cond on sampled tp)] | Loss 136.706268 | Likelihood -31.467785 | KL fp 9.1086 | FP STD 0.0123 | NFE 14.0000
KL coef: 0.010000000000000009
Train loss (one batch): 132.73590087890625
Train CE loss (one batch): 0.1346016824245453
Classification AUC (TEST): 0.5381
Test MSE: 0.0068
Poisson likelihood: 0.0
CE loss: 0.13552872836589813
NFE: 14.0000
Experiment 7281
Epoch 0012 [Test seq (cond on sampled tp)] | Loss 140.647064 | Likelihood -30.875076 | KL fp 9.2179 | FP STD 0.0180 | NFE 14.0000
KL coef: 0.01990000000000003
Train loss (one batch): 134.57423400878906
Train CE loss (one batch): 0.13468964397907257
Classification AUC (TEST): 0.5372
Test MSE: 0.0067
Poisson likelihood: 0.0
CE loss: 0.13555404543876648
NFE: 14.0000
Experiment 7281
Epoch 0013 [Test seq (cond on sampled tp)] | Loss 131.942047 | Likelihood -30.132696 | KL fp 10.0296 | FP STD 0.0134 | NFE 14.0000
KL coef: 0.029700999999999977
Train loss (one batch): 130.7412109375
Train CE loss (one batch): 0.13462743163108826
Classification AUC (TEST): 0.5435
Test MSE: 0.0066
Poisson likelihood: 0.0
CE loss: 0.13558390736579895
NFE: 14.0000
Experiment 7281
Epoch 0014 [Test seq (cond on sampled tp)] | Loss 130.217834 | Likelihood -29.468185 | KL fp 10.3868 | FP STD 0.0127 | NFE 14.0000
KL coef: 0.039403990000000055
Train loss (one batch): 124.46694946289062
Train CE loss (one batch): 0.13469965755939484
Classification AUC (TEST): 0.5486
Test MSE: 0.0064
Poisson likelihood: 0.0
CE loss: 0.13563695549964905
NFE: 14.0000
Experiment 7281
Epoch 0015 [Test seq (cond on sampled tp)] | Loss 131.073715 | Likelihood -29.249638 | KL fp 10.6178 | FP STD 0.0151 | NFE 14.0000
KL coef: 0.04900995010000009
Train loss (one batch): 117.75940704345703
Train CE loss (one batch): 0.13465678691864014
Classification AUC (TEST): 0.5531
Test MSE: 0.0064
Poisson likelihood: 0.0
CE loss: 0.13560694456100464
NFE: 14.0000
Experiment 7281
Epoch 0016 [Test seq (cond on sampled tp)] | Loss 122.231339 | Likelihood -28.904547 | KL fp 10.9757 | FP STD 0.0154 | NFE 14.0000
KL coef: 0.058519850599
Train loss (one batch): 122.54618072509766
Train CE loss (one batch): 0.13468964397907257
Classification AUC (TEST): 0.5549
Test MSE: 0.0063
Poisson likelihood: 0.0
CE loss: 0.1356622874736786
NFE: 14.0000
Experiment 7281
Epoch 0017 [Test seq (cond on sampled tp)] | Loss 122.542915 | Likelihood -28.603283 | KL fp 11.3145 | FP STD 0.0157 | NFE 14.0000
KL coef: 0.06793465209301008
Train loss (one batch): 121.44358825683594
Train CE loss (one batch): 0.13467898964881897
Classification AUC (TEST): 0.5582
Test MSE: 0.0063
Poisson likelihood: 0.0
CE loss: 0.13568150997161865
NFE: 14.0000
Experiment 7281
Epoch 0018 [Test seq (cond on sampled tp)] | Loss 137.127930 | Likelihood -28.977262 | KL fp 11.3978 | FP STD 0.0228 | NFE 14.0000
KL coef: 0.07725530557207994
Train loss (one batch): 134.24790954589844
Train CE loss (one batch): 0.13461153209209442
Classification AUC (TEST): 0.5618
Test MSE: 0.0064
Poisson likelihood: 0.0
CE loss: 0.1356711983680725
NFE: 14.0000
Experiment 7281
Epoch 0019 [Test seq (cond on sampled tp)] | Loss 119.123451 | Likelihood -28.169872 | KL fp 11.8492 | FP STD 0.0162 | NFE 14.0000
KL coef: 0.08648275251635917
Train loss (one batch): 115.85059356689453
Train CE loss (one batch): 0.13463327288627625
Classification AUC (TEST): 0.5639
Test MSE: 0.0062
Poisson likelihood: 0.0
CE loss: 0.135718435049057
NFE: 14.0000
Experiment 7281
Epoch 0020 [Test seq (cond on sampled tp)] | Loss 115.466019 | Likelihood -28.251354 | KL fp 12.0109 | FP STD 0.0194 | NFE 14.0000
KL coef: 0.09561792499119559
Train loss (one batch): 109.68025207519531
Train CE loss (one batch): 0.13454201817512512
Classification AUC (TEST): 0.5675
Test MSE: 0.0062
Poisson likelihood: 0.0
CE loss: 0.1356905847787857
NFE: 14.0000
Experiment 7281
Epoch 0021 [Test seq (cond on sampled tp)] | Loss 117.716934 | Likelihood -29.176023 | KL fp 12.2028 | FP STD 0.0244 | NFE 14.0000
KL coef: 0.10466174574128362
Train loss (one batch): 109.11274719238281
Train CE loss (one batch): 0.13422411680221558
Classification AUC (TEST): 0.5726
Test MSE: 0.0064
Poisson likelihood: 0.0
CE loss: 0.13555632531642914
NFE: 14.0000
Experiment 7281
Epoch 0022 [Test seq (cond on sampled tp)] | Loss 116.704124 | Likelihood -29.178982 | KL fp 12.0606 | FP STD 0.0352 | NFE 14.0000
KL coef: 0.11361512828387077
Train loss (one batch): 110.25945281982422
Train CE loss (one batch): 0.13446711003780365
Classification AUC (TEST): 0.5708
Test MSE: 0.0064
Poisson likelihood: 0.0
CE loss: 0.1356707513332367
NFE: 14.0000
Experiment 7281
Epoch 0023 [Test seq (cond on sampled tp)] | Loss 108.694000 | Likelihood -28.743111 | KL fp 12.4986 | FP STD 0.0279 | NFE 14.0000
KL coef: 0.12247897700103216
Train loss (one batch): 110.582763671875
Train CE loss (one batch): 0.13442173600196838
Classification AUC (TEST): 0.5796
Test MSE: 0.0063
Poisson likelihood: 0.0
CE loss: 0.13559077680110931
NFE: 14.0000
Experiment 7281
Epoch 0024 [Test seq (cond on sampled tp)] | Loss 106.995422 | Likelihood -27.834427 | KL fp 12.9290 | FP STD 0.0206 | NFE 14.0000
KL coef: 0.13125418723102178
Train loss (one batch): 110.86474609375
Train CE loss (one batch): 0.1344197392463684
Classification AUC (TEST): 0.5759
Test MSE: 0.0061
Poisson likelihood: 0.0
CE loss: 0.13560421764850616
NFE: 14.0000
Experiment 7281
Epoch 0025 [Test seq (cond on sampled tp)] | Loss 114.536530 | Likelihood -27.997631 | KL fp 13.0268 | FP STD 0.0258 | NFE 14.0000
KL coef: 0.13994164535871156
Train loss (one batch): 102.90839385986328
Train CE loss (one batch): 0.1341782808303833
Classification AUC (TEST): 0.5725
Test MSE: 0.0062
Poisson likelihood: 0.0
CE loss: 0.13556937873363495
NFE: 14.0000
Experiment 7281
Epoch 0026 [Test seq (cond on sampled tp)] | Loss 123.987968 | Likelihood -27.563812 | KL fp 13.3369 | FP STD 0.0219 | NFE 14.0000
KL coef: 0.14854222890512447
Train loss (one batch): 113.33602142333984
Train CE loss (one batch): 0.13414917886257172
Classification AUC (TEST): 0.5793
Test MSE: 0.0061
Poisson likelihood: 0.0
CE loss: 0.1355145275592804
NFE: 14.0000
Experiment 7281
Epoch 0027 [Test seq (cond on sampled tp)] | Loss 108.381996 | Likelihood -27.215828 | KL fp 13.5166 | FP STD 0.0197 | NFE 14.0000
KL coef: 0.15705680661607324
Train loss (one batch): 104.44017028808594
Train CE loss (one batch): 0.13400644063949585
Classification AUC (TEST): 0.5803
Test MSE: 0.0060
Poisson likelihood: 0.0
CE loss: 0.13546177744865417
NFE: 14.0000
Experiment 7281
Epoch 0028 [Test seq (cond on sampled tp)] | Loss 116.318085 | Likelihood -27.230696 | KL fp 13.5707 | FP STD 0.0219 | NFE 14.0000
KL coef: 0.1654862385499125
Train loss (one batch): 114.38423156738281
Train CE loss (one batch): 0.13404923677444458
Classification AUC (TEST): 0.5773
Test MSE: 0.0060
Poisson likelihood: 0.0
CE loss: 0.13546064496040344
NFE: 14.0000
Experiment 7281
Epoch 0029 [Test seq (cond on sampled tp)] | Loss 103.600929 | Likelihood -27.011000 | KL fp 13.8275 | FP STD 0.0195 | NFE 14.0000
KL coef: 0.17383137616441335
Train loss (one batch): 103.88551330566406
Train CE loss (one batch): 0.1339460015296936
Classification AUC (TEST): 0.5821
Test MSE: 0.0060
Poisson likelihood: 0.0
CE loss: 0.13541379570960999
NFE: 14.0000
Experiment 7281
Epoch 0030 [Test seq (cond on sampled tp)] | Loss 129.018082 | Likelihood -26.878754 | KL fp 13.8471 | FP STD 0.0207 | NFE 14.0000
KL coef: 0.18209306240276923
Train loss (one batch): 124.03865051269531
Train CE loss (one batch): 0.13379594683647156
Classification AUC (TEST): 0.5843
Test MSE: 0.0059
Poisson likelihood: 0.0
CE loss: 0.1353268325328827
NFE: 14.0000
Experiment 7281
Epoch 0031 [Test seq (cond on sampled tp)] | Loss 116.422035 | Likelihood -26.834148 | KL fp 13.9926 | FP STD 0.0214 | NFE 14.0000
KL coef: 0.19027213177874158
Train loss (one batch): 106.24386596679688
Train CE loss (one batch): 0.1337818205356598
Classification AUC (TEST): 0.5849
Test MSE: 0.0059
Poisson likelihood: 0.0
CE loss: 0.135277658700943
NFE: 14.0000
Experiment 7281
Epoch 0032 [Test seq (cond on sampled tp)] | Loss 101.384338 | Likelihood -26.733130 | KL fp 13.9864 | FP STD 0.0222 | NFE 14.0000
KL coef: 0.19836941046095413
Train loss (one batch): 98.34237670898438
Train CE loss (one batch): 0.1336688995361328
Classification AUC (TEST): 0.5843
Test MSE: 0.0059
Poisson likelihood: 0.0
CE loss: 0.135262131690979
NFE: 14.0000
Experiment 7281
Epoch 0033 [Test seq (cond on sampled tp)] | Loss 147.101089 | Likelihood -26.894943 | KL fp 14.1270 | FP STD 0.0226 | NFE 8.0000
KL coef: 0.20638571635634462
Train loss (one batch): 99.7379150390625
Train CE loss (one batch): 0.13336384296417236
Classification AUC (TEST): 0.5878
Test MSE: 0.0059
Poisson likelihood: 0.0
CE loss: 0.13516747951507568
NFE: 8.0000
Experiment 7281
Epoch 0034 [Test seq (cond on sampled tp)] | Loss 123.322899 | Likelihood -26.559647 | KL fp 14.3131 | FP STD 0.0197 | NFE 14.0000
KL coef: 0.21432185919278124
Train loss (one batch): 115.84939575195312
Train CE loss (one batch): 0.13349677622318268
Classification AUC (TEST): 0.5918
Test MSE: 0.0059
Poisson likelihood: 0.0
CE loss: 0.13518264889717102
NFE: 14.0000
Experiment 7281
Epoch 0035 [Test seq (cond on sampled tp)] | Loss 140.990326 | Likelihood -26.471188 | KL fp 14.4266 | FP STD 0.0186 | NFE 8.0000
KL coef: 0.22217864060085335
Train loss (one batch): 101.09661102294922
Train CE loss (one batch): 0.13328886032104492
Classification AUC (TEST): 0.5944
Test MSE: 0.0058
Poisson likelihood: 0.0
CE loss: 0.13515134155750275
NFE: 8.0000
Experiment 7281
Epoch 0036 [Test seq (cond on sampled tp)] | Loss 104.039734 | Likelihood -26.463627 | KL fp 14.6344 | FP STD 0.0178 | NFE 14.0000
KL coef: 0.2299568541948449
Train loss (one batch): 103.62670135498047
Train CE loss (one batch): 0.13308735191822052
Classification AUC (TEST): 0.5917
Test MSE: 0.0058
Poisson likelihood: 0.0
CE loss: 0.13510286808013916
NFE: 14.0000
Experiment 7281
Epoch 0037 [Test seq (cond on sampled tp)] | Loss 105.866592 | Likelihood -26.394028 | KL fp 14.5987 | FP STD 0.0193 | NFE 14.0000
KL coef: 0.23765728565289646
Train loss (one batch): 102.3698959350586
Train CE loss (one batch): 0.13308143615722656
Classification AUC (TEST): 0.5951
Test MSE: 0.0058
Poisson likelihood: 0.0
CE loss: 0.13504473865032196
NFE: 14.0000
Experiment 7281
Epoch 0038 [Test seq (cond on sampled tp)] | Loss 122.386032 | Likelihood -26.288185 | KL fp 14.6909 | FP STD 0.0178 | NFE 14.0000
KL coef: 0.24528071279636743
Train loss (one batch): 118.33850860595703
Train CE loss (one batch): 0.13304740190505981
Classification AUC (TEST): 0.5950
Test MSE: 0.0058
Poisson likelihood: 0.0
CE loss: 0.1350221037864685
NFE: 14.0000
Experiment 7281
Epoch 0039 [Test seq (cond on sampled tp)] | Loss 119.532257 | Likelihood -26.257315 | KL fp 14.9085 | FP STD 0.0161 | NFE 14.0000
KL coef: 0.25282790566840385
Train loss (one batch): 115.32182312011719
Train CE loss (one batch): 0.1329430639743805
Classification AUC (TEST): 0.5973
Test MSE: 0.0058
Poisson likelihood: 0.0
CE loss: 0.13499543070793152
NFE: 14.0000
Experiment 7281
Epoch 0040 [Test seq (cond on sampled tp)] | Loss 112.189461 | Likelihood -26.300726 | KL fp 14.8078 | FP STD 0.0182 | NFE 14.0000
KL coef: 0.2602996266117198
Train loss (one batch): 109.50701141357422
Train CE loss (one batch): 0.132693812251091
Classification AUC (TEST): 0.5984
Test MSE: 0.0058
Poisson likelihood: 0.0
CE loss: 0.13492199778556824
NFE: 14.0000
Experiment 7281
Epoch 0041 [Test seq (cond on sampled tp)] | Loss 110.389694 | Likelihood -26.459305 | KL fp 14.8088 | FP STD 0.0205 | NFE 14.0000
KL coef: 0.26769663034560254
Train loss (one batch): 100.27217102050781
Train CE loss (one batch): 0.13264505565166473
Classification AUC (TEST): 0.5950
Test MSE: 0.0058
Poisson likelihood: 0.0
CE loss: 0.13506081700325012
NFE: 14.0000
Experiment 7281
Epoch 0042 [Test seq (cond on sampled tp)] | Loss 109.714958 | Likelihood -26.480484 | KL fp 14.9335 | FP STD 0.0197 | NFE 14.0000
KL coef: 0.2750196640421466
Train loss (one batch): 108.34745788574219
Train CE loss (one batch): 0.1329038143157959
Classification AUC (TEST): 0.5960
Test MSE: 0.0059
Poisson likelihood: 0.0
CE loss: 0.1349838376045227
NFE: 14.0000
Experiment 7281
Epoch 0043 [Test seq (cond on sampled tp)] | Loss 104.692368 | Likelihood -26.224285 | KL fp 14.9978 | FP STD 0.0191 | NFE 14.0000
KL coef: 0.2822694674017251
Train loss (one batch): 144.7181396484375
Train CE loss (one batch): 0.13253232836723328
Classification AUC (TEST): 0.5970
Test MSE: 0.0058
Poisson likelihood: 0.0
CE loss: 0.13495564460754395
NFE: 14.0000
Experiment 7281
Epoch 0044 [Test seq (cond on sampled tp)] | Loss 116.397522 | Likelihood -26.313446 | KL fp 15.1610 | FP STD 0.0180 | NFE 14.0000
KL coef: 0.2894467727277079
Train loss (one batch): 115.85218811035156
Train CE loss (one batch): 0.13254114985466003
Classification AUC (TEST): 0.5983
Test MSE: 0.0058
Poisson likelihood: 0.0
CE loss: 0.1348867416381836
NFE: 14.0000
Experiment 7281
Epoch 0045 [Test seq (cond on sampled tp)] | Loss 144.266357 | Likelihood -26.507046 | KL fp 15.1988 | FP STD 0.0210 | NFE 8.0000
KL coef: 0.29655230500043084
Train loss (one batch): 99.27519226074219
Train CE loss (one batch): 0.13228926062583923
Classification AUC (TEST): 0.5988
Test MSE: 0.0059
Poisson likelihood: 0.0
CE loss: 0.134852796792984
NFE: 8.0000
Experiment 7281
Epoch 0046 [Test seq (cond on sampled tp)] | Loss 103.173035 | Likelihood -26.667728 | KL fp 15.1160 | FP STD 0.0236 | NFE 14.0000
KL coef: 0.30358678195042654
Train loss (one batch): 141.42608642578125
Train CE loss (one batch): 0.13239094614982605
Classification AUC (TEST): 0.5978
Test MSE: 0.0059
Poisson likelihood: 0.0
CE loss: 0.13490930199623108
NFE: 14.0000
Experiment 7281
Epoch 0047 [Test seq (cond on sampled tp)] | Loss 127.484161 | Likelihood -26.597599 | KL fp 15.1981 | FP STD 0.0226 | NFE 14.0000
KL coef: 0.3105509141309223
Train loss (one batch): 124.3450927734375
Train CE loss (one batch): 0.13235658407211304
Classification AUC (TEST): 0.5975
Test MSE: 0.0059
Poisson likelihood: 0.0
CE loss: 0.13487982749938965
NFE: 14.0000
Experiment 7281
Epoch 0048 [Test seq (cond on sampled tp)] | Loss 113.942719 | Likelihood -26.589758 | KL fp 15.1049 | FP STD 0.0237 | NFE 14.0000
KL coef: 0.31744540498961304
Train loss (one batch): 109.77783203125
Train CE loss (one batch): 0.13202685117721558
Classification AUC (TEST): 0.5976
Test MSE: 0.0059
Poisson likelihood: 0.0
CE loss: 0.1348240077495575
NFE: 14.0000
Experiment 7281
Epoch 0049 [Test seq (cond on sampled tp)] | Loss 106.836296 | Likelihood -26.608246 | KL fp 15.1499 | FP STD 0.0241 | NFE 14.0000
KL coef: 0.3242709509397169
Train loss (one batch): 108.7755355834961
Train CE loss (one batch): 0.1318661868572235
Classification AUC (TEST): 0.5967
Test MSE: 0.0059
Poisson likelihood: 0.0
CE loss: 0.13483163714408875
NFE: 14.0000
Experiment 7281
Epoch 0050 [Test seq (cond on sampled tp)] | Loss 107.325928 | Likelihood -26.592194 | KL fp 15.1875 | FP STD 0.0232 | NFE 14.0000
KL coef: 0.3310282414303197
Train loss (one batch): 141.52886962890625
Train CE loss (one batch): 0.1320851445198059
Classification AUC (TEST): 0.5956
Test MSE: 0.0059
Poisson likelihood: 0.0
CE loss: 0.13477787375450134
NFE: 14.0000
Experiment 7281
Epoch 0051 [Test seq (cond on sampled tp)] | Loss 106.898468 | Likelihood -26.447994 | KL fp 15.2724 | FP STD 0.0220 | NFE 14.0000
KL coef: 0.33771795901601653
Train loss (one batch): 105.03797912597656
Train CE loss (one batch): 0.13166266679763794
Classification AUC (TEST): 0.5980
Test MSE: 0.0058
Poisson likelihood: 0.0
CE loss: 0.13470560312271118
NFE: 14.0000
Experiment 7281
Epoch 0052 [Test seq (cond on sampled tp)] | Loss 108.676445 | Likelihood -26.366394 | KL fp 15.3424 | FP STD 0.0211 | NFE 14.0000
KL coef: 0.3443407794258564
Train loss (one batch): 104.62115478515625
Train CE loss (one batch): 0.13167834281921387
Classification AUC (TEST): 0.5986
Test MSE: 0.0058
Poisson likelihood: 0.0
CE loss: 0.1346517950296402
NFE: 14.0000
Experiment 7281
Epoch 0053 [Test seq (cond on sampled tp)] | Loss 108.177750 | Likelihood -26.459661 | KL fp 15.3756 | FP STD 0.0221 | NFE 14.0000
KL coef: 0.35089737163159784
Train loss (one batch): 104.29180908203125
Train CE loss (one batch): 0.131413072347641
Classification AUC (TEST): 0.5967
Test MSE: 0.0058
Poisson likelihood: 0.0
CE loss: 0.13461631536483765
NFE: 14.0000
Experiment 7281
Epoch 0054 [Test seq (cond on sampled tp)] | Loss 114.768875 | Likelihood -26.419144 | KL fp 15.3868 | FP STD 0.0225 | NFE 14.0000
KL coef: 0.3573883979152819
Train loss (one batch): 110.14979553222656
Train CE loss (one batch): 0.13124524056911469
Classification AUC (TEST): 0.6004
Test MSE: 0.0058
Poisson likelihood: 0.0
CE loss: 0.13449811935424805
NFE: 14.0000
Experiment 7281
Epoch 0055 [Test seq (cond on sampled tp)] | Loss 138.311829 | Likelihood -26.395638 | KL fp 15.3640 | FP STD 0.0233 | NFE 8.0000
KL coef: 0.36381451393612907
Train loss (one batch): 101.29243469238281
Train CE loss (one batch): 0.1312233805656433
Classification AUC (TEST): 0.5982
Test MSE: 0.0058
Poisson likelihood: 0.0
CE loss: 0.1344781070947647
NFE: 8.0000
Experiment 7281
Epoch 0056 [Test seq (cond on sampled tp)] | Loss 111.538574 | Likelihood -26.214401 | KL fp 15.5973 | FP STD 0.0192 | NFE 14.0000
KL coef: 0.37017636879676774
Train loss (one batch): 109.18183898925781
Train CE loss (one batch): 0.13122868537902832
Classification AUC (TEST): 0.5993
Test MSE: 0.0058
Poisson likelihood: 0.0
CE loss: 0.1344195008277893
NFE: 14.0000
Experiment 7281
Epoch 0057 [Test seq (cond on sampled tp)] | Loss 106.907387 | Likelihood -26.186865 | KL fp 15.8173 | FP STD 0.0173 | NFE 14.0000
KL coef: 0.37647460510880004
Train loss (one batch): 105.1163330078125
Train CE loss (one batch): 0.13084451854228973
Classification AUC (TEST): 0.5986
Test MSE: 0.0058
Poisson likelihood: 0.0
CE loss: 0.1343841552734375
NFE: 14.0000
Experiment 7281
Epoch 0058 [Test seq (cond on sampled tp)] | Loss 148.377960 | Likelihood -26.315105 | KL fp 15.6230 | FP STD 0.0208 | NFE 8.0000
KL coef: 0.38270985905771204
Train loss (one batch): 146.69052124023438
Train CE loss (one batch): 0.1310591995716095
Classification AUC (TEST): 0.5973
Test MSE: 0.0058
Poisson likelihood: 0.0
CE loss: 0.13445603847503662
NFE: 8.0000
Experiment 7281
Epoch 0059 [Test seq (cond on sampled tp)] | Loss 148.250458 | Likelihood -26.331482 | KL fp 15.6743 | FP STD 0.0211 | NFE 8.0000
KL coef: 0.388882760467135
Train loss (one batch): 142.55438232421875
Train CE loss (one batch): 0.1308009922504425
Classification AUC (TEST): 0.5961
Test MSE: 0.0058
Poisson likelihood: 0.0
CE loss: 0.134349524974823
NFE: 8.0000
Experiment 7281
Epoch 0060 [Test seq (cond on sampled tp)] | Loss 148.907883 | Likelihood -26.374928 | KL fp 15.6807 | FP STD 0.0216 | NFE 8.0000
KL coef: 0.39499393286246365
Train loss (one batch): 144.81614685058594
Train CE loss (one batch): 0.1305595338344574
Classification AUC (TEST): 0.5971
Test MSE: 0.0058
Poisson likelihood: 0.0
CE loss: 0.13446921110153198
NFE: 8.0000
Experiment 7281
Epoch 0061 [Test seq (cond on sampled tp)] | Loss 120.427338 | Likelihood -26.263435 | KL fp 15.7217 | FP STD 0.0209 | NFE 14.0000
KL coef: 0.401043993533839
Train loss (one batch): 115.04083251953125
Train CE loss (one batch): 0.13041025400161743
Classification AUC (TEST): 0.5986
Test MSE: 0.0058
Poisson likelihood: 0.0
CE loss: 0.1342194676399231
NFE: 14.0000
Experiment 7281
Epoch 0062 [Test seq (cond on sampled tp)] | Loss 149.565918 | Likelihood -26.138714 | KL fp 15.8824 | FP STD 0.0188 | NFE 8.0000
KL coef: 0.4070335535985006
Train loss (one batch): 139.19952392578125
Train CE loss (one batch): 0.13033971190452576
Classification AUC (TEST): 0.5957
Test MSE: 0.0058
Poisson likelihood: 0.0
CE loss: 0.13419672846794128
NFE: 8.0000
Experiment 7281
Epoch 0063 [Test seq (cond on sampled tp)] | Loss 108.658813 | Likelihood -26.230129 | KL fp 15.9041 | FP STD 0.0201 | NFE 14.0000
KL coef: 0.41296321806251557
Train loss (one batch): 107.69331359863281
Train CE loss (one batch): 0.12997636198997498
Classification AUC (TEST): 0.5977
Test MSE: 0.0058
Poisson likelihood: 0.0
CE loss: 0.13411784172058105
NFE: 14.0000
Experiment 7281
Epoch 0064 [Test seq (cond on sampled tp)] | Loss 107.443214 | Likelihood -26.224014 | KL fp 15.9269 | FP STD 0.0200 | NFE 14.0000
KL coef: 0.41883358588189046
Train loss (one batch): 107.92530059814453
Train CE loss (one batch): 0.13005678355693817
Classification AUC (TEST): 0.5967
Test MSE: 0.0058
Poisson likelihood: 0.0
CE loss: 0.13415251672267914
NFE: 14.0000
Experiment 7281
Epoch 0065 [Test seq (cond on sampled tp)] | Loss 145.857941 | Likelihood -26.239273 | KL fp 15.9535 | FP STD 0.0209 | NFE 8.0000
KL coef: 0.4246452500230715
Train loss (one batch): 142.08935546875
Train CE loss (one batch): 0.12999895215034485
Classification AUC (TEST): 0.5954
Test MSE: 0.0058
Poisson likelihood: 0.0
CE loss: 0.13402338325977325
NFE: 8.0000
Experiment 7281
Epoch 0066 [Test seq (cond on sampled tp)] | Loss 112.139725 | Likelihood -26.478819 | KL fp 15.8738 | FP STD 0.0240 | NFE 14.0000
KL coef: 0.4303987975228408
Train loss (one batch): 102.12733459472656
Train CE loss (one batch): 0.12991632521152496
Classification AUC (TEST): 0.5957
Test MSE: 0.0059
Poisson likelihood: 0.0
CE loss: 0.13409042358398438
NFE: 14.0000
Experiment 7281
Epoch 0067 [Test seq (cond on sampled tp)] | Loss 116.279297 | Likelihood -26.226330 | KL fp 16.0060 | FP STD 0.0214 | NFE 14.0000
KL coef: 0.4360948095476125
Train loss (one batch): 114.65948486328125
Train CE loss (one batch): 0.1297909915447235
Classification AUC (TEST): 0.5990
Test MSE: 0.0058
Poisson likelihood: 0.0
CE loss: 0.13402411341667175
NFE: 14.0000
Experiment 7281
Epoch 0068 [Test seq (cond on sampled tp)] | Loss 111.625427 | Likelihood -26.138176 | KL fp 16.1378 | FP STD 0.0193 | NFE 14.0000
KL coef: 0.44173386145213633
Train loss (one batch): 108.7284164428711
Train CE loss (one batch): 0.12929493188858032
Classification AUC (TEST): 0.5968
Test MSE: 0.0058
Poisson likelihood: 0.0
CE loss: 0.13397008180618286
NFE: 14.0000
Experiment 7281
Epoch 0069 [Test seq (cond on sampled tp)] | Loss 121.142128 | Likelihood -26.172283 | KL fp 16.0547 | FP STD 0.0198 | NFE 14.0000
KL coef: 0.4473165228376149
Train loss (one batch): 118.65679931640625
Train CE loss (one batch): 0.1295521855354309
Classification AUC (TEST): 0.5969
Test MSE: 0.0058
Poisson likelihood: 0.0
CE loss: 0.13398873805999756
NFE: 14.0000
Experiment 7281
Epoch 0070 [Test seq (cond on sampled tp)] | Loss 147.884872 | Likelihood -26.332512 | KL fp 15.8512 | FP STD 0.0241 | NFE 8.0000
KL coef: 0.4528433576092388
Train loss (one batch): 102.50346374511719
Train CE loss (one batch): 0.12922713160514832
Classification AUC (TEST): 0.5971
Test MSE: 0.0058
Poisson likelihood: 0.0
CE loss: 0.13402114808559418
NFE: 8.0000
Experiment 7281
Epoch 0071 [Test seq (cond on sampled tp)] | Loss 107.184174 | Likelihood -26.115353 | KL fp 16.0476 | FP STD 0.0198 | NFE 14.0000
KL coef: 0.45831492403314644
Train loss (one batch): 103.3154296875
Train CE loss (one batch): 0.12912511825561523
Classification AUC (TEST): 0.5964
Test MSE: 0.0058
Poisson likelihood: 0.0
CE loss: 0.13390834629535675
NFE: 14.0000
Experiment 7281
Epoch 0072 [Test seq (cond on sampled tp)] | Loss 106.613449 | Likelihood -26.215229 | KL fp 15.9520 | FP STD 0.0225 | NFE 14.0000
KL coef: 0.463731774792815
Train loss (one batch): 105.0525131225586
Train CE loss (one batch): 0.12942537665367126
Classification AUC (TEST): 0.5969
Test MSE: 0.0058
Poisson likelihood: 0.0
CE loss: 0.13396117091178894
NFE: 14.0000
Experiment 7281
Epoch 0073 [Test seq (cond on sampled tp)] | Loss 148.125732 | Likelihood -26.125402 | KL fp 16.1155 | FP STD 0.0193 | NFE 8.0000
KL coef: 0.46909445704488684
Train loss (one batch): 145.80734252929688
Train CE loss (one batch): 0.1288973093032837
Classification AUC (TEST): 0.5975
Test MSE: 0.0058
Poisson likelihood: 0.0
CE loss: 0.13386404514312744
NFE: 8.0000
Experiment 7281
Epoch 0074 [Test seq (cond on sampled tp)] | Loss 105.619904 | Likelihood -26.071636 | KL fp 16.0837 | FP STD 0.0198 | NFE 14.0000
KL coef: 0.474403512474438
Train loss (one batch): 104.42267608642578
Train CE loss (one batch): 0.12893196940422058
Classification AUC (TEST): 0.5985
Test MSE: 0.0058
Poisson likelihood: 0.0
CE loss: 0.13381871581077576
NFE: 14.0000
Experiment 7281
Epoch 0075 [Test seq (cond on sampled tp)] | Loss 151.645935 | Likelihood -26.129604 | KL fp 16.0786 | FP STD 0.0202 | NFE 8.0000
KL coef: 0.4796594773496936
Train loss (one batch): 145.32464599609375
Train CE loss (one batch): 0.12910792231559753
Classification AUC (TEST): 0.5986
Test MSE: 0.0058
Poisson likelihood: 0.0
CE loss: 0.13385705649852753
NFE: 8.0000
Experiment 7281
Epoch 0076 [Test seq (cond on sampled tp)] | Loss 104.616959 | Likelihood -26.059643 | KL fp 16.0936 | FP STD 0.0201 | NFE 14.0000
KL coef: 0.4848628825761967
Train loss (one batch): 103.4488754272461
Train CE loss (one batch): 0.12917748093605042
Classification AUC (TEST): 0.5979
Test MSE: 0.0058
Poisson likelihood: 0.0
CE loss: 0.13384296000003815
NFE: 14.0000
Experiment 7281
Epoch 0077 [Test seq (cond on sampled tp)] | Loss 147.061188 | Likelihood -26.130947 | KL fp 16.1271 | FP STD 0.0206 | NFE 8.0000
KL coef: 0.4900142537504347
Train loss (one batch): 147.7550811767578
Train CE loss (one batch): 0.12892571091651917
Classification AUC (TEST): 0.5974
Test MSE: 0.0058
Poisson likelihood: 0.0
CE loss: 0.13392841815948486
NFE: 8.0000
Experiment 7281
Epoch 0078 [Test seq (cond on sampled tp)] | Loss 110.913834 | Likelihood -26.169647 | KL fp 16.0589 | FP STD 0.0212 | NFE 14.0000
KL coef: 0.49511411121293036
Train loss (one batch): 100.80506896972656
Train CE loss (one batch): 0.12869124114513397
Classification AUC (TEST): 0.5961
Test MSE: 0.0058
Poisson likelihood: 0.0
CE loss: 0.13384859263896942
NFE: 14.0000
Experiment 7281
Epoch 0079 [Test seq (cond on sampled tp)] | Loss 107.093178 | Likelihood -26.376949 | KL fp 16.1795 | FP STD 0.0225 | NFE 14.0000
KL coef: 0.500162970100801
Train loss (one batch): 102.08338928222656
Train CE loss (one batch): 0.12805107235908508
Classification AUC (TEST): 0.5950
Test MSE: 0.0058
Poisson likelihood: 0.0
CE loss: 0.1338963806629181
NFE: 14.0000
Experiment 7281
Epoch 0080 [Test seq (cond on sampled tp)] | Loss 147.362701 | Likelihood -26.302261 | KL fp 16.0581 | FP STD 0.0231 | NFE 8.0000
KL coef: 0.505161340399793
Train loss (one batch): 103.46842956542969
Train CE loss (one batch): 0.12865540385246277
Classification AUC (TEST): 0.5978
Test MSE: 0.0058
Poisson likelihood: 0.0
CE loss: 0.13389767706394196
NFE: 8.0000
Experiment 7281
Epoch 0081 [Test seq (cond on sampled tp)] | Loss 105.322159 | Likelihood -26.343596 | KL fp 15.9946 | FP STD 0.0237 | NFE 14.0000
KL coef: 0.510109726995795
Train loss (one batch): 102.54779052734375
Train CE loss (one batch): 0.1284012347459793
Classification AUC (TEST): 0.5976
Test MSE: 0.0058
Poisson likelihood: 0.0
CE loss: 0.13382118940353394
NFE: 14.0000
Experiment 7281
Epoch 0082 [Test seq (cond on sampled tp)] | Loss 150.047699 | Likelihood -26.297642 | KL fp 15.9889 | FP STD 0.0234 | NFE 8.0000
KL coef: 0.5150086297258372
Train loss (one batch): 147.8975830078125
Train CE loss (one batch): 0.12850399315357208
Classification AUC (TEST): 0.5947
Test MSE: 0.0058
Poisson likelihood: 0.0
CE loss: 0.13398368656635284
NFE: 8.0000
Experiment 7281
Epoch 0083 [Test seq (cond on sampled tp)] | Loss 148.406036 | Likelihood -26.267469 | KL fp 16.0950 | FP STD 0.0226 | NFE 8.0000
KL coef: 0.5198585434285787
Train loss (one batch): 138.00132751464844
Train CE loss (one batch): 0.12853151559829712
Classification AUC (TEST): 0.5976
Test MSE: 0.0058
Poisson likelihood: 0.0
CE loss: 0.13394120335578918
NFE: 8.0000
Experiment 7281
Epoch 0084 [Test seq (cond on sampled tp)] | Loss 150.982422 | Likelihood -26.366920 | KL fp 16.0649 | FP STD 0.0238 | NFE 8.0000
KL coef: 0.524659957994293
Train loss (one batch): 104.01901245117188
Train CE loss (one batch): 0.12808731198310852
Classification AUC (TEST): 0.5972
Test MSE: 0.0058
Poisson likelihood: 0.0
CE loss: 0.13386273384094238
NFE: 8.0000
Experiment 7281
Epoch 0085 [Test seq (cond on sampled tp)] | Loss 112.736313 | Likelihood -26.436506 | KL fp 16.0344 | FP STD 0.0242 | NFE 14.0000
KL coef: 0.5294133584143501
Train loss (one batch): 109.3118896484375
Train CE loss (one batch): 0.12806358933448792
Classification AUC (TEST): 0.5994
Test MSE: 0.0058
Poisson likelihood: 0.0
CE loss: 0.1337185800075531
NFE: 14.0000
Experiment 7281
Epoch 0086 [Test seq (cond on sampled tp)] | Loss 113.273529 | Likelihood -26.324072 | KL fp 16.0290 | FP STD 0.0237 | NFE 14.0000
KL coef: 0.5341192248302067
Train loss (one batch): 108.4386978149414
Train CE loss (one batch): 0.12815533578395844
Classification AUC (TEST): 0.5990
Test MSE: 0.0058
Poisson likelihood: 0.0
CE loss: 0.13383159041404724
NFE: 14.0000
Experiment 7281
Epoch 0087 [Test seq (cond on sampled tp)] | Loss 112.323677 | Likelihood -26.439266 | KL fp 15.9384 | FP STD 0.0247 | NFE 14.0000
KL coef: 0.5387780325819045
Train loss (one batch): 107.36526489257812
Train CE loss (one batch): 0.12799060344696045
Classification AUC (TEST): 0.5988
Test MSE: 0.0058
Poisson likelihood: 0.0
CE loss: 0.13373756408691406
NFE: 14.0000
Experiment 7281
Epoch 0088 [Test seq (cond on sampled tp)] | Loss 108.059845 | Likelihood -26.322632 | KL fp 15.9485 | FP STD 0.0240 | NFE 14.0000
KL coef: 0.5433902522560855
Train loss (one batch): 105.08338928222656
Train CE loss (one batch): 0.12800924479961395
Classification AUC (TEST): 0.5986
Test MSE: 0.0058
Poisson likelihood: 0.0
CE loss: 0.1338079571723938
NFE: 14.0000
Experiment 7281
Epoch 0089 [Test seq (cond on sampled tp)] | Loss 120.858749 | Likelihood -26.275717 | KL fp 15.9416 | FP STD 0.0234 | NFE 14.0000
KL coef: 0.5479563497335247
Train loss (one batch): 113.09587097167969
Train CE loss (one batch): 0.1275341510772705
Classification AUC (TEST): 0.5967
Test MSE: 0.0058
Poisson likelihood: 0.0
CE loss: 0.1338168978691101
NFE: 14.0000
Experiment 7281
Epoch 0090 [Test seq (cond on sampled tp)] | Loss 126.465271 | Likelihood -26.251509 | KL fp 15.9427 | FP STD 0.0241 | NFE 14.0000
KL coef: 0.5524767862361895
Train loss (one batch): 124.21533203125
Train CE loss (one batch): 0.12764433026313782
Classification AUC (TEST): 0.5970
Test MSE: 0.0058
Poisson likelihood: 0.0
CE loss: 0.1337704062461853
NFE: 14.0000
Experiment 7281
Epoch 0091 [Test seq (cond on sampled tp)] | Loss 145.429260 | Likelihood -26.265911 | KL fp 15.9264 | FP STD 0.0236 | NFE 8.0000
KL coef: 0.5569520183738275
Train loss (one batch): 144.72406005859375
Train CE loss (one batch): 0.12770269811153412
Classification AUC (TEST): 0.5998
Test MSE: 0.0058
Poisson likelihood: 0.0
CE loss: 0.13369685411453247
NFE: 8.0000
Experiment 7281
Epoch 0092 [Test seq (cond on sampled tp)] | Loss 151.222977 | Likelihood -26.312958 | KL fp 15.9348 | FP STD 0.0235 | NFE 8.0000
KL coef: 0.5613824981900892
Train loss (one batch): 140.5626220703125
Train CE loss (one batch): 0.12714770436286926
Classification AUC (TEST): 0.5973
Test MSE: 0.0058
Poisson likelihood: 0.0
CE loss: 0.1337422877550125
NFE: 8.0000
Experiment 7281
Epoch 0093 [Test seq (cond on sampled tp)] | Loss 151.716812 | Likelihood -26.247770 | KL fp 15.9033 | FP STD 0.0241 | NFE 8.0000
KL coef: 0.5657686732081884
Train loss (one batch): 104.56214904785156
Train CE loss (one batch): 0.1271035373210907
Classification AUC (TEST): 0.5989
Test MSE: 0.0058
Poisson likelihood: 0.0
CE loss: 0.1337299942970276
NFE: 8.0000
Experiment 7281
Epoch 0094 [Test seq (cond on sampled tp)] | Loss 109.669167 | Likelihood -26.160801 | KL fp 15.9520 | FP STD 0.0229 | NFE 14.0000
KL coef: 0.5701109864761065
Train loss (one batch): 104.43800354003906
Train CE loss (one batch): 0.12735918164253235
Classification AUC (TEST): 0.5993
Test MSE: 0.0058
Poisson likelihood: 0.0
CE loss: 0.1336735039949417
NFE: 14.0000
Experiment 7281
Epoch 0095 [Test seq (cond on sampled tp)] | Loss 112.206726 | Likelihood -26.239151 | KL fp 15.8424 | FP STD 0.0245 | NFE 14.0000
KL coef: 0.5744098766113455
Train loss (one batch): 109.82511901855469
Train CE loss (one batch): 0.12739497423171997
Classification AUC (TEST): 0.5984
Test MSE: 0.0058
Poisson likelihood: 0.0
CE loss: 0.13372796773910522
NFE: 14.0000
Experiment 7281
Epoch 0096 [Test seq (cond on sampled tp)] | Loss 117.892807 | Likelihood -26.197510 | KL fp 15.9098 | FP STD 0.0238 | NFE 14.0000
KL coef: 0.578665777845232
Train loss (one batch): 115.24275970458984
Train CE loss (one batch): 0.1268090158700943
Classification AUC (TEST): 0.5962
Test MSE: 0.0058
Poisson likelihood: 0.0
CE loss: 0.13378632068634033
NFE: 14.0000
Experiment 7281
Epoch 0097 [Test seq (cond on sampled tp)] | Loss 119.235870 | Likelihood -26.107763 | KL fp 15.9615 | FP STD 0.0221 | NFE 14.0000
KL coef: 0.5828791200667797
Train loss (one batch): 116.68787384033203
Train CE loss (one batch): 0.12733832001686096
Classification AUC (TEST): 0.5953
Test MSE: 0.0058
Poisson likelihood: 0.0
CE loss: 0.133833110332489
NFE: 14.0000
Experiment 7281
Epoch 0098 [Test seq (cond on sampled tp)] | Loss 109.879974 | Likelihood -26.172934 | KL fp 15.8440 | FP STD 0.0238 | NFE 14.0000
KL coef: 0.5870503288661119
Train loss (one batch): 110.121826171875
Train CE loss (one batch): 0.12710143625736237
Classification AUC (TEST): 0.5992
Test MSE: 0.0058
Poisson likelihood: 0.0
CE loss: 0.1337176263332367
NFE: 14.0000
Experiment 7281
Epoch 0099 [Test seq (cond on sampled tp)] | Loss 107.708206 | Likelihood -26.219833 | KL fp 15.7941 | FP STD 0.0242 | NFE 14.0000
KL coef: 0.5911798255774507
Train loss (one batch): 101.91503143310547
Train CE loss (one batch): 0.12682047486305237
Classification AUC (TEST): 0.5975
Test MSE: 0.0058
Poisson likelihood: 0.0
CE loss: 0.13378015160560608
NFE: 14.0000
Experiment 7281
Epoch 0100 [Test seq (cond on sampled tp)] | Loss 119.699463 | Likelihood -26.228851 | KL fp 15.6843 | FP STD 0.0259 | NFE 14.0000
KL coef: 0.5952680273216762
Train loss (one batch): 117.69124603271484
Train CE loss (one batch): 0.12673011422157288
Classification AUC (TEST): 0.5958
Test MSE: 0.0058
Poisson likelihood: 0.0
CE loss: 0.13379666209220886
NFE: 14.0000
