/home/bigdyl/soyoung/gpu1/latent_ode/run_models.py
run_models.py --niters 100 -n 8000 -l 20 --latent-ode --z0-encoder rnn --dataset physionet --rec-dims 40 --rec-layers 3 --gen-layers 3 --units 50 --gru-units 50 --quantization 0.016 --classif --reg_dopri 0.5 --reg_kinetic 0 --gpu 1
Experiment 86597
Epoch 0001 [Test seq (cond on sampled tp)] | Loss 62.483521 | Likelihood -46.176476 | KL fp 4.1080 | FP STD 0.0185 | NFE 14.0000
KL coef: 0.0
Train loss (one batch): 58.111122131347656
Train CE loss (one batch): 0.1331435590982437
Classification AUC (TEST): 0.5425
Test MSE: 0.0098
Poisson likelihood: 0.0
CE loss: 0.13533222675323486
NFE: 14.0000
Experiment 86597
Epoch 0002 [Test seq (cond on sampled tp)] | Loss 49.594372 | Likelihood -33.900032 | KL fp 4.6728 | FP STD 0.0104 | NFE 14.0000
KL coef: 0.0
Train loss (one batch): 45.39736557006836
Train CE loss (one batch): 0.13144049048423767
Classification AUC (TEST): 0.5235
Test MSE: 0.0073
Poisson likelihood: 0.0
CE loss: 0.13552367687225342
NFE: 14.0000
Experiment 86597
Epoch 0003 [Test seq (cond on sampled tp)] | Loss 46.234001 | Likelihood -31.179884 | KL fp 4.5276 | FP STD 0.0121 | NFE 14.0000
KL coef: 0.0
Train loss (one batch): 42.28722381591797
Train CE loss (one batch): 0.1317787766456604
Classification AUC (TEST): 0.5403
Test MSE: 0.0068
Poisson likelihood: 0.0
CE loss: 0.13515207171440125
NFE: 14.0000
Experiment 86597
Epoch 0004 [Test seq (cond on sampled tp)] | Loss 43.959003 | Likelihood -28.864365 | KL fp 4.7644 | FP STD 0.0097 | NFE 14.0000
KL coef: 0.0
Train loss (one batch): 40.49537658691406
Train CE loss (one batch): 0.13109439611434937
Classification AUC (TEST): 0.5893
Test MSE: 0.0063
Poisson likelihood: 0.0
CE loss: 0.13473735749721527
NFE: 14.0000
Experiment 86597
Epoch 0005 [Test seq (cond on sampled tp)] | Loss 41.527428 | Likelihood -27.041571 | KL fp 5.0095 | FP STD 0.0077 | NFE 14.0000
KL coef: 0.0
Train loss (one batch): 37.90272521972656
Train CE loss (one batch): 0.12650194764137268
Classification AUC (TEST): 0.6120
Test MSE: 0.0060
Poisson likelihood: 0.0
CE loss: 0.13320210576057434
NFE: 14.0000
Experiment 86597
Epoch 0006 [Test seq (cond on sampled tp)] | Loss 40.477932 | Likelihood -25.961658 | KL fp 4.9259 | FP STD 0.0086 | NFE 14.0000
KL coef: 0.0
Train loss (one batch): 36.02562713623047
Train CE loss (one batch): 0.1219765841960907
Classification AUC (TEST): 0.6068
Test MSE: 0.0057
Poisson likelihood: 0.0
CE loss: 0.133863627910614
NFE: 14.0000
Experiment 86597
Epoch 0007 [Test seq (cond on sampled tp)] | Loss 39.993919 | Likelihood -25.390274 | KL fp 5.0576 | FP STD 0.0076 | NFE 14.0000
KL coef: 0.0
Train loss (one batch): 35.464454650878906
Train CE loss (one batch): 0.12188281863927841
Classification AUC (TEST): 0.6053
Test MSE: 0.0056
Poisson likelihood: 0.0
CE loss: 0.1342630684375763
NFE: 14.0000
Experiment 86597
Epoch 0008 [Test seq (cond on sampled tp)] | Loss 39.554928 | Likelihood -25.100233 | KL fp 5.0153 | FP STD 0.0071 | NFE 14.0000
KL coef: 0.0
Train loss (one batch): 34.980010986328125
Train CE loss (one batch): 0.12205471843481064
Classification AUC (TEST): 0.6048
Test MSE: 0.0056
Poisson likelihood: 0.0
CE loss: 0.1345011591911316
NFE: 14.0000
Experiment 86597
Epoch 0009 [Test seq (cond on sampled tp)] | Loss 39.366692 | Likelihood -24.981155 | KL fp 4.9958 | FP STD 0.0075 | NFE 14.0000
KL coef: 0.0
Train loss (one batch): 34.47266387939453
Train CE loss (one batch): 0.12102043628692627
Classification AUC (TEST): 0.6057
Test MSE: 0.0056
Poisson likelihood: 0.0
CE loss: 0.13447992503643036
NFE: 14.0000
Experiment 86597
Epoch 0010 [Test seq (cond on sampled tp)] | Loss 39.271645 | Likelihood -24.875908 | KL fp 4.9700 | FP STD 0.0084 | NFE 14.0000
KL coef: 0.0
Train loss (one batch): 34.500606536865234
Train CE loss (one batch): 0.12099802494049072
Classification AUC (TEST): 0.6069
Test MSE: 0.0055
Poisson likelihood: 0.0
CE loss: 0.13436371088027954
NFE: 14.0000
Experiment 86597
Epoch 0011 [Test seq (cond on sampled tp)] | Loss 39.112556 | Likelihood -24.785818 | KL fp 5.1764 | FP STD 0.0063 | NFE 14.0000
KL coef: 0.010000000000000009
Train loss (one batch): 34.0406494140625
Train CE loss (one batch): 0.11972519010305405
Classification AUC (TEST): 0.6085
Test MSE: 0.0055
Poisson likelihood: 0.0
CE loss: 0.13408595323562622
NFE: 14.0000
Experiment 86597
Epoch 0012 [Test seq (cond on sampled tp)] | Loss 39.527237 | Likelihood -24.966993 | KL fp 4.5219 | FP STD 0.0120 | NFE 14.0000
KL coef: 0.01990000000000003
Train loss (one batch): 34.21995544433594
Train CE loss (one batch): 0.11938276886940002
Classification AUC (TEST): 0.6072
Test MSE: 0.0055
Poisson likelihood: 0.0
CE loss: 0.13402625918388367
NFE: 14.0000
Experiment 86597
Epoch 0013 [Test seq (cond on sampled tp)] | Loss 39.213028 | Likelihood -24.892746 | KL fp 4.4631 | FP STD 0.0129 | NFE 14.0000
KL coef: 0.029700999999999977
Train loss (one batch): 33.89862060546875
Train CE loss (one batch): 0.11874178051948547
Classification AUC (TEST): 0.6077
Test MSE: 0.0055
Poisson likelihood: 0.0
CE loss: 0.1338696926832199
NFE: 14.0000
Experiment 86597
Epoch 0014 [Test seq (cond on sampled tp)] | Loss 39.107506 | Likelihood -24.850861 | KL fp 4.5218 | FP STD 0.0127 | NFE 14.0000
KL coef: 0.039403990000000055
Train loss (one batch): 33.808616638183594
Train CE loss (one batch): 0.11668600142002106
Classification AUC (TEST): 0.6120
Test MSE: 0.0055
Poisson likelihood: 0.0
CE loss: 0.13370750844478607
NFE: 14.0000
Experiment 86597
Epoch 0015 [Test seq (cond on sampled tp)] | Loss 39.426071 | Likelihood -25.012655 | KL fp 4.4142 | FP STD 0.0149 | NFE 14.0000
KL coef: 0.04900995010000009
Train loss (one batch): 33.80943298339844
Train CE loss (one batch): 0.11499844491481781
Classification AUC (TEST): 0.6127
Test MSE: 0.0056
Poisson likelihood: 0.0
CE loss: 0.13364458084106445
NFE: 14.0000
Experiment 86597
Epoch 0016 [Test seq (cond on sampled tp)] | Loss 38.998932 | Likelihood -24.789059 | KL fp 4.5817 | FP STD 0.0125 | NFE 14.0000
KL coef: 0.058519850599
Train loss (one batch): 33.61219787597656
Train CE loss (one batch): 0.11542828381061554
Classification AUC (TEST): 0.6167
Test MSE: 0.0055
Poisson likelihood: 0.0
CE loss: 0.1332465410232544
NFE: 14.0000
Experiment 86597
Epoch 0017 [Test seq (cond on sampled tp)] | Loss 38.907501 | Likelihood -24.682495 | KL fp 4.6851 | FP STD 0.0104 | NFE 14.0000
KL coef: 0.06793465209301008
Train loss (one batch): 33.13172912597656
Train CE loss (one batch): 0.11382263898849487
Classification AUC (TEST): 0.6178
Test MSE: 0.0055
Poisson likelihood: 0.0
CE loss: 0.1331799328327179
NFE: 14.0000
Experiment 86597
Epoch 0018 [Test seq (cond on sampled tp)] | Loss 39.155369 | Likelihood -25.053600 | KL fp 4.2919 | FP STD 0.0161 | NFE 14.0000
KL coef: 0.07725530557207994
Train loss (one batch): 33.3213996887207
Train CE loss (one batch): 0.11345885694026947
Classification AUC (TEST): 0.6199
Test MSE: 0.0056
Poisson likelihood: 0.0
CE loss: 0.1331096589565277
NFE: 14.0000
Experiment 86597
Epoch 0019 [Test seq (cond on sampled tp)] | Loss 38.953449 | Likelihood -24.757961 | KL fp 4.2824 | FP STD 0.0154 | NFE 14.0000
KL coef: 0.08648275251635917
Train loss (one batch): 33.02334213256836
Train CE loss (one batch): 0.11257003247737885
Classification AUC (TEST): 0.6223
Test MSE: 0.0055
Poisson likelihood: 0.0
CE loss: 0.1330760419368744
NFE: 14.0000
Experiment 86597
Epoch 0020 [Test seq (cond on sampled tp)] | Loss 38.952587 | Likelihood -24.672377 | KL fp 4.5745 | FP STD 0.0115 | NFE 14.0000
KL coef: 0.09561792499119559
Train loss (one batch): 32.721439361572266
Train CE loss (one batch): 0.11129629611968994
Classification AUC (TEST): 0.6244
Test MSE: 0.0055
Poisson likelihood: 0.0
CE loss: 0.13287055492401123
NFE: 14.0000
Experiment 86597
Epoch 0021 [Test seq (cond on sampled tp)] | Loss 38.903172 | Likelihood -24.796524 | KL fp 4.1910 | FP STD 0.0156 | NFE 14.0000
KL coef: 0.10466174574128362
Train loss (one batch): 32.71945571899414
Train CE loss (one batch): 0.1095515787601471
Classification AUC (TEST): 0.6273
Test MSE: 0.0055
Poisson likelihood: 0.0
CE loss: 0.13272058963775635
NFE: 14.0000
Experiment 86597
Epoch 0022 [Test seq (cond on sampled tp)] | Loss 38.930531 | Likelihood -24.739071 | KL fp 4.2236 | FP STD 0.0158 | NFE 14.0000
KL coef: 0.11361512828387077
Train loss (one batch): 32.770606994628906
Train CE loss (one batch): 0.11073856800794601
Classification AUC (TEST): 0.6249
Test MSE: 0.0055
Poisson likelihood: 0.0
CE loss: 0.13302111625671387
NFE: 14.0000
Experiment 86597
Epoch 0023 [Test seq (cond on sampled tp)] | Loss 39.526520 | Likelihood -25.225994 | KL fp 4.0620 | FP STD 0.0209 | NFE 14.0000
KL coef: 0.12247897700103216
Train loss (one batch): 33.1007194519043
Train CE loss (one batch): 0.10840851068496704
Classification AUC (TEST): 0.6246
Test MSE: 0.0056
Poisson likelihood: 0.0
CE loss: 0.1331649124622345
NFE: 14.0000
Experiment 86597
Epoch 0024 [Test seq (cond on sampled tp)] | Loss 38.911621 | Likelihood -24.645977 | KL fp 4.1981 | FP STD 0.0151 | NFE 14.0000
KL coef: 0.13125418723102178
Train loss (one batch): 32.53337860107422
Train CE loss (one batch): 0.10937782377004623
Classification AUC (TEST): 0.6260
Test MSE: 0.0055
Poisson likelihood: 0.0
CE loss: 0.13320547342300415
NFE: 14.0000
Experiment 86597
Epoch 0025 [Test seq (cond on sampled tp)] | Loss 39.048515 | Likelihood -24.748722 | KL fp 4.3015 | FP STD 0.0163 | NFE 14.0000
KL coef: 0.13994164535871156
Train loss (one batch): 32.35905075073242
Train CE loss (one batch): 0.10893379151821136
Classification AUC (TEST): 0.6332
Test MSE: 0.0055
Poisson likelihood: 0.0
CE loss: 0.13313165307044983
NFE: 14.0000
Experiment 86597
Epoch 0026 [Test seq (cond on sampled tp)] | Loss 39.040279 | Likelihood -24.812101 | KL fp 4.1665 | FP STD 0.0175 | NFE 14.0000
KL coef: 0.14854222890512447
Train loss (one batch): 32.33472442626953
Train CE loss (one batch): 0.10783868283033371
Classification AUC (TEST): 0.6318
Test MSE: 0.0055
Poisson likelihood: 0.0
CE loss: 0.13278746604919434
NFE: 14.0000
Experiment 86597
Epoch 0027 [Test seq (cond on sampled tp)] | Loss 38.929394 | Likelihood -24.625837 | KL fp 4.3304 | FP STD 0.0151 | NFE 14.0000
KL coef: 0.15705680661607324
Train loss (one batch): 32.10227966308594
Train CE loss (one batch): 0.10723560303449631
Classification AUC (TEST): 0.6304
Test MSE: 0.0055
Poisson likelihood: 0.0
CE loss: 0.133036270737648
NFE: 14.0000
Experiment 86597
Epoch 0028 [Test seq (cond on sampled tp)] | Loss 38.822525 | Likelihood -24.619757 | KL fp 4.0831 | FP STD 0.0166 | NFE 14.0000
KL coef: 0.1654862385499125
Train loss (one batch): 31.961959838867188
Train CE loss (one batch): 0.10647397488355637
Classification AUC (TEST): 0.6311
Test MSE: 0.0055
Poisson likelihood: 0.0
CE loss: 0.13307341933250427
NFE: 14.0000
Experiment 86597
Epoch 0029 [Test seq (cond on sampled tp)] | Loss 38.699890 | Likelihood -24.517921 | KL fp 4.1646 | FP STD 0.0155 | NFE 14.0000
KL coef: 0.17383137616441335
Train loss (one batch): 31.985483169555664
Train CE loss (one batch): 0.10683342814445496
Classification AUC (TEST): 0.6343
Test MSE: 0.0055
Poisson likelihood: 0.0
CE loss: 0.13315019011497498
NFE: 14.0000
Experiment 86597
Epoch 0030 [Test seq (cond on sampled tp)] | Loss 38.901562 | Likelihood -24.490711 | KL fp 4.2003 | FP STD 0.0158 | NFE 14.0000
KL coef: 0.18209306240276923
Train loss (one batch): 32.028690338134766
Train CE loss (one batch): 0.1067717894911766
Classification AUC (TEST): 0.6343
Test MSE: 0.0055
Poisson likelihood: 0.0
CE loss: 0.13311515748500824
NFE: 14.0000
Experiment 86597
Epoch 0031 [Test seq (cond on sampled tp)] | Loss 38.739273 | Likelihood -24.433554 | KL fp 4.1041 | FP STD 0.0161 | NFE 14.0000
KL coef: 0.19027213177874158
Train loss (one batch): 31.87009048461914
Train CE loss (one batch): 0.10520064830780029
Classification AUC (TEST): 0.6350
Test MSE: 0.0054
Poisson likelihood: 0.0
CE loss: 0.13296818733215332
NFE: 14.0000
Experiment 86597
Epoch 0032 [Test seq (cond on sampled tp)] | Loss 38.594826 | Likelihood -24.328381 | KL fp 4.1956 | FP STD 0.0150 | NFE 14.0000
KL coef: 0.19836941046095413
Train loss (one batch): 31.587566375732422
Train CE loss (one batch): 0.1042964905500412
Classification AUC (TEST): 0.6368
Test MSE: 0.0054
Poisson likelihood: 0.0
CE loss: 0.1329931765794754
NFE: 14.0000
Experiment 86597
Epoch 0033 [Test seq (cond on sampled tp)] | Loss 38.737999 | Likelihood -24.404053 | KL fp 4.1079 | FP STD 0.0165 | NFE 14.0000
KL coef: 0.20638571635634462
Train loss (one batch): 31.446739196777344
Train CE loss (one batch): 0.10326914489269257
Classification AUC (TEST): 0.6360
Test MSE: 0.0054
Poisson likelihood: 0.0
CE loss: 0.1331636905670166
NFE: 14.0000
Experiment 86597
Epoch 0034 [Test seq (cond on sampled tp)] | Loss 38.876110 | Likelihood -24.340828 | KL fp 4.0787 | FP STD 0.0161 | NFE 14.0000
KL coef: 0.21432185919278124
Train loss (one batch): 31.55441665649414
Train CE loss (one batch): 0.1042974516749382
Classification AUC (TEST): 0.6358
Test MSE: 0.0054
Poisson likelihood: 0.0
CE loss: 0.1333617866039276
NFE: 14.0000
Experiment 86597
Epoch 0035 [Test seq (cond on sampled tp)] | Loss 38.657169 | Likelihood -24.293371 | KL fp 4.0006 | FP STD 0.0169 | NFE 14.0000
KL coef: 0.22217864060085335
Train loss (one batch): 31.219738006591797
Train CE loss (one batch): 0.10351133346557617
Classification AUC (TEST): 0.6370
Test MSE: 0.0054
Poisson likelihood: 0.0
CE loss: 0.13337692618370056
NFE: 14.0000
Experiment 86597
Epoch 0036 [Test seq (cond on sampled tp)] | Loss 38.749550 | Likelihood -24.298111 | KL fp 3.9730 | FP STD 0.0173 | NFE 14.0000
KL coef: 0.2299568541948449
Train loss (one batch): 31.304309844970703
Train CE loss (one batch): 0.10363051295280457
Classification AUC (TEST): 0.6346
Test MSE: 0.0054
Poisson likelihood: 0.0
CE loss: 0.1334698498249054
NFE: 14.0000
Experiment 86597
Epoch 0037 [Test seq (cond on sampled tp)] | Loss 38.764233 | Likelihood -24.252678 | KL fp 3.9920 | FP STD 0.0169 | NFE 14.0000
KL coef: 0.23765728565289646
Train loss (one batch): 31.293277740478516
Train CE loss (one batch): 0.10173924267292023
Classification AUC (TEST): 0.6351
Test MSE: 0.0054
Poisson likelihood: 0.0
CE loss: 0.13358888030052185
NFE: 14.0000
Experiment 86597
Epoch 0038 [Test seq (cond on sampled tp)] | Loss 38.598343 | Likelihood -24.211126 | KL fp 3.9977 | FP STD 0.0166 | NFE 14.0000
KL coef: 0.24528071279636743
Train loss (one batch): 31.11019515991211
Train CE loss (one batch): 0.10295608639717102
Classification AUC (TEST): 0.6382
Test MSE: 0.0054
Poisson likelihood: 0.0
CE loss: 0.13334061205387115
NFE: 14.0000
Experiment 86597
Epoch 0039 [Test seq (cond on sampled tp)] | Loss 38.751713 | Likelihood -24.176697 | KL fp 3.9940 | FP STD 0.0167 | NFE 14.0000
KL coef: 0.25282790566840385
Train loss (one batch): 30.817913055419922
Train CE loss (one batch): 0.10095574706792831
Classification AUC (TEST): 0.6352
Test MSE: 0.0054
Poisson likelihood: 0.0
CE loss: 0.13384154438972473
NFE: 14.0000
Experiment 86597
Epoch 0040 [Test seq (cond on sampled tp)] | Loss 38.681030 | Likelihood -24.131790 | KL fp 4.0292 | FP STD 0.0166 | NFE 14.0000
KL coef: 0.2602996266117198
Train loss (one batch): 30.958406448364258
Train CE loss (one batch): 0.09989845752716064
Classification AUC (TEST): 0.6389
Test MSE: 0.0054
Poisson likelihood: 0.0
CE loss: 0.13329331576824188
NFE: 14.0000
Experiment 86597
Epoch 0041 [Test seq (cond on sampled tp)] | Loss 38.660954 | Likelihood -24.076834 | KL fp 4.0257 | FP STD 0.0165 | NFE 14.0000
KL coef: 0.26769663034560254
Train loss (one batch): 30.734088897705078
Train CE loss (one batch): 0.09866207838058472
Classification AUC (TEST): 0.6381
Test MSE: 0.0054
Poisson likelihood: 0.0
CE loss: 0.13359001278877258
NFE: 14.0000
Experiment 86597
Epoch 0042 [Test seq (cond on sampled tp)] | Loss 38.636204 | Likelihood -24.034641 | KL fp 3.9279 | FP STD 0.0176 | NFE 14.0000
KL coef: 0.2750196640421466
Train loss (one batch): 30.652639389038086
Train CE loss (one batch): 0.09853123128414154
Classification AUC (TEST): 0.6374
Test MSE: 0.0054
Poisson likelihood: 0.0
CE loss: 0.13399365544319153
NFE: 14.0000
Experiment 86597
Epoch 0043 [Test seq (cond on sampled tp)] | Loss 38.479603 | Likelihood -23.890263 | KL fp 3.8829 | FP STD 0.0180 | NFE 14.0000
KL coef: 0.2822694674017251
Train loss (one batch): 30.400365829467773
Train CE loss (one batch): 0.0967298373579979
Classification AUC (TEST): 0.6431
Test MSE: 0.0053
Poisson likelihood: 0.0
CE loss: 0.1337813436985016
NFE: 14.0000
Experiment 86597
Epoch 0044 [Test seq (cond on sampled tp)] | Loss 38.316998 | Likelihood -23.728241 | KL fp 3.9464 | FP STD 0.0174 | NFE 14.0000
KL coef: 0.2894467727277079
Train loss (one batch): 30.08099937438965
Train CE loss (one batch): 0.0942058190703392
Classification AUC (TEST): 0.6487
Test MSE: 0.0053
Poisson likelihood: 0.0
CE loss: 0.13356077671051025
NFE: 14.0000
Experiment 86597
Epoch 0045 [Test seq (cond on sampled tp)] | Loss 38.391556 | Likelihood -23.694349 | KL fp 3.8702 | FP STD 0.0191 | NFE 14.0000
KL coef: 0.29655230500043084
Train loss (one batch): 30.04876708984375
Train CE loss (one batch): 0.09448002278804779
Classification AUC (TEST): 0.6521
Test MSE: 0.0053
Poisson likelihood: 0.0
CE loss: 0.1335708498954773
NFE: 14.0000
Experiment 86597
Epoch 0046 [Test seq (cond on sampled tp)] | Loss 38.333717 | Likelihood -23.802259 | KL fp 3.7676 | FP STD 0.0195 | NFE 14.0000
KL coef: 0.30358678195042654
Train loss (one batch): 30.631765365600586
Train CE loss (one batch): 0.09759607166051865
Classification AUC (TEST): 0.6495
Test MSE: 0.0053
Poisson likelihood: 0.0
CE loss: 0.13296914100646973
NFE: 14.0000
Experiment 86597
Epoch 0047 [Test seq (cond on sampled tp)] | Loss 38.158527 | Likelihood -23.614943 | KL fp 3.8558 | FP STD 0.0202 | NFE 14.0000
KL coef: 0.3105509141309223
Train loss (one batch): 30.41334342956543
Train CE loss (one batch): 0.09443693608045578
Classification AUC (TEST): 0.6609
Test MSE: 0.0053
Poisson likelihood: 0.0
CE loss: 0.1321331411600113
NFE: 14.0000
Experiment 86597
Epoch 0048 [Test seq (cond on sampled tp)] | Loss 37.919540 | Likelihood -23.445707 | KL fp 3.8300 | FP STD 0.0201 | NFE 14.0000
KL coef: 0.31744540498961304
Train loss (one batch): 30.423038482666016
Train CE loss (one batch): 0.09580512344837189
Classification AUC (TEST): 0.6641
Test MSE: 0.0052
Poisson likelihood: 0.0
CE loss: 0.13201963901519775
NFE: 14.0000
Experiment 86597
Epoch 0049 [Test seq (cond on sampled tp)] | Loss 37.975410 | Likelihood -23.428982 | KL fp 3.7545 | FP STD 0.0213 | NFE 14.0000
KL coef: 0.3242709509397169
Train loss (one batch): 30.249828338623047
Train CE loss (one batch): 0.09530387818813324
Classification AUC (TEST): 0.6664
Test MSE: 0.0052
Poisson likelihood: 0.0
CE loss: 0.1319596767425537
NFE: 14.0000
Experiment 86597
Epoch 0050 [Test seq (cond on sampled tp)] | Loss 37.846355 | Likelihood -23.320906 | KL fp 3.7530 | FP STD 0.0214 | NFE 14.0000
KL coef: 0.3310282414303197
Train loss (one batch): 30.348997116088867
Train CE loss (one batch): 0.09708188474178314
Classification AUC (TEST): 0.6667
Test MSE: 0.0052
Poisson likelihood: 0.0
CE loss: 0.1320076584815979
NFE: 14.0000
Experiment 86597
Epoch 0051 [Test seq (cond on sampled tp)] | Loss 37.863693 | Likelihood -23.312035 | KL fp 3.8062 | FP STD 0.0213 | NFE 14.0000
KL coef: 0.33771795901601653
Train loss (one batch): 30.654794692993164
Train CE loss (one batch): 0.09776466339826584
Classification AUC (TEST): 0.6674
Test MSE: 0.0052
Poisson likelihood: 0.0
CE loss: 0.1320101022720337
NFE: 14.0000
Experiment 86597
Epoch 0052 [Test seq (cond on sampled tp)] | Loss 37.803631 | Likelihood -23.231831 | KL fp 3.7895 | FP STD 0.0212 | NFE 14.0000
KL coef: 0.3443407794258564
Train loss (one batch): 30.581823348999023
Train CE loss (one batch): 0.09691523015499115
Classification AUC (TEST): 0.6687
Test MSE: 0.0052
Poisson likelihood: 0.0
CE loss: 0.13179826736450195
NFE: 14.0000
Experiment 86597
Epoch 0053 [Test seq (cond on sampled tp)] | Loss 38.328701 | Likelihood -23.643215 | KL fp 3.7388 | FP STD 0.0231 | NFE 14.0000
KL coef: 0.35089737163159784
Train loss (one batch): 31.174440383911133
Train CE loss (one batch): 0.09713774174451828
Classification AUC (TEST): 0.6627
Test MSE: 0.0053
Poisson likelihood: 0.0
CE loss: 0.13248808681964874
NFE: 14.0000
Experiment 86597
Epoch 0054 [Test seq (cond on sampled tp)] | Loss 37.838867 | Likelihood -23.155254 | KL fp 3.7950 | FP STD 0.0212 | NFE 14.0000
KL coef: 0.3573883979152819
Train loss (one batch): 30.74197006225586
Train CE loss (one batch): 0.0993252620100975
Classification AUC (TEST): 0.6664
Test MSE: 0.0052
Poisson likelihood: 0.0
CE loss: 0.13222350180149078
NFE: 14.0000
Experiment 86597
Epoch 0055 [Test seq (cond on sampled tp)] | Loss 37.818726 | Likelihood -23.111692 | KL fp 3.8253 | FP STD 0.0207 | NFE 14.0000
KL coef: 0.36381451393612907
Train loss (one batch): 30.53090476989746
Train CE loss (one batch): 0.09931676834821701
Classification AUC (TEST): 0.6684
Test MSE: 0.0052
Poisson likelihood: 0.0
CE loss: 0.1319510042667389
NFE: 14.0000
Experiment 86597
Epoch 0056 [Test seq (cond on sampled tp)] | Loss 37.801258 | Likelihood -23.080496 | KL fp 3.8396 | FP STD 0.0207 | NFE 14.0000
KL coef: 0.37017636879676774
Train loss (one batch): 30.83483123779297
Train CE loss (one batch): 0.10032689571380615
Classification AUC (TEST): 0.6676
Test MSE: 0.0052
Poisson likelihood: 0.0
CE loss: 0.13211432099342346
NFE: 14.0000
Experiment 86597
Epoch 0057 [Test seq (cond on sampled tp)] | Loss 37.805408 | Likelihood -23.035515 | KL fp 3.8178 | FP STD 0.0207 | NFE 14.0000
KL coef: 0.37647460510880004
Train loss (one batch): 30.762178421020508
Train CE loss (one batch): 0.10074325650930405
Classification AUC (TEST): 0.6687
Test MSE: 0.0052
Poisson likelihood: 0.0
CE loss: 0.1323157250881195
NFE: 14.0000
Experiment 86597
Epoch 0058 [Test seq (cond on sampled tp)] | Loss 37.802895 | Likelihood -23.056942 | KL fp 3.8282 | FP STD 0.0200 | NFE 14.0000
KL coef: 0.38270985905771204
Train loss (one batch): 30.910560607910156
Train CE loss (one batch): 0.10019806027412415
Classification AUC (TEST): 0.6722
Test MSE: 0.0052
Poisson likelihood: 0.0
CE loss: 0.13168327510356903
NFE: 14.0000
Experiment 86597
Epoch 0059 [Test seq (cond on sampled tp)] | Loss 37.677746 | Likelihood -22.998220 | KL fp 3.8157 | FP STD 0.0202 | NFE 14.0000
KL coef: 0.388882760467135
Train loss (one batch): 30.759716033935547
Train CE loss (one batch): 0.10003530234098434
Classification AUC (TEST): 0.6746
Test MSE: 0.0052
Poisson likelihood: 0.0
CE loss: 0.13099288940429688
NFE: 14.0000
Experiment 86597
Epoch 0060 [Test seq (cond on sampled tp)] | Loss 37.717541 | Likelihood -22.953588 | KL fp 3.8474 | FP STD 0.0200 | NFE 14.0000
KL coef: 0.39499393286246365
Train loss (one batch): 31.017478942871094
Train CE loss (one batch): 0.10042955726385117
Classification AUC (TEST): 0.6756
Test MSE: 0.0051
Poisson likelihood: 0.0
CE loss: 0.13138292729854584
NFE: 14.0000
Experiment 86597
Epoch 0061 [Test seq (cond on sampled tp)] | Loss 37.813908 | Likelihood -22.972052 | KL fp 3.7824 | FP STD 0.0207 | NFE 14.0000
KL coef: 0.401043993533839
Train loss (one batch): 31.269542694091797
Train CE loss (one batch): 0.10121389478445053
Classification AUC (TEST): 0.6722
Test MSE: 0.0051
Poisson likelihood: 0.0
CE loss: 0.1313958317041397
NFE: 14.0000
Experiment 86597
Epoch 0062 [Test seq (cond on sampled tp)] | Loss 37.721745 | Likelihood -22.991302 | KL fp 3.8144 | FP STD 0.0199 | NFE 14.0000
KL coef: 0.4070335535985006
Train loss (one batch): 31.037128448486328
Train CE loss (one batch): 0.1000577062368393
Classification AUC (TEST): 0.6754
Test MSE: 0.0052
Poisson likelihood: 0.0
CE loss: 0.1309920698404312
NFE: 14.0000
Experiment 86597
Epoch 0063 [Test seq (cond on sampled tp)] | Loss 37.703190 | Likelihood -22.951826 | KL fp 3.8016 | FP STD 0.0200 | NFE 14.0000
KL coef: 0.41296321806251557
Train loss (one batch): 31.19388198852539
Train CE loss (one batch): 0.1007678434252739
Classification AUC (TEST): 0.6762
Test MSE: 0.0051
Poisson likelihood: 0.0
CE loss: 0.13099788129329681
NFE: 14.0000
Experiment 86597
Epoch 0064 [Test seq (cond on sampled tp)] | Loss 37.804432 | Likelihood -23.011158 | KL fp 3.7800 | FP STD 0.0202 | NFE 14.0000
KL coef: 0.41883358588189046
Train loss (one batch): 31.222888946533203
Train CE loss (one batch): 0.10194209218025208
Classification AUC (TEST): 0.6736
Test MSE: 0.0052
Poisson likelihood: 0.0
CE loss: 0.13118110597133636
NFE: 14.0000
Experiment 86597
Epoch 0065 [Test seq (cond on sampled tp)] | Loss 37.724514 | Likelihood -22.952366 | KL fp 3.7494 | FP STD 0.0206 | NFE 14.0000
KL coef: 0.4246452500230715
Train loss (one batch): 31.040115356445312
Train CE loss (one batch): 0.1017259955406189
Classification AUC (TEST): 0.6748
Test MSE: 0.0051
Poisson likelihood: 0.0
CE loss: 0.13117249310016632
NFE: 14.0000
Experiment 86597
Epoch 0066 [Test seq (cond on sampled tp)] | Loss 37.801765 | Likelihood -22.949873 | KL fp 3.7593 | FP STD 0.0205 | NFE 14.0000
KL coef: 0.4303987975228408
Train loss (one batch): 31.16130256652832
Train CE loss (one batch): 0.10138782113790512
Classification AUC (TEST): 0.6739
Test MSE: 0.0051
Poisson likelihood: 0.0
CE loss: 0.13128171861171722
NFE: 14.0000
Experiment 86597
Epoch 0067 [Test seq (cond on sampled tp)] | Loss 37.781425 | Likelihood -22.928650 | KL fp 3.7650 | FP STD 0.0205 | NFE 14.0000
KL coef: 0.4360948095476125
Train loss (one batch): 30.9732666015625
Train CE loss (one batch): 0.09995199739933014
Classification AUC (TEST): 0.6740
Test MSE: 0.0051
Poisson likelihood: 0.0
CE loss: 0.13121619820594788
NFE: 14.0000
Experiment 86597
Epoch 0068 [Test seq (cond on sampled tp)] | Loss 37.721897 | Likelihood -22.905277 | KL fp 3.8095 | FP STD 0.0197 | NFE 14.0000
KL coef: 0.44173386145213633
Train loss (one batch): 31.001850128173828
Train CE loss (one batch): 0.10004730522632599
Classification AUC (TEST): 0.6753
Test MSE: 0.0051
Poisson likelihood: 0.0
CE loss: 0.1309220790863037
NFE: 14.0000
Experiment 86597
Epoch 0069 [Test seq (cond on sampled tp)] | Loss 37.843567 | Likelihood -22.959351 | KL fp 3.7523 | FP STD 0.0205 | NFE 14.0000
KL coef: 0.4473165228376149
Train loss (one batch): 31.248048782348633
Train CE loss (one batch): 0.10096334666013718
Classification AUC (TEST): 0.6752
Test MSE: 0.0051
Poisson likelihood: 0.0
CE loss: 0.13089674711227417
NFE: 14.0000
Experiment 86597
Epoch 0070 [Test seq (cond on sampled tp)] | Loss 37.805946 | Likelihood -22.921112 | KL fp 3.7462 | FP STD 0.0205 | NFE 14.0000
KL coef: 0.4528433576092388
Train loss (one batch): 31.262588500976562
Train CE loss (one batch): 0.10065337270498276
Classification AUC (TEST): 0.6771
Test MSE: 0.0051
Poisson likelihood: 0.0
CE loss: 0.13048310577869415
NFE: 14.0000
Experiment 86597
Epoch 0071 [Test seq (cond on sampled tp)] | Loss 37.828789 | Likelihood -22.844967 | KL fp 3.7579 | FP STD 0.0202 | NFE 14.0000
KL coef: 0.45831492403314644
Train loss (one batch): 31.353954315185547
Train CE loss (one batch): 0.10222512483596802
Classification AUC (TEST): 0.6742
Test MSE: 0.0051
Poisson likelihood: 0.0
CE loss: 0.13112378120422363
NFE: 14.0000
Experiment 86597
Epoch 0072 [Test seq (cond on sampled tp)] | Loss 37.674156 | Likelihood -22.781738 | KL fp 3.7924 | FP STD 0.0195 | NFE 14.0000
KL coef: 0.463731774792815
Train loss (one batch): 31.11742401123047
Train CE loss (one batch): 0.10176297277212143
Classification AUC (TEST): 0.6750
Test MSE: 0.0051
Poisson likelihood: 0.0
CE loss: 0.131159245967865
NFE: 14.0000
Experiment 86597
Epoch 0073 [Test seq (cond on sampled tp)] | Loss 37.785007 | Likelihood -22.734653 | KL fp 3.8001 | FP STD 0.0198 | NFE 14.0000
KL coef: 0.46909445704488684
Train loss (one batch): 31.038333892822266
Train CE loss (one batch): 0.10125492513179779
Classification AUC (TEST): 0.6742
Test MSE: 0.0051
Poisson likelihood: 0.0
CE loss: 0.13153985142707825
NFE: 14.0000
Experiment 86597
Epoch 0074 [Test seq (cond on sampled tp)] | Loss 37.696289 | Likelihood -22.666470 | KL fp 3.7871 | FP STD 0.0199 | NFE 14.0000
KL coef: 0.474403512474438
Train loss (one batch): 31.220298767089844
Train CE loss (one batch): 0.10252611339092255
Classification AUC (TEST): 0.6763
Test MSE: 0.0051
Poisson likelihood: 0.0
CE loss: 0.1316814422607422
NFE: 14.0000
Experiment 86597
Epoch 0075 [Test seq (cond on sampled tp)] | Loss 37.854252 | Likelihood -22.829357 | KL fp 3.7825 | FP STD 0.0198 | NFE 14.0000
KL coef: 0.4796594773496936
Train loss (one batch): 30.84433364868164
Train CE loss (one batch): 0.099087193608284
Classification AUC (TEST): 0.6771
Test MSE: 0.0051
Poisson likelihood: 0.0
CE loss: 0.13104401528835297
NFE: 14.0000
Experiment 86597
Epoch 0076 [Test seq (cond on sampled tp)] | Loss 37.759716 | Likelihood -22.692272 | KL fp 3.7257 | FP STD 0.0206 | NFE 14.0000
KL coef: 0.4848628825761967
Train loss (one batch): 31.344881057739258
Train CE loss (one batch): 0.10247528553009033
Classification AUC (TEST): 0.6762
Test MSE: 0.0051
Poisson likelihood: 0.0
CE loss: 0.13180096447467804
NFE: 14.0000
Experiment 86597
Epoch 0077 [Test seq (cond on sampled tp)] | Loss 37.906223 | Likelihood -22.643841 | KL fp 3.7607 | FP STD 0.0201 | NFE 14.0000
KL coef: 0.4900142537504347
Train loss (one batch): 31.408021926879883
Train CE loss (one batch): 0.10272546857595444
Classification AUC (TEST): 0.6732
Test MSE: 0.0051
Poisson likelihood: 0.0
CE loss: 0.13240189850330353
NFE: 14.0000
Experiment 86597
Epoch 0078 [Test seq (cond on sampled tp)] | Loss 38.670620 | Likelihood -23.500717 | KL fp 3.7439 | FP STD 0.0200 | NFE 14.0000
KL coef: 0.49511411121293036
Train loss (one batch): 31.744592666625977
Train CE loss (one batch): 0.10153064131736755
Classification AUC (TEST): 0.6659
Test MSE: 0.0053
Poisson likelihood: 0.0
CE loss: 0.1320827603340149
NFE: 14.0000
Experiment 86597
Epoch 0079 [Test seq (cond on sampled tp)] | Loss 37.999165 | Likelihood -22.986654 | KL fp 3.7375 | FP STD 0.0200 | NFE 14.0000
KL coef: 0.500162970100801
Train loss (one batch): 31.04959487915039
Train CE loss (one batch): 0.10075721144676208
Classification AUC (TEST): 0.6789
Test MSE: 0.0052
Poisson likelihood: 0.0
CE loss: 0.13102753460407257
NFE: 14.0000
Experiment 86597
Epoch 0080 [Test seq (cond on sampled tp)] | Loss 37.937279 | Likelihood -22.761473 | KL fp 3.6936 | FP STD 0.0206 | NFE 14.0000
KL coef: 0.505161340399793
Train loss (one batch): 31.183744430541992
Train CE loss (one batch): 0.10042829811573029
Classification AUC (TEST): 0.6770
Test MSE: 0.0051
Poisson likelihood: 0.0
CE loss: 0.13141602277755737
NFE: 14.0000
Experiment 86597
Epoch 0081 [Test seq (cond on sampled tp)] | Loss 37.810921 | Likelihood -22.815182 | KL fp 3.6668 | FP STD 0.0210 | NFE 14.0000
KL coef: 0.510109726995795
Train loss (one batch): 31.074501037597656
Train CE loss (one batch): 0.1008407399058342
Classification AUC (TEST): 0.6773
Test MSE: 0.0051
Poisson likelihood: 0.0
CE loss: 0.13122345507144928
NFE: 14.0000
Experiment 86597
Epoch 0082 [Test seq (cond on sampled tp)] | Loss 38.047939 | Likelihood -22.845848 | KL fp 3.6906 | FP STD 0.0208 | NFE 14.0000
KL coef: 0.5150086297258372
Train loss (one batch): 31.2025203704834
Train CE loss (one batch): 0.10244132578372955
Classification AUC (TEST): 0.6735
Test MSE: 0.0051
Poisson likelihood: 0.0
CE loss: 0.1317233443260193
NFE: 14.0000
Experiment 86597
Epoch 0083 [Test seq (cond on sampled tp)] | Loss 38.299702 | Likelihood -23.037603 | KL fp 3.6554 | FP STD 0.0220 | NFE 14.0000
KL coef: 0.5198585434285787
Train loss (one batch): 31.231916427612305
Train CE loss (one batch): 0.09979604929685593
Classification AUC (TEST): 0.6715
Test MSE: 0.0052
Poisson likelihood: 0.0
CE loss: 0.13176047801971436
NFE: 14.0000
Experiment 86597
Epoch 0084 [Test seq (cond on sampled tp)] | Loss 38.026249 | Likelihood -22.736311 | KL fp 3.5872 | FP STD 0.0233 | NFE 14.0000
KL coef: 0.524659957994293
Train loss (one batch): 31.26930809020996
Train CE loss (one batch): 0.1017599031329155
Classification AUC (TEST): 0.6704
Test MSE: 0.0051
Poisson likelihood: 0.0
CE loss: 0.1332380473613739
NFE: 14.0000
Experiment 86597
Epoch 0085 [Test seq (cond on sampled tp)] | Loss 38.214241 | Likelihood -22.944128 | KL fp 3.6019 | FP STD 0.0233 | NFE 14.0000
KL coef: 0.5294133584143501
Train loss (one batch): 32.32369613647461
Train CE loss (one batch): 0.103024922311306
Classification AUC (TEST): 0.6592
Test MSE: 0.0051
Poisson likelihood: 0.0
CE loss: 0.13310912251472473
NFE: 14.0000
Experiment 86597
Epoch 0086 [Test seq (cond on sampled tp)] | Loss 37.936115 | Likelihood -22.669785 | KL fp 3.6923 | FP STD 0.0219 | NFE 14.0000
KL coef: 0.5341192248302067
Train loss (one batch): 31.502416610717773
Train CE loss (one batch): 0.10340782254934311
Classification AUC (TEST): 0.6708
Test MSE: 0.0051
Poisson likelihood: 0.0
CE loss: 0.1318783462047577
NFE: 14.0000
Experiment 86597
Epoch 0087 [Test seq (cond on sampled tp)] | Loss 38.270035 | Likelihood -23.088949 | KL fp 3.6858 | FP STD 0.0206 | NFE 14.0000
KL coef: 0.5387780325819045
Train loss (one batch): 31.026763916015625
Train CE loss (one batch): 0.10182315111160278
Classification AUC (TEST): 0.6778
Test MSE: 0.0052
Poisson likelihood: 0.0
CE loss: 0.13113933801651
NFE: 14.0000
Experiment 86597
Epoch 0088 [Test seq (cond on sampled tp)] | Loss 37.866222 | Likelihood -22.659979 | KL fp 3.6288 | FP STD 0.0221 | NFE 14.0000
KL coef: 0.5433902522560855
Train loss (one batch): 31.22470474243164
Train CE loss (one batch): 0.09975247830152512
Classification AUC (TEST): 0.6741
Test MSE: 0.0051
Poisson likelihood: 0.0
CE loss: 0.13169622421264648
NFE: 14.0000
Experiment 86597
Epoch 0089 [Test seq (cond on sampled tp)] | Loss 37.882591 | Likelihood -22.618910 | KL fp 3.6016 | FP STD 0.0223 | NFE 14.0000
KL coef: 0.5479563497335247
Train loss (one batch): 31.33416748046875
Train CE loss (one batch): 0.10194158554077148
Classification AUC (TEST): 0.6741
Test MSE: 0.0051
Poisson likelihood: 0.0
CE loss: 0.13219667971134186
NFE: 14.0000
Experiment 86597
Epoch 0090 [Test seq (cond on sampled tp)] | Loss 37.951283 | Likelihood -22.711048 | KL fp 3.6262 | FP STD 0.0217 | NFE 14.0000
KL coef: 0.5524767862361895
Train loss (one batch): 31.238361358642578
Train CE loss (one batch): 0.10210077464580536
Classification AUC (TEST): 0.6696
Test MSE: 0.0051
Poisson likelihood: 0.0
CE loss: 0.132239431142807
NFE: 14.0000
Experiment 86597
Epoch 0091 [Test seq (cond on sampled tp)] | Loss 38.055302 | Likelihood -22.652992 | KL fp 3.6072 | FP STD 0.0224 | NFE 14.0000
KL coef: 0.5569520183738275
Train loss (one batch): 31.21432113647461
Train CE loss (one batch): 0.09981650114059448
Classification AUC (TEST): 0.6650
Test MSE: 0.0051
Poisson likelihood: 0.0
CE loss: 0.13341622054576874
NFE: 14.0000
Experiment 86597
Epoch 0092 [Test seq (cond on sampled tp)] | Loss 38.213772 | Likelihood -22.708158 | KL fp 3.6260 | FP STD 0.0219 | NFE 14.0000
KL coef: 0.5613824981900892
Train loss (one batch): 31.21945571899414
Train CE loss (one batch): 0.10043623298406601
Classification AUC (TEST): 0.6691
Test MSE: 0.0051
Poisson likelihood: 0.0
CE loss: 0.13279405236244202
NFE: 14.0000
Experiment 86597
Epoch 0093 [Test seq (cond on sampled tp)] | Loss 37.826138 | Likelihood -22.521811 | KL fp 3.5844 | FP STD 0.0225 | NFE 14.0000
KL coef: 0.5657686732081884
Train loss (one batch): 31.060054779052734
Train CE loss (one batch): 0.10056887567043304
Classification AUC (TEST): 0.6708
Test MSE: 0.0051
Poisson likelihood: 0.0
CE loss: 0.13283322751522064
NFE: 14.0000
Experiment 86597
Epoch 0094 [Test seq (cond on sampled tp)] | Loss 38.252312 | Likelihood -22.828976 | KL fp 3.5920 | FP STD 0.0223 | NFE 14.0000
KL coef: 0.5701109864761065
Train loss (one batch): 31.54472541809082
Train CE loss (one batch): 0.10175266116857529
Classification AUC (TEST): 0.6653
Test MSE: 0.0051
Poisson likelihood: 0.0
CE loss: 0.13285677134990692
NFE: 14.0000
Experiment 86597
Epoch 0095 [Test seq (cond on sampled tp)] | Loss 37.900558 | Likelihood -22.487629 | KL fp 3.5931 | FP STD 0.0226 | NFE 14.0000
KL coef: 0.5744098766113455
Train loss (one batch): 31.214649200439453
Train CE loss (one batch): 0.10093954205513
Classification AUC (TEST): 0.6770
Test MSE: 0.0051
Poisson likelihood: 0.0
CE loss: 0.13291028141975403
NFE: 14.0000
Experiment 86597
Epoch 0096 [Test seq (cond on sampled tp)] | Loss 38.213264 | Likelihood -22.841183 | KL fp 3.5817 | FP STD 0.0222 | NFE 14.0000
KL coef: 0.578665777845232
Train loss (one batch): 31.26468849182129
Train CE loss (one batch): 0.10011421889066696
Classification AUC (TEST): 0.6686
Test MSE: 0.0051
Poisson likelihood: 0.0
CE loss: 0.1327822506427765
NFE: 14.0000
Experiment 86597
Epoch 0097 [Test seq (cond on sampled tp)] | Loss 37.844795 | Likelihood -22.409401 | KL fp 3.5903 | FP STD 0.0222 | NFE 14.0000
KL coef: 0.5828791200667797
Train loss (one batch): 31.035457611083984
Train CE loss (one batch): 0.09982709586620331
Classification AUC (TEST): 0.6718
Test MSE: 0.0050
Poisson likelihood: 0.0
CE loss: 0.1333165168762207
NFE: 14.0000
Experiment 86597
Epoch 0098 [Test seq (cond on sampled tp)] | Loss 38.644135 | Likelihood -23.305967 | KL fp 3.6100 | FP STD 0.0216 | NFE 14.0000
KL coef: 0.5870503288661119
Train loss (one batch): 31.401695251464844
Train CE loss (one batch): 0.09927135705947876
Classification AUC (TEST): 0.6698
Test MSE: 0.0052
Poisson likelihood: 0.0
CE loss: 0.13170941174030304
NFE: 14.0000
Experiment 86597
Epoch 0099 [Test seq (cond on sampled tp)] | Loss 38.012123 | Likelihood -22.567989 | KL fp 3.5845 | FP STD 0.0222 | NFE 14.0000
KL coef: 0.5911798255774507
Train loss (one batch): 31.153291702270508
Train CE loss (one batch): 0.09929847717285156
Classification AUC (TEST): 0.6684
Test MSE: 0.0051
Poisson likelihood: 0.0
CE loss: 0.1330692172050476
NFE: 14.0000
Experiment 86597
Epoch 0100 [Test seq (cond on sampled tp)] | Loss 38.073338 | Likelihood -22.657166 | KL fp 3.6184 | FP STD 0.0215 | NFE 14.0000
KL coef: 0.5952680273216762
Train loss (one batch): 31.07420539855957
Train CE loss (one batch): 0.10018424689769745
Classification AUC (TEST): 0.6767
Test MSE: 0.0051
Poisson likelihood: 0.0
CE loss: 0.1322064846754074
NFE: 14.0000
