/home/bigdyl/soyoung/gpu1/latent_ode/run_models.py
run_models.py --niters 100 -n 8000 -l 20 --latent-ode --z0-encoder rnn --dataset physionet --rec-dims 40 --rec-layers 3 --gen-layers 3 --units 50 --gru-units 50 --quantization 0.016 --classif --reg_dopri 10 --reg_kinetic 0 --gpu 1
Experiment 56668
Epoch 0001 [Test seq (cond on sampled tp)] | Loss 104.716568 | Likelihood -52.065975 | KL fp 4.3706 | FP STD 0.0135 | NFE 14.0000
KL coef: 0.0
Train loss (one batch): 102.177001953125
Train CE loss (one batch): 0.1348559856414795
Classification AUC (TEST): 0.5410
Test MSE: 0.0110
Poisson likelihood: 0.0
CE loss: 0.13604693114757538
NFE: 14.0000
Experiment 56668
Epoch 0002 [Test seq (cond on sampled tp)] | Loss 82.712646 | Likelihood -36.526619 | KL fp 4.8579 | FP STD 0.0090 | NFE 14.0000
KL coef: 0.0
Train loss (one batch): 78.5013427734375
Train CE loss (one batch): 0.13290035724639893
Classification AUC (TEST): 0.5360
Test MSE: 0.0079
Poisson likelihood: 0.0
CE loss: 0.13582859933376312
NFE: 14.0000
Experiment 56668
Epoch 0003 [Test seq (cond on sampled tp)] | Loss 78.360558 | Likelihood -33.130924 | KL fp 4.8817 | FP STD 0.0089 | NFE 14.0000
KL coef: 0.0
Train loss (one batch): 72.07400512695312
Train CE loss (one batch): 0.13236522674560547
Classification AUC (TEST): 0.5427
Test MSE: 0.0072
Poisson likelihood: 0.0
CE loss: 0.13556520640850067
NFE: 14.0000
Experiment 56668
Epoch 0004 [Test seq (cond on sampled tp)] | Loss 73.871078 | Likelihood -31.343992 | KL fp 4.8271 | FP STD 0.0096 | NFE 14.0000
KL coef: 0.0
Train loss (one batch): 71.15485382080078
Train CE loss (one batch): 0.13195213675498962
Classification AUC (TEST): 0.5446
Test MSE: 0.0068
Poisson likelihood: 0.0
CE loss: 0.1354464590549469
NFE: 14.0000
Experiment 56668
Epoch 0005 [Test seq (cond on sampled tp)] | Loss 67.923676 | Likelihood -29.288391 | KL fp 5.1798 | FP STD 0.0079 | NFE 14.0000
KL coef: 0.0
Train loss (one batch): 65.21957397460938
Train CE loss (one batch): 0.13249164819717407
Classification AUC (TEST): 0.5547
Test MSE: 0.0064
Poisson likelihood: 0.0
CE loss: 0.1355232447385788
NFE: 14.0000
Experiment 56668
Epoch 0006 [Test seq (cond on sampled tp)] | Loss 67.729141 | Likelihood -27.889578 | KL fp 4.9161 | FP STD 0.0101 | NFE 14.0000
KL coef: 0.0
Train loss (one batch): 63.69999313354492
Train CE loss (one batch): 0.13186036050319672
Classification AUC (TEST): 0.5740
Test MSE: 0.0061
Poisson likelihood: 0.0
CE loss: 0.1348172128200531
NFE: 14.0000
Experiment 56668
Epoch 0007 [Test seq (cond on sampled tp)] | Loss 65.305008 | Likelihood -26.954443 | KL fp 5.1143 | FP STD 0.0092 | NFE 14.0000
KL coef: 0.0
Train loss (one batch): 60.88634490966797
Train CE loss (one batch): 0.12960422039031982
Classification AUC (TEST): 0.5893
Test MSE: 0.0059
Poisson likelihood: 0.0
CE loss: 0.1345537304878235
NFE: 14.0000
Experiment 56668
Epoch 0008 [Test seq (cond on sampled tp)] | Loss 65.067703 | Likelihood -26.137266 | KL fp 5.4018 | FP STD 0.0072 | NFE 14.0000
KL coef: 0.0
Train loss (one batch): 58.032554626464844
Train CE loss (one batch): 0.1262269914150238
Classification AUC (TEST): 0.5960
Test MSE: 0.0058
Poisson likelihood: 0.0
CE loss: 0.13401925563812256
NFE: 14.0000
Experiment 56668
Epoch 0009 [Test seq (cond on sampled tp)] | Loss 60.256588 | Likelihood -25.780411 | KL fp 5.1971 | FP STD 0.0100 | NFE 14.0000
KL coef: 0.0
Train loss (one batch): 55.867401123046875
Train CE loss (one batch): 0.12475095689296722
Classification AUC (TEST): 0.6017
Test MSE: 0.0057
Poisson likelihood: 0.0
CE loss: 0.13378292322158813
NFE: 14.0000
Experiment 56668
Epoch 0010 [Test seq (cond on sampled tp)] | Loss 60.590523 | Likelihood -25.855085 | KL fp 5.3643 | FP STD 0.0087 | NFE 14.0000
KL coef: 0.0
Train loss (one batch): 57.274269104003906
Train CE loss (one batch): 0.12413276731967926
Classification AUC (TEST): 0.6014
Test MSE: 0.0057
Poisson likelihood: 0.0
CE loss: 0.13371798396110535
NFE: 14.0000
Experiment 56668
Epoch 0011 [Test seq (cond on sampled tp)] | Loss 61.105831 | Likelihood -25.770611 | KL fp 5.7171 | FP STD 0.0072 | NFE 14.0000
KL coef: 0.010000000000000009
Train loss (one batch): 55.35887145996094
Train CE loss (one batch): 0.12349650263786316
Classification AUC (TEST): 0.6010
Test MSE: 0.0057
Poisson likelihood: 0.0
CE loss: 0.13369309902191162
NFE: 14.0000
Experiment 56668
Epoch 0012 [Test seq (cond on sampled tp)] | Loss 59.841736 | Likelihood -25.612938 | KL fp 5.4722 | FP STD 0.0102 | NFE 14.0000
KL coef: 0.01990000000000003
Train loss (one batch): 53.258544921875
Train CE loss (one batch): 0.12378735840320587
Classification AUC (TEST): 0.6014
Test MSE: 0.0057
Poisson likelihood: 0.0
CE loss: 0.13364055752754211
NFE: 14.0000
Experiment 56668
Epoch 0013 [Test seq (cond on sampled tp)] | Loss 60.221733 | Likelihood -26.768469 | KL fp 5.1497 | FP STD 0.0202 | NFE 14.0000
KL coef: 0.029700999999999977
Train loss (one batch): 55.44805908203125
Train CE loss (one batch): 0.12449180334806442
Classification AUC (TEST): 0.5995
Test MSE: 0.0059
Poisson likelihood: 0.0
CE loss: 0.13394099473953247
NFE: 14.0000
Experiment 56668
Epoch 0014 [Test seq (cond on sampled tp)] | Loss 57.687233 | Likelihood -25.428364 | KL fp 5.5496 | FP STD 0.0111 | NFE 14.0000
KL coef: 0.039403990000000055
Train loss (one batch): 53.4529914855957
Train CE loss (one batch): 0.12248921394348145
Classification AUC (TEST): 0.6016
Test MSE: 0.0056
Poisson likelihood: 0.0
CE loss: 0.1336241364479065
NFE: 14.0000
Experiment 56668
Epoch 0015 [Test seq (cond on sampled tp)] | Loss 58.143986 | Likelihood -25.932280 | KL fp 5.6037 | FP STD 0.0172 | NFE 14.0000
KL coef: 0.04900995010000009
Train loss (one batch): 52.60414123535156
Train CE loss (one batch): 0.12312465906143188
Classification AUC (TEST): 0.5996
Test MSE: 0.0057
Poisson likelihood: 0.0
CE loss: 0.13361868262290955
NFE: 14.0000
Experiment 56668
Epoch 0016 [Test seq (cond on sampled tp)] | Loss 57.919239 | Likelihood -25.475180 | KL fp 5.3539 | FP STD 0.0166 | NFE 14.0000
KL coef: 0.058519850599
Train loss (one batch): 53.1026611328125
Train CE loss (one batch): 0.12190471589565277
Classification AUC (TEST): 0.6050
Test MSE: 0.0056
Poisson likelihood: 0.0
CE loss: 0.1334022730588913
NFE: 14.0000
Experiment 56668
Epoch 0017 [Test seq (cond on sampled tp)] | Loss 55.710285 | Likelihood -25.472471 | KL fp 5.4319 | FP STD 0.0162 | NFE 14.0000
KL coef: 0.06793465209301008
Train loss (one batch): 52.63426208496094
Train CE loss (one batch): 0.12245672196149826
Classification AUC (TEST): 0.6020
Test MSE: 0.0056
Poisson likelihood: 0.0
CE loss: 0.13350600004196167
NFE: 14.0000
Experiment 56668
Epoch 0018 [Test seq (cond on sampled tp)] | Loss 59.049911 | Likelihood -25.823246 | KL fp 5.5189 | FP STD 0.0192 | NFE 14.0000
KL coef: 0.07725530557207994
Train loss (one batch): 53.39519500732422
Train CE loss (one batch): 0.1233040913939476
Classification AUC (TEST): 0.5999
Test MSE: 0.0057
Poisson likelihood: 0.0
CE loss: 0.13377773761749268
NFE: 14.0000
Experiment 56668
Epoch 0019 [Test seq (cond on sampled tp)] | Loss 56.913738 | Likelihood -25.293705 | KL fp 5.5041 | FP STD 0.0165 | NFE 14.0000
KL coef: 0.08648275251635917
Train loss (one batch): 50.841064453125
Train CE loss (one batch): 0.12413950264453888
Classification AUC (TEST): 0.6040
Test MSE: 0.0056
Poisson likelihood: 0.0
CE loss: 0.13370582461357117
NFE: 14.0000
Experiment 56668
Epoch 0020 [Test seq (cond on sampled tp)] | Loss 60.033752 | Likelihood -25.345016 | KL fp 5.6473 | FP STD 0.0167 | NFE 14.0000
KL coef: 0.09561792499119559
Train loss (one batch): 53.33755111694336
Train CE loss (one batch): 0.1236906349658966
Classification AUC (TEST): 0.6066
Test MSE: 0.0056
Poisson likelihood: 0.0
CE loss: 0.1337134838104248
NFE: 14.0000
Experiment 56668
Epoch 0021 [Test seq (cond on sampled tp)] | Loss 56.464821 | Likelihood -25.376892 | KL fp 5.5447 | FP STD 0.0189 | NFE 14.0000
KL coef: 0.10466174574128362
Train loss (one batch): 51.34258270263672
Train CE loss (one batch): 0.12446090579032898
Classification AUC (TEST): 0.6007
Test MSE: 0.0056
Poisson likelihood: 0.0
CE loss: 0.13422080874443054
NFE: 14.0000
Experiment 56668
Epoch 0022 [Test seq (cond on sampled tp)] | Loss 54.044563 | Likelihood -25.345806 | KL fp 5.7527 | FP STD 0.0169 | NFE 14.0000
KL coef: 0.11361512828387077
Train loss (one batch): 50.15142059326172
Train CE loss (one batch): 0.12380340695381165
Classification AUC (TEST): 0.6048
Test MSE: 0.0056
Poisson likelihood: 0.0
CE loss: 0.1340618133544922
NFE: 14.0000
Experiment 56668
Epoch 0023 [Test seq (cond on sampled tp)] | Loss 55.436249 | Likelihood -25.146931 | KL fp 5.9398 | FP STD 0.0139 | NFE 14.0000
KL coef: 0.12247897700103216
Train loss (one batch): 50.4444465637207
Train CE loss (one batch): 0.12415629625320435
Classification AUC (TEST): 0.6015
Test MSE: 0.0056
Poisson likelihood: 0.0
CE loss: 0.13383281230926514
NFE: 14.0000
Experiment 56668
Epoch 0024 [Test seq (cond on sampled tp)] | Loss 53.630344 | Likelihood -25.069427 | KL fp 5.9851 | FP STD 0.0128 | NFE 14.0000
KL coef: 0.13125418723102178
Train loss (one batch): 49.28230285644531
Train CE loss (one batch): 0.12391991913318634
Classification AUC (TEST): 0.6008
Test MSE: 0.0056
Poisson likelihood: 0.0
CE loss: 0.13351288437843323
NFE: 14.0000
Experiment 56668
Epoch 0025 [Test seq (cond on sampled tp)] | Loss 55.848068 | Likelihood -25.615723 | KL fp 5.8411 | FP STD 0.0189 | NFE 14.0000
KL coef: 0.13994164535871156
Train loss (one batch): 49.010520935058594
Train CE loss (one batch): 0.12385207414627075
Classification AUC (TEST): 0.6034
Test MSE: 0.0057
Poisson likelihood: 0.0
CE loss: 0.13332276046276093
NFE: 14.0000
Experiment 56668
Epoch 0026 [Test seq (cond on sampled tp)] | Loss 55.485474 | Likelihood -26.092091 | KL fp 5.6421 | FP STD 0.0254 | NFE 14.0000
KL coef: 0.14854222890512447
Train loss (one batch): 48.59202575683594
Train CE loss (one batch): 0.1240425854921341
Classification AUC (TEST): 0.6027
Test MSE: 0.0058
Poisson likelihood: 0.0
CE loss: 0.1333552896976471
NFE: 14.0000
Experiment 56668
Epoch 0027 [Test seq (cond on sampled tp)] | Loss 54.856674 | Likelihood -26.169693 | KL fp 5.4500 | FP STD 0.0288 | NFE 14.0000
KL coef: 0.15705680661607324
Train loss (one batch): 49.28068161010742
Train CE loss (one batch): 0.12252257764339447
Classification AUC (TEST): 0.6003
Test MSE: 0.0058
Poisson likelihood: 0.0
CE loss: 0.13342615962028503
NFE: 14.0000
Experiment 56668
Epoch 0028 [Test seq (cond on sampled tp)] | Loss 55.445587 | Likelihood -25.961670 | KL fp 5.5808 | FP STD 0.0272 | NFE 14.0000
KL coef: 0.1654862385499125
Train loss (one batch): 51.177757263183594
Train CE loss (one batch): 0.12180324643850327
Classification AUC (TEST): 0.5985
Test MSE: 0.0057
Poisson likelihood: 0.0
CE loss: 0.13354411721229553
NFE: 14.0000
Experiment 56668
Epoch 0029 [Test seq (cond on sampled tp)] | Loss 52.757561 | Likelihood -25.738798 | KL fp 5.6804 | FP STD 0.0245 | NFE 14.0000
KL coef: 0.17383137616441335
Train loss (one batch): 49.09040451049805
Train CE loss (one batch): 0.12303747236728668
Classification AUC (TEST): 0.6045
Test MSE: 0.0057
Poisson likelihood: 0.0
CE loss: 0.1334185004234314
NFE: 14.0000
Experiment 56668
Epoch 0030 [Test seq (cond on sampled tp)] | Loss 53.723633 | Likelihood -25.556854 | KL fp 5.6390 | FP STD 0.0238 | NFE 14.0000
KL coef: 0.18209306240276923
Train loss (one batch): 47.84560012817383
Train CE loss (one batch): 0.12294650077819824
Classification AUC (TEST): 0.6023
Test MSE: 0.0057
Poisson likelihood: 0.0
CE loss: 0.13351494073867798
NFE: 14.0000
Experiment 56668
Epoch 0031 [Test seq (cond on sampled tp)] | Loss 54.152618 | Likelihood -25.721960 | KL fp 5.6225 | FP STD 0.0254 | NFE 14.0000
KL coef: 0.19027213177874158
Train loss (one batch): 47.837684631347656
Train CE loss (one batch): 0.12233529984951019
Classification AUC (TEST): 0.6049
Test MSE: 0.0057
Poisson likelihood: 0.0
CE loss: 0.13337649405002594
NFE: 14.0000
Experiment 56668
Epoch 0032 [Test seq (cond on sampled tp)] | Loss 52.920208 | Likelihood -25.602108 | KL fp 5.6934 | FP STD 0.0240 | NFE 14.0000
KL coef: 0.19836941046095413
Train loss (one batch): 48.23576736450195
Train CE loss (one batch): 0.12255825102329254
Classification AUC (TEST): 0.6024
Test MSE: 0.0057
Poisson likelihood: 0.0
CE loss: 0.1337348222732544
NFE: 14.0000
Experiment 56668
Epoch 0033 [Test seq (cond on sampled tp)] | Loss 53.812195 | Likelihood -25.551992 | KL fp 5.6568 | FP STD 0.0241 | NFE 14.0000
KL coef: 0.20638571635634462
Train loss (one batch): 48.57575988769531
Train CE loss (one batch): 0.12156480550765991
Classification AUC (TEST): 0.6005
Test MSE: 0.0057
Poisson likelihood: 0.0
CE loss: 0.13392019271850586
NFE: 14.0000
Experiment 56668
Epoch 0034 [Test seq (cond on sampled tp)] | Loss 53.875313 | Likelihood -25.446552 | KL fp 5.8201 | FP STD 0.0223 | NFE 14.0000
KL coef: 0.21432185919278124
Train loss (one batch): 47.15032958984375
Train CE loss (one batch): 0.12182819843292236
Classification AUC (TEST): 0.6027
Test MSE: 0.0056
Poisson likelihood: 0.0
CE loss: 0.133844792842865
NFE: 14.0000
Experiment 56668
Epoch 0035 [Test seq (cond on sampled tp)] | Loss 53.250511 | Likelihood -25.329746 | KL fp 5.7969 | FP STD 0.0219 | NFE 14.0000
KL coef: 0.22217864060085335
Train loss (one batch): 48.230735778808594
Train CE loss (one batch): 0.1216212660074234
Classification AUC (TEST): 0.6026
Test MSE: 0.0056
Poisson likelihood: 0.0
CE loss: 0.13381940126419067
NFE: 14.0000
Experiment 56668
Epoch 0036 [Test seq (cond on sampled tp)] | Loss 52.040852 | Likelihood -25.330280 | KL fp 5.7986 | FP STD 0.0213 | NFE 14.0000
KL coef: 0.2299568541948449
Train loss (one batch): 47.42561340332031
Train CE loss (one batch): 0.12080685794353485
Classification AUC (TEST): 0.6013
Test MSE: 0.0056
Poisson likelihood: 0.0
CE loss: 0.13405650854110718
NFE: 14.0000
Experiment 56668
Epoch 0037 [Test seq (cond on sampled tp)] | Loss 52.254406 | Likelihood -25.273199 | KL fp 5.8258 | FP STD 0.0210 | NFE 14.0000
KL coef: 0.23765728565289646
Train loss (one batch): 47.46847915649414
Train CE loss (one batch): 0.12105133384466171
Classification AUC (TEST): 0.6033
Test MSE: 0.0056
Poisson likelihood: 0.0
CE loss: 0.13391581177711487
NFE: 14.0000
Experiment 56668
Epoch 0038 [Test seq (cond on sampled tp)] | Loss 52.928566 | Likelihood -25.193905 | KL fp 5.8682 | FP STD 0.0206 | NFE 14.0000
KL coef: 0.24528071279636743
Train loss (one batch): 47.78847885131836
Train CE loss (one batch): 0.12094570696353912
Classification AUC (TEST): 0.6017
Test MSE: 0.0056
Poisson likelihood: 0.0
CE loss: 0.13398262858390808
NFE: 14.0000
Experiment 56668
Epoch 0039 [Test seq (cond on sampled tp)] | Loss 52.642639 | Likelihood -25.206310 | KL fp 5.8031 | FP STD 0.0218 | NFE 14.0000
KL coef: 0.25282790566840385
Train loss (one batch): 46.50746536254883
Train CE loss (one batch): 0.12038004398345947
Classification AUC (TEST): 0.6039
Test MSE: 0.0056
Poisson likelihood: 0.0
CE loss: 0.13390815258026123
NFE: 14.0000
Experiment 56668
Epoch 0040 [Test seq (cond on sampled tp)] | Loss 52.957901 | Likelihood -25.148117 | KL fp 5.8454 | FP STD 0.0210 | NFE 14.0000
KL coef: 0.2602996266117198
Train loss (one batch): 47.66759490966797
Train CE loss (one batch): 0.11995567381381989
Classification AUC (TEST): 0.6040
Test MSE: 0.0056
Poisson likelihood: 0.0
CE loss: 0.13382896780967712
NFE: 14.0000
Experiment 56668
Epoch 0041 [Test seq (cond on sampled tp)] | Loss 52.470856 | Likelihood -25.110830 | KL fp 5.9153 | FP STD 0.0198 | NFE 14.0000
KL coef: 0.26769663034560254
Train loss (one batch): 47.6860466003418
Train CE loss (one batch): 0.12000887840986252
Classification AUC (TEST): 0.6046
Test MSE: 0.0056
Poisson likelihood: 0.0
CE loss: 0.1338130533695221
NFE: 14.0000
Experiment 56668
Epoch 0042 [Test seq (cond on sampled tp)] | Loss 52.507294 | Likelihood -25.157238 | KL fp 5.8386 | FP STD 0.0210 | NFE 14.0000
KL coef: 0.2750196640421466
Train loss (one batch): 47.998756408691406
Train CE loss (one batch): 0.1199900209903717
Classification AUC (TEST): 0.6033
Test MSE: 0.0056
Poisson likelihood: 0.0
CE loss: 0.13392283022403717
NFE: 14.0000
Experiment 56668
Epoch 0043 [Test seq (cond on sampled tp)] | Loss 53.282677 | Likelihood -25.072212 | KL fp 5.8923 | FP STD 0.0200 | NFE 14.0000
KL coef: 0.2822694674017251
Train loss (one batch): 48.634952545166016
Train CE loss (one batch): 0.12055590748786926
Classification AUC (TEST): 0.6030
Test MSE: 0.0056
Poisson likelihood: 0.0
CE loss: 0.13398176431655884
NFE: 14.0000
Experiment 56668
Epoch 0044 [Test seq (cond on sampled tp)] | Loss 52.516258 | Likelihood -25.082092 | KL fp 5.9101 | FP STD 0.0191 | NFE 14.0000
KL coef: 0.2894467727277079
Train loss (one batch): 47.504241943359375
Train CE loss (one batch): 0.12011390179395676
Classification AUC (TEST): 0.6064
Test MSE: 0.0056
Poisson likelihood: 0.0
CE loss: 0.13373678922653198
NFE: 14.0000
Experiment 56668
Epoch 0045 [Test seq (cond on sampled tp)] | Loss 52.513977 | Likelihood -25.052542 | KL fp 5.9164 | FP STD 0.0192 | NFE 14.0000
KL coef: 0.29655230500043084
Train loss (one batch): 47.212127685546875
Train CE loss (one batch): 0.1195179671049118
Classification AUC (TEST): 0.6071
Test MSE: 0.0056
Poisson likelihood: 0.0
CE loss: 0.13361459970474243
NFE: 14.0000
Experiment 56668
Epoch 0046 [Test seq (cond on sampled tp)] | Loss 52.937038 | Likelihood -24.982786 | KL fp 5.9242 | FP STD 0.0188 | NFE 14.0000
KL coef: 0.30358678195042654
Train loss (one batch): 46.72678756713867
Train CE loss (one batch): 0.11948145925998688
Classification AUC (TEST): 0.6062
Test MSE: 0.0056
Poisson likelihood: 0.0
CE loss: 0.13377203047275543
NFE: 14.0000
Experiment 56668
Epoch 0047 [Test seq (cond on sampled tp)] | Loss 51.955757 | Likelihood -25.010788 | KL fp 5.9354 | FP STD 0.0185 | NFE 14.0000
KL coef: 0.3105509141309223
Train loss (one batch): 46.97564697265625
Train CE loss (one batch): 0.11944068968296051
Classification AUC (TEST): 0.6057
Test MSE: 0.0056
Poisson likelihood: 0.0
CE loss: 0.1338491141796112
NFE: 14.0000
Experiment 56668
Epoch 0048 [Test seq (cond on sampled tp)] | Loss 52.544136 | Likelihood -24.950413 | KL fp 5.9961 | FP STD 0.0178 | NFE 14.0000
KL coef: 0.31744540498961304
Train loss (one batch): 47.589874267578125
Train CE loss (one batch): 0.11910147964954376
Classification AUC (TEST): 0.6033
Test MSE: 0.0055
Poisson likelihood: 0.0
CE loss: 0.13396888971328735
NFE: 14.0000
Experiment 56668
Epoch 0049 [Test seq (cond on sampled tp)] | Loss 53.424263 | Likelihood -24.927902 | KL fp 6.0149 | FP STD 0.0177 | NFE 14.0000
KL coef: 0.3242709509397169
Train loss (one batch): 47.52505874633789
Train CE loss (one batch): 0.11885510385036469
Classification AUC (TEST): 0.6041
Test MSE: 0.0055
Poisson likelihood: 0.0
CE loss: 0.13392330706119537
NFE: 14.0000
Experiment 56668
Epoch 0050 [Test seq (cond on sampled tp)] | Loss 52.291775 | Likelihood -24.934683 | KL fp 6.0157 | FP STD 0.0174 | NFE 14.0000
KL coef: 0.3310282414303197
Train loss (one batch): 46.59540939331055
Train CE loss (one batch): 0.11932878941297531
Classification AUC (TEST): 0.6026
Test MSE: 0.0055
Poisson likelihood: 0.0
CE loss: 0.13400527834892273
NFE: 14.0000
Experiment 56668
Epoch 0051 [Test seq (cond on sampled tp)] | Loss 51.995285 | Likelihood -24.904034 | KL fp 5.9998 | FP STD 0.0175 | NFE 14.0000
KL coef: 0.33771795901601653
Train loss (one batch): 46.8076286315918
Train CE loss (one batch): 0.11899783462285995
Classification AUC (TEST): 0.6024
Test MSE: 0.0055
Poisson likelihood: 0.0
CE loss: 0.1340685933828354
NFE: 14.0000
Experiment 56668
Epoch 0052 [Test seq (cond on sampled tp)] | Loss 53.283211 | Likelihood -24.923925 | KL fp 6.1751 | FP STD 0.0161 | NFE 14.0000
KL coef: 0.3443407794258564
Train loss (one batch): 47.288902282714844
Train CE loss (one batch): 0.1188756451010704
Classification AUC (TEST): 0.6030
Test MSE: 0.0055
Poisson likelihood: 0.0
CE loss: 0.13402092456817627
NFE: 14.0000
Experiment 56668
Epoch 0053 [Test seq (cond on sampled tp)] | Loss 52.794853 | Likelihood -25.124954 | KL fp 6.0467 | FP STD 0.0190 | NFE 14.0000
KL coef: 0.35089737163159784
Train loss (one batch): 46.810508728027344
Train CE loss (one batch): 0.11827622354030609
Classification AUC (TEST): 0.6046
Test MSE: 0.0056
Poisson likelihood: 0.0
CE loss: 0.13389550149440765
NFE: 14.0000
Experiment 56668
Epoch 0054 [Test seq (cond on sampled tp)] | Loss 53.391617 | Likelihood -25.093090 | KL fp 5.9669 | FP STD 0.0193 | NFE 14.0000
KL coef: 0.3573883979152819
Train loss (one batch): 46.88508224487305
Train CE loss (one batch): 0.11852511018514633
Classification AUC (TEST): 0.6056
Test MSE: 0.0056
Poisson likelihood: 0.0
CE loss: 0.133876234292984
NFE: 14.0000
Experiment 56668
Epoch 0055 [Test seq (cond on sampled tp)] | Loss 55.278305 | Likelihood -25.077589 | KL fp 5.9869 | FP STD 0.0196 | NFE 14.0000
KL coef: 0.36381451393612907
Train loss (one batch): 46.432777404785156
Train CE loss (one batch): 0.11853328347206116
Classification AUC (TEST): 0.6064
Test MSE: 0.0056
Poisson likelihood: 0.0
CE loss: 0.1338101029396057
NFE: 14.0000
Experiment 56668
Epoch 0056 [Test seq (cond on sampled tp)] | Loss 53.214066 | Likelihood -25.107466 | KL fp 5.8917 | FP STD 0.0209 | NFE 14.0000
KL coef: 0.37017636879676774
Train loss (one batch): 46.951568603515625
Train CE loss (one batch): 0.11815943568944931
Classification AUC (TEST): 0.6093
Test MSE: 0.0056
Poisson likelihood: 0.0
CE loss: 0.1337786614894867
NFE: 14.0000
Experiment 56668
Epoch 0057 [Test seq (cond on sampled tp)] | Loss 52.433205 | Likelihood -25.063023 | KL fp 5.9532 | FP STD 0.0198 | NFE 14.0000
KL coef: 0.37647460510880004
Train loss (one batch): 48.760128021240234
Train CE loss (one batch): 0.11843322217464447
Classification AUC (TEST): 0.6060
Test MSE: 0.0056
Poisson likelihood: 0.0
CE loss: 0.1340084671974182
NFE: 14.0000
Experiment 56668
Epoch 0058 [Test seq (cond on sampled tp)] | Loss 51.504944 | Likelihood -25.103041 | KL fp 5.8526 | FP STD 0.0215 | NFE 14.0000
KL coef: 0.38270985905771204
Train loss (one batch): 48.59663391113281
Train CE loss (one batch): 0.11868973076343536
Classification AUC (TEST): 0.6027
Test MSE: 0.0056
Poisson likelihood: 0.0
CE loss: 0.13422948122024536
NFE: 14.0000
Experiment 56668
Epoch 0059 [Test seq (cond on sampled tp)] | Loss 53.090996 | Likelihood -25.072750 | KL fp 5.8180 | FP STD 0.0215 | NFE 14.0000
KL coef: 0.388882760467135
Train loss (one batch): 47.200347900390625
Train CE loss (one batch): 0.11846472322940826
Classification AUC (TEST): 0.6061
Test MSE: 0.0056
Poisson likelihood: 0.0
CE loss: 0.13387182354927063
NFE: 14.0000
Experiment 56668
Epoch 0060 [Test seq (cond on sampled tp)] | Loss 52.912270 | Likelihood -25.146614 | KL fp 5.7705 | FP STD 0.0227 | NFE 14.0000
KL coef: 0.39499393286246365
Train loss (one batch): 47.9136848449707
Train CE loss (one batch): 0.1173284649848938
Classification AUC (TEST): 0.6072
Test MSE: 0.0056
Poisson likelihood: 0.0
CE loss: 0.13374903798103333
NFE: 14.0000
Experiment 56668
Epoch 0061 [Test seq (cond on sampled tp)] | Loss 53.749043 | Likelihood -25.010117 | KL fp 5.8457 | FP STD 0.0209 | NFE 14.0000
KL coef: 0.401043993533839
Train loss (one batch): 49.24724578857422
Train CE loss (one batch): 0.11802911013364792
Classification AUC (TEST): 0.6082
Test MSE: 0.0056
Poisson likelihood: 0.0
CE loss: 0.1337062418460846
NFE: 14.0000
Experiment 56668
Epoch 0062 [Test seq (cond on sampled tp)] | Loss 60.628883 | Likelihood -24.999542 | KL fp 5.8745 | FP STD 0.0205 | NFE 14.0000
KL coef: 0.4070335535985006
Train loss (one batch): 54.752777099609375
Train CE loss (one batch): 0.11843588203191757
Classification AUC (TEST): 0.6056
Test MSE: 0.0056
Poisson likelihood: 0.0
CE loss: 0.13388250768184662
NFE: 14.0000
Experiment 56668
Epoch 0063 [Test seq (cond on sampled tp)] | Loss 53.587440 | Likelihood -24.936720 | KL fp 5.9003 | FP STD 0.0193 | NFE 14.0000
KL coef: 0.41296321806251557
Train loss (one batch): 47.5693359375
Train CE loss (one batch): 0.11854812502861023
Classification AUC (TEST): 0.6057
Test MSE: 0.0055
Poisson likelihood: 0.0
CE loss: 0.13396471738815308
NFE: 14.0000
Experiment 56668
Epoch 0064 [Test seq (cond on sampled tp)] | Loss 52.967350 | Likelihood -24.955153 | KL fp 5.8976 | FP STD 0.0194 | NFE 14.0000
KL coef: 0.41883358588189046
Train loss (one batch): 47.20711135864258
Train CE loss (one batch): 0.1185314953327179
Classification AUC (TEST): 0.6062
Test MSE: 0.0055
Poisson likelihood: 0.0
CE loss: 0.13415390253067017
NFE: 14.0000
Experiment 56668
Epoch 0065 [Test seq (cond on sampled tp)] | Loss 52.842648 | Likelihood -24.900427 | KL fp 5.9218 | FP STD 0.0188 | NFE 14.0000
KL coef: 0.4246452500230715
Train loss (one batch): 47.51633834838867
Train CE loss (one batch): 0.11797609180212021
Classification AUC (TEST): 0.6079
Test MSE: 0.0055
Poisson likelihood: 0.0
CE loss: 0.13392648100852966
NFE: 14.0000
Experiment 56668
Epoch 0066 [Test seq (cond on sampled tp)] | Loss 53.223526 | Likelihood -24.995695 | KL fp 5.8890 | FP STD 0.0193 | NFE 14.0000
KL coef: 0.4303987975228408
Train loss (one batch): 48.11884307861328
Train CE loss (one batch): 0.11842682957649231
Classification AUC (TEST): 0.6067
Test MSE: 0.0056
Poisson likelihood: 0.0
CE loss: 0.1340448260307312
NFE: 14.0000
Experiment 56668
Epoch 0067 [Test seq (cond on sampled tp)] | Loss 52.032280 | Likelihood -24.931753 | KL fp 5.8855 | FP STD 0.0195 | NFE 14.0000
KL coef: 0.4360948095476125
Train loss (one batch): 46.64093780517578
Train CE loss (one batch): 0.11709042638540268
Classification AUC (TEST): 0.6090
Test MSE: 0.0055
Poisson likelihood: 0.0
CE loss: 0.1337258219718933
NFE: 14.0000
Experiment 56668
Epoch 0068 [Test seq (cond on sampled tp)] | Loss 60.979984 | Likelihood -24.914259 | KL fp 5.9241 | FP STD 0.0186 | NFE 8.0000
KL coef: 0.44173386145213633
Train loss (one batch): 46.755531311035156
Train CE loss (one batch): 0.11698241531848907
Classification AUC (TEST): 0.6099
Test MSE: 0.0055
Poisson likelihood: 0.0
CE loss: 0.1337747573852539
NFE: 8.0000
Experiment 56668
Epoch 0069 [Test seq (cond on sampled tp)] | Loss 52.411667 | Likelihood -24.956741 | KL fp 5.8655 | FP STD 0.0193 | NFE 14.0000
KL coef: 0.4473165228376149
Train loss (one batch): 46.571556091308594
Train CE loss (one batch): 0.11751072108745575
Classification AUC (TEST): 0.6067
Test MSE: 0.0055
Poisson likelihood: 0.0
CE loss: 0.1339414119720459
NFE: 14.0000
Experiment 56668
Epoch 0070 [Test seq (cond on sampled tp)] | Loss 52.797516 | Likelihood -24.914486 | KL fp 5.9535 | FP STD 0.0195 | NFE 14.0000
KL coef: 0.4528433576092388
Train loss (one batch): 46.37611389160156
Train CE loss (one batch): 0.11785447597503662
Classification AUC (TEST): 0.6096
Test MSE: 0.0055
Poisson likelihood: 0.0
CE loss: 0.13373535871505737
NFE: 14.0000
Experiment 56668
Epoch 0071 [Test seq (cond on sampled tp)] | Loss 53.360855 | Likelihood -25.005219 | KL fp 5.8083 | FP STD 0.0207 | NFE 14.0000
KL coef: 0.45831492403314644
Train loss (one batch): 47.944705963134766
Train CE loss (one batch): 0.11737235635519028
Classification AUC (TEST): 0.6101
Test MSE: 0.0056
Poisson likelihood: 0.0
CE loss: 0.13371630012989044
NFE: 14.0000
Experiment 56668
Epoch 0072 [Test seq (cond on sampled tp)] | Loss 53.637497 | Likelihood -24.963850 | KL fp 5.8486 | FP STD 0.0205 | NFE 14.0000
KL coef: 0.463731774792815
Train loss (one batch): 47.80333709716797
Train CE loss (one batch): 0.11738516390323639
Classification AUC (TEST): 0.6088
Test MSE: 0.0055
Poisson likelihood: 0.0
CE loss: 0.13377389311790466
NFE: 14.0000
Experiment 56668
Epoch 0073 [Test seq (cond on sampled tp)] | Loss 52.522316 | Likelihood -24.990156 | KL fp 5.8450 | FP STD 0.0203 | NFE 14.0000
KL coef: 0.46909445704488684
Train loss (one batch): 46.8936653137207
Train CE loss (one batch): 0.11683567613363266
Classification AUC (TEST): 0.6096
Test MSE: 0.0056
Poisson likelihood: 0.0
CE loss: 0.133825421333313
NFE: 14.0000
Experiment 56668
Epoch 0074 [Test seq (cond on sampled tp)] | Loss 58.987297 | Likelihood -24.963827 | KL fp 5.7941 | FP STD 0.0206 | NFE 14.0000
KL coef: 0.474403512474438
Train loss (one batch): 53.7711181640625
Train CE loss (one batch): 0.11691903322935104
Classification AUC (TEST): 0.6108
Test MSE: 0.0055
Poisson likelihood: 0.0
CE loss: 0.13382147252559662
NFE: 14.0000
Experiment 56668
Epoch 0075 [Test seq (cond on sampled tp)] | Loss 52.337921 | Likelihood -24.913414 | KL fp 5.8232 | FP STD 0.0198 | NFE 14.0000
KL coef: 0.4796594773496936
Train loss (one batch): 46.46421813964844
Train CE loss (one batch): 0.11675292253494263
Classification AUC (TEST): 0.6121
Test MSE: 0.0055
Poisson likelihood: 0.0
CE loss: 0.13370755314826965
NFE: 14.0000
Experiment 56668
Epoch 0076 [Test seq (cond on sampled tp)] | Loss 51.902000 | Likelihood -24.920858 | KL fp 5.8121 | FP STD 0.0199 | NFE 14.0000
KL coef: 0.4848628825761967
Train loss (one batch): 46.82066345214844
Train CE loss (one batch): 0.1171141117811203
Classification AUC (TEST): 0.6131
Test MSE: 0.0055
Poisson likelihood: 0.0
CE loss: 0.13359643518924713
NFE: 14.0000
Experiment 56668
Epoch 0077 [Test seq (cond on sampled tp)] | Loss 53.115734 | Likelihood -24.926136 | KL fp 5.8676 | FP STD 0.0194 | NFE 14.0000
KL coef: 0.4900142537504347
Train loss (one batch): 46.816619873046875
Train CE loss (one batch): 0.11772456020116806
Classification AUC (TEST): 0.6096
Test MSE: 0.0055
Poisson likelihood: 0.0
CE loss: 0.1338563859462738
NFE: 14.0000
Experiment 56668
Epoch 0078 [Test seq (cond on sampled tp)] | Loss 52.118378 | Likelihood -24.958014 | KL fp 5.7483 | FP STD 0.0208 | NFE 14.0000
KL coef: 0.49511411121293036
Train loss (one batch): 46.942134857177734
Train CE loss (one batch): 0.11696889996528625
Classification AUC (TEST): 0.6091
Test MSE: 0.0055
Poisson likelihood: 0.0
CE loss: 0.1339857578277588
NFE: 14.0000
Experiment 56668
Epoch 0079 [Test seq (cond on sampled tp)] | Loss 53.775482 | Likelihood -24.913368 | KL fp 5.7982 | FP STD 0.0197 | NFE 14.0000
KL coef: 0.500162970100801
Train loss (one batch): 48.71920394897461
Train CE loss (one batch): 0.1172763854265213
Classification AUC (TEST): 0.6098
Test MSE: 0.0055
Poisson likelihood: 0.0
CE loss: 0.1339021772146225
NFE: 14.0000
Experiment 56668
Epoch 0080 [Test seq (cond on sampled tp)] | Loss 53.948593 | Likelihood -24.910360 | KL fp 5.7941 | FP STD 0.0197 | NFE 14.0000
KL coef: 0.505161340399793
Train loss (one batch): 47.23799133300781
Train CE loss (one batch): 0.11622631549835205
Classification AUC (TEST): 0.6115
Test MSE: 0.0055
Poisson likelihood: 0.0
CE loss: 0.13368386030197144
NFE: 14.0000
Experiment 56668
Epoch 0081 [Test seq (cond on sampled tp)] | Loss 59.830887 | Likelihood -24.884054 | KL fp 5.7786 | FP STD 0.0195 | NFE 14.0000
KL coef: 0.510109726995795
Train loss (one batch): 54.01755905151367
Train CE loss (one batch): 0.11682602763175964
Classification AUC (TEST): 0.6124
Test MSE: 0.0055
Poisson likelihood: 0.0
CE loss: 0.13373830914497375
NFE: 14.0000
Experiment 56668
Epoch 0082 [Test seq (cond on sampled tp)] | Loss 54.936058 | Likelihood -24.904028 | KL fp 5.7714 | FP STD 0.0196 | NFE 14.0000
KL coef: 0.5150086297258372
Train loss (one batch): 49.553260803222656
Train CE loss (one batch): 0.11767901480197906
Classification AUC (TEST): 0.6114
Test MSE: 0.0055
Poisson likelihood: 0.0
CE loss: 0.13377389311790466
NFE: 14.0000
Experiment 56668
Epoch 0083 [Test seq (cond on sampled tp)] | Loss 59.729156 | Likelihood -24.860594 | KL fp 5.7689 | FP STD 0.0196 | NFE 14.0000
KL coef: 0.5198585434285787
Train loss (one batch): 54.09205627441406
Train CE loss (one batch): 0.11687382310628891
Classification AUC (TEST): 0.6134
Test MSE: 0.0055
Poisson likelihood: 0.0
CE loss: 0.13366979360580444
NFE: 14.0000
Experiment 56668
Epoch 0084 [Test seq (cond on sampled tp)] | Loss 58.110371 | Likelihood -24.970055 | KL fp 5.7491 | FP STD 0.0202 | NFE 14.0000
KL coef: 0.524659957994293
Train loss (one batch): 51.3338623046875
Train CE loss (one batch): 0.11599968373775482
Classification AUC (TEST): 0.6093
Test MSE: 0.0055
Poisson likelihood: 0.0
CE loss: 0.13410580158233643
NFE: 14.0000
Experiment 56668
Epoch 0085 [Test seq (cond on sampled tp)] | Loss 54.851288 | Likelihood -24.904091 | KL fp 5.7897 | FP STD 0.0190 | NFE 14.0000
KL coef: 0.5294133584143501
Train loss (one batch): 47.94188690185547
Train CE loss (one batch): 0.11659767478704453
Classification AUC (TEST): 0.6136
Test MSE: 0.0055
Poisson likelihood: 0.0
CE loss: 0.13362574577331543
NFE: 14.0000
Experiment 56668
Epoch 0086 [Test seq (cond on sampled tp)] | Loss 59.370720 | Likelihood -24.878437 | KL fp 5.7260 | FP STD 0.0200 | NFE 14.0000
KL coef: 0.5341192248302067
Train loss (one batch): 53.04874038696289
Train CE loss (one batch): 0.11690324544906616
Classification AUC (TEST): 0.6151
Test MSE: 0.0055
Poisson likelihood: 0.0
CE loss: 0.13360780477523804
NFE: 14.0000
Experiment 56668
Epoch 0087 [Test seq (cond on sampled tp)] | Loss 58.795578 | Likelihood -24.891972 | KL fp 5.7343 | FP STD 0.0197 | NFE 14.0000
KL coef: 0.5387780325819045
Train loss (one batch): 52.9117546081543
Train CE loss (one batch): 0.11546184122562408
Classification AUC (TEST): 0.6159
Test MSE: 0.0055
Poisson likelihood: 0.0
CE loss: 0.13350358605384827
NFE: 14.0000
Experiment 56668
Epoch 0088 [Test seq (cond on sampled tp)] | Loss 52.867485 | Likelihood -24.919220 | KL fp 5.7326 | FP STD 0.0197 | NFE 14.0000
KL coef: 0.5433902522560855
Train loss (one batch): 47.74624252319336
Train CE loss (one batch): 0.11602940410375595
Classification AUC (TEST): 0.6149
Test MSE: 0.0055
Poisson likelihood: 0.0
CE loss: 0.13367068767547607
NFE: 14.0000
Experiment 56668
Epoch 0089 [Test seq (cond on sampled tp)] | Loss 53.144917 | Likelihood -24.902647 | KL fp 5.6964 | FP STD 0.0202 | NFE 14.0000
KL coef: 0.5479563497335247
Train loss (one batch): 46.48556900024414
Train CE loss (one batch): 0.11553909629583359
Classification AUC (TEST): 0.6150
Test MSE: 0.0055
Poisson likelihood: 0.0
CE loss: 0.13363692164421082
NFE: 14.0000
Experiment 56668
Epoch 0090 [Test seq (cond on sampled tp)] | Loss 55.126060 | Likelihood -24.875166 | KL fp 5.7070 | FP STD 0.0199 | NFE 14.0000
KL coef: 0.5524767862361895
Train loss (one batch): 48.926246643066406
Train CE loss (one batch): 0.11629291623830795
Classification AUC (TEST): 0.6127
Test MSE: 0.0055
Poisson likelihood: 0.0
CE loss: 0.13380073010921478
NFE: 14.0000
Experiment 56668
Epoch 0091 [Test seq (cond on sampled tp)] | Loss 55.537365 | Likelihood -24.950546 | KL fp 5.6712 | FP STD 0.0206 | NFE 14.0000
KL coef: 0.5569520183738275
Train loss (one batch): 55.33898162841797
Train CE loss (one batch): 0.11505262553691864
Classification AUC (TEST): 0.6167
Test MSE: 0.0055
Poisson likelihood: 0.0
CE loss: 0.1335572898387909
NFE: 14.0000
Experiment 56668
Epoch 0092 [Test seq (cond on sampled tp)] | Loss 60.195694 | Likelihood -24.999329 | KL fp 5.7569 | FP STD 0.0207 | NFE 14.0000
KL coef: 0.5613824981900892
Train loss (one batch): 53.68989562988281
Train CE loss (one batch): 0.11559128016233444
Classification AUC (TEST): 0.6166
Test MSE: 0.0056
Poisson likelihood: 0.0
CE loss: 0.1336841732263565
NFE: 14.0000
Experiment 56668
Epoch 0093 [Test seq (cond on sampled tp)] | Loss 53.227432 | Likelihood -24.972466 | KL fp 5.5686 | FP STD 0.0233 | NFE 14.0000
KL coef: 0.5657686732081884
Train loss (one batch): 46.948585510253906
Train CE loss (one batch): 0.1152404397726059
Classification AUC (TEST): 0.6156
Test MSE: 0.0055
Poisson likelihood: 0.0
CE loss: 0.1336645781993866
NFE: 14.0000
Experiment 56668
Epoch 0094 [Test seq (cond on sampled tp)] | Loss 55.716671 | Likelihood -25.018078 | KL fp 5.6032 | FP STD 0.0228 | NFE 14.0000
KL coef: 0.5701109864761065
Train loss (one batch): 50.76488494873047
Train CE loss (one batch): 0.11674180626869202
Classification AUC (TEST): 0.6163
Test MSE: 0.0056
Poisson likelihood: 0.0
CE loss: 0.1336858719587326
NFE: 14.0000
Experiment 56668
Epoch 0095 [Test seq (cond on sampled tp)] | Loss 54.217945 | Likelihood -25.038300 | KL fp 5.5491 | FP STD 0.0234 | NFE 14.0000
KL coef: 0.5744098766113455
Train loss (one batch): 47.85108184814453
Train CE loss (one batch): 0.11625653505325317
Classification AUC (TEST): 0.6176
Test MSE: 0.0056
Poisson likelihood: 0.0
CE loss: 0.13369408249855042
NFE: 14.0000
Experiment 56668
Epoch 0096 [Test seq (cond on sampled tp)] | Loss 55.005348 | Likelihood -25.079514 | KL fp 5.5056 | FP STD 0.0240 | NFE 14.0000
KL coef: 0.578665777845232
Train loss (one batch): 50.014034271240234
Train CE loss (one batch): 0.11632801592350006
Classification AUC (TEST): 0.6130
Test MSE: 0.0056
Poisson likelihood: 0.0
CE loss: 0.13402141630649567
NFE: 14.0000
Experiment 56668
Epoch 0097 [Test seq (cond on sampled tp)] | Loss 54.652687 | Likelihood -24.990347 | KL fp 5.5547 | FP STD 0.0228 | NFE 14.0000
KL coef: 0.5828791200667797
Train loss (one batch): 49.4588623046875
Train CE loss (one batch): 0.11632931232452393
Classification AUC (TEST): 0.6169
Test MSE: 0.0056
Poisson likelihood: 0.0
CE loss: 0.133709117770195
NFE: 14.0000
Experiment 56668
Epoch 0098 [Test seq (cond on sampled tp)] | Loss 58.641979 | Likelihood -25.017673 | KL fp 5.5583 | FP STD 0.0230 | NFE 14.0000
KL coef: 0.5870503288661119
Train loss (one batch): 53.43873596191406
Train CE loss (one batch): 0.11596578359603882
Classification AUC (TEST): 0.6196
Test MSE: 0.0056
Poisson likelihood: 0.0
CE loss: 0.1334967315196991
NFE: 14.0000
Experiment 56668
Epoch 0099 [Test seq (cond on sampled tp)] | Loss 53.700401 | Likelihood -25.057346 | KL fp 5.5064 | FP STD 0.0238 | NFE 14.0000
KL coef: 0.5911798255774507
Train loss (one batch): 46.68496322631836
Train CE loss (one batch): 0.11540120095014572
Classification AUC (TEST): 0.6166
Test MSE: 0.0056
Poisson likelihood: 0.0
CE loss: 0.13384246826171875
NFE: 14.0000
Experiment 56668
Epoch 0100 [Test seq (cond on sampled tp)] | Loss 52.976730 | Likelihood -24.982483 | KL fp 5.5502 | FP STD 0.0226 | NFE 14.0000
KL coef: 0.5952680273216762
Train loss (one batch): 47.88157272338867
Train CE loss (one batch): 0.11553143709897995
Classification AUC (TEST): 0.6201
Test MSE: 0.0056
Poisson likelihood: 0.0
CE loss: 0.13352040946483612
NFE: 14.0000
