/home/bigdyl/soyoung/gpu1/latent_ode/run_models.py
run_models.py --niters 100 -n 8000 -l 20 --latent-ode --z0-encoder rnn --dataset physionet --rec-dims 40 --rec-layers 3 --gen-layers 3 --units 50 --gru-units 50 --quantization 0.016 --classif --reg_dopri 80 --reg_kinetic 0 --gpu 1
Experiment 80047
Epoch 0001 [Test seq (cond on sampled tp)] | Loss 74.393097 | Likelihood -61.901089 | KL fp 4.1743 | FP STD 0.0308 | NFE 14.0000
KL coef: 0.0
Train loss (one batch): 385.2137756347656
Train CE loss (one batch): 0.13610884547233582
Classification AUC (TEST): 0.4984
Test MSE: 0.0129
Poisson likelihood: 0.0
CE loss: 0.13627460598945618
NFE: 14.0000
Experiment 80047
Epoch 0002 [Test seq (cond on sampled tp)] | Loss 71.408661 | Likelihood -58.957695 | KL fp 4.3386 | FP STD 0.0546 | NFE 14.0000
KL coef: 0.0
Train loss (one batch): 334.49981689453125
Train CE loss (one batch): 0.13578267395496368
Classification AUC (TEST): 0.4941
Test MSE: 0.0123
Poisson likelihood: 0.0
CE loss: 0.13647662103176117
NFE: 14.0000
Experiment 80047
Epoch 0003 [Test seq (cond on sampled tp)] | Loss 65.989288 | Likelihood -53.459297 | KL fp 4.9223 | FP STD 0.0159 | NFE 14.0000
KL coef: 0.0
Train loss (one batch): 285.4623718261719
Train CE loss (one batch): 0.1360466182231903
Classification AUC (TEST): 0.4802
Test MSE: 0.0112
Poisson likelihood: 0.0
CE loss: 0.13629589974880219
NFE: 14.0000
Experiment 80047
Epoch 0004 [Test seq (cond on sampled tp)] | Loss 58.510189 | Likelihood -46.001884 | KL fp 5.5274 | FP STD 0.0154 | NFE 14.0000
KL coef: 0.0
Train loss (one batch): 244.82809448242188
Train CE loss (one batch): 0.1356329768896103
Classification AUC (TEST): 0.4990
Test MSE: 0.0098
Poisson likelihood: 0.0
CE loss: 0.13607272505760193
NFE: 14.0000
Experiment 80047
Epoch 0005 [Test seq (cond on sampled tp)] | Loss 52.839031 | Likelihood -40.332970 | KL fp 6.3322 | FP STD 0.0157 | NFE 14.0000
KL coef: 0.0
Train loss (one batch): 229.75660705566406
Train CE loss (one batch): 0.13542291522026062
Classification AUC (TEST): 0.5136
Test MSE: 0.0086
Poisson likelihood: 0.0
CE loss: 0.13605163991451263
NFE: 14.0000
Experiment 80047
Epoch 0006 [Test seq (cond on sampled tp)] | Loss 49.984264 | Likelihood -37.476604 | KL fp 7.0520 | FP STD 0.0149 | NFE 14.0000
KL coef: 0.0
Train loss (one batch): 226.841552734375
Train CE loss (one batch): 0.13523927330970764
Classification AUC (TEST): 0.5167
Test MSE: 0.0081
Poisson likelihood: 0.0
CE loss: 0.13606277108192444
NFE: 14.0000
Experiment 80047
Epoch 0007 [Test seq (cond on sampled tp)] | Loss 48.979561 | Likelihood -36.468788 | KL fp 8.0360 | FP STD 0.0126 | NFE 14.0000
KL coef: 0.0
Train loss (one batch): 218.051025390625
Train CE loss (one batch): 0.13539162278175354
Classification AUC (TEST): 0.5211
Test MSE: 0.0078
Poisson likelihood: 0.0
CE loss: 0.136103555560112
NFE: 14.0000
Experiment 80047
Epoch 0008 [Test seq (cond on sampled tp)] | Loss 48.398033 | Likelihood -35.854240 | KL fp 8.1404 | FP STD 0.0190 | NFE 14.0000
KL coef: 0.0
Train loss (one batch): 206.76051330566406
Train CE loss (one batch): 0.1354399472475052
Classification AUC (TEST): 0.5245
Test MSE: 0.0077
Poisson likelihood: 0.0
CE loss: 0.13642603158950806
NFE: 14.0000
Experiment 80047
Epoch 0009 [Test seq (cond on sampled tp)] | Loss 47.885662 | Likelihood -35.350281 | KL fp 9.4005 | FP STD 0.0108 | NFE 14.0000
KL coef: 0.0
Train loss (one batch): 210.7239990234375
Train CE loss (one batch): 0.1351591795682907
Classification AUC (TEST): 0.5260
Test MSE: 0.0076
Poisson likelihood: 0.0
CE loss: 0.1363399624824524
NFE: 14.0000
Experiment 80047
Epoch 0010 [Test seq (cond on sampled tp)] | Loss 47.515244 | Likelihood -35.053070 | KL fp 9.8233 | FP STD 0.0138 | NFE 14.0000
KL coef: 0.0
Train loss (one batch): 194.42156982421875
Train CE loss (one batch): 0.13464343547821045
Classification AUC (TEST): 0.5294
Test MSE: 0.0076
Poisson likelihood: 0.0
CE loss: 0.135610431432724
NFE: 14.0000
Experiment 80047
Epoch 0011 [Test seq (cond on sampled tp)] | Loss 47.541668 | Likelihood -34.976456 | KL fp 10.4575 | FP STD 0.0141 | NFE 14.0000
KL coef: 0.010000000000000009
Train loss (one batch): 192.09710693359375
Train CE loss (one batch): 0.13484203815460205
Classification AUC (TEST): 0.5319
Test MSE: 0.0076
Poisson likelihood: 0.0
CE loss: 0.13559311628341675
NFE: 14.0000
Experiment 80047
Epoch 0012 [Test seq (cond on sampled tp)] | Loss 47.246742 | Likelihood -34.561756 | KL fp 10.9831 | FP STD 0.0145 | NFE 14.0000
KL coef: 0.01990000000000003
Train loss (one batch): 179.5108184814453
Train CE loss (one batch): 0.13497129082679749
Classification AUC (TEST): 0.5289
Test MSE: 0.0075
Poisson likelihood: 0.0
CE loss: 0.1356530338525772
NFE: 14.0000
Experiment 80047
Epoch 0013 [Test seq (cond on sampled tp)] | Loss 47.820740 | Likelihood -35.007950 | KL fp 11.4001 | FP STD 0.0196 | NFE 14.0000
KL coef: 0.029700999999999977
Train loss (one batch): 176.64186096191406
Train CE loss (one batch): 0.13497380912303925
Classification AUC (TEST): 0.5296
Test MSE: 0.0076
Poisson likelihood: 0.0
CE loss: 0.13572901487350464
NFE: 14.0000
Experiment 80047
Epoch 0014 [Test seq (cond on sampled tp)] | Loss 46.773178 | Likelihood -33.812954 | KL fp 12.2108 | FP STD 0.0130 | NFE 14.0000
KL coef: 0.039403990000000055
Train loss (one batch): 173.32199096679688
Train CE loss (one batch): 0.1350659281015396
Classification AUC (TEST): 0.5331
Test MSE: 0.0073
Poisson likelihood: 0.0
CE loss: 0.13577808439731598
NFE: 14.0000
Experiment 80047
Epoch 0015 [Test seq (cond on sampled tp)] | Loss 46.552631 | Likelihood -33.452374 | KL fp 12.5609 | FP STD 0.0137 | NFE 14.0000
KL coef: 0.04900995010000009
Train loss (one batch): 175.9038848876953
Train CE loss (one batch): 0.1351867914199829
Classification AUC (TEST): 0.5282
Test MSE: 0.0072
Poisson likelihood: 0.0
CE loss: 0.13584479689598083
NFE: 14.0000
Experiment 80047
Epoch 0016 [Test seq (cond on sampled tp)] | Loss 47.784401 | Likelihood -34.570412 | KL fp 12.4818 | FP STD 0.0295 | NFE 14.0000
KL coef: 0.058519850599
Train loss (one batch): 173.02835083007812
Train CE loss (one batch): 0.13523219525814056
Classification AUC (TEST): 0.5296
Test MSE: 0.0075
Poisson likelihood: 0.0
CE loss: 0.1359195113182068
NFE: 14.0000
Experiment 80047
Epoch 0017 [Test seq (cond on sampled tp)] | Loss 46.788525 | Likelihood -33.385296 | KL fp 13.3468 | FP STD 0.0179 | NFE 14.0000
KL coef: 0.06793465209301008
Train loss (one batch): 164.3184051513672
Train CE loss (one batch): 0.13529182970523834
Classification AUC (TEST): 0.5284
Test MSE: 0.0072
Poisson likelihood: 0.0
CE loss: 0.13595569133758545
NFE: 14.0000
Experiment 80047
Epoch 0018 [Test seq (cond on sampled tp)] | Loss 46.833515 | Likelihood -33.302685 | KL fp 13.3426 | FP STD 0.0273 | NFE 14.0000
KL coef: 0.07725530557207994
Train loss (one batch): 171.9545135498047
Train CE loss (one batch): 0.13539862632751465
Classification AUC (TEST): 0.5296
Test MSE: 0.0072
Poisson likelihood: 0.0
CE loss: 0.1360006034374237
NFE: 14.0000
Experiment 80047
Epoch 0019 [Test seq (cond on sampled tp)] | Loss 46.161995 | Likelihood -32.420876 | KL fp 14.2780 | FP STD 0.0168 | NFE 14.0000
KL coef: 0.08648275251635917
Train loss (one batch): 160.28335571289062
Train CE loss (one batch): 0.13538101315498352
Classification AUC (TEST): 0.5255
Test MSE: 0.0070
Poisson likelihood: 0.0
CE loss: 0.1360529363155365
NFE: 14.0000
Experiment 80047
Epoch 0020 [Test seq (cond on sampled tp)] | Loss 46.181290 | Likelihood -32.290459 | KL fp 14.4996 | FP STD 0.0184 | NFE 14.0000
KL coef: 0.09561792499119559
Train loss (one batch): 152.46559143066406
Train CE loss (one batch): 0.13539725542068481
Classification AUC (TEST): 0.5326
Test MSE: 0.0070
Poisson likelihood: 0.0
CE loss: 0.13603059947490692
NFE: 14.0000
Experiment 80047
Epoch 0021 [Test seq (cond on sampled tp)] | Loss 46.377319 | Likelihood -32.309937 | KL fp 14.8847 | FP STD 0.0197 | NFE 14.0000
KL coef: 0.10466174574128362
Train loss (one batch): 184.65249633789062
Train CE loss (one batch): 0.13539911806583405
Classification AUC (TEST): 0.5286
Test MSE: 0.0070
Poisson likelihood: 0.0
CE loss: 0.1360817551612854
NFE: 14.0000
Experiment 80047
Epoch 0022 [Test seq (cond on sampled tp)] | Loss 46.336021 | Likelihood -32.079742 | KL fp 15.3412 | FP STD 0.0169 | NFE 14.0000
KL coef: 0.11361512828387077
Train loss (one batch): 151.51669311523438
Train CE loss (one batch): 0.13544055819511414
Classification AUC (TEST): 0.5285
Test MSE: 0.0070
Poisson likelihood: 0.0
CE loss: 0.13611969351768494
NFE: 14.0000
Experiment 80047
Epoch 0023 [Test seq (cond on sampled tp)] | Loss 46.709305 | Likelihood -32.318245 | KL fp 15.3911 | FP STD 0.0232 | NFE 14.0000
KL coef: 0.12247897700103216
Train loss (one batch): 153.78819274902344
Train CE loss (one batch): 0.13536383211612701
Classification AUC (TEST): 0.5280
Test MSE: 0.0070
Poisson likelihood: 0.0
CE loss: 0.13605383038520813
NFE: 14.0000
Experiment 80047
Epoch 0024 [Test seq (cond on sampled tp)] | Loss 46.551582 | Likelihood -31.945076 | KL fp 16.0141 | FP STD 0.0183 | NFE 14.0000
KL coef: 0.13125418723102178
Train loss (one batch): 156.62747192382812
Train CE loss (one batch): 0.13534727692604065
Classification AUC (TEST): 0.5296
Test MSE: 0.0069
Poisson likelihood: 0.0
CE loss: 0.13604062795639038
NFE: 14.0000
Experiment 80047
Epoch 0025 [Test seq (cond on sampled tp)] | Loss 46.668365 | Likelihood -31.876722 | KL fp 16.3682 | FP STD 0.0172 | NFE 14.0000
KL coef: 0.13994164535871156
Train loss (one batch): 150.3771209716797
Train CE loss (one batch): 0.1353132426738739
Classification AUC (TEST): 0.5290
Test MSE: 0.0069
Poisson likelihood: 0.0
CE loss: 0.13602015376091003
NFE: 14.0000
Experiment 80047
Epoch 0026 [Test seq (cond on sampled tp)] | Loss 46.517597 | Likelihood -31.554976 | KL fp 16.5931 | FP STD 0.0148 | NFE 14.0000
KL coef: 0.14854222890512447
Train loss (one batch): 161.6424560546875
Train CE loss (one batch): 0.1352607011795044
Classification AUC (TEST): 0.5299
Test MSE: 0.0069
Poisson likelihood: 0.0
CE loss: 0.1359686255455017
NFE: 14.0000
Experiment 80047
Epoch 0027 [Test seq (cond on sampled tp)] | Loss 46.569519 | Likelihood -31.419956 | KL fp 16.8661 | FP STD 0.0150 | NFE 14.0000
KL coef: 0.15705680661607324
Train loss (one batch): 207.84408569335938
Train CE loss (one batch): 0.13526849448680878
Classification AUC (TEST): 0.5298
Test MSE: 0.0068
Poisson likelihood: 0.0
CE loss: 0.13599306344985962
NFE: 14.0000
Experiment 80047
Epoch 0028 [Test seq (cond on sampled tp)] | Loss 46.651646 | Likelihood -31.348736 | KL fp 16.9604 | FP STD 0.0158 | NFE 14.0000
KL coef: 0.1654862385499125
Train loss (one batch): 141.2931365966797
Train CE loss (one batch): 0.13525095582008362
Classification AUC (TEST): 0.5274
Test MSE: 0.0068
Poisson likelihood: 0.0
CE loss: 0.13594859838485718
NFE: 14.0000
Experiment 80047
Epoch 0029 [Test seq (cond on sampled tp)] | Loss 46.596954 | Likelihood -31.120197 | KL fp 17.1685 | FP STD 0.0166 | NFE 14.0000
KL coef: 0.17383137616441335
Train loss (one batch): 179.7696990966797
Train CE loss (one batch): 0.13519497215747833
Classification AUC (TEST): 0.5310
Test MSE: 0.0068
Poisson likelihood: 0.0
CE loss: 0.13591592013835907
NFE: 14.0000
Experiment 80047
Epoch 0030 [Test seq (cond on sampled tp)] | Loss 46.744400 | Likelihood -31.145401 | KL fp 17.0925 | FP STD 0.0204 | NFE 14.0000
KL coef: 0.18209306240276923
Train loss (one batch): 140.7124481201172
Train CE loss (one batch): 0.13513575494289398
Classification AUC (TEST): 0.5307
Test MSE: 0.0068
Poisson likelihood: 0.0
CE loss: 0.13585537672042847
NFE: 14.0000
Experiment 80047
Epoch 0031 [Test seq (cond on sampled tp)] | Loss 46.849503 | Likelihood -31.086090 | KL fp 17.2328 | FP STD 0.0198 | NFE 14.0000
KL coef: 0.19027213177874158
Train loss (one batch): 162.67002868652344
Train CE loss (one batch): 0.13513164222240448
Classification AUC (TEST): 0.5318
Test MSE: 0.0068
Poisson likelihood: 0.0
CE loss: 0.13583606481552124
NFE: 14.0000
Experiment 80047
Epoch 0032 [Test seq (cond on sampled tp)] | Loss 46.923702 | Likelihood -30.997074 | KL fp 17.3613 | FP STD 0.0211 | NFE 14.0000
KL coef: 0.19836941046095413
Train loss (one batch): 167.5264892578125
Train CE loss (one batch): 0.13512519001960754
Classification AUC (TEST): 0.5292
Test MSE: 0.0068
Poisson likelihood: 0.0
CE loss: 0.13581423461437225
NFE: 14.0000
Experiment 80047
Epoch 0033 [Test seq (cond on sampled tp)] | Loss 46.930717 | Likelihood -30.820656 | KL fp 17.5907 | FP STD 0.0196 | NFE 14.0000
KL coef: 0.20638571635634462
Train loss (one batch): 170.15493774414062
Train CE loss (one batch): 0.13503098487854004
Classification AUC (TEST): 0.5288
Test MSE: 0.0067
Poisson likelihood: 0.0
CE loss: 0.13578340411186218
NFE: 14.0000
Experiment 80047
Epoch 0034 [Test seq (cond on sampled tp)] | Loss 47.013535 | Likelihood -30.729877 | KL fp 17.7648 | FP STD 0.0178 | NFE 14.0000
KL coef: 0.21432185919278124
Train loss (one batch): 157.11807250976562
Train CE loss (one batch): 0.1350589543581009
Classification AUC (TEST): 0.5314
Test MSE: 0.0067
Poisson likelihood: 0.0
CE loss: 0.1357508897781372
NFE: 14.0000
Experiment 80047
Epoch 0035 [Test seq (cond on sampled tp)] | Loss 47.175415 | Likelihood -30.757126 | KL fp 17.7523 | FP STD 0.0208 | NFE 8.0000
KL coef: 0.22217864060085335
Train loss (one batch): 212.356201171875
Train CE loss (one batch): 0.13502344489097595
Classification AUC (TEST): 0.5305
Test MSE: 0.0067
Poisson likelihood: 0.0
CE loss: 0.13572955131530762
NFE: 8.0000
Experiment 80047
Epoch 0036 [Test seq (cond on sampled tp)] | Loss 47.234802 | Likelihood -30.649227 | KL fp 17.8862 | FP STD 0.0193 | NFE 14.0000
KL coef: 0.2299568541948449
Train loss (one batch): 147.56121826171875
Train CE loss (one batch): 0.13502074778079987
Classification AUC (TEST): 0.5293
Test MSE: 0.0067
Poisson likelihood: 0.0
CE loss: 0.13572359085083008
NFE: 14.0000
Experiment 80047
Epoch 0037 [Test seq (cond on sampled tp)] | Loss 47.301239 | Likelihood -30.583632 | KL fp 17.8548 | FP STD 0.0211 | NFE 14.0000
KL coef: 0.23765728565289646
Train loss (one batch): 139.6375732421875
Train CE loss (one batch): 0.134992316365242
Classification AUC (TEST): 0.5302
Test MSE: 0.0067
Poisson likelihood: 0.0
CE loss: 0.13573016226291656
NFE: 14.0000
Experiment 80047
Epoch 0038 [Test seq (cond on sampled tp)] | Loss 47.393589 | Likelihood -30.459652 | KL fp 18.1897 | FP STD 0.0178 | NFE 14.0000
KL coef: 0.24528071279636743
Train loss (one batch): 139.88165283203125
Train CE loss (one batch): 0.13500262796878815
Classification AUC (TEST): 0.5305
Test MSE: 0.0066
Poisson likelihood: 0.0
CE loss: 0.13571102917194366
NFE: 14.0000
Experiment 80047
Epoch 0039 [Test seq (cond on sampled tp)] | Loss 47.512329 | Likelihood -30.393841 | KL fp 18.3752 | FP STD 0.0180 | NFE 14.0000
KL coef: 0.25282790566840385
Train loss (one batch): 168.28131103515625
Train CE loss (one batch): 0.13502967357635498
Classification AUC (TEST): 0.5313
Test MSE: 0.0066
Poisson likelihood: 0.0
CE loss: 0.13571640849113464
NFE: 14.0000
Experiment 80047
Epoch 0040 [Test seq (cond on sampled tp)] | Loss 47.799675 | Likelihood -30.602058 | KL fp 18.1550 | FP STD 0.0228 | NFE 14.0000
KL coef: 0.2602996266117198
Train loss (one batch): 148.8562469482422
Train CE loss (one batch): 0.1350487768650055
Classification AUC (TEST): 0.5322
Test MSE: 0.0067
Poisson likelihood: 0.0
CE loss: 0.13570886850357056
NFE: 14.0000
Experiment 80047
Epoch 0041 [Test seq (cond on sampled tp)] | Loss 47.938629 | Likelihood -30.560171 | KL fp 18.3205 | FP STD 0.0219 | NFE 14.0000
KL coef: 0.26769663034560254
Train loss (one batch): 164.45127868652344
Train CE loss (one batch): 0.1349613070487976
Classification AUC (TEST): 0.5285
Test MSE: 0.0067
Poisson likelihood: 0.0
CE loss: 0.13572804629802704
NFE: 14.0000
Experiment 80047
Epoch 0042 [Test seq (cond on sampled tp)] | Loss 47.970646 | Likelihood -30.464436 | KL fp 18.2987 | FP STD 0.0228 | NFE 14.0000
KL coef: 0.2750196640421466
Train loss (one batch): 138.67822265625
Train CE loss (one batch): 0.1351068913936615
Classification AUC (TEST): 0.5279
Test MSE: 0.0066
Poisson likelihood: 0.0
CE loss: 0.13572554290294647
NFE: 14.0000
Experiment 80047
Epoch 0043 [Test seq (cond on sampled tp)] | Loss 48.157089 | Likelihood -30.480938 | KL fp 18.4436 | FP STD 0.0230 | NFE 8.0000
KL coef: 0.2822694674017251
Train loss (one batch): 140.8250732421875
Train CE loss (one batch): 0.13499963283538818
Classification AUC (TEST): 0.5314
Test MSE: 0.0067
Poisson likelihood: 0.0
CE loss: 0.13571658730506897
NFE: 8.0000
Experiment 80047
Epoch 0044 [Test seq (cond on sampled tp)] | Loss 48.266163 | Likelihood -30.415569 | KL fp 18.5851 | FP STD 0.0217 | NFE 8.0000
KL coef: 0.2894467727277079
Train loss (one batch): 200.82037353515625
Train CE loss (one batch): 0.1350642293691635
Classification AUC (TEST): 0.5341
Test MSE: 0.0066
Poisson likelihood: 0.0
CE loss: 0.1357003152370453
NFE: 8.0000
Experiment 80047
Epoch 0045 [Test seq (cond on sampled tp)] | Loss 48.355839 | Likelihood -30.325796 | KL fp 18.7426 | FP STD 0.0216 | NFE 14.0000
KL coef: 0.29655230500043084
Train loss (one batch): 141.59042358398438
Train CE loss (one batch): 0.13501381874084473
Classification AUC (TEST): 0.5304
Test MSE: 0.0066
Poisson likelihood: 0.0
CE loss: 0.13571558892726898
NFE: 14.0000
Experiment 80047
Epoch 0046 [Test seq (cond on sampled tp)] | Loss 48.542953 | Likelihood -30.331434 | KL fp 18.8991 | FP STD 0.0212 | NFE 8.0000
KL coef: 0.30358678195042654
Train loss (one batch): 197.696044921875
Train CE loss (one batch): 0.13502733409404755
Classification AUC (TEST): 0.5304
Test MSE: 0.0066
Poisson likelihood: 0.0
CE loss: 0.1357305347919464
NFE: 8.0000
Experiment 80047
Epoch 0047 [Test seq (cond on sampled tp)] | Loss 48.680756 | Likelihood -30.262165 | KL fp 19.1525 | FP STD 0.0190 | NFE 14.0000
KL coef: 0.3105509141309223
Train loss (one batch): 157.06884765625
Train CE loss (one batch): 0.1350327730178833
Classification AUC (TEST): 0.5320
Test MSE: 0.0066
Poisson likelihood: 0.0
CE loss: 0.13571015000343323
NFE: 14.0000
Experiment 80047
Epoch 0048 [Test seq (cond on sampled tp)] | Loss 48.855709 | Likelihood -30.282040 | KL fp 19.2141 | FP STD 0.0199 | NFE 14.0000
KL coef: 0.31744540498961304
Train loss (one batch): 144.17852783203125
Train CE loss (one batch): 0.13507285714149475
Classification AUC (TEST): 0.5328
Test MSE: 0.0066
Poisson likelihood: 0.0
CE loss: 0.1357300579547882
NFE: 14.0000
Experiment 80047
Epoch 0049 [Test seq (cond on sampled tp)] | Loss 48.988758 | Likelihood -30.253891 | KL fp 19.3081 | FP STD 0.0199 | NFE 14.0000
KL coef: 0.3242709509397169
Train loss (one batch): 159.04006958007812
Train CE loss (one batch): 0.13502171635627747
Classification AUC (TEST): 0.5304
Test MSE: 0.0066
Poisson likelihood: 0.0
CE loss: 0.13572578132152557
NFE: 14.0000
Experiment 80047
Epoch 0050 [Test seq (cond on sampled tp)] | Loss 49.286934 | Likelihood -30.469044 | KL fp 19.1556 | FP STD 0.0245 | NFE 14.0000
KL coef: 0.3310282414303197
Train loss (one batch): 151.7559814453125
Train CE loss (one batch): 0.13509275019168854
Classification AUC (TEST): 0.5302
Test MSE: 0.0066
Poisson likelihood: 0.0
CE loss: 0.13576191663742065
NFE: 14.0000
Experiment 80047
Epoch 0051 [Test seq (cond on sampled tp)] | Loss 49.364571 | Likelihood -30.374485 | KL fp 19.3008 | FP STD 0.0236 | NFE 14.0000
KL coef: 0.33771795901601653
Train loss (one batch): 152.34909057617188
Train CE loss (one batch): 0.13505034148693085
Classification AUC (TEST): 0.5324
Test MSE: 0.0066
Poisson likelihood: 0.0
CE loss: 0.13573244214057922
NFE: 14.0000
Experiment 80047
Epoch 0052 [Test seq (cond on sampled tp)] | Loss 49.478374 | Likelihood -30.311354 | KL fp 19.4441 | FP STD 0.0232 | NFE 14.0000
KL coef: 0.3443407794258564
Train loss (one batch): 214.1727294921875
Train CE loss (one batch): 0.13506360352039337
Classification AUC (TEST): 0.5342
Test MSE: 0.0066
Poisson likelihood: 0.0
CE loss: 0.13571593165397644
NFE: 14.0000
Experiment 80047
Epoch 0053 [Test seq (cond on sampled tp)] | Loss 49.530388 | Likelihood -30.202679 | KL fp 19.5340 | FP STD 0.0233 | NFE 14.0000
KL coef: 0.35089737163159784
Train loss (one batch): 139.9188995361328
Train CE loss (one batch): 0.13505162298679352
Classification AUC (TEST): 0.5321
Test MSE: 0.0066
Poisson likelihood: 0.0
CE loss: 0.1357249617576599
NFE: 14.0000
Experiment 80047
Epoch 0054 [Test seq (cond on sampled tp)] | Loss 49.801575 | Likelihood -30.305725 | KL fp 19.6520 | FP STD 0.0229 | NFE 8.0000
KL coef: 0.3573883979152819
Train loss (one batch): 202.0582275390625
Train CE loss (one batch): 0.13510999083518982
Classification AUC (TEST): 0.5345
Test MSE: 0.0066
Poisson likelihood: 0.0
CE loss: 0.13571372628211975
NFE: 8.0000
Experiment 80047
Epoch 0055 [Test seq (cond on sampled tp)] | Loss 49.834332 | Likelihood -30.104324 | KL fp 19.9368 | FP STD 0.0202 | NFE 8.0000
KL coef: 0.36381451393612907
Train loss (one batch): 213.05911254882812
Train CE loss (one batch): 0.1351209133863449
Classification AUC (TEST): 0.5320
Test MSE: 0.0066
Poisson likelihood: 0.0
CE loss: 0.13575419783592224
NFE: 8.0000
Experiment 80047
Epoch 0056 [Test seq (cond on sampled tp)] | Loss 50.047287 | Likelihood -30.211882 | KL fp 19.8925 | FP STD 0.0223 | NFE 8.0000
KL coef: 0.37017636879676774
Train loss (one batch): 209.6324462890625
Train CE loss (one batch): 0.1350565254688263
Classification AUC (TEST): 0.5370
Test MSE: 0.0066
Poisson likelihood: 0.0
CE loss: 0.13570982217788696
NFE: 8.0000
Experiment 80047
Epoch 0057 [Test seq (cond on sampled tp)] | Loss 50.185204 | Likelihood -30.140982 | KL fp 20.1048 | FP STD 0.0212 | NFE 8.0000
KL coef: 0.37647460510880004
Train loss (one batch): 203.380126953125
Train CE loss (one batch): 0.13508246839046478
Classification AUC (TEST): 0.5327
Test MSE: 0.0066
Poisson likelihood: 0.0
CE loss: 0.13574567437171936
NFE: 8.0000
Experiment 80047
Epoch 0058 [Test seq (cond on sampled tp)] | Loss 50.393814 | Likelihood -30.211119 | KL fp 20.1407 | FP STD 0.0233 | NFE 8.0000
KL coef: 0.38270985905771204
Train loss (one batch): 202.45335388183594
Train CE loss (one batch): 0.13515998423099518
Classification AUC (TEST): 0.5338
Test MSE: 0.0066
Poisson likelihood: 0.0
CE loss: 0.13574369251728058
NFE: 8.0000
Experiment 80047
Epoch 0059 [Test seq (cond on sampled tp)] | Loss 50.441929 | Likelihood -30.064835 | KL fp 20.3203 | FP STD 0.0213 | NFE 8.0000
KL coef: 0.388882760467135
Train loss (one batch): 197.17852783203125
Train CE loss (one batch): 0.135135680437088
Classification AUC (TEST): 0.5349
Test MSE: 0.0066
Poisson likelihood: 0.0
CE loss: 0.13574132323265076
NFE: 8.0000
Experiment 80047
Epoch 0060 [Test seq (cond on sampled tp)] | Loss 50.666496 | Likelihood -30.155035 | KL fp 20.3482 | FP STD 0.0237 | NFE 8.0000
KL coef: 0.39499393286246365
Train loss (one batch): 196.28749084472656
Train CE loss (one batch): 0.13505476713180542
Classification AUC (TEST): 0.5348
Test MSE: 0.0066
Poisson likelihood: 0.0
CE loss: 0.13573746383190155
NFE: 8.0000
Experiment 80047
Epoch 0061 [Test seq (cond on sampled tp)] | Loss 50.835556 | Likelihood -30.136984 | KL fp 20.5095 | FP STD 0.0234 | NFE 8.0000
KL coef: 0.401043993533839
Train loss (one batch): 205.9923095703125
Train CE loss (one batch): 0.135094553232193
Classification AUC (TEST): 0.5356
Test MSE: 0.0066
Poisson likelihood: 0.0
CE loss: 0.13572373986244202
NFE: 8.0000
Experiment 80047
Epoch 0062 [Test seq (cond on sampled tp)] | Loss 51.198933 | Likelihood -30.347044 | KL fp 20.5842 | FP STD 0.0276 | NFE 14.0000
KL coef: 0.4070335535985006
Train loss (one batch): 150.16966247558594
Train CE loss (one batch): 0.1351194679737091
Classification AUC (TEST): 0.5359
Test MSE: 0.0066
Poisson likelihood: 0.0
CE loss: 0.1357303261756897
NFE: 14.0000
Experiment 80047
Epoch 0063 [Test seq (cond on sampled tp)] | Loss 51.393002 | Likelihood -30.397678 | KL fp 20.6337 | FP STD 0.0279 | NFE 14.0000
KL coef: 0.41296321806251557
Train loss (one batch): 150.08079528808594
Train CE loss (one batch): 0.13507767021656036
Classification AUC (TEST): 0.5381
Test MSE: 0.0066
Poisson likelihood: 0.0
CE loss: 0.13574013113975525
NFE: 14.0000
Experiment 80047
Epoch 0064 [Test seq (cond on sampled tp)] | Loss 51.514404 | Likelihood -30.359585 | KL fp 20.7286 | FP STD 0.0269 | NFE 14.0000
KL coef: 0.41883358588189046
Train loss (one batch): 164.76397705078125
Train CE loss (one batch): 0.13512268662452698
Classification AUC (TEST): 0.5395
Test MSE: 0.0066
Poisson likelihood: 0.0
CE loss: 0.13571776449680328
NFE: 14.0000
Experiment 80047
Epoch 0065 [Test seq (cond on sampled tp)] | Loss 51.599861 | Likelihood -30.258060 | KL fp 20.8741 | FP STD 0.0280 | NFE 8.0000
KL coef: 0.4246452500230715
Train loss (one batch): 202.03408813476562
Train CE loss (one batch): 0.1352045089006424
Classification AUC (TEST): 0.5326
Test MSE: 0.0066
Poisson likelihood: 0.0
CE loss: 0.13576790690422058
NFE: 8.0000
Experiment 80047
Epoch 0066 [Test seq (cond on sampled tp)] | Loss 51.864815 | Likelihood -30.369741 | KL fp 20.9614 | FP STD 0.0284 | NFE 8.0000
KL coef: 0.4303987975228408
Train loss (one batch): 142.755615234375
Train CE loss (one batch): 0.13511553406715393
Classification AUC (TEST): 0.5353
Test MSE: 0.0066
Poisson likelihood: 0.0
CE loss: 0.13575312495231628
NFE: 8.0000
Experiment 80047
Epoch 0067 [Test seq (cond on sampled tp)] | Loss 51.931156 | Likelihood -30.211456 | KL fp 21.1972 | FP STD 0.0265 | NFE 8.0000
KL coef: 0.4360948095476125
Train loss (one batch): 207.63613891601562
Train CE loss (one batch): 0.13509328663349152
Classification AUC (TEST): 0.5371
Test MSE: 0.0066
Poisson likelihood: 0.0
CE loss: 0.13574644923210144
NFE: 8.0000
Experiment 80047
Epoch 0068 [Test seq (cond on sampled tp)] | Loss 52.085197 | Likelihood -30.226395 | KL fp 21.2435 | FP STD 0.0272 | NFE 8.0000
KL coef: 0.44173386145213633
Train loss (one batch): 203.802001953125
Train CE loss (one batch): 0.13514287769794464
Classification AUC (TEST): 0.5371
Test MSE: 0.0066
Poisson likelihood: 0.0
CE loss: 0.13573643565177917
NFE: 8.0000
Experiment 80047
Epoch 0069 [Test seq (cond on sampled tp)] | Loss 52.304329 | Likelihood -30.260221 | KL fp 21.3901 | FP STD 0.0270 | NFE 8.0000
KL coef: 0.4473165228376149
Train loss (one batch): 216.3614501953125
Train CE loss (one batch): 0.1351783573627472
Classification AUC (TEST): 0.5345
Test MSE: 0.0066
Poisson likelihood: 0.0
CE loss: 0.13575929403305054
NFE: 8.0000
Experiment 80047
Epoch 0070 [Test seq (cond on sampled tp)] | Loss 52.397217 | Likelihood -30.130392 | KL fp 21.6202 | FP STD 0.0253 | NFE 8.0000
KL coef: 0.4528433576092388
Train loss (one batch): 212.92543029785156
Train CE loss (one batch): 0.13520032167434692
Classification AUC (TEST): 0.5375
Test MSE: 0.0066
Poisson likelihood: 0.0
CE loss: 0.13575416803359985
NFE: 8.0000
Experiment 80047
Epoch 0071 [Test seq (cond on sampled tp)] | Loss 52.569626 | Likelihood -30.168133 | KL fp 21.6530 | FP STD 0.0265 | NFE 8.0000
KL coef: 0.45831492403314644
Train loss (one batch): 212.4457244873047
Train CE loss (one batch): 0.1350654661655426
Classification AUC (TEST): 0.5347
Test MSE: 0.0066
Poisson likelihood: 0.0
CE loss: 0.13576465845108032
NFE: 8.0000
Experiment 80047
Epoch 0072 [Test seq (cond on sampled tp)] | Loss 52.686184 | Likelihood -30.113930 | KL fp 21.7688 | FP STD 0.0259 | NFE 8.0000
KL coef: 0.463731774792815
Train loss (one batch): 196.30323791503906
Train CE loss (one batch): 0.13518530130386353
Classification AUC (TEST): 0.5350
Test MSE: 0.0066
Poisson likelihood: 0.0
CE loss: 0.13576316833496094
NFE: 8.0000
Experiment 80047
Epoch 0073 [Test seq (cond on sampled tp)] | Loss 53.170486 | Likelihood -30.443457 | KL fp 21.8558 | FP STD 0.0288 | NFE 8.0000
KL coef: 0.46909445704488684
Train loss (one batch): 215.83030700683594
Train CE loss (one batch): 0.13513338565826416
Classification AUC (TEST): 0.5394
Test MSE: 0.0066
Poisson likelihood: 0.0
CE loss: 0.13573682308197021
NFE: 8.0000
Experiment 80047
Epoch 0074 [Test seq (cond on sampled tp)] | Loss 53.213768 | Likelihood -30.314342 | KL fp 21.9675 | FP STD 0.0276 | NFE 8.0000
KL coef: 0.474403512474438
Train loss (one batch): 206.67965698242188
Train CE loss (one batch): 0.1351897120475769
Classification AUC (TEST): 0.5377
Test MSE: 0.0066
Poisson likelihood: 0.0
CE loss: 0.1357705146074295
NFE: 8.0000
Experiment 80047
Epoch 0075 [Test seq (cond on sampled tp)] | Loss 53.357243 | Likelihood -30.272938 | KL fp 22.1139 | FP STD 0.0265 | NFE 8.0000
KL coef: 0.4796594773496936
Train loss (one batch): 210.30503845214844
Train CE loss (one batch): 0.13514111936092377
Classification AUC (TEST): 0.5357
Test MSE: 0.0066
Poisson likelihood: 0.0
CE loss: 0.1357705295085907
NFE: 8.0000
Experiment 80047
Epoch 0076 [Test seq (cond on sampled tp)] | Loss 53.484146 | Likelihood -30.244604 | KL fp 22.1938 | FP STD 0.0285 | NFE 14.0000
KL coef: 0.4848628825761967
Train loss (one batch): 144.4908447265625
Train CE loss (one batch): 0.13529330492019653
Classification AUC (TEST): 0.5369
Test MSE: 0.0066
Poisson likelihood: 0.0
CE loss: 0.13577765226364136
NFE: 14.0000
Experiment 80047
Epoch 0077 [Test seq (cond on sampled tp)] | Loss 53.748165 | Likelihood -30.383213 | KL fp 22.2161 | FP STD 0.0291 | NFE 14.0000
KL coef: 0.4900142537504347
Train loss (one batch): 165.3997802734375
Train CE loss (one batch): 0.13523103296756744
Classification AUC (TEST): 0.5344
Test MSE: 0.0066
Poisson likelihood: 0.0
CE loss: 0.13577529788017273
NFE: 14.0000
Experiment 80047
Epoch 0078 [Test seq (cond on sampled tp)] | Loss 53.888958 | Likelihood -30.388184 | KL fp 22.2600 | FP STD 0.0302 | NFE 8.0000
KL coef: 0.49511411121293036
Train loss (one batch): 216.1443634033203
Train CE loss (one batch): 0.1352885216474533
Classification AUC (TEST): 0.5351
Test MSE: 0.0066
Poisson likelihood: 0.0
CE loss: 0.13580787181854248
NFE: 8.0000
Experiment 80047
Epoch 0079 [Test seq (cond on sampled tp)] | Loss 54.081470 | Likelihood -30.396168 | KL fp 22.4044 | FP STD 0.0300 | NFE 14.0000
KL coef: 0.500162970100801
Train loss (one batch): 191.5619354248047
Train CE loss (one batch): 0.135179340839386
Classification AUC (TEST): 0.5315
Test MSE: 0.0066
Poisson likelihood: 0.0
CE loss: 0.13578356802463531
NFE: 14.0000
Experiment 80047
Epoch 0080 [Test seq (cond on sampled tp)] | Loss 54.310760 | Likelihood -30.523300 | KL fp 22.3878 | FP STD 0.0318 | NFE 14.0000
KL coef: 0.505161340399793
Train loss (one batch): 191.58248901367188
Train CE loss (one batch): 0.1352776288986206
Classification AUC (TEST): 0.5355
Test MSE: 0.0067
Poisson likelihood: 0.0
CE loss: 0.13577178120613098
NFE: 14.0000
Experiment 80047
Epoch 0081 [Test seq (cond on sampled tp)] | Loss 54.215195 | Likelihood -30.260509 | KL fp 22.5014 | FP STD 0.0290 | NFE 8.0000
KL coef: 0.510109726995795
Train loss (one batch): 201.03555297851562
Train CE loss (one batch): 0.13523909449577332
Classification AUC (TEST): 0.5399
Test MSE: 0.0066
Poisson likelihood: 0.0
CE loss: 0.13576769828796387
NFE: 8.0000
Experiment 80047
Epoch 0082 [Test seq (cond on sampled tp)] | Loss 54.378868 | Likelihood -30.238134 | KL fp 22.6421 | FP STD 0.0274 | NFE 8.0000
KL coef: 0.5150086297258372
Train loss (one batch): 203.0056915283203
Train CE loss (one batch): 0.13526272773742676
Classification AUC (TEST): 0.5321
Test MSE: 0.0066
Poisson likelihood: 0.0
CE loss: 0.13579638302326202
NFE: 8.0000
Experiment 80047
Epoch 0083 [Test seq (cond on sampled tp)] | Loss 54.449360 | Likelihood -30.251104 | KL fp 22.5424 | FP STD 0.0292 | NFE 14.0000
KL coef: 0.5198585434285787
Train loss (one batch): 145.37318420410156
Train CE loss (one batch): 0.135197713971138
Classification AUC (TEST): 0.5370
Test MSE: 0.0066
Poisson likelihood: 0.0
CE loss: 0.13579921424388885
NFE: 14.0000
Experiment 80047
Epoch 0084 [Test seq (cond on sampled tp)] | Loss 54.484428 | Likelihood -30.153202 | KL fp 22.5921 | FP STD 0.0274 | NFE 8.0000
KL coef: 0.524659957994293
Train loss (one batch): 207.65000915527344
Train CE loss (one batch): 0.13520365953445435
Classification AUC (TEST): 0.5346
Test MSE: 0.0066
Poisson likelihood: 0.0
CE loss: 0.13577836751937866
NFE: 8.0000
Experiment 80047
Epoch 0085 [Test seq (cond on sampled tp)] | Loss 54.647377 | Likelihood -30.173302 | KL fp 22.6622 | FP STD 0.0264 | NFE 8.0000
KL coef: 0.5294133584143501
Train loss (one batch): 194.03948974609375
Train CE loss (one batch): 0.13530761003494263
Classification AUC (TEST): 0.5368
Test MSE: 0.0066
Poisson likelihood: 0.0
CE loss: 0.13576853275299072
NFE: 8.0000
Experiment 80047
Epoch 0086 [Test seq (cond on sampled tp)] | Loss 54.675125 | Likelihood -30.095425 | KL fp 22.6536 | FP STD 0.0264 | NFE 14.0000
KL coef: 0.5341192248302067
Train loss (one batch): 195.95266723632812
Train CE loss (one batch): 0.13529516756534576
Classification AUC (TEST): 0.5360
Test MSE: 0.0066
Poisson likelihood: 0.0
CE loss: 0.1357884407043457
NFE: 14.0000
Experiment 80047
Epoch 0087 [Test seq (cond on sampled tp)] | Loss 54.861229 | Likelihood -30.224142 | KL fp 22.5672 | FP STD 0.0272 | NFE 8.0000
KL coef: 0.5387780325819045
Train loss (one batch): 210.3570556640625
Train CE loss (one batch): 0.13529369235038757
Classification AUC (TEST): 0.5372
Test MSE: 0.0066
Poisson likelihood: 0.0
CE loss: 0.13577458262443542
NFE: 8.0000
Experiment 80047
Epoch 0088 [Test seq (cond on sampled tp)] | Loss 54.822655 | Likelihood -30.062529 | KL fp 22.6059 | FP STD 0.0270 | NFE 14.0000
KL coef: 0.5433902522560855
Train loss (one batch): 155.253173828125
Train CE loss (one batch): 0.1352272778749466
Classification AUC (TEST): 0.5390
Test MSE: 0.0066
Poisson likelihood: 0.0
CE loss: 0.13575197756290436
NFE: 14.0000
Experiment 80047
Epoch 0089 [Test seq (cond on sampled tp)] | Loss 54.916241 | Likelihood -30.031082 | KL fp 22.6395 | FP STD 0.0263 | NFE 8.0000
KL coef: 0.5479563497335247
Train loss (one batch): 206.59765625
Train CE loss (one batch): 0.13524079322814941
Classification AUC (TEST): 0.5324
Test MSE: 0.0066
Poisson likelihood: 0.0
CE loss: 0.13579627871513367
NFE: 8.0000
Experiment 80047
Epoch 0090 [Test seq (cond on sampled tp)] | Loss 55.125275 | Likelihood -30.112995 | KL fp 22.6852 | FP STD 0.0257 | NFE 8.0000
KL coef: 0.5524767862361895
Train loss (one batch): 204.56825256347656
Train CE loss (one batch): 0.13524127006530762
Classification AUC (TEST): 0.5365
Test MSE: 0.0066
Poisson likelihood: 0.0
CE loss: 0.13578632473945618
NFE: 8.0000
Experiment 80047
Epoch 0091 [Test seq (cond on sampled tp)] | Loss 55.122581 | Likelihood -30.042356 | KL fp 22.6164 | FP STD 0.0271 | NFE 14.0000
KL coef: 0.5569520183738275
Train loss (one batch): 155.9406280517578
Train CE loss (one batch): 0.1353856325149536
Classification AUC (TEST): 0.5384
Test MSE: 0.0066
Poisson likelihood: 0.0
CE loss: 0.13584105670452118
NFE: 14.0000
Experiment 80047
Epoch 0092 [Test seq (cond on sampled tp)] | Loss 55.203030 | Likelihood -30.024059 | KL fp 22.6236 | FP STD 0.0270 | NFE 8.0000
KL coef: 0.5613824981900892
Train loss (one batch): 145.6177520751953
Train CE loss (one batch): 0.135213702917099
Classification AUC (TEST): 0.5340
Test MSE: 0.0066
Poisson likelihood: 0.0
CE loss: 0.13577723503112793
NFE: 8.0000
Experiment 80047
Epoch 0093 [Test seq (cond on sampled tp)] | Loss 55.282619 | Likelihood -29.967228 | KL fp 22.6890 | FP STD 0.0263 | NFE 8.0000
KL coef: 0.5657686732081884
Train loss (one batch): 210.144287109375
Train CE loss (one batch): 0.13522200286388397
Classification AUC (TEST): 0.5338
Test MSE: 0.0065
Poisson likelihood: 0.0
CE loss: 0.13578036427497864
NFE: 8.0000
Experiment 80047
Epoch 0094 [Test seq (cond on sampled tp)] | Loss 55.422436 | Likelihood -29.958298 | KL fp 22.7827 | FP STD 0.0248 | NFE 8.0000
KL coef: 0.5701109864761065
Train loss (one batch): 210.73912048339844
Train CE loss (one batch): 0.1353306770324707
Classification AUC (TEST): 0.5401
Test MSE: 0.0065
Poisson likelihood: 0.0
CE loss: 0.1357538104057312
NFE: 8.0000
Experiment 80047
Epoch 0095 [Test seq (cond on sampled tp)] | Loss 55.571449 | Likelihood -30.014400 | KL fp 22.7744 | FP STD 0.0254 | NFE 14.0000
KL coef: 0.5744098766113455
Train loss (one batch): 157.40550231933594
Train CE loss (one batch): 0.1353340446949005
Classification AUC (TEST): 0.5390
Test MSE: 0.0066
Poisson likelihood: 0.0
CE loss: 0.1357658952474594
NFE: 14.0000
Experiment 80047
Epoch 0096 [Test seq (cond on sampled tp)] | Loss 55.557083 | Likelihood -29.927435 | KL fp 22.7261 | FP STD 0.0258 | NFE 8.0000
KL coef: 0.578665777845232
Train loss (one batch): 205.74073791503906
Train CE loss (one batch): 0.13523918390274048
Classification AUC (TEST): 0.5357
Test MSE: 0.0065
Poisson likelihood: 0.0
CE loss: 0.1357753723859787
NFE: 8.0000
Experiment 80047
Epoch 0097 [Test seq (cond on sampled tp)] | Loss 55.592556 | Likelihood -29.775305 | KL fp 22.8785 | FP STD 0.0232 | NFE 8.0000
KL coef: 0.5828791200667797
Train loss (one batch): 207.9683837890625
Train CE loss (one batch): 0.13525226712226868
Classification AUC (TEST): 0.5363
Test MSE: 0.0065
Poisson likelihood: 0.0
CE loss: 0.1358075588941574
NFE: 8.0000
Experiment 80047
Epoch 0098 [Test seq (cond on sampled tp)] | Loss 55.826210 | Likelihood -29.913498 | KL fp 22.8829 | FP STD 0.0243 | NFE 8.0000
KL coef: 0.5870503288661119
Train loss (one batch): 217.810302734375
Train CE loss (one batch): 0.13532206416130066
Classification AUC (TEST): 0.5379
Test MSE: 0.0065
Poisson likelihood: 0.0
CE loss: 0.1357799768447876
NFE: 8.0000
Experiment 80047
Epoch 0099 [Test seq (cond on sampled tp)] | Loss 55.931923 | Likelihood -29.919065 | KL fp 22.8880 | FP STD 0.0252 | NFE 8.0000
KL coef: 0.5911798255774507
Train loss (one batch): 210.6935577392578
Train CE loss (one batch): 0.13529615104198456
Classification AUC (TEST): 0.5383
Test MSE: 0.0065
Poisson likelihood: 0.0
CE loss: 0.1358095407485962
NFE: 8.0000
Experiment 80047
Epoch 0100 [Test seq (cond on sampled tp)] | Loss 56.050583 | Likelihood -29.984854 | KL fp 22.8218 | FP STD 0.0263 | NFE 8.0000
KL coef: 0.5952680273216762
Train loss (one batch): 219.00953674316406
Train CE loss (one batch): 0.13532787561416626
Classification AUC (TEST): 0.5350
Test MSE: 0.0066
Poisson likelihood: 0.0
CE loss: 0.1358107626438141
NFE: 8.0000
