/home/bigdyl/soyoung/gpu1/latent_ode/run_models.py
run_models.py --niters 100 -n 8000 -l 20 --latent-ode --z0-encoder rnn --dataset physionet --rec-dims 40 --rec-layers 3 --gen-layers 3 --units 50 --gru-units 50 --quantization 0.016 --classif --reg_dopri 3 --reg_kinetic 0 --gpu 1
Experiment 72604
Epoch 0001 [Test seq (cond on sampled tp)] | Loss 76.885582 | Likelihood -49.472153 | KL fp 4.2025 | FP STD 0.0165 | NFE 14.0000
KL coef: 0.0
Train loss (one batch): 72.16072845458984
Train CE loss (one batch): 0.13530971109867096
Classification AUC (TEST): 0.5386
Test MSE: 0.0104
Poisson likelihood: 0.0
CE loss: 0.13581609725952148
NFE: 14.0000
Experiment 72604
Epoch 0002 [Test seq (cond on sampled tp)] | Loss 59.779945 | Likelihood -34.634754 | KL fp 4.5205 | FP STD 0.0122 | NFE 14.0000
KL coef: 0.0
Train loss (one batch): 56.29087448120117
Train CE loss (one batch): 0.13279351592063904
Classification AUC (TEST): 0.5279
Test MSE: 0.0075
Poisson likelihood: 0.0
CE loss: 0.135771244764328
NFE: 14.0000
Experiment 72604
Epoch 0003 [Test seq (cond on sampled tp)] | Loss 56.732346 | Likelihood -32.400345 | KL fp 4.5906 | FP STD 0.0113 | NFE 14.0000
KL coef: 0.0
Train loss (one batch): 52.559852600097656
Train CE loss (one batch): 0.1314954161643982
Classification AUC (TEST): 0.5416
Test MSE: 0.0070
Poisson likelihood: 0.0
CE loss: 0.13528475165367126
NFE: 14.0000
Experiment 72604
Epoch 0004 [Test seq (cond on sampled tp)] | Loss 52.366203 | Likelihood -29.799393 | KL fp 4.8946 | FP STD 0.0092 | NFE 14.0000
KL coef: 0.0
Train loss (one batch): 49.43669891357422
Train CE loss (one batch): 0.13157889246940613
Classification AUC (TEST): 0.5480
Test MSE: 0.0065
Poisson likelihood: 0.0
CE loss: 0.13516244292259216
NFE: 14.0000
Experiment 72604
Epoch 0005 [Test seq (cond on sampled tp)] | Loss 49.217201 | Likelihood -27.434338 | KL fp 4.7952 | FP STD 0.0102 | NFE 14.0000
KL coef: 0.0
Train loss (one batch): 46.307586669921875
Train CE loss (one batch): 0.1308310478925705
Classification AUC (TEST): 0.5759
Test MSE: 0.0060
Poisson likelihood: 0.0
CE loss: 0.13459032773971558
NFE: 14.0000
Experiment 72604
Epoch 0006 [Test seq (cond on sampled tp)] | Loss 47.764980 | Likelihood -26.148415 | KL fp 4.8495 | FP STD 0.0093 | NFE 14.0000
KL coef: 0.0
Train loss (one batch): 43.71855926513672
Train CE loss (one batch): 0.12635427713394165
Classification AUC (TEST): 0.5946
Test MSE: 0.0058
Poisson likelihood: 0.0
CE loss: 0.1336592435836792
NFE: 14.0000
Experiment 72604
Epoch 0007 [Test seq (cond on sampled tp)] | Loss 47.008522 | Likelihood -25.653259 | KL fp 4.9827 | FP STD 0.0085 | NFE 14.0000
KL coef: 0.0
Train loss (one batch): 42.66530227661133
Train CE loss (one batch): 0.12445496767759323
Classification AUC (TEST): 0.5998
Test MSE: 0.0057
Poisson likelihood: 0.0
CE loss: 0.13390477001667023
NFE: 14.0000
Experiment 72604
Epoch 0008 [Test seq (cond on sampled tp)] | Loss 46.973534 | Likelihood -25.390850 | KL fp 4.9508 | FP STD 0.0089 | NFE 14.0000
KL coef: 0.0
Train loss (one batch): 41.996063232421875
Train CE loss (one batch): 0.12243624776601791
Classification AUC (TEST): 0.5986
Test MSE: 0.0056
Poisson likelihood: 0.0
CE loss: 0.1339220255613327
NFE: 14.0000
Experiment 72604
Epoch 0009 [Test seq (cond on sampled tp)] | Loss 45.524513 | Likelihood -25.262848 | KL fp 4.8178 | FP STD 0.0099 | NFE 14.0000
KL coef: 0.0
Train loss (one batch): 41.430301666259766
Train CE loss (one batch): 0.12111427634954453
Classification AUC (TEST): 0.6018
Test MSE: 0.0056
Poisson likelihood: 0.0
CE loss: 0.1337519884109497
NFE: 14.0000
Experiment 72604
Epoch 0010 [Test seq (cond on sampled tp)] | Loss 45.848518 | Likelihood -25.106739 | KL fp 5.0018 | FP STD 0.0080 | NFE 14.0000
KL coef: 0.0
Train loss (one batch): 40.98771286010742
Train CE loss (one batch): 0.12114472687244415
Classification AUC (TEST): 0.6043
Test MSE: 0.0056
Poisson likelihood: 0.0
CE loss: 0.13372597098350525
NFE: 14.0000
Experiment 72604
Epoch 0011 [Test seq (cond on sampled tp)] | Loss 45.164024 | Likelihood -24.995214 | KL fp 5.0807 | FP STD 0.0079 | NFE 14.0000
KL coef: 0.010000000000000009
Train loss (one batch): 40.51271057128906
Train CE loss (one batch): 0.12051010131835938
Classification AUC (TEST): 0.6088
Test MSE: 0.0056
Poisson likelihood: 0.0
CE loss: 0.13352972269058228
NFE: 14.0000
Experiment 72604
Epoch 0012 [Test seq (cond on sampled tp)] | Loss 45.331928 | Likelihood -25.078415 | KL fp 4.5620 | FP STD 0.0132 | NFE 14.0000
KL coef: 0.01990000000000003
Train loss (one batch): 40.53970718383789
Train CE loss (one batch): 0.12103410810232162
Classification AUC (TEST): 0.6092
Test MSE: 0.0056
Poisson likelihood: 0.0
CE loss: 0.1336178332567215
NFE: 14.0000
Experiment 72604
Epoch 0013 [Test seq (cond on sampled tp)] | Loss 46.169258 | Likelihood -24.955639 | KL fp 4.7172 | FP STD 0.0120 | NFE 14.0000
KL coef: 0.029700999999999977
Train loss (one batch): 41.26145935058594
Train CE loss (one batch): 0.1203877180814743
Classification AUC (TEST): 0.6085
Test MSE: 0.0055
Poisson likelihood: 0.0
CE loss: 0.13379555940628052
NFE: 14.0000
Experiment 72604
Epoch 0014 [Test seq (cond on sampled tp)] | Loss 45.828156 | Likelihood -24.945507 | KL fp 4.7203 | FP STD 0.0112 | NFE 14.0000
KL coef: 0.039403990000000055
Train loss (one batch): 40.52001190185547
Train CE loss (one batch): 0.11954083293676376
Classification AUC (TEST): 0.6131
Test MSE: 0.0055
Poisson likelihood: 0.0
CE loss: 0.13350892066955566
NFE: 14.0000
Experiment 72604
Epoch 0015 [Test seq (cond on sampled tp)] | Loss 47.589798 | Likelihood -26.616293 | KL fp 4.1540 | FP STD 0.0263 | NFE 14.0000
KL coef: 0.04900995010000009
Train loss (one batch): 41.86709976196289
Train CE loss (one batch): 0.12131603807210922
Classification AUC (TEST): 0.6038
Test MSE: 0.0059
Poisson likelihood: 0.0
CE loss: 0.13457177579402924
NFE: 14.0000
Experiment 72604
Epoch 0016 [Test seq (cond on sampled tp)] | Loss 46.428886 | Likelihood -25.474234 | KL fp 4.4010 | FP STD 0.0191 | NFE 14.0000
KL coef: 0.058519850599
Train loss (one batch): 39.554691314697266
Train CE loss (one batch): 0.1211901530623436
Classification AUC (TEST): 0.6121
Test MSE: 0.0056
Poisson likelihood: 0.0
CE loss: 0.13410881161689758
NFE: 14.0000
Experiment 72604
Epoch 0017 [Test seq (cond on sampled tp)] | Loss 45.081551 | Likelihood -25.101532 | KL fp 4.5522 | FP STD 0.0156 | NFE 14.0000
KL coef: 0.06793465209301008
Train loss (one batch): 40.116004943847656
Train CE loss (one batch): 0.1215638518333435
Classification AUC (TEST): 0.6183
Test MSE: 0.0056
Poisson likelihood: 0.0
CE loss: 0.13346564769744873
NFE: 14.0000
Experiment 72604
Epoch 0018 [Test seq (cond on sampled tp)] | Loss 44.702301 | Likelihood -25.069778 | KL fp 4.4324 | FP STD 0.0170 | NFE 14.0000
KL coef: 0.07725530557207994
Train loss (one batch): 39.718318939208984
Train CE loss (one batch): 0.12115953862667084
Classification AUC (TEST): 0.6177
Test MSE: 0.0056
Poisson likelihood: 0.0
CE loss: 0.13345564901828766
NFE: 14.0000
Experiment 72604
Epoch 0019 [Test seq (cond on sampled tp)] | Loss 44.987854 | Likelihood -25.563652 | KL fp 3.9668 | FP STD 0.0256 | NFE 14.0000
KL coef: 0.08648275251635917
Train loss (one batch): 40.20833969116211
Train CE loss (one batch): 0.12003223598003387
Classification AUC (TEST): 0.6189
Test MSE: 0.0057
Poisson likelihood: 0.0
CE loss: 0.13310743868350983
NFE: 14.0000
Experiment 72604
Epoch 0020 [Test seq (cond on sampled tp)] | Loss 44.656593 | Likelihood -25.462555 | KL fp 4.3099 | FP STD 0.0207 | NFE 14.0000
KL coef: 0.09561792499119559
Train loss (one batch): 39.37983322143555
Train CE loss (one batch): 0.11847351491451263
Classification AUC (TEST): 0.6146
Test MSE: 0.0056
Poisson likelihood: 0.0
CE loss: 0.13318662345409393
NFE: 14.0000
Experiment 72604
Epoch 0021 [Test seq (cond on sampled tp)] | Loss 44.558800 | Likelihood -25.120527 | KL fp 4.5048 | FP STD 0.0173 | NFE 14.0000
KL coef: 0.10466174574128362
Train loss (one batch): 39.15904998779297
Train CE loss (one batch): 0.11794044077396393
Classification AUC (TEST): 0.6164
Test MSE: 0.0056
Poisson likelihood: 0.0
CE loss: 0.13296717405319214
NFE: 14.0000
Experiment 72604
Epoch 0022 [Test seq (cond on sampled tp)] | Loss 44.102352 | Likelihood -25.016888 | KL fp 4.5009 | FP STD 0.0159 | NFE 14.0000
KL coef: 0.11361512828387077
Train loss (one batch): 38.762271881103516
Train CE loss (one batch): 0.11765288561582565
Classification AUC (TEST): 0.6208
Test MSE: 0.0056
Poisson likelihood: 0.0
CE loss: 0.13263019919395447
NFE: 14.0000
Experiment 72604
Epoch 0023 [Test seq (cond on sampled tp)] | Loss 44.319920 | Likelihood -24.927612 | KL fp 4.4759 | FP STD 0.0160 | NFE 14.0000
KL coef: 0.12247897700103216
Train loss (one batch): 38.580413818359375
Train CE loss (one batch): 0.1179037019610405
Classification AUC (TEST): 0.6232
Test MSE: 0.0055
Poisson likelihood: 0.0
CE loss: 0.13248851895332336
NFE: 14.0000
Experiment 72604
Epoch 0024 [Test seq (cond on sampled tp)] | Loss 43.889400 | Likelihood -24.905973 | KL fp 4.3664 | FP STD 0.0170 | NFE 14.0000
KL coef: 0.13125418723102178
Train loss (one batch): 38.47710037231445
Train CE loss (one batch): 0.11673042178153992
Classification AUC (TEST): 0.6193
Test MSE: 0.0055
Poisson likelihood: 0.0
CE loss: 0.13280761241912842
NFE: 14.0000
Experiment 72604
Epoch 0025 [Test seq (cond on sampled tp)] | Loss 44.110043 | Likelihood -25.020498 | KL fp 4.2231 | FP STD 0.0195 | NFE 14.0000
KL coef: 0.13994164535871156
Train loss (one batch): 38.76710510253906
Train CE loss (one batch): 0.11656423658132553
Classification AUC (TEST): 0.6240
Test MSE: 0.0056
Poisson likelihood: 0.0
CE loss: 0.13258600234985352
NFE: 14.0000
Experiment 72604
Epoch 0026 [Test seq (cond on sampled tp)] | Loss 44.243393 | Likelihood -24.913513 | KL fp 4.2243 | FP STD 0.0180 | NFE 14.0000
KL coef: 0.14854222890512447
Train loss (one batch): 38.71064758300781
Train CE loss (one batch): 0.1173897311091423
Classification AUC (TEST): 0.6209
Test MSE: 0.0055
Poisson likelihood: 0.0
CE loss: 0.13277754187583923
NFE: 14.0000
Experiment 72604
Epoch 0027 [Test seq (cond on sampled tp)] | Loss 43.667671 | Likelihood -24.825233 | KL fp 4.2858 | FP STD 0.0166 | NFE 14.0000
KL coef: 0.15705680661607324
Train loss (one batch): 37.91151428222656
Train CE loss (one batch): 0.11504124104976654
Classification AUC (TEST): 0.6216
Test MSE: 0.0055
Poisson likelihood: 0.0
CE loss: 0.13279815018177032
NFE: 14.0000
Experiment 72604
Epoch 0028 [Test seq (cond on sampled tp)] | Loss 44.174751 | Likelihood -24.763477 | KL fp 4.4362 | FP STD 0.0146 | NFE 14.0000
KL coef: 0.1654862385499125
Train loss (one batch): 37.73064422607422
Train CE loss (one batch): 0.11590396612882614
Classification AUC (TEST): 0.6229
Test MSE: 0.0055
Poisson likelihood: 0.0
CE loss: 0.13296689093112946
NFE: 14.0000
Experiment 72604
Epoch 0029 [Test seq (cond on sampled tp)] | Loss 43.719692 | Likelihood -24.824570 | KL fp 4.2844 | FP STD 0.0163 | NFE 14.0000
KL coef: 0.17383137616441335
Train loss (one batch): 38.343284606933594
Train CE loss (one batch): 0.11622287333011627
Classification AUC (TEST): 0.6240
Test MSE: 0.0055
Poisson likelihood: 0.0
CE loss: 0.1329565942287445
NFE: 14.0000
Experiment 72604
Epoch 0030 [Test seq (cond on sampled tp)] | Loss 43.391102 | Likelihood -24.742094 | KL fp 4.3991 | FP STD 0.0150 | NFE 14.0000
KL coef: 0.18209306240276923
Train loss (one batch): 38.09782028198242
Train CE loss (one batch): 0.11591800302267075
Classification AUC (TEST): 0.6255
Test MSE: 0.0055
Poisson likelihood: 0.0
CE loss: 0.1329621970653534
NFE: 14.0000
Experiment 72604
Epoch 0031 [Test seq (cond on sampled tp)] | Loss 43.674240 | Likelihood -24.735998 | KL fp 4.2780 | FP STD 0.0155 | NFE 14.0000
KL coef: 0.19027213177874158
Train loss (one batch): 37.946044921875
Train CE loss (one batch): 0.11522096395492554
Classification AUC (TEST): 0.6246
Test MSE: 0.0055
Poisson likelihood: 0.0
CE loss: 0.13303709030151367
NFE: 14.0000
Experiment 72604
Epoch 0032 [Test seq (cond on sampled tp)] | Loss 43.370224 | Likelihood -24.695019 | KL fp 4.3373 | FP STD 0.0145 | NFE 14.0000
KL coef: 0.19836941046095413
Train loss (one batch): 37.71320724487305
Train CE loss (one batch): 0.11598774790763855
Classification AUC (TEST): 0.6270
Test MSE: 0.0055
Poisson likelihood: 0.0
CE loss: 0.13300767540931702
NFE: 14.0000
Experiment 72604
Epoch 0033 [Test seq (cond on sampled tp)] | Loss 43.401360 | Likelihood -24.688284 | KL fp 4.5352 | FP STD 0.0129 | NFE 14.0000
KL coef: 0.20638571635634462
Train loss (one batch): 37.76301193237305
Train CE loss (one batch): 0.11441946029663086
Classification AUC (TEST): 0.6257
Test MSE: 0.0055
Poisson likelihood: 0.0
CE loss: 0.13325093686580658
NFE: 14.0000
Experiment 72604
Epoch 0034 [Test seq (cond on sampled tp)] | Loss 43.303417 | Likelihood -24.680655 | KL fp 4.4056 | FP STD 0.0136 | NFE 14.0000
KL coef: 0.21432185919278124
Train loss (one batch): 37.46814727783203
Train CE loss (one batch): 0.11514847725629807
Classification AUC (TEST): 0.6264
Test MSE: 0.0055
Poisson likelihood: 0.0
CE loss: 0.13333868980407715
NFE: 14.0000
Experiment 72604
Epoch 0035 [Test seq (cond on sampled tp)] | Loss 43.508331 | Likelihood -24.659277 | KL fp 4.3627 | FP STD 0.0140 | NFE 14.0000
KL coef: 0.22217864060085335
Train loss (one batch): 37.658233642578125
Train CE loss (one batch): 0.11457911133766174
Classification AUC (TEST): 0.6270
Test MSE: 0.0055
Poisson likelihood: 0.0
CE loss: 0.133285790681839
NFE: 14.0000
Experiment 72604
Epoch 0036 [Test seq (cond on sampled tp)] | Loss 43.151337 | Likelihood -24.696152 | KL fp 4.4579 | FP STD 0.0138 | NFE 14.0000
KL coef: 0.2299568541948449
Train loss (one batch): 37.34241485595703
Train CE loss (one batch): 0.11463239789009094
Classification AUC (TEST): 0.6275
Test MSE: 0.0055
Poisson likelihood: 0.0
CE loss: 0.13327856361865997
NFE: 14.0000
Experiment 72604
Epoch 0037 [Test seq (cond on sampled tp)] | Loss 43.468281 | Likelihood -24.684429 | KL fp 4.3343 | FP STD 0.0150 | NFE 14.0000
KL coef: 0.23765728565289646
Train loss (one batch): 37.896080017089844
Train CE loss (one batch): 0.11366814374923706
Classification AUC (TEST): 0.6283
Test MSE: 0.0055
Poisson likelihood: 0.0
CE loss: 0.13329118490219116
NFE: 14.0000
Experiment 72604
Epoch 0038 [Test seq (cond on sampled tp)] | Loss 42.981342 | Likelihood -24.644115 | KL fp 4.3227 | FP STD 0.0144 | NFE 14.0000
KL coef: 0.24528071279636743
Train loss (one batch): 37.29587173461914
Train CE loss (one batch): 0.1144646629691124
Classification AUC (TEST): 0.6302
Test MSE: 0.0055
Poisson likelihood: 0.0
CE loss: 0.13313090801239014
NFE: 14.0000
Experiment 72604
Epoch 0039 [Test seq (cond on sampled tp)] | Loss 43.284332 | Likelihood -24.672659 | KL fp 4.2991 | FP STD 0.0154 | NFE 14.0000
KL coef: 0.25282790566840385
Train loss (one batch): 37.38945007324219
Train CE loss (one batch): 0.11401592195034027
Classification AUC (TEST): 0.6279
Test MSE: 0.0055
Poisson likelihood: 0.0
CE loss: 0.13353070616722107
NFE: 14.0000
Experiment 72604
Epoch 0040 [Test seq (cond on sampled tp)] | Loss 43.418922 | Likelihood -24.655689 | KL fp 4.3057 | FP STD 0.0149 | NFE 14.0000
KL coef: 0.2602996266117198
Train loss (one batch): 37.83189010620117
Train CE loss (one batch): 0.11271198838949203
Classification AUC (TEST): 0.6329
Test MSE: 0.0055
Poisson likelihood: 0.0
CE loss: 0.13296961784362793
NFE: 14.0000
Experiment 72604
Epoch 0041 [Test seq (cond on sampled tp)] | Loss 43.295048 | Likelihood -24.685469 | KL fp 4.2835 | FP STD 0.0149 | NFE 14.0000
KL coef: 0.26769663034560254
Train loss (one batch): 37.502479553222656
Train CE loss (one batch): 0.11309230327606201
Classification AUC (TEST): 0.6299
Test MSE: 0.0055
Poisson likelihood: 0.0
CE loss: 0.13314171135425568
NFE: 14.0000
Experiment 72604
Epoch 0042 [Test seq (cond on sampled tp)] | Loss 43.043224 | Likelihood -24.739689 | KL fp 4.1979 | FP STD 0.0172 | NFE 14.0000
KL coef: 0.2750196640421466
Train loss (one batch): 37.73910903930664
Train CE loss (one batch): 0.11410832405090332
Classification AUC (TEST): 0.6314
Test MSE: 0.0055
Poisson likelihood: 0.0
CE loss: 0.13298985362052917
NFE: 14.0000
Experiment 72604
Epoch 0043 [Test seq (cond on sampled tp)] | Loss 43.381676 | Likelihood -24.998726 | KL fp 4.1044 | FP STD 0.0208 | NFE 14.0000
KL coef: 0.2822694674017251
Train loss (one batch): 37.914634704589844
Train CE loss (one batch): 0.11434667557477951
Classification AUC (TEST): 0.6345
Test MSE: 0.0056
Poisson likelihood: 0.0
CE loss: 0.1329052597284317
NFE: 14.0000
Experiment 72604
Epoch 0044 [Test seq (cond on sampled tp)] | Loss 43.669495 | Likelihood -24.986336 | KL fp 4.0639 | FP STD 0.0201 | NFE 14.0000
KL coef: 0.2894467727277079
Train loss (one batch): 37.61720275878906
Train CE loss (one batch): 0.11266495287418365
Classification AUC (TEST): 0.6358
Test MSE: 0.0056
Poisson likelihood: 0.0
CE loss: 0.13260188698768616
NFE: 14.0000
Experiment 72604
Epoch 0045 [Test seq (cond on sampled tp)] | Loss 43.514488 | Likelihood -24.933455 | KL fp 4.0626 | FP STD 0.0203 | NFE 14.0000
KL coef: 0.29655230500043084
Train loss (one batch): 37.63414764404297
Train CE loss (one batch): 0.11263500899076462
Classification AUC (TEST): 0.6344
Test MSE: 0.0055
Poisson likelihood: 0.0
CE loss: 0.13291004300117493
NFE: 14.0000
Experiment 72604
Epoch 0046 [Test seq (cond on sampled tp)] | Loss 43.526966 | Likelihood -24.830992 | KL fp 4.1048 | FP STD 0.0193 | NFE 14.0000
KL coef: 0.30358678195042654
Train loss (one batch): 37.872406005859375
Train CE loss (one batch): 0.11277802288532257
Classification AUC (TEST): 0.6333
Test MSE: 0.0055
Poisson likelihood: 0.0
CE loss: 0.13297469913959503
NFE: 14.0000
Experiment 72604
Epoch 0047 [Test seq (cond on sampled tp)] | Loss 45.457184 | Likelihood -24.828247 | KL fp 4.0894 | FP STD 0.0191 | NFE 14.0000
KL coef: 0.3105509141309223
Train loss (one batch): 39.16193771362305
Train CE loss (one batch): 0.11211411654949188
Classification AUC (TEST): 0.6370
Test MSE: 0.0055
Poisson likelihood: 0.0
CE loss: 0.13262219727039337
NFE: 14.0000
Experiment 72604
Epoch 0048 [Test seq (cond on sampled tp)] | Loss 43.597359 | Likelihood -24.813070 | KL fp 4.0861 | FP STD 0.0191 | NFE 14.0000
KL coef: 0.31744540498961304
Train loss (one batch): 37.61932373046875
Train CE loss (one batch): 0.11245819181203842
Classification AUC (TEST): 0.6378
Test MSE: 0.0055
Poisson likelihood: 0.0
CE loss: 0.13258135318756104
NFE: 14.0000
Experiment 72604
Epoch 0049 [Test seq (cond on sampled tp)] | Loss 43.482109 | Likelihood -24.806084 | KL fp 4.0575 | FP STD 0.0193 | NFE 14.0000
KL coef: 0.3242709509397169
Train loss (one batch): 37.62759780883789
Train CE loss (one batch): 0.11201321333646774
Classification AUC (TEST): 0.6347
Test MSE: 0.0055
Poisson likelihood: 0.0
CE loss: 0.13294608891010284
NFE: 14.0000
Experiment 72604
Epoch 0050 [Test seq (cond on sampled tp)] | Loss 43.414070 | Likelihood -24.752209 | KL fp 4.0932 | FP STD 0.0188 | NFE 14.0000
KL coef: 0.3310282414303197
Train loss (one batch): 38.076080322265625
Train CE loss (one batch): 0.11183074116706848
Classification AUC (TEST): 0.6326
Test MSE: 0.0055
Poisson likelihood: 0.0
CE loss: 0.13312415778636932
NFE: 14.0000
Experiment 72604
Epoch 0051 [Test seq (cond on sampled tp)] | Loss 43.768749 | Likelihood -24.749916 | KL fp 4.1224 | FP STD 0.0183 | NFE 14.0000
KL coef: 0.33771795901601653
Train loss (one batch): 38.004756927490234
Train CE loss (one batch): 0.11207898706197739
Classification AUC (TEST): 0.6332
Test MSE: 0.0055
Poisson likelihood: 0.0
CE loss: 0.13316446542739868
NFE: 14.0000
Experiment 72604
Epoch 0052 [Test seq (cond on sampled tp)] | Loss 43.884216 | Likelihood -24.737005 | KL fp 4.1449 | FP STD 0.0179 | NFE 14.0000
KL coef: 0.3443407794258564
Train loss (one batch): 37.69235610961914
Train CE loss (one batch): 0.11197363585233688
Classification AUC (TEST): 0.6339
Test MSE: 0.0055
Poisson likelihood: 0.0
CE loss: 0.13303142786026
NFE: 14.0000
Experiment 72604
Epoch 0053 [Test seq (cond on sampled tp)] | Loss 43.515968 | Likelihood -24.727386 | KL fp 4.1448 | FP STD 0.0181 | NFE 14.0000
KL coef: 0.35089737163159784
Train loss (one batch): 37.49660110473633
Train CE loss (one batch): 0.11137442290782928
Classification AUC (TEST): 0.6353
Test MSE: 0.0055
Poisson likelihood: 0.0
CE loss: 0.13291099667549133
NFE: 14.0000
Experiment 72604
Epoch 0054 [Test seq (cond on sampled tp)] | Loss 43.299801 | Likelihood -24.769169 | KL fp 4.0411 | FP STD 0.0196 | NFE 14.0000
KL coef: 0.3573883979152819
Train loss (one batch): 37.36674118041992
Train CE loss (one batch): 0.11280577629804611
Classification AUC (TEST): 0.6393
Test MSE: 0.0055
Poisson likelihood: 0.0
CE loss: 0.13246220350265503
NFE: 14.0000
Experiment 72604
Epoch 0055 [Test seq (cond on sampled tp)] | Loss 44.150841 | Likelihood -24.751631 | KL fp 4.0408 | FP STD 0.0195 | NFE 14.0000
KL coef: 0.36381451393612907
Train loss (one batch): 37.55788040161133
Train CE loss (one batch): 0.11235072463750839
Classification AUC (TEST): 0.6321
Test MSE: 0.0055
Poisson likelihood: 0.0
CE loss: 0.13331133127212524
NFE: 14.0000
Experiment 72604
Epoch 0056 [Test seq (cond on sampled tp)] | Loss 43.738617 | Likelihood -24.804403 | KL fp 3.9866 | FP STD 0.0210 | NFE 14.0000
KL coef: 0.37017636879676774
Train loss (one batch): 38.0247802734375
Train CE loss (one batch): 0.11154264211654663
Classification AUC (TEST): 0.6351
Test MSE: 0.0055
Poisson likelihood: 0.0
CE loss: 0.1330362856388092
NFE: 14.0000
Experiment 72604
Epoch 0057 [Test seq (cond on sampled tp)] | Loss 44.063377 | Likelihood -24.766148 | KL fp 4.0607 | FP STD 0.0196 | NFE 14.0000
KL coef: 0.37647460510880004
Train loss (one batch): 37.733795166015625
Train CE loss (one batch): 0.1119169145822525
Classification AUC (TEST): 0.6354
Test MSE: 0.0055
Poisson likelihood: 0.0
CE loss: 0.13296163082122803
NFE: 14.0000
Experiment 72604
Epoch 0058 [Test seq (cond on sampled tp)] | Loss 43.502037 | Likelihood -24.709150 | KL fp 4.0862 | FP STD 0.0191 | NFE 14.0000
KL coef: 0.38270985905771204
Train loss (one batch): 37.32986068725586
Train CE loss (one batch): 0.11091366410255432
Classification AUC (TEST): 0.6359
Test MSE: 0.0055
Poisson likelihood: 0.0
CE loss: 0.13291162252426147
NFE: 14.0000
Experiment 72604
Epoch 0059 [Test seq (cond on sampled tp)] | Loss 43.748734 | Likelihood -24.767078 | KL fp 3.9682 | FP STD 0.0219 | NFE 14.0000
KL coef: 0.388882760467135
Train loss (one batch): 37.59461212158203
Train CE loss (one batch): 0.11077293753623962
Classification AUC (TEST): 0.6342
Test MSE: 0.0055
Poisson likelihood: 0.0
CE loss: 0.13301467895507812
NFE: 14.0000
Experiment 72604
Epoch 0060 [Test seq (cond on sampled tp)] | Loss 43.430416 | Likelihood -24.777456 | KL fp 3.9694 | FP STD 0.0217 | NFE 14.0000
KL coef: 0.39499393286246365
Train loss (one batch): 37.63550567626953
Train CE loss (one batch): 0.11068181693553925
Classification AUC (TEST): 0.6396
Test MSE: 0.0055
Poisson likelihood: 0.0
CE loss: 0.1327233761548996
NFE: 14.0000
Experiment 72604
Epoch 0061 [Test seq (cond on sampled tp)] | Loss 43.480835 | Likelihood -24.721014 | KL fp 4.0625 | FP STD 0.0204 | NFE 14.0000
KL coef: 0.401043993533839
Train loss (one batch): 37.45668029785156
Train CE loss (one batch): 0.1112288385629654
Classification AUC (TEST): 0.6367
Test MSE: 0.0055
Poisson likelihood: 0.0
CE loss: 0.13279548287391663
NFE: 14.0000
Experiment 72604
Epoch 0062 [Test seq (cond on sampled tp)] | Loss 43.582199 | Likelihood -24.708282 | KL fp 4.0363 | FP STD 0.0204 | NFE 14.0000
KL coef: 0.4070335535985006
Train loss (one batch): 37.22136688232422
Train CE loss (one batch): 0.11125864088535309
Classification AUC (TEST): 0.6342
Test MSE: 0.0055
Poisson likelihood: 0.0
CE loss: 0.1331280916929245
NFE: 14.0000
Experiment 72604
Epoch 0063 [Test seq (cond on sampled tp)] | Loss 43.563107 | Likelihood -24.723057 | KL fp 4.0313 | FP STD 0.0204 | NFE 14.0000
KL coef: 0.41296321806251557
Train loss (one batch): 37.42536926269531
Train CE loss (one batch): 0.11138559877872467
Classification AUC (TEST): 0.6373
Test MSE: 0.0055
Poisson likelihood: 0.0
CE loss: 0.13289371132850647
NFE: 14.0000
Experiment 72604
Epoch 0064 [Test seq (cond on sampled tp)] | Loss 43.688053 | Likelihood -24.717865 | KL fp 4.0342 | FP STD 0.0202 | NFE 14.0000
KL coef: 0.41883358588189046
Train loss (one batch): 37.44902420043945
Train CE loss (one batch): 0.11019058525562286
Classification AUC (TEST): 0.6317
Test MSE: 0.0055
Poisson likelihood: 0.0
CE loss: 0.13351944088935852
NFE: 14.0000
Experiment 72604
Epoch 0065 [Test seq (cond on sampled tp)] | Loss 43.583897 | Likelihood -24.686001 | KL fp 4.0249 | FP STD 0.0204 | NFE 14.0000
KL coef: 0.4246452500230715
Train loss (one batch): 37.570579528808594
Train CE loss (one batch): 0.11086641252040863
Classification AUC (TEST): 0.6347
Test MSE: 0.0055
Poisson likelihood: 0.0
CE loss: 0.13316135108470917
NFE: 14.0000
Experiment 72604
Epoch 0066 [Test seq (cond on sampled tp)] | Loss 43.979588 | Likelihood -24.688511 | KL fp 4.0982 | FP STD 0.0193 | NFE 14.0000
KL coef: 0.4303987975228408
Train loss (one batch): 37.34853744506836
Train CE loss (one batch): 0.11104723811149597
Classification AUC (TEST): 0.6349
Test MSE: 0.0055
Poisson likelihood: 0.0
CE loss: 0.13323894143104553
NFE: 14.0000
Experiment 72604
Epoch 0067 [Test seq (cond on sampled tp)] | Loss 43.886356 | Likelihood -24.671253 | KL fp 4.0327 | FP STD 0.0205 | NFE 14.0000
KL coef: 0.4360948095476125
Train loss (one batch): 37.15608215332031
Train CE loss (one batch): 0.10929732769727707
Classification AUC (TEST): 0.6393
Test MSE: 0.0055
Poisson likelihood: 0.0
CE loss: 0.13246381282806396
NFE: 14.0000
Experiment 72604
Epoch 0068 [Test seq (cond on sampled tp)] | Loss 43.530441 | Likelihood -24.693197 | KL fp 3.9978 | FP STD 0.0210 | NFE 14.0000
KL coef: 0.44173386145213633
Train loss (one batch): 36.99079513549805
Train CE loss (one batch): 0.10936115682125092
Classification AUC (TEST): 0.6382
Test MSE: 0.0055
Poisson likelihood: 0.0
CE loss: 0.13281729817390442
NFE: 14.0000
Experiment 72604
Epoch 0069 [Test seq (cond on sampled tp)] | Loss 43.720486 | Likelihood -24.682175 | KL fp 4.1127 | FP STD 0.0195 | NFE 14.0000
KL coef: 0.4473165228376149
Train loss (one batch): 37.32224655151367
Train CE loss (one batch): 0.11043655872344971
Classification AUC (TEST): 0.6356
Test MSE: 0.0055
Poisson likelihood: 0.0
CE loss: 0.13309061527252197
NFE: 14.0000
Experiment 72604
Epoch 0070 [Test seq (cond on sampled tp)] | Loss 43.280529 | Likelihood -24.616196 | KL fp 4.0316 | FP STD 0.0203 | NFE 14.0000
KL coef: 0.4528433576092388
Train loss (one batch): 37.33351516723633
Train CE loss (one batch): 0.10863020271062851
Classification AUC (TEST): 0.6390
Test MSE: 0.0055
Poisson likelihood: 0.0
CE loss: 0.13275666534900665
NFE: 14.0000
Experiment 72604
Epoch 0071 [Test seq (cond on sampled tp)] | Loss 44.134285 | Likelihood -24.674269 | KL fp 3.9961 | FP STD 0.0209 | NFE 14.0000
KL coef: 0.45831492403314644
Train loss (one batch): 37.015079498291016
Train CE loss (one batch): 0.10873495787382126
Classification AUC (TEST): 0.6392
Test MSE: 0.0055
Poisson likelihood: 0.0
CE loss: 0.1327572464942932
NFE: 14.0000
Experiment 72604
Epoch 0072 [Test seq (cond on sampled tp)] | Loss 44.004562 | Likelihood -24.611753 | KL fp 4.0654 | FP STD 0.0196 | NFE 14.0000
KL coef: 0.463731774792815
Train loss (one batch): 37.995906829833984
Train CE loss (one batch): 0.10988190025091171
Classification AUC (TEST): 0.6355
Test MSE: 0.0055
Poisson likelihood: 0.0
CE loss: 0.1331508904695511
NFE: 14.0000
Experiment 72604
Epoch 0073 [Test seq (cond on sampled tp)] | Loss 43.923435 | Likelihood -24.647245 | KL fp 4.0249 | FP STD 0.0203 | NFE 14.0000
KL coef: 0.46909445704488684
Train loss (one batch): 36.79794692993164
Train CE loss (one batch): 0.10812826454639435
Classification AUC (TEST): 0.6343
Test MSE: 0.0055
Poisson likelihood: 0.0
CE loss: 0.13336314260959625
NFE: 14.0000
Experiment 72604
Epoch 0074 [Test seq (cond on sampled tp)] | Loss 43.895851 | Likelihood -24.641266 | KL fp 4.0147 | FP STD 0.0207 | NFE 14.0000
KL coef: 0.474403512474438
Train loss (one batch): 37.90852737426758
Train CE loss (one batch): 0.10949088633060455
Classification AUC (TEST): 0.6393
Test MSE: 0.0055
Poisson likelihood: 0.0
CE loss: 0.1330428421497345
NFE: 14.0000
Experiment 72604
Epoch 0075 [Test seq (cond on sampled tp)] | Loss 43.961582 | Likelihood -24.646065 | KL fp 3.9794 | FP STD 0.0213 | NFE 14.0000
KL coef: 0.4796594773496936
Train loss (one batch): 37.14959716796875
Train CE loss (one batch): 0.10819404572248459
Classification AUC (TEST): 0.6344
Test MSE: 0.0055
Poisson likelihood: 0.0
CE loss: 0.1333877444267273
NFE: 14.0000
Experiment 72604
Epoch 0076 [Test seq (cond on sampled tp)] | Loss 44.166214 | Likelihood -24.623734 | KL fp 3.9811 | FP STD 0.0211 | NFE 14.0000
KL coef: 0.4848628825761967
Train loss (one batch): 37.51202392578125
Train CE loss (one batch): 0.10815414041280746
Classification AUC (TEST): 0.6358
Test MSE: 0.0055
Poisson likelihood: 0.0
CE loss: 0.1331864297389984
NFE: 14.0000
Experiment 72604
Epoch 0077 [Test seq (cond on sampled tp)] | Loss 43.858177 | Likelihood -24.578354 | KL fp 4.1170 | FP STD 0.0188 | NFE 14.0000
KL coef: 0.4900142537504347
Train loss (one batch): 37.3864631652832
Train CE loss (one batch): 0.10919189453125
Classification AUC (TEST): 0.6359
Test MSE: 0.0055
Poisson likelihood: 0.0
CE loss: 0.13328298926353455
NFE: 14.0000
Experiment 72604
Epoch 0078 [Test seq (cond on sampled tp)] | Loss 43.813549 | Likelihood -24.634161 | KL fp 4.0139 | FP STD 0.0205 | NFE 14.0000
KL coef: 0.49511411121293036
Train loss (one batch): 37.446956634521484
Train CE loss (one batch): 0.10821284353733063
Classification AUC (TEST): 0.6368
Test MSE: 0.0055
Poisson likelihood: 0.0
CE loss: 0.13330668210983276
NFE: 14.0000
Experiment 72604
Epoch 0079 [Test seq (cond on sampled tp)] | Loss 44.582222 | Likelihood -24.614986 | KL fp 4.0350 | FP STD 0.0203 | NFE 14.0000
KL coef: 0.500162970100801
Train loss (one batch): 37.592369079589844
Train CE loss (one batch): 0.10703658312559128
Classification AUC (TEST): 0.6393
Test MSE: 0.0055
Poisson likelihood: 0.0
CE loss: 0.13271337747573853
NFE: 14.0000
Experiment 72604
Epoch 0080 [Test seq (cond on sampled tp)] | Loss 44.249554 | Likelihood -24.573608 | KL fp 4.0487 | FP STD 0.0198 | NFE 14.0000
KL coef: 0.505161340399793
Train loss (one batch): 37.35554885864258
Train CE loss (one batch): 0.10710009187459946
Classification AUC (TEST): 0.6384
Test MSE: 0.0055
Poisson likelihood: 0.0
CE loss: 0.1331225037574768
NFE: 14.0000
Experiment 72604
Epoch 0081 [Test seq (cond on sampled tp)] | Loss 44.004673 | Likelihood -24.576017 | KL fp 4.0069 | FP STD 0.0205 | NFE 14.0000
KL coef: 0.510109726995795
Train loss (one batch): 37.22573471069336
Train CE loss (one batch): 0.10815590620040894
Classification AUC (TEST): 0.6363
Test MSE: 0.0055
Poisson likelihood: 0.0
CE loss: 0.13315659761428833
NFE: 14.0000
Experiment 72604
Epoch 0082 [Test seq (cond on sampled tp)] | Loss 43.828754 | Likelihood -24.568600 | KL fp 4.0248 | FP STD 0.0204 | NFE 14.0000
KL coef: 0.5150086297258372
Train loss (one batch): 37.151390075683594
Train CE loss (one batch): 0.10705249756574631
Classification AUC (TEST): 0.6331
Test MSE: 0.0055
Poisson likelihood: 0.0
CE loss: 0.13365381956100464
NFE: 14.0000
Experiment 72604
Epoch 0083 [Test seq (cond on sampled tp)] | Loss 44.200546 | Likelihood -24.554520 | KL fp 3.9769 | FP STD 0.0210 | NFE 14.0000
KL coef: 0.5198585434285787
Train loss (one batch): 37.15589141845703
Train CE loss (one batch): 0.10629510134458542
Classification AUC (TEST): 0.6356
Test MSE: 0.0055
Poisson likelihood: 0.0
CE loss: 0.13339672982692719
NFE: 14.0000
Experiment 72604
Epoch 0084 [Test seq (cond on sampled tp)] | Loss 43.804657 | Likelihood -24.590374 | KL fp 3.9514 | FP STD 0.0214 | NFE 14.0000
KL coef: 0.524659957994293
Train loss (one batch): 37.08195495605469
Train CE loss (one batch): 0.104704350233078
Classification AUC (TEST): 0.6322
Test MSE: 0.0055
Poisson likelihood: 0.0
CE loss: 0.13397708535194397
NFE: 14.0000
Experiment 72604
Epoch 0085 [Test seq (cond on sampled tp)] | Loss 43.989010 | Likelihood -24.569670 | KL fp 3.9724 | FP STD 0.0214 | NFE 14.0000
KL coef: 0.5294133584143501
Train loss (one batch): 36.950408935546875
Train CE loss (one batch): 0.10567282885313034
Classification AUC (TEST): 0.6348
Test MSE: 0.0055
Poisson likelihood: 0.0
CE loss: 0.13362954556941986
NFE: 14.0000
Experiment 72604
Epoch 0086 [Test seq (cond on sampled tp)] | Loss 44.105450 | Likelihood -24.523001 | KL fp 3.9564 | FP STD 0.0217 | NFE 14.0000
KL coef: 0.5341192248302067
Train loss (one batch): 37.173583984375
Train CE loss (one batch): 0.10576850175857544
Classification AUC (TEST): 0.6338
Test MSE: 0.0055
Poisson likelihood: 0.0
CE loss: 0.13380685448646545
NFE: 14.0000
Experiment 72604
Epoch 0087 [Test seq (cond on sampled tp)] | Loss 43.981098 | Likelihood -24.520468 | KL fp 4.0106 | FP STD 0.0204 | NFE 14.0000
KL coef: 0.5387780325819045
Train loss (one batch): 37.47138977050781
Train CE loss (one batch): 0.10643653571605682
Classification AUC (TEST): 0.6397
Test MSE: 0.0055
Poisson likelihood: 0.0
CE loss: 0.13318324089050293
NFE: 14.0000
Experiment 72604
Epoch 0088 [Test seq (cond on sampled tp)] | Loss 44.069214 | Likelihood -24.571661 | KL fp 3.9224 | FP STD 0.0223 | NFE 14.0000
KL coef: 0.5433902522560855
Train loss (one batch): 36.71746063232422
Train CE loss (one batch): 0.10353997349739075
Classification AUC (TEST): 0.6348
Test MSE: 0.0055
Poisson likelihood: 0.0
CE loss: 0.1335340440273285
NFE: 14.0000
Experiment 72604
Epoch 0089 [Test seq (cond on sampled tp)] | Loss 43.881485 | Likelihood -24.498352 | KL fp 3.9235 | FP STD 0.0221 | NFE 14.0000
KL coef: 0.5479563497335247
Train loss (one batch): 37.07631301879883
Train CE loss (one batch): 0.10412868112325668
Classification AUC (TEST): 0.6327
Test MSE: 0.0055
Poisson likelihood: 0.0
CE loss: 0.1339501440525055
NFE: 14.0000
Experiment 72604
Epoch 0090 [Test seq (cond on sampled tp)] | Loss 44.041348 | Likelihood -24.512619 | KL fp 3.9291 | FP STD 0.0221 | NFE 14.0000
KL coef: 0.5524767862361895
Train loss (one batch): 36.85855484008789
Train CE loss (one batch): 0.10482196509838104
Classification AUC (TEST): 0.6298
Test MSE: 0.0055
Poisson likelihood: 0.0
CE loss: 0.13425922393798828
NFE: 14.0000
Experiment 72604
Epoch 0091 [Test seq (cond on sampled tp)] | Loss 43.573051 | Likelihood -24.538425 | KL fp 3.9368 | FP STD 0.0220 | NFE 14.0000
KL coef: 0.5569520183738275
Train loss (one batch): 36.799224853515625
Train CE loss (one batch): 0.10354062169790268
Classification AUC (TEST): 0.6290
Test MSE: 0.0055
Poisson likelihood: 0.0
CE loss: 0.13433262705802917
NFE: 14.0000
Experiment 72604
Epoch 0092 [Test seq (cond on sampled tp)] | Loss 44.198395 | Likelihood -24.556601 | KL fp 3.8954 | FP STD 0.0227 | NFE 14.0000
KL coef: 0.5613824981900892
Train loss (one batch): 36.6911506652832
Train CE loss (one batch): 0.10346725583076477
Classification AUC (TEST): 0.6358
Test MSE: 0.0055
Poisson likelihood: 0.0
CE loss: 0.13369092345237732
NFE: 14.0000
Experiment 72604
Epoch 0093 [Test seq (cond on sampled tp)] | Loss 43.814602 | Likelihood -24.469234 | KL fp 3.9121 | FP STD 0.0223 | NFE 14.0000
KL coef: 0.5657686732081884
Train loss (one batch): 36.91175842285156
Train CE loss (one batch): 0.1025209054350853
Classification AUC (TEST): 0.6359
Test MSE: 0.0054
Poisson likelihood: 0.0
CE loss: 0.13369062542915344
NFE: 14.0000
Experiment 72604
Epoch 0094 [Test seq (cond on sampled tp)] | Loss 44.235596 | Likelihood -24.480604 | KL fp 3.9931 | FP STD 0.0218 | NFE 14.0000
KL coef: 0.5701109864761065
Train loss (one batch): 36.818443298339844
Train CE loss (one batch): 0.10386547446250916
Classification AUC (TEST): 0.6315
Test MSE: 0.0055
Poisson likelihood: 0.0
CE loss: 0.1339777708053589
NFE: 14.0000
Experiment 72604
Epoch 0095 [Test seq (cond on sampled tp)] | Loss 44.188740 | Likelihood -24.459259 | KL fp 4.0174 | FP STD 0.0212 | NFE 14.0000
KL coef: 0.5744098766113455
Train loss (one batch): 37.07534408569336
Train CE loss (one batch): 0.10506924986839294
Classification AUC (TEST): 0.6347
Test MSE: 0.0054
Poisson likelihood: 0.0
CE loss: 0.13391251862049103
NFE: 14.0000
Experiment 72604
Epoch 0096 [Test seq (cond on sampled tp)] | Loss 44.201950 | Likelihood -24.474216 | KL fp 3.9297 | FP STD 0.0220 | NFE 14.0000
KL coef: 0.578665777845232
Train loss (one batch): 37.02931594848633
Train CE loss (one batch): 0.10413137078285217
Classification AUC (TEST): 0.6301
Test MSE: 0.0054
Poisson likelihood: 0.0
CE loss: 0.134367436170578
NFE: 14.0000
Experiment 72604
Epoch 0097 [Test seq (cond on sampled tp)] | Loss 44.044235 | Likelihood -24.421673 | KL fp 3.9432 | FP STD 0.0217 | NFE 14.0000
KL coef: 0.5828791200667797
Train loss (one batch): 36.78028106689453
Train CE loss (one batch): 0.10414885729551315
Classification AUC (TEST): 0.6346
Test MSE: 0.0054
Poisson likelihood: 0.0
CE loss: 0.13398262858390808
NFE: 14.0000
Experiment 72604
Epoch 0098 [Test seq (cond on sampled tp)] | Loss 44.098103 | Likelihood -24.490742 | KL fp 3.8874 | FP STD 0.0232 | NFE 14.0000
KL coef: 0.5870503288661119
Train loss (one batch): 36.743927001953125
Train CE loss (one batch): 0.1027783676981926
Classification AUC (TEST): 0.6330
Test MSE: 0.0055
Poisson likelihood: 0.0
CE loss: 0.13391926884651184
NFE: 14.0000
Experiment 72604
Epoch 0099 [Test seq (cond on sampled tp)] | Loss 44.407490 | Likelihood -24.622238 | KL fp 3.8521 | FP STD 0.0254 | NFE 14.0000
KL coef: 0.5911798255774507
Train loss (one batch): 36.489479064941406
Train CE loss (one batch): 0.10064780712127686
Classification AUC (TEST): 0.6346
Test MSE: 0.0055
Poisson likelihood: 0.0
CE loss: 0.1340363621711731
NFE: 14.0000
Experiment 72604
Epoch 0100 [Test seq (cond on sampled tp)] | Loss 44.889923 | Likelihood -24.609762 | KL fp 3.7385 | FP STD 0.0274 | NFE 14.0000
KL coef: 0.5952680273216762
Train loss (one batch): 37.01852798461914
Train CE loss (one batch): 0.10099830478429794
Classification AUC (TEST): 0.6362
Test MSE: 0.0055
Poisson likelihood: 0.0
CE loss: 0.1339471936225891
NFE: 14.0000
